Warning[207] C:\USERS\JULIT\DOCUMENTS\GITHUB\MICROS-\DAVIDESGAY.X\NEWPIC_8B_SIMPLE.ASM 11 : Found label after column 1. (GPR_VAR)
Warning[207] C:\USERS\JULIT\DOCUMENTS\GITHUB\MICROS-\DAVIDESGAY.X\NEWPIC_8B_SIMPLE.ASM 12 : Found label after column 1. (CONT_A)
Warning[207] C:\USERS\JULIT\DOCUMENTS\GITHUB\MICROS-\DAVIDESGAY.X\NEWPIC_8B_SIMPLE.ASM 13 : Found label after column 1. (CONT1)
Warning[207] C:\USERS\JULIT\DOCUMENTS\GITHUB\MICROS-\DAVIDESGAY.X\NEWPIC_8B_SIMPLE.ASM 14 : Found label after column 1. (CONTADOR1)
Warning[207] C:\USERS\JULIT\DOCUMENTS\GITHUB\MICROS-\DAVIDESGAY.X\NEWPIC_8B_SIMPLE.ASM 15 : Found label after column 1. (CONTADOR2)
Warning[207] C:\USERS\JULIT\DOCUMENTS\GITHUB\MICROS-\DAVIDESGAY.X\NEWPIC_8B_SIMPLE.ASM 17 : Found label after column 1. (TEMP1)
Warning[207] C:\USERS\JULIT\DOCUMENTS\GITHUB\MICROS-\DAVIDESGAY.X\NEWPIC_8B_SIMPLE.ASM 18 : Found label after column 1. (TEMP2)
Warning[207] C:\USERS\JULIT\DOCUMENTS\GITHUB\MICROS-\DAVIDESGAY.X\NEWPIC_8B_SIMPLE.ASM 19 : Found label after column 1. (CONTDE_4)
Warning[207] C:\USERS\JULIT\DOCUMENTS\GITHUB\MICROS-\DAVIDESGAY.X\NEWPIC_8B_SIMPLE.ASM 25 : Found label after column 1. (W_TEMP)
Warning[207] C:\USERS\JULIT\DOCUMENTS\GITHUB\MICROS-\DAVIDESGAY.X\NEWPIC_8B_SIMPLE.ASM 26 : Found label after column 1. (STATUS_TEMP)
Warning[207] C:\USERS\JULIT\DOCUMENTS\GITHUB\MICROS-\DAVIDESGAY.X\NEWPIC_8B_SIMPLE.ASM 34 : Found label after column 1. (PUSH)
Warning[207] C:\USERS\JULIT\DOCUMENTS\GITHUB\MICROS-\DAVIDESGAY.X\NEWPIC_8B_SIMPLE.ASM 39 : Found label after column 1. (ISR)
Warning[207] C:\USERS\JULIT\DOCUMENTS\GITHUB\MICROS-\DAVIDESGAY.X\NEWPIC_8B_SIMPLE.ASM 47 : Found label after column 1. (POP)
Warning[203] C:\USERS\JULIT\DOCUMENTS\GITHUB\MICROS-\DAVIDESGAY.X\NEWPIC_8B_SIMPLE.ASM 53 : Found opcode in column 1. (RETFIE)
Message[305] C:\USERS\JULIT\DOCUMENTS\GITHUB\MICROS-\DAVIDESGAY.X\NEWPIC_8B_SIMPLE.ASM 69 : Using default destination of 1 (file).
Message[305] C:\USERS\JULIT\DOCUMENTS\GITHUB\MICROS-\DAVIDESGAY.X\NEWPIC_8B_SIMPLE.ASM 74 : Using default destination of 1 (file).
Warning[203] C:\USERS\JULIT\DOCUMENTS\GITHUB\MICROS-\DAVIDESGAY.X\NEWPIC_8B_SIMPLE.ASM 97 : Found opcode in column 1. (CALL)
Warning[203] C:\USERS\JULIT\DOCUMENTS\GITHUB\MICROS-\DAVIDESGAY.X\NEWPIC_8B_SIMPLE.ASM 98 : Found opcode in column 1. (CALL)
Warning[203] C:\USERS\JULIT\DOCUMENTS\GITHUB\MICROS-\DAVIDESGAY.X\NEWPIC_8B_SIMPLE.ASM 99 : Found opcode in column 1. (CALL)
Warning[203] C:\USERS\JULIT\DOCUMENTS\GITHUB\MICROS-\DAVIDESGAY.X\NEWPIC_8B_SIMPLE.ASM 100 : Found opcode in column 1. (CALL)
Warning[203] C:\USERS\JULIT\DOCUMENTS\GITHUB\MICROS-\DAVIDESGAY.X\NEWPIC_8B_SIMPLE.ASM 101 : Found opcode in column 1. (CALL)
Warning[205] C:\USERS\JULIT\DOCUMENTS\GITHUB\MICROS-\DAVIDESGAY.X\NEWPIC_8B_SIMPLE.ASM 102 : Found directive in column 1. (BANKSEL)
Warning[203] C:\USERS\JULIT\DOCUMENTS\GITHUB\MICROS-\DAVIDESGAY.X\NEWPIC_8B_SIMPLE.ASM 103 : Found opcode in column 1. (CLRF)
Warning[203] C:\USERS\JULIT\DOCUMENTS\GITHUB\MICROS-\DAVIDESGAY.X\NEWPIC_8B_SIMPLE.ASM 104 : Found opcode in column 1. (CLRF)
Warning[203] C:\USERS\JULIT\DOCUMENTS\GITHUB\MICROS-\DAVIDESGAY.X\NEWPIC_8B_SIMPLE.ASM 105 : Found opcode in column 1. (CLRF)
Warning[203] C:\USERS\JULIT\DOCUMENTS\GITHUB\MICROS-\DAVIDESGAY.X\NEWPIC_8B_SIMPLE.ASM 106 : Found opcode in column 1. (CLRF)
Warning[203] C:\USERS\JULIT\DOCUMENTS\GITHUB\MICROS-\DAVIDESGAY.X\NEWPIC_8B_SIMPLE.ASM 107 : Found opcode in column 1. (CLRF)
Warning[207] C:\USERS\JULIT\DOCUMENTS\GITHUB\MICROS-\DAVIDESGAY.X\NEWPIC_8B_SIMPLE.ASM 112 : Found label after column 1. (LOOP)
Warning[203] C:\USERS\JULIT\DOCUMENTS\GITHUB\MICROS-\DAVIDESGAY.X\NEWPIC_8B_SIMPLE.ASM 118 : Found opcode in column 1. (GOTO)
Warning[207] C:\USERS\JULIT\DOCUMENTS\GITHUB\MICROS-\DAVIDESGAY.X\NEWPIC_8B_SIMPLE.ASM 123 : Found label after column 1. (PISHLEDS)
Warning[203] C:\USERS\JULIT\DOCUMENTS\GITHUB\MICROS-\DAVIDESGAY.X\NEWPIC_8B_SIMPLE.ASM 124 : Found opcode in column 1. (BSF)
Warning[203] C:\USERS\JULIT\DOCUMENTS\GITHUB\MICROS-\DAVIDESGAY.X\NEWPIC_8B_SIMPLE.ASM 125 : Found opcode in column 1. (BCF)
Warning[203] C:\USERS\JULIT\DOCUMENTS\GITHUB\MICROS-\DAVIDESGAY.X\NEWPIC_8B_SIMPLE.ASM 126 : Found opcode in column 1. (CLRF)
Warning[203] C:\USERS\JULIT\DOCUMENTS\GITHUB\MICROS-\DAVIDESGAY.X\NEWPIC_8B_SIMPLE.ASM 128 : Found opcode in column 1. (BCF)
Warning[203] C:\USERS\JULIT\DOCUMENTS\GITHUB\MICROS-\DAVIDESGAY.X\NEWPIC_8B_SIMPLE.ASM 129 : Found opcode in column 1. (BSF)
Warning[203] C:\USERS\JULIT\DOCUMENTS\GITHUB\MICROS-\DAVIDESGAY.X\NEWPIC_8B_SIMPLE.ASM 130 : Found opcode in column 1. (RETURN)
Warning[203] C:\USERS\JULIT\DOCUMENTS\GITHUB\MICROS-\DAVIDESGAY.X\NEWPIC_8B_SIMPLE.ASM 133 : Found opcode in column 1. (MOVF)
Warning[203] C:\USERS\JULIT\DOCUMENTS\GITHUB\MICROS-\DAVIDESGAY.X\NEWPIC_8B_SIMPLE.ASM 134 : Found opcode in column 1. (SUBLW)
Warning[203] C:\USERS\JULIT\DOCUMENTS\GITHUB\MICROS-\DAVIDESGAY.X\NEWPIC_8B_SIMPLE.ASM 135 : Found opcode in column 1. (BTFSC)
Warning[203] C:\USERS\JULIT\DOCUMENTS\GITHUB\MICROS-\DAVIDESGAY.X\NEWPIC_8B_SIMPLE.ASM 136 : Found opcode in column 1. (CALL)
Warning[203] C:\USERS\JULIT\DOCUMENTS\GITHUB\MICROS-\DAVIDESGAY.X\NEWPIC_8B_SIMPLE.ASM 137 : Found opcode in column 1. (RETURN)
Warning[207] C:\USERS\JULIT\DOCUMENTS\GITHUB\MICROS-\DAVIDESGAY.X\NEWPIC_8B_SIMPLE.ASM 138 : Found label after column 1. (VAP2)
Warning[203] C:\USERS\JULIT\DOCUMENTS\GITHUB\MICROS-\DAVIDESGAY.X\NEWPIC_8B_SIMPLE.ASM 139 : Found opcode in column 1. (INCF)
Message[305] C:\USERS\JULIT\DOCUMENTS\GITHUB\MICROS-\DAVIDESGAY.X\NEWPIC_8B_SIMPLE.ASM 139 : Using default destination of 1 (file).
Warning[203] C:\USERS\JULIT\DOCUMENTS\GITHUB\MICROS-\DAVIDESGAY.X\NEWPIC_8B_SIMPLE.ASM 140 : Found opcode in column 1. (CLRF)
Warning[203] C:\USERS\JULIT\DOCUMENTS\GITHUB\MICROS-\DAVIDESGAY.X\NEWPIC_8B_SIMPLE.ASM 141 : Found opcode in column 1. (RETURN)
Warning[203] C:\USERS\JULIT\DOCUMENTS\GITHUB\MICROS-\DAVIDESGAY.X\NEWPIC_8B_SIMPLE.ASM 146 : Found opcode in column 1. (MOVF)
Warning[203] C:\USERS\JULIT\DOCUMENTS\GITHUB\MICROS-\DAVIDESGAY.X\NEWPIC_8B_SIMPLE.ASM 147 : Found opcode in column 1. (SUBLW)
Warning[203] C:\USERS\JULIT\DOCUMENTS\GITHUB\MICROS-\DAVIDESGAY.X\NEWPIC_8B_SIMPLE.ASM 148 : Found opcode in column 1. (BTFSC)
Warning[203] C:\USERS\JULIT\DOCUMENTS\GITHUB\MICROS-\DAVIDESGAY.X\NEWPIC_8B_SIMPLE.ASM 149 : Found opcode in column 1. (CALL)
Warning[203] C:\USERS\JULIT\DOCUMENTS\GITHUB\MICROS-\DAVIDESGAY.X\NEWPIC_8B_SIMPLE.ASM 150 : Found opcode in column 1. (RETURN)
Warning[207] C:\USERS\JULIT\DOCUMENTS\GITHUB\MICROS-\DAVIDESGAY.X\NEWPIC_8B_SIMPLE.ASM 151 : Found label after column 1. (INCREMENT10S)
Message[305] C:\USERS\JULIT\DOCUMENTS\GITHUB\MICROS-\DAVIDESGAY.X\NEWPIC_8B_SIMPLE.ASM 152 : Using default destination of 1 (file).
Warning[207] C:\USERS\JULIT\DOCUMENTS\GITHUB\MICROS-\DAVIDESGAY.X\NEWPIC_8B_SIMPLE.ASM 159 : Found label after column 1. (CEROS)
Warning[207] C:\USERS\JULIT\DOCUMENTS\GITHUB\MICROS-\DAVIDESGAY.X\NEWPIC_8B_SIMPLE.ASM 163 : Found label after column 1. (TIMER1S)
Warning[203] C:\USERS\JULIT\DOCUMENTS\GITHUB\MICROS-\DAVIDESGAY.X\NEWPIC_8B_SIMPLE.ASM 164 : Found opcode in column 1. (MOVF)
Warning[203] C:\USERS\JULIT\DOCUMENTS\GITHUB\MICROS-\DAVIDESGAY.X\NEWPIC_8B_SIMPLE.ASM 165 : Found opcode in column 1. (SUBLW)
Warning[203] C:\USERS\JULIT\DOCUMENTS\GITHUB\MICROS-\DAVIDESGAY.X\NEWPIC_8B_SIMPLE.ASM 166 : Found opcode in column 1. (BTFSC)
Warning[203] C:\USERS\JULIT\DOCUMENTS\GITHUB\MICROS-\DAVIDESGAY.X\NEWPIC_8B_SIMPLE.ASM 167 : Found opcode in column 1. (CALL)
Warning[203] C:\USERS\JULIT\DOCUMENTS\GITHUB\MICROS-\DAVIDESGAY.X\NEWPIC_8B_SIMPLE.ASM 168 : Found opcode in column 1. (RETURN)
Warning[207] C:\USERS\JULIT\DOCUMENTS\GITHUB\MICROS-\DAVIDESGAY.X\NEWPIC_8B_SIMPLE.ASM 169 : Found label after column 1. (VAP1)
Warning[203] C:\USERS\JULIT\DOCUMENTS\GITHUB\MICROS-\DAVIDESGAY.X\NEWPIC_8B_SIMPLE.ASM 170 : Found opcode in column 1. (INCF)
Message[305] C:\USERS\JULIT\DOCUMENTS\GITHUB\MICROS-\DAVIDESGAY.X\NEWPIC_8B_SIMPLE.ASM 170 : Using default destination of 1 (file).
Warning[203] C:\USERS\JULIT\DOCUMENTS\GITHUB\MICROS-\DAVIDESGAY.X\NEWPIC_8B_SIMPLE.ASM 171 : Found opcode in column 1. (CLRF)
Warning[203] C:\USERS\JULIT\DOCUMENTS\GITHUB\MICROS-\DAVIDESGAY.X\NEWPIC_8B_SIMPLE.ASM 172 : Found opcode in column 1. (RETURN)
Message[302] C:\USERS\JULIT\DOCUMENTS\GITHUB\MICROS-\DAVIDESGAY.X\NEWPIC_8B_SIMPLE.ASM 181 : Register in operand not in bank 0.  Ensure that bank bits are correct.
Message[302] C:\USERS\JULIT\DOCUMENTS\GITHUB\MICROS-\DAVIDESGAY.X\NEWPIC_8B_SIMPLE.ASM 182 : Register in operand not in bank 0.  Ensure that bank bits are correct.
Warning[207] C:\USERS\JULIT\DOCUMENTS\GITHUB\MICROS-\DAVIDESGAY.X\NEWPIC_8B_SIMPLE.ASM 190 : Found label after column 1. (CONFIG_TIMER0)
Message[302] C:\USERS\JULIT\DOCUMENTS\GITHUB\MICROS-\DAVIDESGAY.X\NEWPIC_8B_SIMPLE.ASM 192 : Register in operand not in bank 0.  Ensure that bank bits are correct.
Message[302] C:\USERS\JULIT\DOCUMENTS\GITHUB\MICROS-\DAVIDESGAY.X\NEWPIC_8B_SIMPLE.ASM 193 : Register in operand not in bank 0.  Ensure that bank bits are correct.
Message[302] C:\USERS\JULIT\DOCUMENTS\GITHUB\MICROS-\DAVIDESGAY.X\NEWPIC_8B_SIMPLE.ASM 194 : Register in operand not in bank 0.  Ensure that bank bits are correct.
Message[302] C:\USERS\JULIT\DOCUMENTS\GITHUB\MICROS-\DAVIDESGAY.X\NEWPIC_8B_SIMPLE.ASM 195 : Register in operand not in bank 0.  Ensure that bank bits are correct.
Message[302] C:\USERS\JULIT\DOCUMENTS\GITHUB\MICROS-\DAVIDESGAY.X\NEWPIC_8B_SIMPLE.ASM 196 : Register in operand not in bank 0.  Ensure that bank bits are correct.
Warning[203] C:\USERS\JULIT\DOCUMENTS\GITHUB\MICROS-\DAVIDESGAY.X\NEWPIC_8B_SIMPLE.ASM 216 : Found opcode in column 1. (RETURN)
Message[302] C:\USERS\JULIT\DOCUMENTS\GITHUB\MICROS-\DAVIDESGAY.X\NEWPIC_8B_SIMPLE.ASM 224 : Register in operand not in bank 0.  Ensure that bank bits are correct.
Warning[203] C:\USERS\JULIT\DOCUMENTS\GITHUB\MICROS-\DAVIDESGAY.X\NEWPIC_8B_SIMPLE.ASM 228 : Found opcode in column 1. (RETURN)
Warning[207] C:\USERS\JULIT\DOCUMENTS\GITHUB\MICROS-\DAVIDESGAY.X\NEWPIC_8B_SIMPLE.ASM 235 : Found label after column 1. (DISPLAY_GE)
Warning[207] C:\USERS\JULIT\DOCUMENTS\GITHUB\MICROS-\DAVIDESGAY.X\NEWPIC_8B_SIMPLE.ASM 241 : Found label after column 1. (DISPLAY_D1)
Warning[207] C:\USERS\JULIT\DOCUMENTS\GITHUB\MICROS-\DAVIDESGAY.X\NEWPIC_8B_SIMPLE.ASM 248 : Found label after column 1. (DISPLAY_D2)
Message[302] C:\USERS\JULIT\DOCUMENTS\GITHUB\MICROS-\DAVIDESGAY.X\NEWPIC_8B_SIMPLE.ASM 264 : Register in operand not in bank 0.  Ensure that bank bits are correct.
Message[302] C:\USERS\JULIT\DOCUMENTS\GITHUB\MICROS-\DAVIDESGAY.X\NEWPIC_8B_SIMPLE.ASM 268 : Register in operand not in bank 0.  Ensure that bank bits are correct.
Message[302] C:\USERS\JULIT\DOCUMENTS\GITHUB\MICROS-\DAVIDESGAY.X\NEWPIC_8B_SIMPLE.ASM 269 : Register in operand not in bank 0.  Ensure that bank bits are correct.
Message[302] C:\USERS\JULIT\DOCUMENTS\GITHUB\MICROS-\DAVIDESGAY.X\NEWPIC_8B_SIMPLE.ASM 273 : Register in operand not in bank 0.  Ensure that bank bits are correct.
Message[302] C:\USERS\JULIT\DOCUMENTS\GITHUB\MICROS-\DAVIDESGAY.X\NEWPIC_8B_SIMPLE.ASM 279 : Register in operand not in bank 0.  Ensure that bank bits are correct.
Message[302] C:\USERS\JULIT\DOCUMENTS\GITHUB\MICROS-\DAVIDESGAY.X\NEWPIC_8B_SIMPLE.ASM 285 : Register in operand not in bank 0.  Ensure that bank bits are correct.
Warning[207] C:\USERS\JULIT\DOCUMENTS\GITHUB\MICROS-\DAVIDESGAY.X\NEWPIC_8B_SIMPLE.ASM 289 : Found label after column 1. (DELAY)
Warning[205] C:\USERS\JULIT\DOCUMENTS\GITHUB\MICROS-\DAVIDESGAY.X\NEWPIC_8B_SIMPLE.ASM 307 : Found directive in column 1. (END)
