MPASM 5.77              NEWPIC_8B_SIMPLE.ASM   9-1-2020  20:41:16         PAGE  1


LOC  OBJECT CODE     LINE SOURCE TEXT
  VALUE

                      00001 
                      00002     #INCLUDE "p16f887.inc"
                      00001         LIST
                      00002 
                      00003 ;==========================================================================
                      00004 ; Build date : Nov 22 2017
                      00005 ;  MPASM PIC16F887 processor include
                      00006 ; 
                      00007 ;  (c) Copyright 1999-2017 Microchip Technology, All rights reserved
                      00008 ;==========================================================================
                      00009 
                      00810         LIST
                      00003 ; CONFIG1
                      00004 ; __config 0xF0F1
2007   20D4           00005  __CONFIG _CONFIG1, _FOSC_INTRC_NOCLKOUT & _WDTE_OFF & _PWRTE_OFF & _MCLRE_OFF & _CP_OFF & _CPD_OFF & _B
                            OREN_OFF & _IESO_OFF & _FCMEN_OFF & _LVP_OFF
                      00006 ; CONFIG2
                      00007 ; __config 0xFFFF
2008   3FFF           00008  __CONFIG _CONFIG2, _BOR4V_BOR40V & _WRT_OFF
                      00009  ;-----------------------------------------------------------------------------
                      00010  
Warning[207]: Found label after column 1. (GPR_VAR)
                      00011  GPR_VAR  UDATA 
Warning[207]: Found label after column 1. (CONT_A)
0000                  00012  CONT_A       RES 1
Warning[207]: Found label after column 1. (CONT1)
0001                  00013  CONT1        RES 1
Warning[207]: Found label after column 1. (CONTADOR1)
0002                  00014  CONTADOR1    RES 1
Warning[207]: Found label after column 1. (CONTADOR2)
0003                  00015  CONTADOR2    RES 1 
                      00016     
Warning[207]: Found label after column 1. (TEMP1)
0004                  00017  TEMP1        RES 1 ;PARA EL SAWPF DE LOS DYPLAY 
Warning[207]: Found label after column 1. (TEMP2)
0005                  00018  TEMP2        RES 1
Warning[207]: Found label after column 1. (CONTDE_4)
0006                  00019  CONTDE_4     RES 1
                      00020      
0007                  00021 NIBBLEH RES 1
0008                  00022 NIBBLEL RES 1
                      00023      
                      00024  ; VARIABLES TEPORALES 
Warning[207]: Found label after column 1. (W_TEMP)
0009                  00025  W_TEMP       RES 1
Warning[207]: Found label after column 1. (STATUS_TEMP)
000A                  00026  STATUS_TEMP  RES 1
                      00027  
                      00028 
                      00029 RES_VECT  CODE    0x0000            ; processor reset vector
0000   2???           00030  GOTO    START                   ; go to beginning of program
                      00031 
                      00032 ;*******************************************************************************TODO ADD INTERRUPTS HERE
MPASM 5.77              NEWPIC_8B_SIMPLE.ASM   9-1-2020  20:41:16         PAGE  2


LOC  OBJECT CODE     LINE SOURCE TEXT
  VALUE

                             IF USED
                      00033 ISR_VEC CODE 0X004
Warning[207]: Found label after column 1. (PUSH)
0004                  00034  PUSH:
0004   138B           00035     BCF   INTCON, GIE
0005   00??           00036     MOVWF W_TEMP
0006   0E03           00037     SWAPF STATUS, W
0007   00??           00038     MOVWF STATUS_TEMP
Warning[207]: Found label after column 1. (ISR)
0008                  00039  ISR:
0008   188C           00040     BTFSC PIR1, TMR2IF
0009   2???           00041     CALL FUE_TIMR2
000A   180C           00042     BTFSC PIR1, TMR1IF
000B   2???           00043     CALL FUE_TIMR1  
000C   1D0B           00044     BTFSS INTCON, T0IF 
000D   2???           00045     GOTO POP    
000E   2???           00046     CALL FUE_TIMR0
Warning[207]: Found label after column 1. (POP)
000F                  00047  POP:
000F   0E??           00048     SWAPF STATUS_TEMP, W
0010   0083           00049     MOVWF STATUS 
0011   0E??           00050     SWAPF W_TEMP, F
0012   0E??           00051     SWAPF W_TEMP, W
0013   178B           00052     BSF   INTCON, GIE 
Warning[203]: Found opcode in column 1. (RETFIE)
0014   0009           00053 RETFIE
                      00054 ;//////////////////////////////SUBRUTINAS DE TIMERS/////////////////////////////
0015                  00055 FUE_TIMR0
0015   1D0B           00056     BTFSS INTCON, T0IF 
0016   2???           00057     GOTO POP
0017   30D9           00058     MOVLW .217
0018   0081           00059     MOVWF TMR0
0019   110B           00060     BCF INTCON, T0IF
001A   2???           00061      CALL DISPLAY_GE
001B   0008           00062     RETURN 
001C                  00063 FUE_TIMR1
001C   3085           00064     MOVLW 085H  ;PRESCALER HIGH 
001D   008F           00065     MOVWF TMR1H
001E   30EE           00066     MOVLW 0EEH  ;PRESCALER LOW
001F   008E           00067     MOVWF TMR1L
0020   100C           00068     BCF  PIR1, TMR1IF
Message[305]: Using default destination of 1 (file).
0021   0A??           00069     INCF CONTADOR1
0022   0008           00070     RETURN 
0023                  00071 FUE_TIMR2
0023   0191           00072     CLRF TMR2
0024   108C           00073     BCF PIR1, TMR2IF 
Message[305]: Using default destination of 1 (file).
0025   0A??           00074     INCF CONTADOR2
0026   0008           00075     RETURN 
0027                  00076 SEV_SEG:
0027   0782           00077     ADDWF PCL, F
0028   3477           00078     RETLW B'01110111';0
MPASM 5.77              NEWPIC_8B_SIMPLE.ASM   9-1-2020  20:41:16         PAGE  3


LOC  OBJECT CODE     LINE SOURCE TEXT
  VALUE

0029   3441           00079     RETLW B'01000001';1
002A   343B           00080     RETLW B'00111011';2
002B   346B           00081     RETLW B'01101011';3
002C   344D           00082     RETLW B'01001101';4
002D   346E           00083     RETLW B'01101110';5
002E   347E           00084     RETLW B'01111110';6
002F   3443           00085     RETLW B'01000011';7
0030   347F           00086     RETLW B'01111111';8
0031   341F           00087     RETLW B'00011111';9
0032   345F           00088     RETLW B'01011111';A
0033   347C           00089     RETLW B'01111100';b
0034   3436           00090     RETLW B'00110110';C
0035   3479           00091     RETLW B'01111001';d
0036   343E           00092     RETLW B'00111110';E
0037   341E           00093     RETLW B'00011110';F
                      00094  
                      00095 MAIN_PROG CODE       0X100   
0100                  00096 START
Warning[203]: Found opcode in column 1. (CALL)
0100   2???           00097 CALL    CONFIG_IO
Warning[203]: Found opcode in column 1. (CALL)
0101   2???           00098 CALL    CONFIG_TIMER0
Warning[203]: Found opcode in column 1. (CALL)
0102   2???           00099 CALL    CONFIG_TIMER1
Warning[203]: Found opcode in column 1. (CALL)
0103   2???           00100 CALL    CONFIG_TIMER2
Warning[203]: Found opcode in column 1. (CALL)
0104   2???           00101 CALL    CONFIG_FLAG
Warning[205]: Found directive in column 1. (BANKSEL)
0105   1283 1303      00102 BANKSEL PORTA 
Warning[203]: Found opcode in column 1. (CLRF)
0107   01??           00103 CLRF    CONTADOR1
Warning[203]: Found opcode in column 1. (CLRF)
0108   01??           00104 CLRF    CONTADOR2
Warning[203]: Found opcode in column 1. (CLRF)
0109   01??           00105 CLRF    CONT1
Warning[203]: Found opcode in column 1. (CLRF)
010A   01??           00106 CLRF    NIBBLEL
Warning[203]: Found opcode in column 1. (CLRF)
010B   01??           00107 CLRF    NIBBLEH
                      00108 
010C   2???           00109  GOTO LOOP  
                      00110 ;*************************************loop forever******************************
                      00111 ;*******************************************************************************
Warning[207]: Found label after column 1. (LOOP)
010D                  00112  LOOP:
                      00113     
010D   2???           00114  CALL TIMER1S
010E   2???           00115  CALL TIMER1_2S
010F   2???           00116  CALL INCREMENTUNOS
0110   2???           00117   CALL PISHLEDS
Warning[203]: Found opcode in column 1. (GOTO)
0111   2???           00118 GOTO LOOP                        
MPASM 5.77              NEWPIC_8B_SIMPLE.ASM   9-1-2020  20:41:16         PAGE  4


LOC  OBJECT CODE     LINE SOURCE TEXT
  VALUE

                      00119 ;*******************************************************************************    
                      00120 ;**********************************OPERACIONES**********************************
                      00121  
                      00122  
Warning[207]: Found label after column 1. (PISHLEDS)
0112                  00123  PISHLEDS
Warning[203]: Found opcode in column 1. (BSF)
0112   1605           00124 BSF   PORTA, RA4
Warning[203]: Found opcode in column 1. (BCF)
0113   1285           00125 BCF   PORTA, RA5
Warning[203]: Found opcode in column 1. (CLRF)
0114   01??           00126 CLRF  CONT1
                      00127 
Warning[203]: Found opcode in column 1. (BCF)
0115   1205           00128 BCF   PORTA, RA4
Warning[203]: Found opcode in column 1. (BSF)
0116   1685           00129 BSF   PORTA, RA5
Warning[203]: Found opcode in column 1. (RETURN)
0117   0008           00130 RETURN
                      00131  
0118                  00132 TIMER1_2S
Warning[203]: Found opcode in column 1. (MOVF)
0118   08??           00133 MOVF CONTADOR2,W
Warning[203]: Found opcode in column 1. (SUBLW)
0119   3C0A           00134 SUBLW .10
Warning[203]: Found opcode in column 1. (BTFSC)
011A   1903           00135 BTFSC STATUS,Z
Warning[203]: Found opcode in column 1. (CALL)
011B   2???           00136 CALL VAP2
Warning[203]: Found opcode in column 1. (RETURN)
011C   0008           00137 RETURN 
Warning[207]: Found label after column 1. (VAP2)
011D                  00138  VAP2
Warning[203]: Found opcode in column 1. (INCF)
Message[305]: Using default destination of 1 (file).
011D   0A??           00139 INCF CONT1
Warning[203]: Found opcode in column 1. (CLRF)
011E   01??           00140 CLRF CONTADOR2
Warning[203]: Found opcode in column 1. (RETURN)
011F   0008           00141 RETURN 
                      00142  
                      00143  
                      00144  
0120                  00145 INCREMENTUNOS 
Warning[203]: Found opcode in column 1. (MOVF)
0120   08??           00146 MOVF NIBBLEL,W
Warning[203]: Found opcode in column 1. (SUBLW)
0121   3C0A           00147 SUBLW .10
Warning[203]: Found opcode in column 1. (BTFSC)
0122   1903           00148 BTFSC STATUS,Z
Warning[203]: Found opcode in column 1. (CALL)
0123   2???           00149 CALL  INCREMENT10S
Warning[203]: Found opcode in column 1. (RETURN)
MPASM 5.77              NEWPIC_8B_SIMPLE.ASM   9-1-2020  20:41:16         PAGE  5


LOC  OBJECT CODE     LINE SOURCE TEXT
  VALUE

0124   0008           00150 RETURN 
Warning[207]: Found label after column 1. (INCREMENT10S)
0125                  00151  INCREMENT10S
Message[305]: Using default destination of 1 (file).
0125   0A??           00152  INCF NIBBLEH
0126   01??           00153  CLRF NIBBLEL
0127   08??           00154  MOVF NIBBLEH,W
0128   3C06           00155  SUBLW .6
0129   1903           00156  BTFSC STATUS,Z
012A   2???           00157  CALL CEROS
012B   0008           00158  RETURN 
Warning[207]: Found label after column 1. (CEROS)
012C                  00159  CEROS
012C   01??           00160  CLRF NIBBLEL
012D   01??           00161  CLRF NIBBLEH
012E   0008           00162  RETURN 
Warning[207]: Found label after column 1. (TIMER1S)
012F                  00163  TIMER1S
Warning[203]: Found opcode in column 1. (MOVF)
012F   08??           00164 MOVF CONTADOR1,0
Warning[203]: Found opcode in column 1. (SUBLW)
0130   3C0A           00165 SUBLW .10
Warning[203]: Found opcode in column 1. (BTFSC)
0131   1903           00166 BTFSC STATUS,Z
Warning[203]: Found opcode in column 1. (CALL)
0132   2???           00167 CALL VAP1
Warning[203]: Found opcode in column 1. (RETURN)
0133   0008           00168 RETURN 
Warning[207]: Found label after column 1. (VAP1)
0134                  00169  VAP1
Warning[203]: Found opcode in column 1. (INCF)
Message[305]: Using default destination of 1 (file).
0134   0A??           00170 INCF NIBBLEL
Warning[203]: Found opcode in column 1. (CLRF)
0135   01??           00171 CLRF CONTADOR1
Warning[203]: Found opcode in column 1. (RETURN)
0136   0008           00172 RETURN 
                      00173  
                      00174     
0137                  00175 CONFIG_FLAG
                      00176  ;TIMER0
0137   178B           00177  BSF  INTCON, GIE
0138   168B           00178  BSF  INTCON, T0IE
0139   110B           00179  BCF  INTCON, T0IF 
013A   1683 1303      00180  BANKSEL TRISA 
Message[302]: Register in operand not in bank 0.  Ensure that bank bits are correct.
013C   140C           00181  BSF     PIE1, TMR1IE
Message[302]: Register in operand not in bank 0.  Ensure that bank bits are correct.
013D   148C           00182  BSF     PIE1, TMR2IE 
013E   1283 1303      00183  BANKSEL PORTA
0140   178B           00184  BSF     INTCON, GIE
0141   170B           00185  BSF     INTCON, PEIE
0142   100C           00186  BCF     PIR1, TMR1IF
MPASM 5.77              NEWPIC_8B_SIMPLE.ASM   9-1-2020  20:41:16         PAGE  6


LOC  OBJECT CODE     LINE SOURCE TEXT
  VALUE

0143   108C           00187  BCF     PIR1, TMR2IF 
0144   0008           00188  RETURN 
                      00189  
Warning[207]: Found label after column 1. (CONFIG_TIMER0)
0145                  00190   CONFIG_TIMER0
0145   1683 1303      00191  BANKSEL TRISA
Message[302]: Register in operand not in bank 0.  Ensure that bank bits are correct.
0147   1281           00192  BCF OPTION_REG , T0CS
Message[302]: Register in operand not in bank 0.  Ensure that bank bits are correct.
0148   1181           00193  BCF OPTION_REG , PSA
Message[302]: Register in operand not in bank 0.  Ensure that bank bits are correct.
0149   1101           00194  BCF OPTION_REG , PS2
Message[302]: Register in operand not in bank 0.  Ensure that bank bits are correct.
014A   1481           00195  BSF OPTION_REG , PS1
Message[302]: Register in operand not in bank 0.  Ensure that bank bits are correct.
014B   1401           00196  BSF OPTION_REG , PS0
014C   1283 1303      00197  BANKSEL PORTA
014E   3080           00198  MOVLW   .128
014F   0081           00199  MOVWF   TMR0
0150   110B           00200  BCF INTCON, T0IF
0151   0008           00201  RETURN
                      00202  
0152                  00203 CONFIG_TIMER1
0152   1283 1303      00204  BANKSEL   PORTA
0154   1310           00205  BCF T1CON, TMR1GE
0155   1290           00206  BCF T1CON, T1CKPS1 ;PRESCALER 
0156   1610           00207  BSF T1CON, T1CKPS0 ;PRESCALER 
0157   1590           00208  BSF T1CON, T1OSCEN ;TIMER INTERNO  
0158   1090           00209  BCF T1CON, TMR1CS 
0159   1410           00210  BSF T1CON, TMR1ON 
015A   3085           00211  MOVLW 085H  ;PRESCALER HIGH 
015B   008F           00212  MOVWF TMR1H
015C   30EE           00213  MOVLW 0EEH  ;PRESCALER LOW
015D   008E           00214  MOVWF TMR1L
015E   100C           00215  BCF PIR1, TMR1IF
Warning[203]: Found opcode in column 1. (RETURN)
015F   0008           00216 RETURN 
                      00217  
0160                  00218 CONFIG_TIMER2
0160   1283 1303      00219  BANKSEL PORTA
0162   3067           00220  MOVLW   B'01100111'
0163   0092           00221  MOVWF   T2CON
0164   1683 1303      00222  BANKSEL TRISA
0166   30F1           00223  MOVLW   .241
Message[302]: Register in operand not in bank 0.  Ensure that bank bits are correct.
0167   0092           00224  MOVWF   PR2
0168   1283 1303      00225  BANKSEL PORTA
016A   0191           00226  CLRF    TMR2
016B   108C           00227  BCF     PIR1, TMR2IF
Warning[203]: Found opcode in column 1. (RETURN)
016C   0008           00228 RETURN 
                      00229  
                      00230  
MPASM 5.77              NEWPIC_8B_SIMPLE.ASM   9-1-2020  20:41:16         PAGE  7


LOC  OBJECT CODE     LINE SOURCE TEXT
  VALUE

                      00231  ;****************************DISPLAY 7 SEGMENTOS ******************************
                      00232  ;******************************************************************************
                      00233  ;******************************************************************************
                      00234  ;******************************************************************************
Warning[207]: Found label after column 1. (DISPLAY_GE)
016D                  00235  DISPLAY_GE
016D   2???           00236   CALL DISPLAY_D1
016E   2???           00237   CALL DISPLAY_D2
016F   0008           00238   RETURN 
                      00239  
                      00240  
Warning[207]: Found label after column 1. (DISPLAY_D1)
0170                  00241  DISPLAY_D1  ;
0170   1008           00242  BCF  PORTD, RD0
0171   08??           00243  MOVFW NIBBLEH
0172   2???           00244  CALL SEV_SEG
0173   0087           00245  MOVWF PORTC
0174   1488           00246  BSF   PORTD, RD1
0175   0008           00247  RETURN
Warning[207]: Found label after column 1. (DISPLAY_D2)
0176                  00248  DISPLAY_D2
0176   1088           00249  BCF   PORTD, RD1
0177   08??           00250  MOVFW NIBBLEL
0178   2???           00251  CALL  SEV_SEG
0179   0087           00252  MOVWF PORTC 
017A   1408           00253  BSF   PORTD, RD0
017B   0008           00254  RETURN   
                      00255  
                      00256  
                      00257  ;******************************************************************************
                      00258  ;******************************************************************************
                      00259  ;******************************************************************************
017C                  00260 CONFIG_IO
017C   1683 1303      00261     BANKSEL TRISA
                      00262     
017E   3000           00263     MOVLW   B'0000000'
Message[302]: Register in operand not in bank 0.  Ensure that bank bits are correct.
017F   0085           00264     MOVWF   TRISA
0180   1283 1303      00265     BANKSEL PORTA
0182   0185           00266     CLRF    PORTA
0183   1683 1703      00267     BANKSEL ANSEL
Message[302]: Register in operand not in bank 0.  Ensure that bank bits are correct.
0185   0188           00268     CLRF    ANSEL
Message[302]: Register in operand not in bank 0.  Ensure that bank bits are correct.
0186   0189           00269     CLRF    ANSELH 
                      00270   
0187   1683 1303      00271     BANKSEL TRISB
0189   3000           00272     MOVLW   B'00000000'
Message[302]: Register in operand not in bank 0.  Ensure that bank bits are correct.
018A   0086           00273     MOVWF   TRISB
018B   1283 1303      00274     BANKSEL PORTB
018D   0186           00275     CLRF    PORTB
                      00276     
MPASM 5.77              NEWPIC_8B_SIMPLE.ASM   9-1-2020  20:41:16         PAGE  8


LOC  OBJECT CODE     LINE SOURCE TEXT
  VALUE

018E   1683 1303      00277     BANKSEL TRISC
0190   3000           00278     MOVLW   B'00000000'
Message[302]: Register in operand not in bank 0.  Ensure that bank bits are correct.
0191   0087           00279     MOVWF   TRISC
0192   1283 1303      00280     BANKSEL PORTC
0194   0187           00281     CLRF    PORTC
                      00282     
0195   1683 1303      00283     BANKSEL TRISD
0197   3000           00284     MOVLW   B'00000000'
Message[302]: Register in operand not in bank 0.  Ensure that bank bits are correct.
0198   0088           00285     MOVWF   TRISD
0199   1283 1303      00286     BANKSEL PORTD
019B   0188           00287     CLRF    PORTD
019C   0008           00288     RETURN
Warning[207]: Found label after column 1. (DELAY)
019D                  00289  DELAY
019D   0000           00290  NOP
019E   0000           00291  NOP
019F   0000           00292  NOP
01A0   0000           00293  NOP
01A1   0000           00294  NOP
01A2   0000           00295  NOP 
01A3   0000           00296  NOP
01A4   0000           00297  NOP
01A5   0000           00298  NOP
01A6   0000           00299  NOP
01A7   0000           00300  NOP
01A8   0000           00301  NOP
01A9   0000           00302  NOP
01AA   0000           00303  NOP
01AB   0000           00304  NOP
01AC   0000           00305  NOP
01AD   0008           00306  RETURN
Warning[205]: Found directive in column 1. (END)
20D4 3FFF             00307 END
MPASM 5.77              NEWPIC_8B_SIMPLE.ASM   9-1-2020  20:41:16         PAGE  9


SYMBOL TABLE
  LABEL                             VALUE 

ABDEN                             00000000
ABDOVF                            00000007
ACKDT                             00000005
ACKEN                             00000004
ACKSTAT                           00000006
ADCON0                            0000001F
ADCON1                            0000009F
ADCS0                             00000006
ADCS1                             00000007
ADDEN                             00000003
ADFM                              00000007
ADIE                              00000006
ADIF                              00000006
ADON                              00000000
ADRESH                            0000001E
ADRESL                            0000009E
ANS0                              00000000
ANS1                              00000001
ANS10                             00000002
ANS11                             00000003
ANS12                             00000004
ANS13                             00000005
ANS2                              00000002
ANS3                              00000003
ANS4                              00000004
ANS5                              00000005
ANS6                              00000006
ANS7                              00000007
ANS8                              00000000
ANS9                              00000001
ANSEL                             00000188
ANSELH                            00000189
BAUDCTL                           00000187
BCLIE                             00000003
BCLIF                             00000003
BF                                00000000
BRG0                              00000000
BRG1                              00000001
BRG10                             00000002
BRG11                             00000003
BRG12                             00000004
BRG13                             00000005
BRG14                             00000006
BRG15                             00000007
BRG16                             00000003
BRG2                              00000002
BRG3                              00000003
BRG4                              00000004
BRG5                              00000005
BRG6                              00000006
BRG7                              00000007
BRG8                              00000000
BRG9                              00000001
MPASM 5.77              NEWPIC_8B_SIMPLE.ASM   9-1-2020  20:41:16         PAGE 10


SYMBOL TABLE
  LABEL                             VALUE 

BRGH                              00000002
C                                 00000000
C1CH0                             00000000
C1CH1                             00000001
C1IE                              00000005
C1IF                              00000005
C1OE                              00000005
C1ON                              00000007
C1OUT                             00000006
C1POL                             00000004
C1R                               00000002
C1RSEL                            00000005
C1SEN                             00000005
C2CH0                             00000000
C2CH1                             00000001
C2IE                              00000006
C2IF                              00000006
C2OE                              00000005
C2ON                              00000007
C2OUT                             00000006
C2POL                             00000004
C2R                               00000002
C2REN                             00000004
C2RSEL                            00000004
C2SYNC                            00000000
CCP1CON                           00000017
CCP1IE                            00000002
CCP1IF                            00000002
CCP1M0                            00000000
CCP1M1                            00000001
CCP1M2                            00000002
CCP1M3                            00000003
CCP1X                             00000005
CCP1Y                             00000004
CCP2CON                           0000001D
CCP2IE                            00000000
CCP2IF                            00000000
CCP2M0                            00000000
CCP2M1                            00000001
CCP2M2                            00000002
CCP2M3                            00000003
CCP2X                             00000005
CCP2Y                             00000004
CCPR1                             00000015
CCPR1H                            00000016
CCPR1L                            00000015
CCPR2                             0000001B
CCPR2H                            0000001C
CCPR2L                            0000001B
CEROS                             0000012C
CHS0                              00000002
CHS1                              00000003
CHS2                              00000004
MPASM 5.77              NEWPIC_8B_SIMPLE.ASM   9-1-2020  20:41:16         PAGE 11


SYMBOL TABLE
  LABEL                             VALUE 

CHS3                              00000005
CKE                               00000006
CKP                               00000004
CM1CON0                           00000107
CM2CON0                           00000108
CM2CON1                           00000109
CONFIG_FLAG                       00000137
CONFIG_IO                         0000017C
CONFIG_TIMER0                     00000145
CONFIG_TIMER1                     00000152
CONFIG_TIMER2                     00000160
CONT1                             00000001
CONTADOR1                         00000002
CONTADOR2                         00000003
CONTDE_4                          00000006
CONT_A                            00000000
CREN                              00000004
CSRC                              00000007
D                                 00000005
DATA_ADDRESS                      00000005
DC                                00000001
DC1B0                             00000004
DC1B1                             00000005
DC2B0                             00000004
DC2B1                             00000005
DELAY                             0000019D
DISPLAY_D1                        00000170
DISPLAY_D2                        00000176
DISPLAY_GE                        0000016D
D_A                               00000005
D_NOT_A                           00000005
ECCPAS                            0000009C
ECCPAS0                           00000004
ECCPAS1                           00000005
ECCPAS2                           00000006
ECCPASE                           00000007
EEADR                             0000010D
EEADRH                            0000010F
EECON1                            0000018C
EECON2                            0000018D
EEDAT                             0000010C
EEDATA                            0000010C
EEDATH                            0000010E
EEIE                              00000004
EEIF                              00000004
EEPGD                             00000007
F                                 00000001
FERR                              00000002
FSR                               00000004
FUE_TIMR0                         00000015
FUE_TIMR1                         0000001C
FUE_TIMR2                         00000023
FVREN                             00000000
MPASM 5.77              NEWPIC_8B_SIMPLE.ASM   9-1-2020  20:41:16         PAGE 12


SYMBOL TABLE
  LABEL                             VALUE 

GCEN                              00000007
GIE                               00000007
GO                                00000001
GO_DONE                           00000001
GO_NOT_DONE                       00000001
HTS                               00000002
I2C_DATA                          00000005
I2C_READ                          00000002
I2C_START                         00000003
I2C_STOP                          00000004
INCREMENT10S                      00000125
INCREMENTUNOS                     00000120
INDF                              00000000
INTCON                            0000000B
INTE                              00000004
INTEDG                            00000006
INTF                              00000001
IOCB                              00000096
IOCB0                             00000000
IOCB1                             00000001
IOCB2                             00000002
IOCB3                             00000003
IOCB4                             00000004
IOCB5                             00000005
IOCB6                             00000006
IOCB7                             00000007
IRCF0                             00000004
IRCF1                             00000005
IRCF2                             00000006
IRP                               00000007
ISR                               00000008
LOOP                              0000010D
LTS                               00000001
MC1OUT                            00000007
MC2OUT                            00000006
MSK                               00000093
MSK0                              00000000
MSK1                              00000001
MSK2                              00000002
MSK3                              00000003
MSK4                              00000004
MSK5                              00000005
MSK6                              00000006
MSK7                              00000007
NIBBLEH                           00000007
NIBBLEL                           00000008
NOT_A                             00000005
NOT_ADDRESS                       00000005
NOT_BO                            00000000
NOT_BOR                           00000000
NOT_DONE                          00000001
NOT_PD                            00000003
NOT_POR                           00000001
MPASM 5.77              NEWPIC_8B_SIMPLE.ASM   9-1-2020  20:41:16         PAGE 13


SYMBOL TABLE
  LABEL                             VALUE 

NOT_RBPU                          00000007
NOT_RC8                           00000006
NOT_T1SYNC                        00000002
NOT_TO                            00000004
NOT_TX8                           00000006
NOT_W                             00000002
NOT_WRITE                         00000002
OERR                              00000001
OPTION_REG                        00000081
OSCCON                            0000008F
OSCTUNE                           00000090
OSFIE                             00000007
OSFIF                             00000007
OSTS                              00000003
P                                 00000004
P1M0                              00000006
P1M1                              00000007
PCL                               00000002
PCLATH                            0000000A
PCON                              0000008E
PDC0                              00000000
PDC1                              00000001
PDC2                              00000002
PDC3                              00000003
PDC4                              00000004
PDC5                              00000005
PDC6                              00000006
PEIE                              00000006
PEN                               00000002
PIE1                              0000008C
PIE2                              0000008D
PIR1                              0000000C
PIR2                              0000000D
PISHLEDS                          00000112
POP                               0000000F
PORTA                             00000005
PORTB                             00000006
PORTC                             00000007
PORTD                             00000008
PORTE                             00000009
PR2                               00000092
PRSEN                             00000007
PS0                               00000000
PS1                               00000001
PS2                               00000002
PSA                               00000003
PSSAC0                            00000002
PSSAC1                            00000003
PSSBD0                            00000000
PSSBD1                            00000001
PSTRCON                           0000009D
PULSR                             00000002
PULSS                             00000003
MPASM 5.77              NEWPIC_8B_SIMPLE.ASM   9-1-2020  20:41:16         PAGE 14


SYMBOL TABLE
  LABEL                             VALUE 

PUSH                              00000004
PWM1CON                           0000009B
R                                 00000002
RA0                               00000000
RA1                               00000001
RA2                               00000002
RA3                               00000003
RA4                               00000004
RA5                               00000005
RA6                               00000006
RA7                               00000007
RB0                               00000000
RB1                               00000001
RB2                               00000002
RB3                               00000003
RB4                               00000004
RB5                               00000005
RB6                               00000006
RB7                               00000007
RBIE                              00000003
RBIF                              00000000
RC0                               00000000
RC1                               00000001
RC2                               00000002
RC3                               00000003
RC4                               00000004
RC5                               00000005
RC6                               00000006
RC7                               00000007
RC8_9                             00000006
RC9                               00000006
RCD8                              00000000
RCEN                              00000003
RCIDL                             00000006
RCIE                              00000005
RCIF                              00000005
RCREG                             0000001A
RCSTA                             00000018
RD                                00000000
RD0                               00000000
RD1                               00000001
RD2                               00000002
RD3                               00000003
RD4                               00000004
RD5                               00000005
RD6                               00000006
RD7                               00000007
RE0                               00000000
RE1                               00000001
RE2                               00000002
RE3                               00000003
READ_WRITE                        00000002
RP0                               00000005
MPASM 5.77              NEWPIC_8B_SIMPLE.ASM   9-1-2020  20:41:16         PAGE 15


SYMBOL TABLE
  LABEL                             VALUE 

RP1                               00000006
RSEN                              00000001
RX9                               00000006
RX9D                              00000000
R_NOT_W                           00000002
R_W                               00000002
S                                 00000003
SBOREN                            00000004
SCKP                              00000004
SCS                               00000000
SEN                               00000000
SENDB                             00000003
SEV_SEG                           00000027
SMP                               00000007
SPBRG                             00000099
SPBRGH                            0000009A
SPEN                              00000007
SR0                               00000006
SR1                               00000007
SRCON                             00000185
SREN                              00000005
SSPADD                            00000093
SSPBUF                            00000013
SSPCON                            00000014
SSPCON2                           00000091
SSPEN                             00000005
SSPIE                             00000003
SSPIF                             00000003
SSPM0                             00000000
SSPM1                             00000001
SSPM2                             00000002
SSPM3                             00000003
SSPMSK                            00000093
SSPOV                             00000006
SSPSTAT                           00000094
START                             00000100
STATUS                            00000003
STATUS_TEMP                       0000000A
STRA                              00000000
STRB                              00000001
STRC                              00000002
STRD                              00000003
STRSYNC                           00000004
SWDTEN                            00000000
SYNC                              00000004
T0CS                              00000005
T0IE                              00000005
T0IF                              00000002
T0SE                              00000004
T1CKPS0                           00000004
T1CKPS1                           00000005
T1CON                             00000010
T1GINV                            00000007
MPASM 5.77              NEWPIC_8B_SIMPLE.ASM   9-1-2020  20:41:16         PAGE 16


SYMBOL TABLE
  LABEL                             VALUE 

T1GIV                             00000007
T1GSS                             00000001
T1INSYNC                          00000002
T1OSCEN                           00000003
T1SYNC                            00000002
T2CKPS0                           00000000
T2CKPS1                           00000001
T2CON                             00000012
TEMP1                             00000004
TEMP2                             00000005
TIMER1S                           0000012F
TIMER1_2S                         00000118
TMR0                              00000001
TMR0IE                            00000005
TMR0IF                            00000002
TMR1                              0000000E
TMR1CS                            00000001
TMR1GE                            00000006
TMR1H                             0000000F
TMR1IE                            00000000
TMR1IF                            00000000
TMR1L                             0000000E
TMR1ON                            00000000
TMR2                              00000011
TMR2IE                            00000001
TMR2IF                            00000001
TMR2ON                            00000002
TOUTPS0                           00000003
TOUTPS1                           00000004
TOUTPS2                           00000005
TOUTPS3                           00000006
TRISA                             00000085
TRISA0                            00000000
TRISA1                            00000001
TRISA2                            00000002
TRISA3                            00000003
TRISA4                            00000004
TRISA5                            00000005
TRISA6                            00000006
TRISA7                            00000007
TRISB                             00000086
TRISB0                            00000000
TRISB1                            00000001
TRISB2                            00000002
TRISB3                            00000003
TRISB4                            00000004
TRISB5                            00000005
TRISB6                            00000006
TRISB7                            00000007
TRISC                             00000087
TRISC0                            00000000
TRISC1                            00000001
TRISC2                            00000002
MPASM 5.77              NEWPIC_8B_SIMPLE.ASM   9-1-2020  20:41:16         PAGE 17


SYMBOL TABLE
  LABEL                             VALUE 

TRISC3                            00000003
TRISC4                            00000004
TRISC5                            00000005
TRISC6                            00000006
TRISC7                            00000007
TRISD                             00000088
TRISD0                            00000000
TRISD1                            00000001
TRISD2                            00000002
TRISD3                            00000003
TRISD4                            00000004
TRISD5                            00000005
TRISD6                            00000006
TRISD7                            00000007
TRISE                             00000089
TRISE0                            00000000
TRISE1                            00000001
TRISE2                            00000002
TRISE3                            00000003
TRMT                              00000001
TUN0                              00000000
TUN1                              00000001
TUN2                              00000002
TUN3                              00000003
TUN4                              00000004
TX8_9                             00000006
TX9                               00000006
TX9D                              00000000
TXD8                              00000000
TXEN                              00000005
TXIE                              00000004
TXIF                              00000004
TXREG                             00000019
TXSTA                             00000098
UA                                00000001
ULPWUE                            00000005
ULPWUIE                           00000002
ULPWUIF                           00000002
VAP1                              00000134
VAP2                              0000011D
VCFG0                             00000004
VCFG1                             00000005
VR0                               00000000
VR1                               00000001
VR2                               00000002
VR3                               00000003
VRCON                             00000097
VREN                              00000007
VROE                              00000006
VRR                               00000005
VRSS                              00000004
W                                 00000000
WCOL                              00000007
MPASM 5.77              NEWPIC_8B_SIMPLE.ASM   9-1-2020  20:41:16         PAGE 18


SYMBOL TABLE
  LABEL                             VALUE 

WDTCON                            00000105
WDTPS0                            00000001
WDTPS1                            00000002
WDTPS2                            00000003
WDTPS3                            00000004
WPUB                              00000095
WPUB0                             00000000
WPUB1                             00000001
WPUB2                             00000002
WPUB3                             00000003
WPUB4                             00000004
WPUB5                             00000005
WPUB6                             00000006
WPUB7                             00000007
WR                                00000001
WREN                              00000002
WRERR                             00000003
WUE                               00000001
W_TEMP                            00000009
Z                                 00000002
_BOR21V                           00003EFF
_BOR40V                           00003FFF
_BOR4V_BOR21V                     00003EFF
_BOR4V_BOR40V                     00003FFF
_BOREN_NSLEEP                     00003EFF
_BOREN_OFF                        00003CFF
_BOREN_ON                         00003FFF
_BOREN_SBODEN                     00003DFF
_BOR_NSLEEP                       00003EFF
_BOR_OFF                          00003CFF
_BOR_ON                           00003FFF
_BOR_SBODEN                       00003DFF
_CONFIG1                          00002007
_CONFIG2                          00002008
_CPD_OFF                          00003FFF
_CPD_ON                           00003F7F
_CP_OFF                           00003FFF
_CP_ON                            00003FBF
_DEBUG_OFF                        00003FFF
_DEBUG_ON                         00001FFF
_DEVID1                           00002006
_EC_OSC                           00003FFB
_EXTRC                            00003FFF
_EXTRCIO                          00003FFE
_EXTRC_OSC_CLKOUT                 00003FFF
_EXTRC_OSC_NOCLKOUT               00003FFE
_FCMEN_OFF                        000037FF
_FCMEN_ON                         00003FFF
_FOSC_EC                          00003FFB
_FOSC_EXTRC_CLKOUT                00003FFF
_FOSC_EXTRC_NOCLKOUT              00003FFE
_FOSC_HS                          00003FFA
_FOSC_INTRC_CLKOUT                00003FFD
MPASM 5.77              NEWPIC_8B_SIMPLE.ASM   9-1-2020  20:41:16         PAGE 19


SYMBOL TABLE
  LABEL                             VALUE 

_FOSC_INTRC_NOCLKOUT              00003FFC
_FOSC_LP                          00003FF8
_FOSC_XT                          00003FF9
_HS_OSC                           00003FFA
_IDLOC0                           00002000
_IDLOC1                           00002001
_IDLOC2                           00002002
_IDLOC3                           00002003
_IESO_OFF                         00003BFF
_IESO_ON                          00003FFF
_INTOSC                           00003FFD
_INTOSCIO                         00003FFC
_INTRC_OSC_CLKOUT                 00003FFD
_INTRC_OSC_NOCLKOUT               00003FFC
_LP_OSC                           00003FF8
_LVP_OFF                          00002FFF
_LVP_ON                           00003FFF
_MCLRE_OFF                        00003FDF
_MCLRE_ON                         00003FFF
_PWRTE_OFF                        00003FFF
_PWRTE_ON                         00003FEF
_WDTE_OFF                         00003FF7
_WDTE_ON                          00003FFF
_WDT_OFF                          00003FF7
_WDT_ON                           00003FFF
_WRT_1FOURTH                      00003BFF
_WRT_256                          00003DFF
_WRT_HALF                         000039FF
_WRT_OFF                          00003FFF
_XT_OSC                           00003FF9
__16F887                          00000001

Errors   :     0
Warnings :    68 reported,     0 suppressed
Messages :    19 reported,     0 suppressed

