MPASM 5.77                        LAB__4.ASM   8-18-2020  18:50:55         PAGE  1


LOC  OBJECT CODE     LINE SOURCE TEXT
  VALUE

                      00001 ; TODO INSERT CONFIG CODE HERE USING CONFIG BITS GENERATOR
                      00002     
                      00003     #INCLUDE "p16f887.inc"
                      00001         LIST
                      00002 
                      00003 ;==========================================================================
                      00004 ; Build date : Nov 22 2017
                      00005 ;  MPASM PIC16F887 processor include
                      00006 ; 
                      00007 ;  (c) Copyright 1999-2017 Microchip Technology, All rights reserved
                      00008 ;==========================================================================
                      00009 
                      00810         LIST
                      00004 ; CONFIG1
                      00005 ; __config 0xF0F1
2007   20D4           00006  __CONFIG _CONFIG1, _FOSC_INTRC_NOCLKOUT & _WDTE_OFF & _PWRTE_OFF & _MCLRE_OFF & _CP_OFF & _CPD_OFF & _B
                            OREN_OFF & _IESO_OFF & _FCMEN_OFF & _LVP_OFF
                      00007 ; CONFIG2
                      00008 ; __config 0xFFFF
2008   3FFF           00009  __CONFIG _CONFIG2, _BOR4V_BOR40V & _WRT_OFF
                      00010  
                      00011  
Warning[207]: Found label after column 1. (GPR_VAR)
                      00012  GPR_VAR  UDATA
Warning[207]: Found label after column 1. (CONT1)
0000                  00013  CONT1    RES 1
Warning[207]: Found label after column 1. (CONT2)
0001                  00014  CONT2    RES 1
Warning[207]: Found label after column 1. (CONT_A)
0002                  00015  CONT_A   RES 1
Warning[207]: Found label after column 1. (CONT_B)
0003                  00016  CONT_B   RES 1
Warning[207]: Found label after column 1. (CONT3)
0004                  00017  CONT3    RES 1
0005                  00018 CONTADOR_1S RES 1
0006                  00019 CONTADOR RES 1 
                      00020     
Warning[207]: Found label after column 1. (TEMP1)
0007                  00021  TEMP1    RES 1
Warning[207]: Found label after column 1. (TEMP2)
0008                  00022  TEMP2    RES 1
Warning[207]: Found label after column 1. (CONTDE_4)
0009                  00023  CONTDE_4 RES 1
                      00024  ;---------------------------CONSTANTES DE INTERUPTION -----------------
                      00025  
Warning[207]: Found label after column 1. (W_TEMP)
000A                  00026  W_TEMP           RES 1
Warning[207]: Found label after column 1. (STATUS_TEMP)
000B                  00027  STATUS_TEMP      RES 1
                      00028       
Warning[207]: Found label after column 1. (RES_VECT)
                      00029  RES_VECT  CODE    0x0000           
0000   2???           00030  GOTO   START  
MPASM 5.77                        LAB__4.ASM   8-18-2020  18:50:55         PAGE  2


LOC  OBJECT CODE     LINE SOURCE TEXT
  VALUE

Warning[207]: Found label after column 1. (ISR_VECT)
                      00031  ISR_VECT  CODE    0X0004
Warning[207]: Found label after column 1. (PUSH)
0004                  00032   PUSH:
0004   00??           00033     MOVWF W_TEMP
0005   0E03           00034     SWAPF STATUS, W
0006   00??           00035     MOVWF STATUS_TEMP
Warning[207]: Found label after column 1. (ISR)
0007                  00036   ISR:
0007   1D0B           00037     BTFSS INTCON, T0IF
                      00038     ;SOLO UM CONTADORES 
0008   2???           00039     GOTO POP
0009   303C           00040     MOVLW .60
000A   0081           00041     MOVWF TMR0
000B   110B           00042     BCF INTCON, T0IF
Message[305]: Using default destination of 1 (file).
000C   0A??           00043     INCF CONTADOR_1S
Message[305]: Using default destination of 1 (file).
000D   0A??           00044     INCF CONTADOR
                      00045     ;DECFSZ  CONTDE_4,1
                      00046     ;BTFSS   STATUS, Z
                      00047     ;GOTO POP
Message[305]: Using default destination of 1 (file).
000E   0A86           00048     INCF PORTB
Warning[207]: Found label after column 1. (POP)
000F                  00049   POP:
000F   0E??           00050     SWAPF STATUS_TEMP, W
0010   0083           00051     MOVWF STATUS 
0011   0E??           00052     SWAPF W_TEMP, F
0012   0E??           00053     SWAPF W_TEMP, W
0013   0009           00054     RETFIE
                      00055 ;------------------------------------------------------------------------------
                      00056 ; FOREVER LOOP
                      00057 ;---------------------------------TABLA----------------------------------------
0014                  00058 SEV_SEG:
                      00059     
0014   390F           00060     ANDLW B'00001111';0-F
0015   0782           00061     ADDWF PCL, F
0016   3477           00062     RETLW B'01110111';0
0017   3441           00063     RETLW B'01000001';1
0018   343B           00064     RETLW B'00111011';2
0019   346B           00065     RETLW B'01101011';3
001A   344D           00066     RETLW B'01001101';4
001B   346E           00067     RETLW B'01101110';5
001C   347E           00068     RETLW B'01111110';6
001D   3443           00069     RETLW B'01000011';7
001E   347F           00070     RETLW B'01111111';8
001F   341F           00071     RETLW B'00011111';9
0020   345F           00072     RETLW B'01011111';A
0021   347C           00073     RETLW B'01111100';b
0022   3436           00074     RETLW B'00110110';C
0023   3479           00075     RETLW B'01111001';d
0024   343E           00076     RETLW B'00111110';E
MPASM 5.77                        LAB__4.ASM   8-18-2020  18:50:55         PAGE  3


LOC  OBJECT CODE     LINE SOURCE TEXT
  VALUE

0025   341E           00077     RETLW B'00011110';F
                      00078  
                      00079 ;---------------------------------------------------------------------
                      00080 MAIN_PROG CODE  0X100 
0100                  00081 START
Warning[205]: Found directive in column 1. (BANKSEL)
0100   1683 1303      00082 BANKSEL TRISA
                      00083  
0102   01??           00084  CLRF   CONTDE_4
0103   0804           00085  MOVF   .4, W
0104   00??           00086  MOVWF  CONTDE_4
0105   2???           00087  CALL   CONFIG_IO
0106   2???           00088  CALL   CONFIG_TIMER0
0107   2???           00089  CALL   CONFIG_FLAG
0108   3000           00090  MOVLW  .0   ;CONTADOE STAETS AT
0109   00??           00091  MOVWF  CONT_A
010A   2???           00092  GOTO   LOOP
Warning[207]: Found label after column 1. (LOOP)
010B                  00093  LOOP:
                      00094    
                      00095 ;CONTADOR DE 0.25 SEG
                      00096 ;SUMA DE UN SEG 
                      00097  
                      00098     
010B   2???           00099  CALL  SUMA_1
010C   2???           00100  CALL  MEN_1
010D   2???           00101  CALL  DISPLAY_D1
010E   2???           00102  CALL  DISPLAY_D2
                      00103  
                      00104  
                      00105  ;MOVF    PORTB,  W
                      00106  ;SUBWF   CONT_A, W
                      00107  ;BTFSC   STATUS, Z
                      00108  ;CALL   RSET 
                      00109 
                      00110  
010F   2???           00111  GOTO  LOOP   
                      00112 
                      00113 ;-------------------------------------OPERACION---------------------------------
                      00114  
0110                  00115 TIMER1SEG
                      00116  
Warning[203]: Found opcode in column 1. (RETURN)
0110   0008           00117 RETURN 
Warning[203]: Found opcode in column 1. (RETURN)
0111   0008           00118 RETURN 
                      00119  
0112                  00120 RSET
Warning[203]: Found opcode in column 1. (BSF)
0112   1705           00121 BSF   PORTA, RA6
                      00122 ;CALL DELAY_500US
Warning[203]: Found opcode in column 1. (CLRF)
0113   0186           00123 CLRF  PORTB
MPASM 5.77                        LAB__4.ASM   8-18-2020  18:50:55         PAGE  4


LOC  OBJECT CODE     LINE SOURCE TEXT
  VALUE

Warning[203]: Found opcode in column 1. (CLRF)
0114   01??           00124 CLRF  CONTDE_4
Warning[203]: Found opcode in column 1. (BTFSS)
0115   1C06           00125 BTFSS PORTB, RB0 
Warning[203]: Found opcode in column 1. (GOTO)
0116   2???           00126 GOTO   $-1
Warning[203]: Found opcode in column 1. (BCF)
0117   1305           00127 BCF   PORTA, RA6
Warning[203]: Found opcode in column 1. (RETURN)
0118   0008           00128 RETURN 
                      00129  
                      00130  
Warning[207]: Found label after column 1. (DISPLAY_D1)
0119                  00131  DISPLAY_D1
0119   1088           00132  BCF   PORTD, RD1
011A   0E??           00133  SWAPF  CONT_A, W
011B   00??           00134  MOVWF TEMP1
011C   300F           00135  MOVLW 0X0F
011D   05??           00136  ANDWF TEMP1, W
011E   2???           00137  CALL SEV_SEG
011F   0087           00138  MOVWF PORTC 
0120   1408           00139  BSF   PORTD, RD0
0121   0008           00140  RETURN
                      00141  
Warning[207]: Found label after column 1. (DISPLAY_D2)
0122                  00142  DISPLAY_D2
0122   1008           00143  BCF   PORTD, RD0
0123   300F           00144  MOVLW 0X0F
0124   05??           00145  ANDWF CONT_A,W
0125   2???           00146  CALL  SEV_SEG
0126   0087           00147  MOVWF PORTC 
0127   1488           00148  BSF   PORTD, RD1
0128   0008           00149  RETURN 
                      00150  
                      00151  
                      00152  ;**************************timer0**********************************************
Warning[207]: Found label after column 1. (CONFIG_TIMER0)
0129                  00153  CONFIG_TIMER0
0129   1683 1303      00154  BANKSEL TRISA
Message[302]: Register in operand not in bank 0.  Ensure that bank bits are correct.
012B   1281           00155  BCF OPTION_REG , T0CS
Message[302]: Register in operand not in bank 0.  Ensure that bank bits are correct.
012C   1181           00156  BCF OPTION_REG , PSA
Message[302]: Register in operand not in bank 0.  Ensure that bank bits are correct.
012D   1501           00157  BSF OPTION_REG , PS2
Message[302]: Register in operand not in bank 0.  Ensure that bank bits are correct.
012E   1481           00158  BSF OPTION_REG , PS1
Message[302]: Register in operand not in bank 0.  Ensure that bank bits are correct.
012F   1001           00159  BCF OPTION_REG , PS0
0130   1283 1303      00160  BANKSEL PORTA
0132   303C           00161  MOVLW .60
0133   0081           00162  MOVWF TMR0
0134   110B           00163  BCF INTCON, T0IF
MPASM 5.77                        LAB__4.ASM   8-18-2020  18:50:55         PAGE  5


LOC  OBJECT CODE     LINE SOURCE TEXT
  VALUE

0135   0008           00164  RETURN
0136                  00165 CONFIG_FLAG
0136   178B           00166  BSF  INTCON, GIE
0137   168B           00167  BSF  INTCON, T0IE
0138   110B           00168  BCF  INTCON, T0IF 
0139   0008           00169  RETURN 
                      00170  ;*****************************************************************************
                      00171  
Warning[207]: Found label after column 1. (SUMA_1)
013A                  00172  SUMA_1 
013A   1283           00173   BCF    STATUS, RP0
013B   1303           00174   BCF    STATUS, RP1
013C   1C05           00175   BTFSS  PORTA , RA0
013D   0008           00176   RETURN 
013E   1805           00177   BTFSC  PORTA , RA0
013F   2???           00178   GOTO   $-1
Message[305]: Using default destination of 1 (file).
0140   0A??           00179   INCF   CONT_A
0141   0008           00180   RETURN 
Warning[207]: Found label after column 1. (MEN_1)
0142                  00181  MEN_1
0142   1283           00182   BCF    STATUS, RP0
0143   1303           00183   BCF    STATUS, RP1
0144   1C85           00184   BTFSS  PORTA , RA1
0145   0008           00185   RETURN 
0146   1885           00186   BTFSC  PORTA , RA1
0147   2???           00187   GOTO   $-1
Message[305]: Using default destination of 1 (file).
0148   03??           00188   DECF   CONT_A
0149   0008           00189   RETURN 
                      00190  
                      00191 
                      00192  ;****************************************** inputs/outpus 
Warning[207]: Found label after column 1. (CONFIG_IO)
014A                  00193  CONFIG_IO
014A   1683 1303      00194     BANKSEL TRISA
                      00195     
014C   3003           00196     MOVLW   B'0000011'
Message[302]: Register in operand not in bank 0.  Ensure that bank bits are correct.
014D   0085           00197     MOVWF   TRISA
014E   1283 1303      00198     BANKSEL PORTA
0150   0185           00199     CLRF    PORTA
0151   1683 1703      00200     BANKSEL ANSEL
Message[302]: Register in operand not in bank 0.  Ensure that bank bits are correct.
0153   0188           00201     CLRF    ANSEL
Message[302]: Register in operand not in bank 0.  Ensure that bank bits are correct.
0154   0189           00202     CLRF    ANSELH 
                      00203   
0155   1683 1303      00204     BANKSEL TRISB
0157   3000           00205     MOVLW   B'0000000'
Message[302]: Register in operand not in bank 0.  Ensure that bank bits are correct.
0158   0086           00206     MOVWF   TRISB
0159   1283 1303      00207     BANKSEL PORTB
MPASM 5.77                        LAB__4.ASM   8-18-2020  18:50:55         PAGE  6


LOC  OBJECT CODE     LINE SOURCE TEXT
  VALUE

015B   0186           00208     CLRF    PORTB
                      00209     
015C   1683 1303      00210     BANKSEL TRISC
015E   3000           00211     MOVLW   B'00000000'
Message[302]: Register in operand not in bank 0.  Ensure that bank bits are correct.
015F   0087           00212     MOVWF   TRISC
0160   1283 1303      00213     BANKSEL PORTC
0162   0187           00214     CLRF    PORTC
                      00215     
0163   1683 1303      00216     BANKSEL TRISD
0165   3000           00217     MOVLW   B'00000000'
Message[302]: Register in operand not in bank 0.  Ensure that bank bits are correct.
0166   0088           00218     MOVWF   TRISD
0167   1283 1303      00219     BANKSEL PORTD
0169   0188           00220     CLRF    PORTD
                      00221     
016A   0008           00222     RETURN
Warning[205]: Found directive in column 1. (END)
20D4 3FFF             00223 END
MPASM 5.77                        LAB__4.ASM   8-18-2020  18:50:55         PAGE  7


SYMBOL TABLE
  LABEL                             VALUE 

ABDEN                             00000000
ABDOVF                            00000007
ACKDT                             00000005
ACKEN                             00000004
ACKSTAT                           00000006
ADCON0                            0000001F
ADCON1                            0000009F
ADCS0                             00000006
ADCS1                             00000007
ADDEN                             00000003
ADFM                              00000007
ADIE                              00000006
ADIF                              00000006
ADON                              00000000
ADRESH                            0000001E
ADRESL                            0000009E
ANS0                              00000000
ANS1                              00000001
ANS10                             00000002
ANS11                             00000003
ANS12                             00000004
ANS13                             00000005
ANS2                              00000002
ANS3                              00000003
ANS4                              00000004
ANS5                              00000005
ANS6                              00000006
ANS7                              00000007
ANS8                              00000000
ANS9                              00000001
ANSEL                             00000188
ANSELH                            00000189
BAUDCTL                           00000187
BCLIE                             00000003
BCLIF                             00000003
BF                                00000000
BRG0                              00000000
BRG1                              00000001
BRG10                             00000002
BRG11                             00000003
BRG12                             00000004
BRG13                             00000005
BRG14                             00000006
BRG15                             00000007
BRG16                             00000003
BRG2                              00000002
BRG3                              00000003
BRG4                              00000004
BRG5                              00000005
BRG6                              00000006
BRG7                              00000007
BRG8                              00000000
BRG9                              00000001
MPASM 5.77                        LAB__4.ASM   8-18-2020  18:50:55         PAGE  8


SYMBOL TABLE
  LABEL                             VALUE 

BRGH                              00000002
C                                 00000000
C1CH0                             00000000
C1CH1                             00000001
C1IE                              00000005
C1IF                              00000005
C1OE                              00000005
C1ON                              00000007
C1OUT                             00000006
C1POL                             00000004
C1R                               00000002
C1RSEL                            00000005
C1SEN                             00000005
C2CH0                             00000000
C2CH1                             00000001
C2IE                              00000006
C2IF                              00000006
C2OE                              00000005
C2ON                              00000007
C2OUT                             00000006
C2POL                             00000004
C2R                               00000002
C2REN                             00000004
C2RSEL                            00000004
C2SYNC                            00000000
CCP1CON                           00000017
CCP1IE                            00000002
CCP1IF                            00000002
CCP1M0                            00000000
CCP1M1                            00000001
CCP1M2                            00000002
CCP1M3                            00000003
CCP1X                             00000005
CCP1Y                             00000004
CCP2CON                           0000001D
CCP2IE                            00000000
CCP2IF                            00000000
CCP2M0                            00000000
CCP2M1                            00000001
CCP2M2                            00000002
CCP2M3                            00000003
CCP2X                             00000005
CCP2Y                             00000004
CCPR1                             00000015
CCPR1H                            00000016
CCPR1L                            00000015
CCPR2                             0000001B
CCPR2H                            0000001C
CCPR2L                            0000001B
CHS0                              00000002
CHS1                              00000003
CHS2                              00000004
CHS3                              00000005
MPASM 5.77                        LAB__4.ASM   8-18-2020  18:50:55         PAGE  9


SYMBOL TABLE
  LABEL                             VALUE 

CKE                               00000006
CKP                               00000004
CM1CON0                           00000107
CM2CON0                           00000108
CM2CON1                           00000109
CONFIG_FLAG                       00000136
CONFIG_IO                         0000014A
CONFIG_TIMER0                     00000129
CONT1                             00000000
CONT2                             00000001
CONT3                             00000004
CONTADOR                          00000006
CONTADOR_1S                       00000005
CONTDE_4                          00000009
CONT_A                            00000002
CONT_B                            00000003
CREN                              00000004
CSRC                              00000007
D                                 00000005
DATA_ADDRESS                      00000005
DC                                00000001
DC1B0                             00000004
DC1B1                             00000005
DC2B0                             00000004
DC2B1                             00000005
DISPLAY_D1                        00000119
DISPLAY_D2                        00000122
D_A                               00000005
D_NOT_A                           00000005
ECCPAS                            0000009C
ECCPAS0                           00000004
ECCPAS1                           00000005
ECCPAS2                           00000006
ECCPASE                           00000007
EEADR                             0000010D
EEADRH                            0000010F
EECON1                            0000018C
EECON2                            0000018D
EEDAT                             0000010C
EEDATA                            0000010C
EEDATH                            0000010E
EEIE                              00000004
EEIF                              00000004
EEPGD                             00000007
F                                 00000001
FERR                              00000002
FSR                               00000004
FVREN                             00000000
GCEN                              00000007
GIE                               00000007
GO                                00000001
GO_DONE                           00000001
GO_NOT_DONE                       00000001
MPASM 5.77                        LAB__4.ASM   8-18-2020  18:50:55         PAGE 10


SYMBOL TABLE
  LABEL                             VALUE 

HTS                               00000002
I2C_DATA                          00000005
I2C_READ                          00000002
I2C_START                         00000003
I2C_STOP                          00000004
INDF                              00000000
INTCON                            0000000B
INTE                              00000004
INTEDG                            00000006
INTF                              00000001
IOCB                              00000096
IOCB0                             00000000
IOCB1                             00000001
IOCB2                             00000002
IOCB3                             00000003
IOCB4                             00000004
IOCB5                             00000005
IOCB6                             00000006
IOCB7                             00000007
IRCF0                             00000004
IRCF1                             00000005
IRCF2                             00000006
IRP                               00000007
ISR                               00000007
LOOP                              0000010B
LTS                               00000001
MC1OUT                            00000007
MC2OUT                            00000006
MEN_1                             00000142
MSK                               00000093
MSK0                              00000000
MSK1                              00000001
MSK2                              00000002
MSK3                              00000003
MSK4                              00000004
MSK5                              00000005
MSK6                              00000006
MSK7                              00000007
NOT_A                             00000005
NOT_ADDRESS                       00000005
NOT_BO                            00000000
NOT_BOR                           00000000
NOT_DONE                          00000001
NOT_PD                            00000003
NOT_POR                           00000001
NOT_RBPU                          00000007
NOT_RC8                           00000006
NOT_T1SYNC                        00000002
NOT_TO                            00000004
NOT_TX8                           00000006
NOT_W                             00000002
NOT_WRITE                         00000002
OERR                              00000001
MPASM 5.77                        LAB__4.ASM   8-18-2020  18:50:55         PAGE 11


SYMBOL TABLE
  LABEL                             VALUE 

OPTION_REG                        00000081
OSCCON                            0000008F
OSCTUNE                           00000090
OSFIE                             00000007
OSFIF                             00000007
OSTS                              00000003
P                                 00000004
P1M0                              00000006
P1M1                              00000007
PCL                               00000002
PCLATH                            0000000A
PCON                              0000008E
PDC0                              00000000
PDC1                              00000001
PDC2                              00000002
PDC3                              00000003
PDC4                              00000004
PDC5                              00000005
PDC6                              00000006
PEIE                              00000006
PEN                               00000002
PIE1                              0000008C
PIE2                              0000008D
PIR1                              0000000C
PIR2                              0000000D
POP                               0000000F
PORTA                             00000005
PORTB                             00000006
PORTC                             00000007
PORTD                             00000008
PORTE                             00000009
PR2                               00000092
PRSEN                             00000007
PS0                               00000000
PS1                               00000001
PS2                               00000002
PSA                               00000003
PSSAC0                            00000002
PSSAC1                            00000003
PSSBD0                            00000000
PSSBD1                            00000001
PSTRCON                           0000009D
PULSR                             00000002
PULSS                             00000003
PUSH                              00000004
PWM1CON                           0000009B
R                                 00000002
RA0                               00000000
RA1                               00000001
RA2                               00000002
RA3                               00000003
RA4                               00000004
RA5                               00000005
MPASM 5.77                        LAB__4.ASM   8-18-2020  18:50:55         PAGE 12


SYMBOL TABLE
  LABEL                             VALUE 

RA6                               00000006
RA7                               00000007
RB0                               00000000
RB1                               00000001
RB2                               00000002
RB3                               00000003
RB4                               00000004
RB5                               00000005
RB6                               00000006
RB7                               00000007
RBIE                              00000003
RBIF                              00000000
RC0                               00000000
RC1                               00000001
RC2                               00000002
RC3                               00000003
RC4                               00000004
RC5                               00000005
RC6                               00000006
RC7                               00000007
RC8_9                             00000006
RC9                               00000006
RCD8                              00000000
RCEN                              00000003
RCIDL                             00000006
RCIE                              00000005
RCIF                              00000005
RCREG                             0000001A
RCSTA                             00000018
RD                                00000000
RD0                               00000000
RD1                               00000001
RD2                               00000002
RD3                               00000003
RD4                               00000004
RD5                               00000005
RD6                               00000006
RD7                               00000007
RE0                               00000000
RE1                               00000001
RE2                               00000002
RE3                               00000003
READ_WRITE                        00000002
RP0                               00000005
RP1                               00000006
RSEN                              00000001
RSET                              00000112
RX9                               00000006
RX9D                              00000000
R_NOT_W                           00000002
R_W                               00000002
S                                 00000003
SBOREN                            00000004
MPASM 5.77                        LAB__4.ASM   8-18-2020  18:50:55         PAGE 13


SYMBOL TABLE
  LABEL                             VALUE 

SCKP                              00000004
SCS                               00000000
SEN                               00000000
SENDB                             00000003
SEV_SEG                           00000014
SMP                               00000007
SPBRG                             00000099
SPBRGH                            0000009A
SPEN                              00000007
SR0                               00000006
SR1                               00000007
SRCON                             00000185
SREN                              00000005
SSPADD                            00000093
SSPBUF                            00000013
SSPCON                            00000014
SSPCON2                           00000091
SSPEN                             00000005
SSPIE                             00000003
SSPIF                             00000003
SSPM0                             00000000
SSPM1                             00000001
SSPM2                             00000002
SSPM3                             00000003
SSPMSK                            00000093
SSPOV                             00000006
SSPSTAT                           00000094
START                             00000100
STATUS                            00000003
STATUS_TEMP                       0000000B
STRA                              00000000
STRB                              00000001
STRC                              00000002
STRD                              00000003
STRSYNC                           00000004
SUMA_1                            0000013A
SWDTEN                            00000000
SYNC                              00000004
T0CS                              00000005
T0IE                              00000005
T0IF                              00000002
T0SE                              00000004
T1CKPS0                           00000004
T1CKPS1                           00000005
T1CON                             00000010
T1GINV                            00000007
T1GIV                             00000007
T1GSS                             00000001
T1INSYNC                          00000002
T1OSCEN                           00000003
T1SYNC                            00000002
T2CKPS0                           00000000
T2CKPS1                           00000001
MPASM 5.77                        LAB__4.ASM   8-18-2020  18:50:55         PAGE 14


SYMBOL TABLE
  LABEL                             VALUE 

T2CON                             00000012
TEMP1                             00000007
TEMP2                             00000008
TIMER1SEG                         00000110
TMR0                              00000001
TMR0IE                            00000005
TMR0IF                            00000002
TMR1                              0000000E
TMR1CS                            00000001
TMR1GE                            00000006
TMR1H                             0000000F
TMR1IE                            00000000
TMR1IF                            00000000
TMR1L                             0000000E
TMR1ON                            00000000
TMR2                              00000011
TMR2IE                            00000001
TMR2IF                            00000001
TMR2ON                            00000002
TOUTPS0                           00000003
TOUTPS1                           00000004
TOUTPS2                           00000005
TOUTPS3                           00000006
TRISA                             00000085
TRISA0                            00000000
TRISA1                            00000001
TRISA2                            00000002
TRISA3                            00000003
TRISA4                            00000004
TRISA5                            00000005
TRISA6                            00000006
TRISA7                            00000007
TRISB                             00000086
TRISB0                            00000000
TRISB1                            00000001
TRISB2                            00000002
TRISB3                            00000003
TRISB4                            00000004
TRISB5                            00000005
TRISB6                            00000006
TRISB7                            00000007
TRISC                             00000087
TRISC0                            00000000
TRISC1                            00000001
TRISC2                            00000002
TRISC3                            00000003
TRISC4                            00000004
TRISC5                            00000005
TRISC6                            00000006
TRISC7                            00000007
TRISD                             00000088
TRISD0                            00000000
TRISD1                            00000001
MPASM 5.77                        LAB__4.ASM   8-18-2020  18:50:55         PAGE 15


SYMBOL TABLE
  LABEL                             VALUE 

TRISD2                            00000002
TRISD3                            00000003
TRISD4                            00000004
TRISD5                            00000005
TRISD6                            00000006
TRISD7                            00000007
TRISE                             00000089
TRISE0                            00000000
TRISE1                            00000001
TRISE2                            00000002
TRISE3                            00000003
TRMT                              00000001
TUN0                              00000000
TUN1                              00000001
TUN2                              00000002
TUN3                              00000003
TUN4                              00000004
TX8_9                             00000006
TX9                               00000006
TX9D                              00000000
TXD8                              00000000
TXEN                              00000005
TXIE                              00000004
TXIF                              00000004
TXREG                             00000019
TXSTA                             00000098
UA                                00000001
ULPWUE                            00000005
ULPWUIE                           00000002
ULPWUIF                           00000002
VCFG0                             00000004
VCFG1                             00000005
VR0                               00000000
VR1                               00000001
VR2                               00000002
VR3                               00000003
VRCON                             00000097
VREN                              00000007
VROE                              00000006
VRR                               00000005
VRSS                              00000004
W                                 00000000
WCOL                              00000007
WDTCON                            00000105
WDTPS0                            00000001
WDTPS1                            00000002
WDTPS2                            00000003
WDTPS3                            00000004
WPUB                              00000095
WPUB0                             00000000
WPUB1                             00000001
WPUB2                             00000002
WPUB3                             00000003
MPASM 5.77                        LAB__4.ASM   8-18-2020  18:50:55         PAGE 16


SYMBOL TABLE
  LABEL                             VALUE 

WPUB4                             00000004
WPUB5                             00000005
WPUB6                             00000006
WPUB7                             00000007
WR                                00000001
WREN                              00000002
WRERR                             00000003
WUE                               00000001
W_TEMP                            0000000A
Z                                 00000002
_BOR21V                           00003EFF
_BOR40V                           00003FFF
_BOR4V_BOR21V                     00003EFF
_BOR4V_BOR40V                     00003FFF
_BOREN_NSLEEP                     00003EFF
_BOREN_OFF                        00003CFF
_BOREN_ON                         00003FFF
_BOREN_SBODEN                     00003DFF
_BOR_NSLEEP                       00003EFF
_BOR_OFF                          00003CFF
_BOR_ON                           00003FFF
_BOR_SBODEN                       00003DFF
_CONFIG1                          00002007
_CONFIG2                          00002008
_CPD_OFF                          00003FFF
_CPD_ON                           00003F7F
_CP_OFF                           00003FFF
_CP_ON                            00003FBF
_DEBUG_OFF                        00003FFF
_DEBUG_ON                         00001FFF
_DEVID1                           00002006
_EC_OSC                           00003FFB
_EXTRC                            00003FFF
_EXTRCIO                          00003FFE
_EXTRC_OSC_CLKOUT                 00003FFF
_EXTRC_OSC_NOCLKOUT               00003FFE
_FCMEN_OFF                        000037FF
_FCMEN_ON                         00003FFF
_FOSC_EC                          00003FFB
_FOSC_EXTRC_CLKOUT                00003FFF
_FOSC_EXTRC_NOCLKOUT              00003FFE
_FOSC_HS                          00003FFA
_FOSC_INTRC_CLKOUT                00003FFD
_FOSC_INTRC_NOCLKOUT              00003FFC
_FOSC_LP                          00003FF8
_FOSC_XT                          00003FF9
_HS_OSC                           00003FFA
_IDLOC0                           00002000
_IDLOC1                           00002001
_IDLOC2                           00002002
_IDLOC3                           00002003
_IESO_OFF                         00003BFF
_IESO_ON                          00003FFF
MPASM 5.77                        LAB__4.ASM   8-18-2020  18:50:55         PAGE 17


SYMBOL TABLE
  LABEL                             VALUE 

_INTOSC                           00003FFD
_INTOSCIO                         00003FFC
_INTRC_OSC_CLKOUT                 00003FFD
_INTRC_OSC_NOCLKOUT               00003FFC
_LP_OSC                           00003FF8
_LVP_OFF                          00002FFF
_LVP_ON                           00003FFF
_MAIN_PROG_0116                   00000116
_MAIN_PROG_013F                   0000013F
_MAIN_PROG_0147                   00000147
_MCLRE_OFF                        00003FDF
_MCLRE_ON                         00003FFF
_PWRTE_OFF                        00003FFF
_PWRTE_ON                         00003FEF
_WDTE_OFF                         00003FF7
_WDTE_ON                          00003FFF
_WDT_OFF                          00003FF7
_WDT_ON                           00003FFF
_WRT_1FOURTH                      00003BFF
_WRT_256                          00003DFF
_WRT_HALF                         000039FF
_WRT_OFF                          00003FFF
_XT_OSC                           00003FF9
__16F887                          00000001

Errors   :     0
Warnings :    34 reported,     0 suppressed
Messages :    16 reported,     0 suppressed

