Warning[207] C:\USERS\JULIT\DOCUMENTS\GITHUB\MICROS-\LAB41111111.X\LAB__4.ASM 12 : Found label after column 1. (GPR_VAR)
Warning[207] C:\USERS\JULIT\DOCUMENTS\GITHUB\MICROS-\LAB41111111.X\LAB__4.ASM 13 : Found label after column 1. (CONT1)
Warning[207] C:\USERS\JULIT\DOCUMENTS\GITHUB\MICROS-\LAB41111111.X\LAB__4.ASM 14 : Found label after column 1. (CONT2)
Warning[207] C:\USERS\JULIT\DOCUMENTS\GITHUB\MICROS-\LAB41111111.X\LAB__4.ASM 15 : Found label after column 1. (CONT_A)
Warning[207] C:\USERS\JULIT\DOCUMENTS\GITHUB\MICROS-\LAB41111111.X\LAB__4.ASM 16 : Found label after column 1. (CONT_B)
Warning[207] C:\USERS\JULIT\DOCUMENTS\GITHUB\MICROS-\LAB41111111.X\LAB__4.ASM 17 : Found label after column 1. (CONT3)
Warning[207] C:\USERS\JULIT\DOCUMENTS\GITHUB\MICROS-\LAB41111111.X\LAB__4.ASM 21 : Found label after column 1. (TEMP1)
Warning[207] C:\USERS\JULIT\DOCUMENTS\GITHUB\MICROS-\LAB41111111.X\LAB__4.ASM 22 : Found label after column 1. (TEMP2)
Warning[207] C:\USERS\JULIT\DOCUMENTS\GITHUB\MICROS-\LAB41111111.X\LAB__4.ASM 23 : Found label after column 1. (CONTDE_4)
Warning[207] C:\USERS\JULIT\DOCUMENTS\GITHUB\MICROS-\LAB41111111.X\LAB__4.ASM 26 : Found label after column 1. (W_TEMP)
Warning[207] C:\USERS\JULIT\DOCUMENTS\GITHUB\MICROS-\LAB41111111.X\LAB__4.ASM 27 : Found label after column 1. (STATUS_TEMP)
Warning[207] C:\USERS\JULIT\DOCUMENTS\GITHUB\MICROS-\LAB41111111.X\LAB__4.ASM 29 : Found label after column 1. (RES_VECT)
Warning[207] C:\USERS\JULIT\DOCUMENTS\GITHUB\MICROS-\LAB41111111.X\LAB__4.ASM 31 : Found label after column 1. (ISR_VECT)
Warning[207] C:\USERS\JULIT\DOCUMENTS\GITHUB\MICROS-\LAB41111111.X\LAB__4.ASM 32 : Found label after column 1. (PUSH)
Warning[207] C:\USERS\JULIT\DOCUMENTS\GITHUB\MICROS-\LAB41111111.X\LAB__4.ASM 36 : Found label after column 1. (ISR)
Message[305] C:\USERS\JULIT\DOCUMENTS\GITHUB\MICROS-\LAB41111111.X\LAB__4.ASM 43 : Using default destination of 1 (file).
Message[305] C:\USERS\JULIT\DOCUMENTS\GITHUB\MICROS-\LAB41111111.X\LAB__4.ASM 44 : Using default destination of 1 (file).
Message[305] C:\USERS\JULIT\DOCUMENTS\GITHUB\MICROS-\LAB41111111.X\LAB__4.ASM 48 : Using default destination of 1 (file).
Warning[207] C:\USERS\JULIT\DOCUMENTS\GITHUB\MICROS-\LAB41111111.X\LAB__4.ASM 49 : Found label after column 1. (POP)
Warning[205] C:\USERS\JULIT\DOCUMENTS\GITHUB\MICROS-\LAB41111111.X\LAB__4.ASM 82 : Found directive in column 1. (BANKSEL)
Warning[207] C:\USERS\JULIT\DOCUMENTS\GITHUB\MICROS-\LAB41111111.X\LAB__4.ASM 93 : Found label after column 1. (LOOP)
Warning[203] C:\USERS\JULIT\DOCUMENTS\GITHUB\MICROS-\LAB41111111.X\LAB__4.ASM 117 : Found opcode in column 1. (RETURN)
Warning[203] C:\USERS\JULIT\DOCUMENTS\GITHUB\MICROS-\LAB41111111.X\LAB__4.ASM 118 : Found opcode in column 1. (RETURN)
Warning[203] C:\USERS\JULIT\DOCUMENTS\GITHUB\MICROS-\LAB41111111.X\LAB__4.ASM 121 : Found opcode in column 1. (BSF)
Warning[203] C:\USERS\JULIT\DOCUMENTS\GITHUB\MICROS-\LAB41111111.X\LAB__4.ASM 123 : Found opcode in column 1. (CLRF)
Warning[203] C:\USERS\JULIT\DOCUMENTS\GITHUB\MICROS-\LAB41111111.X\LAB__4.ASM 124 : Found opcode in column 1. (CLRF)
Warning[203] C:\USERS\JULIT\DOCUMENTS\GITHUB\MICROS-\LAB41111111.X\LAB__4.ASM 125 : Found opcode in column 1. (BTFSS)
Warning[203] C:\USERS\JULIT\DOCUMENTS\GITHUB\MICROS-\LAB41111111.X\LAB__4.ASM 126 : Found opcode in column 1. (GOTO)
Warning[203] C:\USERS\JULIT\DOCUMENTS\GITHUB\MICROS-\LAB41111111.X\LAB__4.ASM 127 : Found opcode in column 1. (BCF)
Warning[203] C:\USERS\JULIT\DOCUMENTS\GITHUB\MICROS-\LAB41111111.X\LAB__4.ASM 128 : Found opcode in column 1. (RETURN)
Warning[207] C:\USERS\JULIT\DOCUMENTS\GITHUB\MICROS-\LAB41111111.X\LAB__4.ASM 131 : Found label after column 1. (DISPLAY_D1)
Warning[207] C:\USERS\JULIT\DOCUMENTS\GITHUB\MICROS-\LAB41111111.X\LAB__4.ASM 142 : Found label after column 1. (DISPLAY_D2)
Warning[207] C:\USERS\JULIT\DOCUMENTS\GITHUB\MICROS-\LAB41111111.X\LAB__4.ASM 153 : Found label after column 1. (CONFIG_TIMER0)
Message[302] C:\USERS\JULIT\DOCUMENTS\GITHUB\MICROS-\LAB41111111.X\LAB__4.ASM 155 : Register in operand not in bank 0.  Ensure that bank bits are correct.
Message[302] C:\USERS\JULIT\DOCUMENTS\GITHUB\MICROS-\LAB41111111.X\LAB__4.ASM 156 : Register in operand not in bank 0.  Ensure that bank bits are correct.
Message[302] C:\USERS\JULIT\DOCUMENTS\GITHUB\MICROS-\LAB41111111.X\LAB__4.ASM 157 : Register in operand not in bank 0.  Ensure that bank bits are correct.
Message[302] C:\USERS\JULIT\DOCUMENTS\GITHUB\MICROS-\LAB41111111.X\LAB__4.ASM 158 : Register in operand not in bank 0.  Ensure that bank bits are correct.
Message[302] C:\USERS\JULIT\DOCUMENTS\GITHUB\MICROS-\LAB41111111.X\LAB__4.ASM 159 : Register in operand not in bank 0.  Ensure that bank bits are correct.
Warning[207] C:\USERS\JULIT\DOCUMENTS\GITHUB\MICROS-\LAB41111111.X\LAB__4.ASM 172 : Found label after column 1. (SUMA_1)
Message[305] C:\USERS\JULIT\DOCUMENTS\GITHUB\MICROS-\LAB41111111.X\LAB__4.ASM 179 : Using default destination of 1 (file).
Warning[207] C:\USERS\JULIT\DOCUMENTS\GITHUB\MICROS-\LAB41111111.X\LAB__4.ASM 181 : Found label after column 1. (MEN_1)
Message[305] C:\USERS\JULIT\DOCUMENTS\GITHUB\MICROS-\LAB41111111.X\LAB__4.ASM 188 : Using default destination of 1 (file).
Warning[207] C:\USERS\JULIT\DOCUMENTS\GITHUB\MICROS-\LAB41111111.X\LAB__4.ASM 193 : Found label after column 1. (CONFIG_IO)
Message[302] C:\USERS\JULIT\DOCUMENTS\GITHUB\MICROS-\LAB41111111.X\LAB__4.ASM 197 : Register in operand not in bank 0.  Ensure that bank bits are correct.
Message[302] C:\USERS\JULIT\DOCUMENTS\GITHUB\MICROS-\LAB41111111.X\LAB__4.ASM 201 : Register in operand not in bank 0.  Ensure that bank bits are correct.
Message[302] C:\USERS\JULIT\DOCUMENTS\GITHUB\MICROS-\LAB41111111.X\LAB__4.ASM 202 : Register in operand not in bank 0.  Ensure that bank bits are correct.
Message[302] C:\USERS\JULIT\DOCUMENTS\GITHUB\MICROS-\LAB41111111.X\LAB__4.ASM 206 : Register in operand not in bank 0.  Ensure that bank bits are correct.
Message[302] C:\USERS\JULIT\DOCUMENTS\GITHUB\MICROS-\LAB41111111.X\LAB__4.ASM 212 : Register in operand not in bank 0.  Ensure that bank bits are correct.
Message[302] C:\USERS\JULIT\DOCUMENTS\GITHUB\MICROS-\LAB41111111.X\LAB__4.ASM 218 : Register in operand not in bank 0.  Ensure that bank bits are correct.
Warning[205] C:\USERS\JULIT\DOCUMENTS\GITHUB\MICROS-\LAB41111111.X\LAB__4.ASM 223 : Found directive in column 1. (END)
