Warning[207] C:\USERS\JULIT\DOCUMENTS\GITHUB\MICROS-\PROYECTO2.X\MES.ASM 22 : Found label after column 1. (GPR_VAR)
Warning[207] C:\USERS\JULIT\DOCUMENTS\GITHUB\MICROS-\PROYECTO2.X\MES.ASM 23 : Found label after column 1. (CONTF)
Warning[207] C:\USERS\JULIT\DOCUMENTS\GITHUB\MICROS-\PROYECTO2.X\MES.ASM 24 : Found label after column 1. (CONTSEG)
Warning[207] C:\USERS\JULIT\DOCUMENTS\GITHUB\MICROS-\PROYECTO2.X\MES.ASM 25 : Found label after column 1. (CONT1)
Warning[207] C:\USERS\JULIT\DOCUMENTS\GITHUB\MICROS-\PROYECTO2.X\MES.ASM 26 : Found label after column 1. (CONT2)
Warning[207] C:\USERS\JULIT\DOCUMENTS\GITHUB\MICROS-\PROYECTO2.X\MES.ASM 27 : Found label after column 1. (CONTADOR1)
Warning[207] C:\USERS\JULIT\DOCUMENTS\GITHUB\MICROS-\PROYECTO2.X\MES.ASM 28 : Found label after column 1. (CONTADOR2)
Warning[207] C:\USERS\JULIT\DOCUMENTS\GITHUB\MICROS-\PROYECTO2.X\MES.ASM 29 : Found label after column 1. (TEMP)
Warning[207] C:\USERS\JULIT\DOCUMENTS\GITHUB\MICROS-\PROYECTO2.X\MES.ASM 36 : Found label after column 1. (TEMP1)
Warning[207] C:\USERS\JULIT\DOCUMENTS\GITHUB\MICROS-\PROYECTO2.X\MES.ASM 37 : Found label after column 1. (TEMP2)
Warning[207] C:\USERS\JULIT\DOCUMENTS\GITHUB\MICROS-\PROYECTO2.X\MES.ASM 46 : Found label after column 1. (W_TEMP)
Warning[207] C:\USERS\JULIT\DOCUMENTS\GITHUB\MICROS-\PROYECTO2.X\MES.ASM 47 : Found label after column 1. (STATUS_TEMP)
Warning[207] C:\USERS\JULIT\DOCUMENTS\GITHUB\MICROS-\PROYECTO2.X\MES.ASM 55 : Found label after column 1. (PUSH)
Warning[207] C:\USERS\JULIT\DOCUMENTS\GITHUB\MICROS-\PROYECTO2.X\MES.ASM 60 : Found label after column 1. (ISR)
Warning[207] C:\USERS\JULIT\DOCUMENTS\GITHUB\MICROS-\PROYECTO2.X\MES.ASM 68 : Found label after column 1. (POP)
Warning[203] C:\USERS\JULIT\DOCUMENTS\GITHUB\MICROS-\PROYECTO2.X\MES.ASM 74 : Found opcode in column 1. (RETFIE)
Message[305] C:\USERS\JULIT\DOCUMENTS\GITHUB\MICROS-\PROYECTO2.X\MES.ASM 90 : Using default destination of 1 (file).
Message[305] C:\USERS\JULIT\DOCUMENTS\GITHUB\MICROS-\PROYECTO2.X\MES.ASM 95 : Using default destination of 1 (file).
Warning[207] C:\USERS\JULIT\DOCUMENTS\GITHUB\MICROS-\PROYECTO2.X\MES.ASM 117 : Found label after column 1. (HORAS)
Message[302] C:\USERS\JULIT\DOCUMENTS\GITHUB\MICROS-\PROYECTO2.X\MES.ASM 149 : Register in operand not in bank 0.  Ensure that bank bits are correct.
Warning[203] C:\USERS\JULIT\DOCUMENTS\GITHUB\MICROS-\PROYECTO2.X\MES.ASM 150 : Found opcode in column 1. (CALL)
Warning[203] C:\USERS\JULIT\DOCUMENTS\GITHUB\MICROS-\PROYECTO2.X\MES.ASM 151 : Found opcode in column 1. (CALL)
Warning[203] C:\USERS\JULIT\DOCUMENTS\GITHUB\MICROS-\PROYECTO2.X\MES.ASM 152 : Found opcode in column 1. (CALL)
Warning[203] C:\USERS\JULIT\DOCUMENTS\GITHUB\MICROS-\PROYECTO2.X\MES.ASM 153 : Found opcode in column 1. (CALL)
Warning[203] C:\USERS\JULIT\DOCUMENTS\GITHUB\MICROS-\PROYECTO2.X\MES.ASM 154 : Found opcode in column 1. (CALL)
Warning[205] C:\USERS\JULIT\DOCUMENTS\GITHUB\MICROS-\PROYECTO2.X\MES.ASM 155 : Found directive in column 1. (BANKSEL)
Warning[203] C:\USERS\JULIT\DOCUMENTS\GITHUB\MICROS-\PROYECTO2.X\MES.ASM 156 : Found opcode in column 1. (CLRF)
Warning[203] C:\USERS\JULIT\DOCUMENTS\GITHUB\MICROS-\PROYECTO2.X\MES.ASM 157 : Found opcode in column 1. (CLRF)
Warning[203] C:\USERS\JULIT\DOCUMENTS\GITHUB\MICROS-\PROYECTO2.X\MES.ASM 158 : Found opcode in column 1. (CLRF)
Warning[203] C:\USERS\JULIT\DOCUMENTS\GITHUB\MICROS-\PROYECTO2.X\MES.ASM 159 : Found opcode in column 1. (CLRF)
Warning[203] C:\USERS\JULIT\DOCUMENTS\GITHUB\MICROS-\PROYECTO2.X\MES.ASM 160 : Found opcode in column 1. (CLRF)
Warning[203] C:\USERS\JULIT\DOCUMENTS\GITHUB\MICROS-\PROYECTO2.X\MES.ASM 161 : Found opcode in column 1. (CLRF)
Warning[203] C:\USERS\JULIT\DOCUMENTS\GITHUB\MICROS-\PROYECTO2.X\MES.ASM 162 : Found opcode in column 1. (CLRF)
Warning[203] C:\USERS\JULIT\DOCUMENTS\GITHUB\MICROS-\PROYECTO2.X\MES.ASM 163 : Found opcode in column 1. (CLRF)
Warning[203] C:\USERS\JULIT\DOCUMENTS\GITHUB\MICROS-\PROYECTO2.X\MES.ASM 164 : Found opcode in column 1. (CLRF)
Warning[203] C:\USERS\JULIT\DOCUMENTS\GITHUB\MICROS-\PROYECTO2.X\MES.ASM 165 : Found opcode in column 1. (CLRF)
Warning[203] C:\USERS\JULIT\DOCUMENTS\GITHUB\MICROS-\PROYECTO2.X\MES.ASM 166 : Found opcode in column 1. (CLRF)
Warning[203] C:\USERS\JULIT\DOCUMENTS\GITHUB\MICROS-\PROYECTO2.X\MES.ASM 167 : Found opcode in column 1. (CLRF)
Warning[203] C:\USERS\JULIT\DOCUMENTS\GITHUB\MICROS-\PROYECTO2.X\MES.ASM 168 : Found opcode in column 1. (CLRF)
Warning[207] C:\USERS\JULIT\DOCUMENTS\GITHUB\MICROS-\PROYECTO2.X\MES.ASM 172 : Found label after column 1. (LOOP)
Warning[207] C:\USERS\JULIT\DOCUMENTS\GITHUB\MICROS-\PROYECTO2.X\MES.ASM 178 : Found label after column 1. (ALM)
Message[305] C:\USERS\JULIT\DOCUMENTS\GITHUB\MICROS-\PROYECTO2.X\MES.ASM 179 : Using default destination of 1 (file).
Warning[207] C:\USERS\JULIT\DOCUMENTS\GITHUB\MICROS-\PROYECTO2.X\MES.ASM 181 : Found label after column 1. (INCREMENTUNOS)
Warning[203] C:\USERS\JULIT\DOCUMENTS\GITHUB\MICROS-\PROYECTO2.X\MES.ASM 182 : Found opcode in column 1. (CALL)
Warning[207] C:\USERS\JULIT\DOCUMENTS\GITHUB\MICROS-\PROYECTO2.X\MES.ASM 198 : Found label after column 1. (HDP)
Warning[203] C:\USERS\JULIT\DOCUMENTS\GITHUB\MICROS-\PROYECTO2.X\MES.ASM 203 : Found opcode in column 1. (RETURN)
Message[305] C:\USERS\JULIT\DOCUMENTS\GITHUB\MICROS-\PROYECTO2.X\MES.ASM 205 : Using default destination of 1 (file).
Warning[207] C:\USERS\JULIT\DOCUMENTS\GITHUB\MICROS-\PROYECTO2.X\MES.ASM 211 : Found label after column 1. (CERO)
Message[305] C:\USERS\JULIT\DOCUMENTS\GITHUB\MICROS-\PROYECTO2.X\MES.ASM 214 : Using default destination of 1 (file).
Warning[207] C:\USERS\JULIT\DOCUMENTS\GITHUB\MICROS-\PROYECTO2.X\MES.ASM 217 : Found label after column 1. (HORARESET)
Warning[207] C:\USERS\JULIT\DOCUMENTS\GITHUB\MICROS-\PROYECTO2.X\MES.ASM 225 : Found label after column 1. (REGULADOR_TIMER)
Warning[203] C:\USERS\JULIT\DOCUMENTS\GITHUB\MICROS-\PROYECTO2.X\MES.ASM 226 : Found opcode in column 1. (MOVF)
Warning[203] C:\USERS\JULIT\DOCUMENTS\GITHUB\MICROS-\PROYECTO2.X\MES.ASM 227 : Found opcode in column 1. (SUBLW)
Warning[203] C:\USERS\JULIT\DOCUMENTS\GITHUB\MICROS-\PROYECTO2.X\MES.ASM 228 : Found opcode in column 1. (BTFSC)
Warning[203] C:\USERS\JULIT\DOCUMENTS\GITHUB\MICROS-\PROYECTO2.X\MES.ASM 229 : Found opcode in column 1. (GOTO)
Warning[203] C:\USERS\JULIT\DOCUMENTS\GITHUB\MICROS-\PROYECTO2.X\MES.ASM 230 : Found opcode in column 1. (RETURN)
Warning[207] C:\USERS\JULIT\DOCUMENTS\GITHUB\MICROS-\PROYECTO2.X\MES.ASM 231 : Found label after column 1. (VAP1)
Warning[203] C:\USERS\JULIT\DOCUMENTS\GITHUB\MICROS-\PROYECTO2.X\MES.ASM 232 : Found opcode in column 1. (INCF)
Message[305] C:\USERS\JULIT\DOCUMENTS\GITHUB\MICROS-\PROYECTO2.X\MES.ASM 232 : Using default destination of 1 (file).
Warning[203] C:\USERS\JULIT\DOCUMENTS\GITHUB\MICROS-\PROYECTO2.X\MES.ASM 233 : Found opcode in column 1. (CLRF)
Warning[203] C:\USERS\JULIT\DOCUMENTS\GITHUB\MICROS-\PROYECTO2.X\MES.ASM 234 : Found opcode in column 1. (RETURN)
Warning[207] C:\USERS\JULIT\DOCUMENTS\GITHUB\MICROS-\PROYECTO2.X\MES.ASM 240 : Found label after column 1. (PISHLEDS)
Warning[203] C:\USERS\JULIT\DOCUMENTS\GITHUB\MICROS-\PROYECTO2.X\MES.ASM 241 : Found opcode in column 1. (BCF)
Warning[203] C:\USERS\JULIT\DOCUMENTS\GITHUB\MICROS-\PROYECTO2.X\MES.ASM 242 : Found opcode in column 1. (BCF)
Warning[203] C:\USERS\JULIT\DOCUMENTS\GITHUB\MICROS-\PROYECTO2.X\MES.ASM 243 : Found opcode in column 1. (BTFSC)
Warning[203] C:\USERS\JULIT\DOCUMENTS\GITHUB\MICROS-\PROYECTO2.X\MES.ASM 244 : Found opcode in column 1. (GOTO)
Warning[203] C:\USERS\JULIT\DOCUMENTS\GITHUB\MICROS-\PROYECTO2.X\MES.ASM 246 : Found opcode in column 1. (BCF)
Warning[203] C:\USERS\JULIT\DOCUMENTS\GITHUB\MICROS-\PROYECTO2.X\MES.ASM 247 : Found opcode in column 1. (BCF)
Warning[203] C:\USERS\JULIT\DOCUMENTS\GITHUB\MICROS-\PROYECTO2.X\MES.ASM 248 : Found opcode in column 1. (GOTO)
Warning[203] C:\USERS\JULIT\DOCUMENTS\GITHUB\MICROS-\PROYECTO2.X\MES.ASM 250 : Found opcode in column 1. (BSF)
Warning[203] C:\USERS\JULIT\DOCUMENTS\GITHUB\MICROS-\PROYECTO2.X\MES.ASM 251 : Found opcode in column 1. (BSF)
Warning[203] C:\USERS\JULIT\DOCUMENTS\GITHUB\MICROS-\PROYECTO2.X\MES.ASM 252 : Found opcode in column 1. (GOTO)
Warning[207] C:\USERS\JULIT\DOCUMENTS\GITHUB\MICROS-\PROYECTO2.X\MES.ASM 253 : Found label after column 1. (TOGGLE2)
Warning[203] C:\USERS\JULIT\DOCUMENTS\GITHUB\MICROS-\PROYECTO2.X\MES.ASM 261 : Found opcode in column 1. (RETURN)
Warning[203] C:\USERS\JULIT\DOCUMENTS\GITHUB\MICROS-\PROYECTO2.X\MES.ASM 263 : Found opcode in column 1. (MOVF)
Warning[203] C:\USERS\JULIT\DOCUMENTS\GITHUB\MICROS-\PROYECTO2.X\MES.ASM 264 : Found opcode in column 1. (SUBLW)
Warning[203] C:\USERS\JULIT\DOCUMENTS\GITHUB\MICROS-\PROYECTO2.X\MES.ASM 265 : Found opcode in column 1. (BTFSC)
Warning[203] C:\USERS\JULIT\DOCUMENTS\GITHUB\MICROS-\PROYECTO2.X\MES.ASM 266 : Found opcode in column 1. (GOTO)
Warning[203] C:\USERS\JULIT\DOCUMENTS\GITHUB\MICROS-\PROYECTO2.X\MES.ASM 267 : Found opcode in column 1. (RETURN)
Warning[207] C:\USERS\JULIT\DOCUMENTS\GITHUB\MICROS-\PROYECTO2.X\MES.ASM 268 : Found label after column 1. (VAP2)
Warning[203] C:\USERS\JULIT\DOCUMENTS\GITHUB\MICROS-\PROYECTO2.X\MES.ASM 269 : Found opcode in column 1. (INCF)
Message[305] C:\USERS\JULIT\DOCUMENTS\GITHUB\MICROS-\PROYECTO2.X\MES.ASM 269 : Using default destination of 1 (file).
Warning[203] C:\USERS\JULIT\DOCUMENTS\GITHUB\MICROS-\PROYECTO2.X\MES.ASM 270 : Found opcode in column 1. (CLRF)
Warning[203] C:\USERS\JULIT\DOCUMENTS\GITHUB\MICROS-\PROYECTO2.X\MES.ASM 271 : Found opcode in column 1. (RETURN)
Message[302] C:\USERS\JULIT\DOCUMENTS\GITHUB\MICROS-\PROYECTO2.X\MES.ASM 282 : Register in operand not in bank 0.  Ensure that bank bits are correct.
Message[302] C:\USERS\JULIT\DOCUMENTS\GITHUB\MICROS-\PROYECTO2.X\MES.ASM 283 : Register in operand not in bank 0.  Ensure that bank bits are correct.
Warning[207] C:\USERS\JULIT\DOCUMENTS\GITHUB\MICROS-\PROYECTO2.X\MES.ASM 291 : Found label after column 1. (CONFIG_TIMER0)
Message[302] C:\USERS\JULIT\DOCUMENTS\GITHUB\MICROS-\PROYECTO2.X\MES.ASM 293 : Register in operand not in bank 0.  Ensure that bank bits are correct.
Message[302] C:\USERS\JULIT\DOCUMENTS\GITHUB\MICROS-\PROYECTO2.X\MES.ASM 294 : Register in operand not in bank 0.  Ensure that bank bits are correct.
Message[302] C:\USERS\JULIT\DOCUMENTS\GITHUB\MICROS-\PROYECTO2.X\MES.ASM 295 : Register in operand not in bank 0.  Ensure that bank bits are correct.
Message[302] C:\USERS\JULIT\DOCUMENTS\GITHUB\MICROS-\PROYECTO2.X\MES.ASM 296 : Register in operand not in bank 0.  Ensure that bank bits are correct.
Message[302] C:\USERS\JULIT\DOCUMENTS\GITHUB\MICROS-\PROYECTO2.X\MES.ASM 297 : Register in operand not in bank 0.  Ensure that bank bits are correct.
Warning[203] C:\USERS\JULIT\DOCUMENTS\GITHUB\MICROS-\PROYECTO2.X\MES.ASM 317 : Found opcode in column 1. (RETURN)
Message[302] C:\USERS\JULIT\DOCUMENTS\GITHUB\MICROS-\PROYECTO2.X\MES.ASM 325 : Register in operand not in bank 0.  Ensure that bank bits are correct.
Warning[203] C:\USERS\JULIT\DOCUMENTS\GITHUB\MICROS-\PROYECTO2.X\MES.ASM 329 : Found opcode in column 1. (RETURN)
Warning[207] C:\USERS\JULIT\DOCUMENTS\GITHUB\MICROS-\PROYECTO2.X\MES.ASM 336 : Found label after column 1. (DISPLAY_GE)
Warning[203] C:\USERS\JULIT\DOCUMENTS\GITHUB\MICROS-\PROYECTO2.X\MES.ASM 338 : Found opcode in column 1. (BTFSS)
Warning[203] C:\USERS\JULIT\DOCUMENTS\GITHUB\MICROS-\PROYECTO2.X\MES.ASM 339 : Found opcode in column 1. (GOTO)
Warning[203] C:\USERS\JULIT\DOCUMENTS\GITHUB\MICROS-\PROYECTO2.X\MES.ASM 340 : Found opcode in column 1. (BCF)
Warning[203] C:\USERS\JULIT\DOCUMENTS\GITHUB\MICROS-\PROYECTO2.X\MES.ASM 341 : Found opcode in column 1. (BSF)
Warning[204] C:\USERS\JULIT\DOCUMENTS\GITHUB\MICROS-\PROYECTO2.X\MES.ASM 342 : Found pseudo-op in column 1. (MOVFW)
Warning[203] C:\USERS\JULIT\DOCUMENTS\GITHUB\MICROS-\PROYECTO2.X\MES.ASM 343 : Found opcode in column 1. (CALL)
Warning[203] C:\USERS\JULIT\DOCUMENTS\GITHUB\MICROS-\PROYECTO2.X\MES.ASM 344 : Found opcode in column 1. (MOVWF)
Warning[203] C:\USERS\JULIT\DOCUMENTS\GITHUB\MICROS-\PROYECTO2.X\MES.ASM 345 : Found opcode in column 1. (RETURN)
Warning[203] C:\USERS\JULIT\DOCUMENTS\GITHUB\MICROS-\PROYECTO2.X\MES.ASM 346 : Found opcode in column 1. (BTFSS)
Warning[203] C:\USERS\JULIT\DOCUMENTS\GITHUB\MICROS-\PROYECTO2.X\MES.ASM 347 : Found opcode in column 1. (GOTO)
Warning[203] C:\USERS\JULIT\DOCUMENTS\GITHUB\MICROS-\PROYECTO2.X\MES.ASM 348 : Found opcode in column 1. (BCF)
Warning[203] C:\USERS\JULIT\DOCUMENTS\GITHUB\MICROS-\PROYECTO2.X\MES.ASM 349 : Found opcode in column 1. (BSF)
Warning[204] C:\USERS\JULIT\DOCUMENTS\GITHUB\MICROS-\PROYECTO2.X\MES.ASM 350 : Found pseudo-op in column 1. (MOVFW)
Warning[203] C:\USERS\JULIT\DOCUMENTS\GITHUB\MICROS-\PROYECTO2.X\MES.ASM 351 : Found opcode in column 1. (CALL)
Warning[203] C:\USERS\JULIT\DOCUMENTS\GITHUB\MICROS-\PROYECTO2.X\MES.ASM 352 : Found opcode in column 1. (MOVWF)
Warning[203] C:\USERS\JULIT\DOCUMENTS\GITHUB\MICROS-\PROYECTO2.X\MES.ASM 353 : Found opcode in column 1. (RETURN)
Warning[203] C:\USERS\JULIT\DOCUMENTS\GITHUB\MICROS-\PROYECTO2.X\MES.ASM 354 : Found opcode in column 1. (BTFSS)
Warning[203] C:\USERS\JULIT\DOCUMENTS\GITHUB\MICROS-\PROYECTO2.X\MES.ASM 355 : Found opcode in column 1. (GOTO)
Warning[203] C:\USERS\JULIT\DOCUMENTS\GITHUB\MICROS-\PROYECTO2.X\MES.ASM 356 : Found opcode in column 1. (BCF)
Warning[203] C:\USERS\JULIT\DOCUMENTS\GITHUB\MICROS-\PROYECTO2.X\MES.ASM 357 : Found opcode in column 1. (BSF)
Warning[204] C:\USERS\JULIT\DOCUMENTS\GITHUB\MICROS-\PROYECTO2.X\MES.ASM 358 : Found pseudo-op in column 1. (MOVFW)
Warning[203] C:\USERS\JULIT\DOCUMENTS\GITHUB\MICROS-\PROYECTO2.X\MES.ASM 359 : Found opcode in column 1. (CALL)
Warning[203] C:\USERS\JULIT\DOCUMENTS\GITHUB\MICROS-\PROYECTO2.X\MES.ASM 360 : Found opcode in column 1. (MOVWF)
Warning[203] C:\USERS\JULIT\DOCUMENTS\GITHUB\MICROS-\PROYECTO2.X\MES.ASM 361 : Found opcode in column 1. (RETURN)
Warning[203] C:\USERS\JULIT\DOCUMENTS\GITHUB\MICROS-\PROYECTO2.X\MES.ASM 362 : Found opcode in column 1. (BCF)
Warning[203] C:\USERS\JULIT\DOCUMENTS\GITHUB\MICROS-\PROYECTO2.X\MES.ASM 363 : Found opcode in column 1. (BSF)
Warning[204] C:\USERS\JULIT\DOCUMENTS\GITHUB\MICROS-\PROYECTO2.X\MES.ASM 364 : Found pseudo-op in column 1. (MOVFW)
Warning[203] C:\USERS\JULIT\DOCUMENTS\GITHUB\MICROS-\PROYECTO2.X\MES.ASM 365 : Found opcode in column 1. (CALL)
Warning[203] C:\USERS\JULIT\DOCUMENTS\GITHUB\MICROS-\PROYECTO2.X\MES.ASM 366 : Found opcode in column 1. (MOVWF)
Warning[203] C:\USERS\JULIT\DOCUMENTS\GITHUB\MICROS-\PROYECTO2.X\MES.ASM 367 : Found opcode in column 1. (RETURN)
Message[302] C:\USERS\JULIT\DOCUMENTS\GITHUB\MICROS-\PROYECTO2.X\MES.ASM 377 : Register in operand not in bank 0.  Ensure that bank bits are correct.
Message[302] C:\USERS\JULIT\DOCUMENTS\GITHUB\MICROS-\PROYECTO2.X\MES.ASM 381 : Register in operand not in bank 0.  Ensure that bank bits are correct.
Message[302] C:\USERS\JULIT\DOCUMENTS\GITHUB\MICROS-\PROYECTO2.X\MES.ASM 382 : Register in operand not in bank 0.  Ensure that bank bits are correct.
Message[302] C:\USERS\JULIT\DOCUMENTS\GITHUB\MICROS-\PROYECTO2.X\MES.ASM 386 : Register in operand not in bank 0.  Ensure that bank bits are correct.
Message[302] C:\USERS\JULIT\DOCUMENTS\GITHUB\MICROS-\PROYECTO2.X\MES.ASM 393 : Register in operand not in bank 0.  Ensure that bank bits are correct.
Message[302] C:\USERS\JULIT\DOCUMENTS\GITHUB\MICROS-\PROYECTO2.X\MES.ASM 399 : Register in operand not in bank 0.  Ensure that bank bits are correct.
Message[302] C:\USERS\JULIT\DOCUMENTS\GITHUB\MICROS-\PROYECTO2.X\MES.ASM 405 : Register in operand not in bank 0.  Ensure that bank bits are correct.
Message[302] C:\USERS\JULIT\DOCUMENTS\GITHUB\MICROS-\PROYECTO2.X\MES.ASM 409 : Register in operand not in bank 0.  Ensure that bank bits are correct.
Message[302] C:\USERS\JULIT\DOCUMENTS\GITHUB\MICROS-\PROYECTO2.X\MES.ASM 410 : Register in operand not in bank 0.  Ensure that bank bits are correct.
Warning[207] C:\USERS\JULIT\DOCUMENTS\GITHUB\MICROS-\PROYECTO2.X\MES.ASM 412 : Found label after column 1. (DELAY)
Warning[205] C:\USERS\JULIT\DOCUMENTS\GITHUB\MICROS-\PROYECTO2.X\MES.ASM 430 : Found directive in column 1. (END)
