MPASM 5.77                           MES.ASM   9-19-2020  21:19:49         PAGE  1


LOC  OBJECT CODE     LINE SOURCE TEXT
  VALUE

                      00001 ;*******************************************************************************
                      00002 ;                                                                              *
                      00003 ;    Filename: julio lopez                                                     *
                      00004 ;    Date:     9/8/2020                                                        *
                      00005 ;    File Version:                                                             *
                      00006 ;    Author:                                                                   *
                      00007 ;    Company:                                                                  *
                      00008 ;    Description:                                                              *
                      00009 ;                            HORAS  CON ITERMITENTES                                                   *
                      00010 ;*******************************************************************************
                      00011 ; TODO INSERT CONFIG CODE HERE USING CONFIG BITS GENERATOR
                      00012     
                      00013     #INCLUDE "p16f887.inc"
                      00001         LIST
                      00002 
                      00003 ;==========================================================================
                      00004 ; Build date : Nov 22 2017
                      00005 ;  MPASM PIC16F887 processor include
                      00006 ; 
                      00007 ;  (c) Copyright 1999-2017 Microchip Technology, All rights reserved
                      00008 ;==========================================================================
                      00009 
                      00810         LIST
                      00014 ; CONFIG1
                      00015 ; __config 0xF0F1
2007   20D4           00016  __CONFIG _CONFIG1, _FOSC_INTRC_NOCLKOUT & _WDTE_OFF & _PWRTE_OFF & _MCLRE_OFF & _CP_OFF & _CPD_OFF & _B
                            OREN_OFF & _IESO_OFF & _FCMEN_OFF & _LVP_OFF
                      00017 ; CONFIG2
                      00018 ; __config 0xFFFF
2008   3FFF           00019  __CONFIG _CONFIG2, _BOR4V_BOR40V & _WRT_OFF
                      00020  ;-----------------------------------------------------------------------------
                      00021  
Warning[207]: Found label after column 1. (GPR_VAR)
                      00022  GPR_VAR  UDATA 
Warning[207]: Found label after column 1. (CONTF)
0000                  00023  CONTF        RES 1 ;IN USE 
Warning[207]: Found label after column 1. (CONTSEG)
0001                  00024  CONTSEG      RES 1 ;IN USE  
Warning[207]: Found label after column 1. (CONT1)
0002                  00025  CONT1        RES 1 ;NOT USE NOT CLEAN
Warning[207]: Found label after column 1. (CONT2)
0003                  00026  CONT2        RES 1 ;IN USE 
Warning[207]: Found label after column 1. (CONTADOR1)
0004                  00027  CONTADOR1    RES 1 ;IN USE
Warning[207]: Found label after column 1. (CONTADOR2)
0005                  00028  CONTADOR2    RES 1 ;IN USE
Warning[207]: Found label after column 1. (TEMP)
0006                  00029  TEMP         RES 1 ;IN USE
0007                  00030 CONTHORAS     RES 1 ;IN USE
0008                  00031 CONTHORAS_H     RES 1 ;IN USE
0009                  00032 TEMPHORAS       RES 1 
000A                  00033 TEMPHORAS_H     RES 1 
000B                  00034 ESPE     RES 1 
MPASM 5.77                           MES.ASM   9-19-2020  21:19:49         PAGE  2


LOC  OBJECT CODE     LINE SOURCE TEXT
  VALUE

                      00035  
Warning[207]: Found label after column 1. (TEMP1)
000C                  00036  TEMP1        RES 1 ;NOT USE NOT CLEAN
Warning[207]: Found label after column 1. (TEMP2)
000D                  00037  TEMP2        RES 1 ;NOT USE NOT CLEAN
                      00038  
                      00039      
000E                  00040 NIBBLEH RES 1
000F                  00041 NIBBLEL RES 1
0010                  00042 NIBBLE_HL RES 1
0011                  00043 NIBBLE_HH RES 1
                      00044      
                      00045  ; VARIABLES TEPORALES 
Warning[207]: Found label after column 1. (W_TEMP)
0012                  00046  W_TEMP       RES 1
Warning[207]: Found label after column 1. (STATUS_TEMP)
0013                  00047  STATUS_TEMP  RES 1
                      00048  
                      00049 
                      00050 RES_VECT  CODE    0x0000            ; processor reset vector
0000   2???           00051  GOTO    START                   ; go to beginning of program
                      00052 
                      00053 ;*******************************************************************************TODO ADD INTERRUPTS HERE
                             IF USED
                      00054 ISR_VEC CODE 0X004
Warning[207]: Found label after column 1. (PUSH)
0004                  00055  PUSH:
0004   138B           00056     BCF   INTCON, GIE
0005   00??           00057     MOVWF W_TEMP
0006   0E03           00058     SWAPF STATUS, W
0007   00??           00059     MOVWF STATUS_TEMP
Warning[207]: Found label after column 1. (ISR)
0008                  00060  ISR:
0008   188C           00061     BTFSC PIR1, TMR2IF
0009   2???           00062     CALL FUE_TIMR2
000A   180C           00063     BTFSC PIR1, TMR1IF
000B   2???           00064     CALL FUE_TIMR1  
000C   1D0B           00065     BTFSS INTCON, T0IF 
000D   2???           00066     GOTO POP    
000E   2???           00067     CALL FUE_TIMR0
Warning[207]: Found label after column 1. (POP)
000F                  00068  POP:
000F   0E??           00069     SWAPF STATUS_TEMP, W
0010   0083           00070     MOVWF STATUS 
0011   0E??           00071     SWAPF W_TEMP, F
0012   0E??           00072     SWAPF W_TEMP, W
0013   178B           00073     BSF   INTCON, GIE 
Warning[203]: Found opcode in column 1. (RETFIE)
0014   0009           00074 RETFIE
                      00075 ;//////////////////////////////SUBRUTINAS DE TIMERS/////////////////////////////
0015                  00076 FUE_TIMR0
0015   1D0B           00077     BTFSS INTCON, T0IF 
0016   2???           00078     GOTO POP
MPASM 5.77                           MES.ASM   9-19-2020  21:19:49         PAGE  3


LOC  OBJECT CODE     LINE SOURCE TEXT
  VALUE

0017   3006           00079     MOVLW .6
0018   0081           00080     MOVWF TMR0
0019   110B           00081     BCF INTCON, T0IF
001A   2???           00082      CALL DISPLAY_GE
001B   0008           00083     RETURN 
001C                  00084 FUE_TIMR1
001C   30CF           00085     MOVLW .207  ;PRESCALER HIGH 
001D   008F           00086     MOVWF TMR1H
001E   3026           00087     MOVLW .38  ;PRESCALER LOW
001F   008E           00088     MOVWF TMR1L
0020   100C           00089     BCF  PIR1, TMR1IF
Message[305]: Using default destination of 1 (file).
0021   0A??           00090     INCF CONTADOR1
0022   0008           00091     RETURN 
0023                  00092 FUE_TIMR2
0023   0191           00093     CLRF TMR2
0024   108C           00094     BCF PIR1, TMR2IF 
Message[305]: Using default destination of 1 (file).
0025   0A??           00095     INCF CONTADOR2
0026   0008           00096     RETURN 
                      00097  ;/////////////////////////////////////////////////////////////////////////////
0027                  00098 SEV_SEG:
0027   0782           00099     ADDWF PCL, F
0028   3477           00100     RETLW B'01110111';0
0029   3414           00101     RETLW B'00010100';1
002A   34B3           00102     RETLW B'10110011';2
002B   34B6           00103     RETLW B'10110110';3
002C   34D4           00104     RETLW B'11010100';4
002D   34E6           00105     RETLW B'11100110';5
002E   34E7           00106     RETLW B'11100111';6
002F   3434           00107     RETLW B'00110100';7
0030   34F7           00108     RETLW B'11110111';8
0031   34F4           00109     RETLW B'11110100';9                                                                                 
                                                                         
0032   345F           00110     RETLW B'01011111';A
0033   347C           00111     RETLW B'01111100';b
0034   3436           00112     RETLW B'00110110';C
0035   3479           00113     RETLW B'01111001';d
0036   343E           00114     RETLW B'00111110';E
0037   341E           00115     RETLW B'00011110';F
                      00116     
Warning[207]: Found label after column 1. (HORAS)
0038                  00117     HORAS:
0038   08??           00118     MOVF CONTHORAS, W
0039   0782           00119     ADDWF PCL, F
003A   3400           00120     RETLW 0X0
003B   3401           00121     RETLW 0X1
003C   3402           00122     RETLW 0X2
003D   3403           00123     RETLW 0X3
003E   3404           00124     RETLW 0X4
003F   3405           00125     RETLW 0X5
0040   3406           00126     RETLW 0X6
0041   3407           00127     RETLW 0X7
MPASM 5.77                           MES.ASM   9-19-2020  21:19:49         PAGE  4


LOC  OBJECT CODE     LINE SOURCE TEXT
  VALUE

0042   3408           00128     RETLW 0X8
0043   3409           00129     RETLW 0X9
0044   3410           00130     RETLW 0X10
0045   3411           00131     RETLW 0X11
0046   3412           00132     RETLW 0X12
0047   3413           00133     RETLW 0X13
0048   3414           00134     RETLW 0X14
0049   3415           00135     RETLW 0X15
004A   3416           00136     RETLW 0X16
004B   3417           00137     RETLW 0X17
004C   3419           00138     RETLW 0X19
004D   3420           00139     RETLW 0X20
004E   3421           00140     RETLW 0X21
004F   3422           00141     RETLW 0X22
0050   3423           00142     RETLW 0X23
0051   3424           00143     RETLW 0X24
0052   2???           00144     GOTO HORARESET
                      00145     
                      00146 
                      00147 MAIN_PROG CODE       0X100   
0100                  00148 START
Message[302]: Register in operand not in bank 0.  Ensure that bank bits are correct.
0100   1381           00149  BCF OPTION_REG , 7
Warning[203]: Found opcode in column 1. (CALL)
0101   2???           00150 CALL    CONFIG_IO
Warning[203]: Found opcode in column 1. (CALL)
0102   2???           00151 CALL    CONFIG_TIMER0
Warning[203]: Found opcode in column 1. (CALL)
0103   2???           00152 CALL    CONFIG_TIMER1
Warning[203]: Found opcode in column 1. (CALL)
0104   2???           00153 CALL    CONFIG_TIMER2
Warning[203]: Found opcode in column 1. (CALL)
0105   2???           00154 CALL    CONFIG_FLAG
Warning[205]: Found directive in column 1. (BANKSEL)
0106   1283 1303      00155 BANKSEL PORTA 
Warning[203]: Found opcode in column 1. (CLRF)
0108   01??           00156 CLRF    CONTADOR1
Warning[203]: Found opcode in column 1. (CLRF)
0109   01??           00157 CLRF    CONTADOR2
Warning[203]: Found opcode in column 1. (CLRF)
010A   01??           00158 CLRF    NIBBLEL
Warning[203]: Found opcode in column 1. (CLRF)
010B   01??           00159 CLRF    NIBBLEH
Warning[203]: Found opcode in column 1. (CLRF)
010C   01??           00160 CLRF    NIBBLE_HL
Warning[203]: Found opcode in column 1. (CLRF)
010D   01??           00161 CLRF    NIBBLE_HH
Warning[203]: Found opcode in column 1. (CLRF)
010E   01??           00162 CLRF   CONTSEG
Warning[203]: Found opcode in column 1. (CLRF)
010F   01??           00163 CLRF   TEMP
Warning[203]: Found opcode in column 1. (CLRF)
0110   01??           00164 CLRF   CONTHORAS
MPASM 5.77                           MES.ASM   9-19-2020  21:19:49         PAGE  5


LOC  OBJECT CODE     LINE SOURCE TEXT
  VALUE

Warning[203]: Found opcode in column 1. (CLRF)
0111   01??           00165 CLRF   CONTHORAS_H
Warning[203]: Found opcode in column 1. (CLRF)
0112   01??           00166 CLRF   TEMPHORAS
Warning[203]: Found opcode in column 1. (CLRF)
0113   01??           00167 CLRF   TEMPHORAS_H
Warning[203]: Found opcode in column 1. (CLRF)
0114   01??           00168 CLRF   ESPE
0115   2???           00169  GOTO LOOP  
                      00170 ;*************************************loop forever******************************
                      00171 ;*******************************************************************************
Warning[207]: Found label after column 1. (LOOP)
0116                  00172  LOOP:
0116   2???           00173  CALL REGULADOR_TIMER
0117   2???           00174  CALL INCREMENTUNOS 
0118   2???           00175  GOTO LOOP                        
                      00176 ;*******************************************************************************    
                      00177 ;**********************************OPERACIONES**********************************
Warning[207]: Found label after column 1. (ALM)
0119                  00178  ALM
Message[305]: Using default destination of 1 (file).
0119   0A??           00179  INCF CONTHORAS
011A   0008           00180  RETURN 
Warning[207]: Found label after column 1. (INCREMENTUNOS)
011B                  00181  INCREMENTUNOS 
Warning[203]: Found opcode in column 1. (CALL)
011B   2???           00182 CALL HORAS
011C   00??           00183  MOVWF TEMPHORAS
011D   0E??           00184  SWAPF TEMPHORAS,W
011E   00??           00185  MOVWF ESPE
011F   300F           00186  MOVLW 0X0F
0120   05??           00187  ANDWF ESPE,W
0121   00??           00188  MOVWF NIBBLE_HH
0122   2???           00189  CALL HORAS 
0123   390F           00190  ANDLW B'00001111';
0124   00??           00191  MOVWF NIBBLE_HL
                      00192  
0125   0E??           00193  SWAPF TEMPHORAS,W
0126   00??           00194  MOVWF ESPE
0127   300F           00195  MOVLW 0X0F
0128   05??           00196  ANDWF ESPE,W
0129   00??           00197  MOVWF NIBBLE_HH
Warning[207]: Found label after column 1. (HDP)
012A                  00198  HDP:
012A   08??           00199     MOVF NIBBLEL,W
012B   3C09           00200     SUBLW .9   
012C   1903           00201     BTFSC STATUS,Z  
012D   2???           00202     GOTO $+2
Warning[203]: Found opcode in column 1. (RETURN)
012E   0008           00203 RETURN 
012F   01??           00204      CLRF NIBBLEL
Message[305]: Using default destination of 1 (file).
0130   0A??           00205      INCF NIBBLEH
MPASM 5.77                           MES.ASM   9-19-2020  21:19:49         PAGE  6


LOC  OBJECT CODE     LINE SOURCE TEXT
  VALUE

0131   08??           00206      MOVF NIBBLEH,W
0132   3C02           00207      SUBLW .2          
0133   1903           00208      BTFSC STATUS,Z
0134   2???           00209      GOTO CERO
0135   0008           00210  RETURN 
Warning[207]: Found label after column 1. (CERO)
0136                  00211  CERO 
0136   01??           00212  CLRF NIBBLEL
0137   01??           00213  CLRF NIBBLEH
Message[305]: Using default destination of 1 (file).
0138   0A??           00214  INCF CONTHORAS
0139   0008           00215  RETURN 
                      00216  
Warning[207]: Found label after column 1. (HORARESET)
013A                  00217  HORARESET
013A   01??           00218  CLRF CONTHORAS
013B   01??           00219  CLRF NIBBLE_HL
013C   01??           00220  CLRF NIBBLE_HH
013D   2???           00221  CALL HORAS
013E   0008           00222  RETURN 
                      00223  
                      00224  
Warning[207]: Found label after column 1. (REGULADOR_TIMER)
013F                  00225  REGULADOR_TIMER
Warning[203]: Found opcode in column 1. (MOVF)
013F   08??           00226 MOVF CONTADOR1,0
Warning[203]: Found opcode in column 1. (SUBLW)
0140   3C01           00227 SUBLW .1
Warning[203]: Found opcode in column 1. (BTFSC)
0141   1903           00228 BTFSC STATUS,Z
Warning[203]: Found opcode in column 1. (GOTO)
0142   2???           00229 GOTO VAP1
Warning[203]: Found opcode in column 1. (RETURN)
0143   0008           00230 RETURN 
Warning[207]: Found label after column 1. (VAP1)
0144                  00231  VAP1:
Warning[203]: Found opcode in column 1. (INCF)
Message[305]: Using default destination of 1 (file).
0144   0A??           00232 INCF NIBBLEL
Warning[203]: Found opcode in column 1. (CLRF)
0145   01??           00233 CLRF CONTADOR1
Warning[203]: Found opcode in column 1. (RETURN)
0146   0008           00234 RETURN 
                      00235  
                      00236  
                      00237  
                      00238  
                      00239  
Warning[207]: Found label after column 1. (PISHLEDS)
0147                  00240  PISHLEDS
Warning[203]: Found opcode in column 1. (BCF)
0147   1188           00241 BCF   PORTD, RD3
Warning[203]: Found opcode in column 1. (BCF)
MPASM 5.77                           MES.ASM   9-19-2020  21:19:49         PAGE  7


LOC  OBJECT CODE     LINE SOURCE TEXT
  VALUE

0148   1285           00242 BCF   PORTA, RA5
Warning[203]: Found opcode in column 1. (BTFSC)
0149   1800           00243 BTFSC  CONT2,0
Warning[203]: Found opcode in column 1. (GOTO)
014A   2???           00244 GOTO SHOWON
014B                  00245 SHOWOFF:
Warning[203]: Found opcode in column 1. (BCF)
014B   1188           00246 BCF   PORTD, RD3
Warning[203]: Found opcode in column 1. (BCF)
014C   1285           00247 BCF   PORTA, RA5
Warning[203]: Found opcode in column 1. (GOTO)
014D   2???           00248 GOTO TOGGLE2
014E                  00249 SHOWON:  
Warning[203]: Found opcode in column 1. (BSF)
014E   1588           00250 BSF   PORTD, RD3
Warning[203]: Found opcode in column 1. (BSF)
014F   1685           00251 BSF   PORTA, RA5
Warning[203]: Found opcode in column 1. (GOTO)
0150   2???           00252 GOTO TOGGLE2
Warning[207]: Found label after column 1. (TOGGLE2)
0151                  00253  TOGGLE2
0151   1C00           00254     BTFSS  CONT2, 0
0152   2???           00255     GOTO    TOG_00
0153                  00256 TOG_11:
0153   1400           00257     BSF     CONT2, 0
0154   0008           00258     RETURN
0155                  00259 TOG_00:
0155   1000           00260     BCF     CONT2, 0
Warning[203]: Found opcode in column 1. (RETURN)
0156   0008           00261 RETURN
0157                  00262 TIMER1_2S
Warning[203]: Found opcode in column 1. (MOVF)
0157   08??           00263 MOVF CONTADOR2,0
Warning[203]: Found opcode in column 1. (SUBLW)
0158   3C0A           00264 SUBLW .10
Warning[203]: Found opcode in column 1. (BTFSC)
0159   1903           00265 BTFSC STATUS,Z
Warning[203]: Found opcode in column 1. (GOTO)
015A   2???           00266 GOTO VAP2
Warning[203]: Found opcode in column 1. (RETURN)
015B   0008           00267 RETURN 
Warning[207]: Found label after column 1. (VAP2)
015C                  00268  VAP2
Warning[203]: Found opcode in column 1. (INCF)
Message[305]: Using default destination of 1 (file).
015C   0A??           00269 INCF CONT2
Warning[203]: Found opcode in column 1. (CLRF)
015D   01??           00270 CLRF CONTADOR2
Warning[203]: Found opcode in column 1. (RETURN)
015E   0008           00271 RETURN 
                      00272  
                      00273  
                      00274  
MPASM 5.77                           MES.ASM   9-19-2020  21:19:49         PAGE  8


LOC  OBJECT CODE     LINE SOURCE TEXT
  VALUE

                      00275     
015F                  00276 CONFIG_FLAG
                      00277  ;TIMER0
015F   178B           00278  BSF  INTCON, GIE
0160   168B           00279  BSF  INTCON, T0IE
0161   110B           00280  BCF  INTCON, T0IF 
0162   1683 1303      00281  BANKSEL TRISA 
Message[302]: Register in operand not in bank 0.  Ensure that bank bits are correct.
0164   140C           00282  BSF     PIE1, TMR1IE
Message[302]: Register in operand not in bank 0.  Ensure that bank bits are correct.
0165   148C           00283  BSF     PIE1, TMR2IE 
0166   1283 1303      00284  BANKSEL PORTA
0168   178B           00285  BSF     INTCON, GIE
0169   170B           00286  BSF     INTCON, PEIE
016A   100C           00287  BCF     PIR1, TMR1IF
016B   108C           00288  BCF     PIR1, TMR2IF 
016C   0008           00289  RETURN 
                      00290  
Warning[207]: Found label after column 1. (CONFIG_TIMER0)
016D                  00291   CONFIG_TIMER0
016D   1683 1303      00292  BANKSEL TRISA
Message[302]: Register in operand not in bank 0.  Ensure that bank bits are correct.
016F   1281           00293  BCF OPTION_REG , T0CS
Message[302]: Register in operand not in bank 0.  Ensure that bank bits are correct.
0170   1181           00294  BCF OPTION_REG , PSA
Message[302]: Register in operand not in bank 0.  Ensure that bank bits are correct.
0171   1101           00295  BCF OPTION_REG , PS2
Message[302]: Register in operand not in bank 0.  Ensure that bank bits are correct.
0172   1481           00296  BSF OPTION_REG , PS1
Message[302]: Register in operand not in bank 0.  Ensure that bank bits are correct.
0173   1001           00297  BCF OPTION_REG , PS0
0174   1283 1303      00298  BANKSEL PORTA
0176   3006           00299  MOVLW   .6
0177   0081           00300  MOVWF   TMR0
0178   110B           00301  BCF INTCON, T0IF
0179   0008           00302  RETURN
                      00303  
017A                  00304 CONFIG_TIMER1
017A   1283 1303      00305  BANKSEL   PORTA
017C   1310           00306  BCF T1CON, TMR1GE
017D   1690           00307  BSF T1CON, T1CKPS1 ;PRESCALER 
017E   1610           00308  BSF T1CON, T1CKPS0 ;PRESCALER 
017F   1190           00309  BCF T1CON, T1OSCEN ;TIMER INTERNO  
0180   1090           00310  BCF T1CON, TMR1CS 
0181   1410           00311  BSF T1CON, TMR1ON 
0182   30CF           00312  MOVLW .207  ;PRESCALER HIGH 
0183   008F           00313  MOVWF TMR1H
0184   3026           00314  MOVLW .38  ;PRESCALER LOW
0185   008E           00315  MOVWF TMR1L
0186   100C           00316  BCF PIR1, TMR1IF
Warning[203]: Found opcode in column 1. (RETURN)
0187   0008           00317 RETURN 
                      00318  
MPASM 5.77                           MES.ASM   9-19-2020  21:19:49         PAGE  9


LOC  OBJECT CODE     LINE SOURCE TEXT
  VALUE

0188                  00319 CONFIG_TIMER2
0188   1283 1303      00320  BANKSEL PORTA
018A   3067           00321  MOVLW   B'01100111'
018B   0092           00322  MOVWF   T2CON
018C   1683 1303      00323  BANKSEL TRISA
018E   30F1           00324  MOVLW   .241
Message[302]: Register in operand not in bank 0.  Ensure that bank bits are correct.
018F   0092           00325  MOVWF   PR2
0190   1283 1303      00326  BANKSEL PORTA
0192   0191           00327  CLRF    TMR2
0193   108C           00328  BCF     PIR1, TMR2IF
Warning[203]: Found opcode in column 1. (RETURN)
0194   0008           00329 RETURN 
                      00330  
                      00331  
                      00332  ;****************************DISPLAY 7 SEGMENTOS ******************************
                      00333  ;******************************************************************************
                      00334  ;******************************************************************************
                      00335  ;******************************************************************************
Warning[207]: Found label after column 1. (DISPLAY_GE)
0195                  00336  DISPLAY_GE
                      00337 
Warning[203]: Found opcode in column 1. (BTFSS)
0195   1E08           00338 BTFSS PORTD,RD4
Warning[203]: Found opcode in column 1. (GOTO)
0196   2???           00339 GOTO $+7
Warning[203]: Found opcode in column 1. (BCF)
0197   1208           00340 BCF PORTD, RD4
Warning[203]: Found opcode in column 1. (BSF)
0198   1688           00341 BSF PORTD, RD5
Warning[204]: Found pseudo-op in column 1. (MOVFW)
0199   08??           00342 MOVFW NIBBLEH
Warning[203]: Found opcode in column 1. (CALL)
019A   2???           00343 CALL SEV_SEG
Warning[203]: Found opcode in column 1. (MOVWF)
019B   0087           00344 MOVWF PORTC
Warning[203]: Found opcode in column 1. (RETURN)
019C   0008           00345 RETURN
Warning[203]: Found opcode in column 1. (BTFSS)
019D   1E88           00346 BTFSS PORTD, RD5
Warning[203]: Found opcode in column 1. (GOTO)
019E   2???           00347 GOTO $+7
Warning[203]: Found opcode in column 1. (BCF)
019F   1288           00348 BCF PORTD, RD5
Warning[203]: Found opcode in column 1. (BSF)
01A0   1708           00349 BSF PORTD, RD6
Warning[204]: Found pseudo-op in column 1. (MOVFW)
01A1   08??           00350 MOVFW NIBBLE_HL 
Warning[203]: Found opcode in column 1. (CALL)
01A2   2???           00351 CALL SEV_SEG
Warning[203]: Found opcode in column 1. (MOVWF)
01A3   0087           00352 MOVWF PORTC
Warning[203]: Found opcode in column 1. (RETURN)
MPASM 5.77                           MES.ASM   9-19-2020  21:19:49         PAGE 10


LOC  OBJECT CODE     LINE SOURCE TEXT
  VALUE

01A4   0008           00353 RETURN
Warning[203]: Found opcode in column 1. (BTFSS)
01A5   1F08           00354 BTFSS PORTD, RD6
Warning[203]: Found opcode in column 1. (GOTO)
01A6   2???           00355 GOTO $+7
Warning[203]: Found opcode in column 1. (BCF)
01A7   1308           00356 BCF PORTD, RD6
Warning[203]: Found opcode in column 1. (BSF)
01A8   1788           00357 BSF PORTD, RD7
Warning[204]: Found pseudo-op in column 1. (MOVFW)
01A9   08??           00358 MOVFW NIBBLE_HH
Warning[203]: Found opcode in column 1. (CALL)
01AA   2???           00359 CALL SEV_SEG
Warning[203]: Found opcode in column 1. (MOVWF)
01AB   0087           00360 MOVWF PORTC
Warning[203]: Found opcode in column 1. (RETURN)
01AC   0008           00361 RETURN
Warning[203]: Found opcode in column 1. (BCF)
01AD   1388           00362 BCF PORTD, RD7
Warning[203]: Found opcode in column 1. (BSF)
01AE   1608           00363 BSF PORTD, RD4
Warning[204]: Found pseudo-op in column 1. (MOVFW)
01AF   08??           00364 MOVFW NIBBLEL
Warning[203]: Found opcode in column 1. (CALL)
01B0   2???           00365 CALL SEV_SEG
Warning[203]: Found opcode in column 1. (MOVWF)
01B1   0087           00366 MOVWF PORTC
Warning[203]: Found opcode in column 1. (RETURN)
01B2   0008           00367 RETURN
                      00368  
                      00369  
                      00370  ;******************************************************************************
                      00371  ;******************************************************************************
                      00372  ;******************************************************************************
01B3                  00373 CONFIG_IO
01B3   1683 1303      00374     BANKSEL TRISA
                      00375     
01B5   3000           00376     MOVLW   B'0000000'
Message[302]: Register in operand not in bank 0.  Ensure that bank bits are correct.
01B6   0085           00377     MOVWF   TRISA
01B7   1283 1303      00378     BANKSEL PORTA
01B9   0185           00379     CLRF    PORTA
01BA   1683 1703      00380     BANKSEL ANSEL
Message[302]: Register in operand not in bank 0.  Ensure that bank bits are correct.
01BC   0188           00381     CLRF    ANSEL
Message[302]: Register in operand not in bank 0.  Ensure that bank bits are correct.
01BD   0189           00382     CLRF    ANSELH 
                      00383   
01BE   1683 1303      00384     BANKSEL TRISB
01C0   3000           00385     MOVLW   B'00000000'
Message[302]: Register in operand not in bank 0.  Ensure that bank bits are correct.
01C1   0086           00386     MOVWF   TRISB
01C2   1283 1303      00387     BANKSEL PORTB
MPASM 5.77                           MES.ASM   9-19-2020  21:19:49         PAGE 11


LOC  OBJECT CODE     LINE SOURCE TEXT
  VALUE

01C4   0186           00388     CLRF    PORTB
                      00389     
                      00390     
01C5   1683 1303      00391     BANKSEL TRISC
01C7   3000           00392     MOVLW   B'00000000'
Message[302]: Register in operand not in bank 0.  Ensure that bank bits are correct.
01C8   0087           00393     MOVWF   TRISC
01C9   1283 1303      00394     BANKSEL PORTC
01CB   0187           00395     CLRF    PORTC
                      00396     
01CC   1683 1303      00397     BANKSEL TRISD
01CE   3000           00398     MOVLW   B'00000000'
Message[302]: Register in operand not in bank 0.  Ensure that bank bits are correct.
01CF   0088           00399     MOVWF   TRISD
01D0   1283 1303      00400     BANKSEL PORTD
01D2   0188           00401     CLRF    PORTD
                      00402     
01D3   1683 1303      00403     BANKSEL TRISE
01D5   3000           00404     MOVLW   B'0000'
Message[302]: Register in operand not in bank 0.  Ensure that bank bits are correct.
01D6   0089           00405     MOVWF   TRISE
01D7   1283 1303      00406     BANKSEL PORTE
01D9   0189           00407     CLRF    PORTE
01DA   1683 1703      00408     BANKSEL ANSEL
Message[302]: Register in operand not in bank 0.  Ensure that bank bits are correct.
01DC   0188           00409     CLRF    ANSEL
Message[302]: Register in operand not in bank 0.  Ensure that bank bits are correct.
01DD   0189           00410     CLRF    ANSELH
01DE   0008           00411     RETURN
Warning[207]: Found label after column 1. (DELAY)
01DF                  00412  DELAY
01DF   0000           00413  NOP
01E0   0000           00414  NOP
01E1   0000           00415  NOP
01E2   0000           00416  NOP
01E3   0000           00417  NOP
01E4   0000           00418  NOP 
01E5   0000           00419  NOP
01E6   0000           00420  NOP
01E7   0000           00421  NOP
01E8   0000           00422  NOP
01E9   0000           00423  NOP
01EA   0000           00424  NOP
01EB   0000           00425  NOP
01EC   0000           00426  NOP
01ED   0000           00427  NOP
01EE   0000           00428  NOP
01EF   0008           00429  RETURN
Warning[205]: Found directive in column 1. (END)
20D4 3FFF             00430 END
MPASM 5.77                           MES.ASM   9-19-2020  21:19:49         PAGE 12


SYMBOL TABLE
  LABEL                             VALUE 

ABDEN                             00000000
ABDOVF                            00000007
ACKDT                             00000005
ACKEN                             00000004
ACKSTAT                           00000006
ADCON0                            0000001F
ADCON1                            0000009F
ADCS0                             00000006
ADCS1                             00000007
ADDEN                             00000003
ADFM                              00000007
ADIE                              00000006
ADIF                              00000006
ADON                              00000000
ADRESH                            0000001E
ADRESL                            0000009E
ALM                               00000119
ANS0                              00000000
ANS1                              00000001
ANS10                             00000002
ANS11                             00000003
ANS12                             00000004
ANS13                             00000005
ANS2                              00000002
ANS3                              00000003
ANS4                              00000004
ANS5                              00000005
ANS6                              00000006
ANS7                              00000007
ANS8                              00000000
ANS9                              00000001
ANSEL                             00000188
ANSELH                            00000189
BAUDCTL                           00000187
BCLIE                             00000003
BCLIF                             00000003
BF                                00000000
BRG0                              00000000
BRG1                              00000001
BRG10                             00000002
BRG11                             00000003
BRG12                             00000004
BRG13                             00000005
BRG14                             00000006
BRG15                             00000007
BRG16                             00000003
BRG2                              00000002
BRG3                              00000003
BRG4                              00000004
BRG5                              00000005
BRG6                              00000006
BRG7                              00000007
BRG8                              00000000
MPASM 5.77                           MES.ASM   9-19-2020  21:19:49         PAGE 13


SYMBOL TABLE
  LABEL                             VALUE 

BRG9                              00000001
BRGH                              00000002
C                                 00000000
C1CH0                             00000000
C1CH1                             00000001
C1IE                              00000005
C1IF                              00000005
C1OE                              00000005
C1ON                              00000007
C1OUT                             00000006
C1POL                             00000004
C1R                               00000002
C1RSEL                            00000005
C1SEN                             00000005
C2CH0                             00000000
C2CH1                             00000001
C2IE                              00000006
C2IF                              00000006
C2OE                              00000005
C2ON                              00000007
C2OUT                             00000006
C2POL                             00000004
C2R                               00000002
C2REN                             00000004
C2RSEL                            00000004
C2SYNC                            00000000
CCP1CON                           00000017
CCP1IE                            00000002
CCP1IF                            00000002
CCP1M0                            00000000
CCP1M1                            00000001
CCP1M2                            00000002
CCP1M3                            00000003
CCP1X                             00000005
CCP1Y                             00000004
CCP2CON                           0000001D
CCP2IE                            00000000
CCP2IF                            00000000
CCP2M0                            00000000
CCP2M1                            00000001
CCP2M2                            00000002
CCP2M3                            00000003
CCP2X                             00000005
CCP2Y                             00000004
CCPR1                             00000015
CCPR1H                            00000016
CCPR1L                            00000015
CCPR2                             0000001B
CCPR2H                            0000001C
CCPR2L                            0000001B
CERO                              00000136
CHS0                              00000002
CHS1                              00000003
MPASM 5.77                           MES.ASM   9-19-2020  21:19:49         PAGE 14


SYMBOL TABLE
  LABEL                             VALUE 

CHS2                              00000004
CHS3                              00000005
CKE                               00000006
CKP                               00000004
CM1CON0                           00000107
CM2CON0                           00000108
CM2CON1                           00000109
CONFIG_FLAG                       0000015F
CONFIG_IO                         000001B3
CONFIG_TIMER0                     0000016D
CONFIG_TIMER1                     0000017A
CONFIG_TIMER2                     00000188
CONT1                             00000002
CONT2                             00000003
CONTADOR1                         00000004
CONTADOR2                         00000005
CONTF                             00000000
CONTHORAS                         00000007
CONTHORAS_H                       00000008
CONTSEG                           00000001
CREN                              00000004
CSRC                              00000007
D                                 00000005
DATA_ADDRESS                      00000005
DC                                00000001
DC1B0                             00000004
DC1B1                             00000005
DC2B0                             00000004
DC2B1                             00000005
DELAY                             000001DF
DISPLAY_GE                        00000195
D_A                               00000005
D_NOT_A                           00000005
ECCPAS                            0000009C
ECCPAS0                           00000004
ECCPAS1                           00000005
ECCPAS2                           00000006
ECCPASE                           00000007
EEADR                             0000010D
EEADRH                            0000010F
EECON1                            0000018C
EECON2                            0000018D
EEDAT                             0000010C
EEDATA                            0000010C
EEDATH                            0000010E
EEIE                              00000004
EEIF                              00000004
EEPGD                             00000007
ESPE                              0000000B
F                                 00000001
FERR                              00000002
FSR                               00000004
FUE_TIMR0                         00000015
MPASM 5.77                           MES.ASM   9-19-2020  21:19:49         PAGE 15


SYMBOL TABLE
  LABEL                             VALUE 

FUE_TIMR1                         0000001C
FUE_TIMR2                         00000023
FVREN                             00000000
GCEN                              00000007
GIE                               00000007
GO                                00000001
GO_DONE                           00000001
GO_NOT_DONE                       00000001
HDP                               0000012A
HORARESET                         0000013A
HORAS                             00000038
HTS                               00000002
I2C_DATA                          00000005
I2C_READ                          00000002
I2C_START                         00000003
I2C_STOP                          00000004
INCREMENTUNOS                     0000011B
INDF                              00000000
INTCON                            0000000B
INTE                              00000004
INTEDG                            00000006
INTF                              00000001
IOCB                              00000096
IOCB0                             00000000
IOCB1                             00000001
IOCB2                             00000002
IOCB3                             00000003
IOCB4                             00000004
IOCB5                             00000005
IOCB6                             00000006
IOCB7                             00000007
IRCF0                             00000004
IRCF1                             00000005
IRCF2                             00000006
IRP                               00000007
ISR                               00000008
LOOP                              00000116
LTS                               00000001
MC1OUT                            00000007
MC2OUT                            00000006
MSK                               00000093
MSK0                              00000000
MSK1                              00000001
MSK2                              00000002
MSK3                              00000003
MSK4                              00000004
MSK5                              00000005
MSK6                              00000006
MSK7                              00000007
NIBBLEH                           0000000E
NIBBLEL                           0000000F
NIBBLE_HH                         00000011
NIBBLE_HL                         00000010
MPASM 5.77                           MES.ASM   9-19-2020  21:19:49         PAGE 16


SYMBOL TABLE
  LABEL                             VALUE 

NOT_A                             00000005
NOT_ADDRESS                       00000005
NOT_BO                            00000000
NOT_BOR                           00000000
NOT_DONE                          00000001
NOT_PD                            00000003
NOT_POR                           00000001
NOT_RBPU                          00000007
NOT_RC8                           00000006
NOT_T1SYNC                        00000002
NOT_TO                            00000004
NOT_TX8                           00000006
NOT_W                             00000002
NOT_WRITE                         00000002
OERR                              00000001
OPTION_REG                        00000081
OSCCON                            0000008F
OSCTUNE                           00000090
OSFIE                             00000007
OSFIF                             00000007
OSTS                              00000003
P                                 00000004
P1M0                              00000006
P1M1                              00000007
PCL                               00000002
PCLATH                            0000000A
PCON                              0000008E
PDC0                              00000000
PDC1                              00000001
PDC2                              00000002
PDC3                              00000003
PDC4                              00000004
PDC5                              00000005
PDC6                              00000006
PEIE                              00000006
PEN                               00000002
PIE1                              0000008C
PIE2                              0000008D
PIR1                              0000000C
PIR2                              0000000D
PISHLEDS                          00000147
POP                               0000000F
PORTA                             00000005
PORTB                             00000006
PORTC                             00000007
PORTD                             00000008
PORTE                             00000009
PR2                               00000092
PRSEN                             00000007
PS0                               00000000
PS1                               00000001
PS2                               00000002
PSA                               00000003
MPASM 5.77                           MES.ASM   9-19-2020  21:19:49         PAGE 17


SYMBOL TABLE
  LABEL                             VALUE 

PSSAC0                            00000002
PSSAC1                            00000003
PSSBD0                            00000000
PSSBD1                            00000001
PSTRCON                           0000009D
PULSR                             00000002
PULSS                             00000003
PUSH                              00000004
PWM1CON                           0000009B
R                                 00000002
RA0                               00000000
RA1                               00000001
RA2                               00000002
RA3                               00000003
RA4                               00000004
RA5                               00000005
RA6                               00000006
RA7                               00000007
RB0                               00000000
RB1                               00000001
RB2                               00000002
RB3                               00000003
RB4                               00000004
RB5                               00000005
RB6                               00000006
RB7                               00000007
RBIE                              00000003
RBIF                              00000000
RC0                               00000000
RC1                               00000001
RC2                               00000002
RC3                               00000003
RC4                               00000004
RC5                               00000005
RC6                               00000006
RC7                               00000007
RC8_9                             00000006
RC9                               00000006
RCD8                              00000000
RCEN                              00000003
RCIDL                             00000006
RCIE                              00000005
RCIF                              00000005
RCREG                             0000001A
RCSTA                             00000018
RD                                00000000
RD0                               00000000
RD1                               00000001
RD2                               00000002
RD3                               00000003
RD4                               00000004
RD5                               00000005
RD6                               00000006
MPASM 5.77                           MES.ASM   9-19-2020  21:19:49         PAGE 18


SYMBOL TABLE
  LABEL                             VALUE 

RD7                               00000007
RE0                               00000000
RE1                               00000001
RE2                               00000002
RE3                               00000003
READ_WRITE                        00000002
REGULADOR_TIMER                   0000013F
RP0                               00000005
RP1                               00000006
RSEN                              00000001
RX9                               00000006
RX9D                              00000000
R_NOT_W                           00000002
R_W                               00000002
S                                 00000003
SBOREN                            00000004
SCKP                              00000004
SCS                               00000000
SEN                               00000000
SENDB                             00000003
SEV_SEG                           00000027
SHOWOFF                           0000014B
SHOWON                            0000014E
SMP                               00000007
SPBRG                             00000099
SPBRGH                            0000009A
SPEN                              00000007
SR0                               00000006
SR1                               00000007
SRCON                             00000185
SREN                              00000005
SSPADD                            00000093
SSPBUF                            00000013
SSPCON                            00000014
SSPCON2                           00000091
SSPEN                             00000005
SSPIE                             00000003
SSPIF                             00000003
SSPM0                             00000000
SSPM1                             00000001
SSPM2                             00000002
SSPM3                             00000003
SSPMSK                            00000093
SSPOV                             00000006
SSPSTAT                           00000094
START                             00000100
STATUS                            00000003
STATUS_TEMP                       00000013
STRA                              00000000
STRB                              00000001
STRC                              00000002
STRD                              00000003
STRSYNC                           00000004
MPASM 5.77                           MES.ASM   9-19-2020  21:19:49         PAGE 19


SYMBOL TABLE
  LABEL                             VALUE 

SWDTEN                            00000000
SYNC                              00000004
T0CS                              00000005
T0IE                              00000005
T0IF                              00000002
T0SE                              00000004
T1CKPS0                           00000004
T1CKPS1                           00000005
T1CON                             00000010
T1GINV                            00000007
T1GIV                             00000007
T1GSS                             00000001
T1INSYNC                          00000002
T1OSCEN                           00000003
T1SYNC                            00000002
T2CKPS0                           00000000
T2CKPS1                           00000001
T2CON                             00000012
TEMP                              00000006
TEMP1                             0000000C
TEMP2                             0000000D
TEMPHORAS                         00000009
TEMPHORAS_H                       0000000A
TIMER1_2S                         00000157
TMR0                              00000001
TMR0IE                            00000005
TMR0IF                            00000002
TMR1                              0000000E
TMR1CS                            00000001
TMR1GE                            00000006
TMR1H                             0000000F
TMR1IE                            00000000
TMR1IF                            00000000
TMR1L                             0000000E
TMR1ON                            00000000
TMR2                              00000011
TMR2IE                            00000001
TMR2IF                            00000001
TMR2ON                            00000002
TOGGLE2                           00000151
TOG_00                            00000155
TOG_11                            00000153
TOUTPS0                           00000003
TOUTPS1                           00000004
TOUTPS2                           00000005
TOUTPS3                           00000006
TRISA                             00000085
TRISA0                            00000000
TRISA1                            00000001
TRISA2                            00000002
TRISA3                            00000003
TRISA4                            00000004
TRISA5                            00000005
MPASM 5.77                           MES.ASM   9-19-2020  21:19:49         PAGE 20


SYMBOL TABLE
  LABEL                             VALUE 

TRISA6                            00000006
TRISA7                            00000007
TRISB                             00000086
TRISB0                            00000000
TRISB1                            00000001
TRISB2                            00000002
TRISB3                            00000003
TRISB4                            00000004
TRISB5                            00000005
TRISB6                            00000006
TRISB7                            00000007
TRISC                             00000087
TRISC0                            00000000
TRISC1                            00000001
TRISC2                            00000002
TRISC3                            00000003
TRISC4                            00000004
TRISC5                            00000005
TRISC6                            00000006
TRISC7                            00000007
TRISD                             00000088
TRISD0                            00000000
TRISD1                            00000001
TRISD2                            00000002
TRISD3                            00000003
TRISD4                            00000004
TRISD5                            00000005
TRISD6                            00000006
TRISD7                            00000007
TRISE                             00000089
TRISE0                            00000000
TRISE1                            00000001
TRISE2                            00000002
TRISE3                            00000003
TRMT                              00000001
TUN0                              00000000
TUN1                              00000001
TUN2                              00000002
TUN3                              00000003
TUN4                              00000004
TX8_9                             00000006
TX9                               00000006
TX9D                              00000000
TXD8                              00000000
TXEN                              00000005
TXIE                              00000004
TXIF                              00000004
TXREG                             00000019
TXSTA                             00000098
UA                                00000001
ULPWUE                            00000005
ULPWUIE                           00000002
ULPWUIF                           00000002
MPASM 5.77                           MES.ASM   9-19-2020  21:19:49         PAGE 21


SYMBOL TABLE
  LABEL                             VALUE 

VAP1                              00000144
VAP2                              0000015C
VCFG0                             00000004
VCFG1                             00000005
VR0                               00000000
VR1                               00000001
VR2                               00000002
VR3                               00000003
VRCON                             00000097
VREN                              00000007
VROE                              00000006
VRR                               00000005
VRSS                              00000004
W                                 00000000
WCOL                              00000007
WDTCON                            00000105
WDTPS0                            00000001
WDTPS1                            00000002
WDTPS2                            00000003
WDTPS3                            00000004
WPUB                              00000095
WPUB0                             00000000
WPUB1                             00000001
WPUB2                             00000002
WPUB3                             00000003
WPUB4                             00000004
WPUB5                             00000005
WPUB6                             00000006
WPUB7                             00000007
WR                                00000001
WREN                              00000002
WRERR                             00000003
WUE                               00000001
W_TEMP                            00000012
Z                                 00000002
_BOR21V                           00003EFF
_BOR40V                           00003FFF
_BOR4V_BOR21V                     00003EFF
_BOR4V_BOR40V                     00003FFF
_BOREN_NSLEEP                     00003EFF
_BOREN_OFF                        00003CFF
_BOREN_ON                         00003FFF
_BOREN_SBODEN                     00003DFF
_BOR_NSLEEP                       00003EFF
_BOR_OFF                          00003CFF
_BOR_ON                           00003FFF
_BOR_SBODEN                       00003DFF
_CONFIG1                          00002007
_CONFIG2                          00002008
_CPD_OFF                          00003FFF
_CPD_ON                           00003F7F
_CP_OFF                           00003FFF
_CP_ON                            00003FBF
MPASM 5.77                           MES.ASM   9-19-2020  21:19:49         PAGE 22


SYMBOL TABLE
  LABEL                             VALUE 

_DEBUG_OFF                        00003FFF
_DEBUG_ON                         00001FFF
_DEVID1                           00002006
_EC_OSC                           00003FFB
_EXTRC                            00003FFF
_EXTRCIO                          00003FFE
_EXTRC_OSC_CLKOUT                 00003FFF
_EXTRC_OSC_NOCLKOUT               00003FFE
_FCMEN_OFF                        000037FF
_FCMEN_ON                         00003FFF
_FOSC_EC                          00003FFB
_FOSC_EXTRC_CLKOUT                00003FFF
_FOSC_EXTRC_NOCLKOUT              00003FFE
_FOSC_HS                          00003FFA
_FOSC_INTRC_CLKOUT                00003FFD
_FOSC_INTRC_NOCLKOUT              00003FFC
_FOSC_LP                          00003FF8
_FOSC_XT                          00003FF9
_HS_OSC                           00003FFA
_IDLOC0                           00002000
_IDLOC1                           00002001
_IDLOC2                           00002002
_IDLOC3                           00002003
_IESO_OFF                         00003BFF
_IESO_ON                          00003FFF
_INTOSC                           00003FFD
_INTOSCIO                         00003FFC
_INTRC_OSC_CLKOUT                 00003FFD
_INTRC_OSC_NOCLKOUT               00003FFC
_LP_OSC                           00003FF8
_LVP_OFF                          00002FFF
_LVP_ON                           00003FFF
_MAIN_PROG_012D                   0000012D
_MAIN_PROG_0196                   00000196
_MAIN_PROG_019E                   0000019E
_MAIN_PROG_01A6                   000001A6
_MCLRE_OFF                        00003FDF
_MCLRE_ON                         00003FFF
_PWRTE_OFF                        00003FFF
_PWRTE_ON                         00003FEF
_WDTE_OFF                         00003FF7
_WDTE_ON                          00003FFF
_WDT_OFF                          00003FF7
_WDT_ON                           00003FFF
_WRT_1FOURTH                      00003BFF
_WRT_256                          00003DFF
_WRT_HALF                         000039FF
_WRT_OFF                          00003FFF
_XT_OSC                           00003FF9
__16F887                          00000001

MPASM 5.77                           MES.ASM   9-19-2020  21:19:49         PAGE 23





Errors   :     0
Warnings :   112 reported,     0 suppressed
Messages :    25 reported,     0 suppressed

