Warning[207] C:\USERS\JULIT\DOCUMENTS\GITHUB\MICROS-\PROJECT1.X\TRY1.ASM 23 : Found label after column 1. (GPR_VAR)
Warning[207] C:\USERS\JULIT\DOCUMENTS\GITHUB\MICROS-\PROJECT1.X\TRY1.ASM 24 : Found label after column 1. (CONTF)
Warning[207] C:\USERS\JULIT\DOCUMENTS\GITHUB\MICROS-\PROJECT1.X\TRY1.ASM 25 : Found label after column 1. (CONTSEG)
Warning[207] C:\USERS\JULIT\DOCUMENTS\GITHUB\MICROS-\PROJECT1.X\TRY1.ASM 26 : Found label after column 1. (CONTSEGALARMA)
Warning[207] C:\USERS\JULIT\DOCUMENTS\GITHUB\MICROS-\PROJECT1.X\TRY1.ASM 27 : Found label after column 1. (CONTALARMA)
Warning[207] C:\USERS\JULIT\DOCUMENTS\GITHUB\MICROS-\PROJECT1.X\TRY1.ASM 28 : Found label after column 1. (ALARMA_SU)
Warning[207] C:\USERS\JULIT\DOCUMENTS\GITHUB\MICROS-\PROJECT1.X\TRY1.ASM 29 : Found label after column 1. (ALARMA_SD)
Warning[207] C:\USERS\JULIT\DOCUMENTS\GITHUB\MICROS-\PROJECT1.X\TRY1.ASM 30 : Found label after column 1. (ALARMA_MU)
Warning[207] C:\USERS\JULIT\DOCUMENTS\GITHUB\MICROS-\PROJECT1.X\TRY1.ASM 31 : Found label after column 1. (ALARMA_MD)
Warning[207] C:\USERS\JULIT\DOCUMENTS\GITHUB\MICROS-\PROJECT1.X\TRY1.ASM 32 : Found label after column 1. (TEMPALARMA)
Warning[207] C:\USERS\JULIT\DOCUMENTS\GITHUB\MICROS-\PROJECT1.X\TRY1.ASM 33 : Found label after column 1. (ESPE)
Warning[207] C:\USERS\JULIT\DOCUMENTS\GITHUB\MICROS-\PROJECT1.X\TRY1.ASM 34 : Found label after column 1. (ESPE2)
Warning[207] C:\USERS\JULIT\DOCUMENTS\GITHUB\MICROS-\PROJECT1.X\TRY1.ASM 35 : Found label after column 1. (ESPE3)
Warning[207] C:\USERS\JULIT\DOCUMENTS\GITHUB\MICROS-\PROJECT1.X\TRY1.ASM 36 : Found label after column 1. (ESPE4)
Warning[207] C:\USERS\JULIT\DOCUMENTS\GITHUB\MICROS-\PROJECT1.X\TRY1.ASM 37 : Found label after column 1. (CONTDIA)
Warning[207] C:\USERS\JULIT\DOCUMENTS\GITHUB\MICROS-\PROJECT1.X\TRY1.ASM 38 : Found label after column 1. (CONT2)
Warning[207] C:\USERS\JULIT\DOCUMENTS\GITHUB\MICROS-\PROJECT1.X\TRY1.ASM 39 : Found label after column 1. (CONTADOR1)
Warning[207] C:\USERS\JULIT\DOCUMENTS\GITHUB\MICROS-\PROJECT1.X\TRY1.ASM 40 : Found label after column 1. (CONTADOR2)
Warning[207] C:\USERS\JULIT\DOCUMENTS\GITHUB\MICROS-\PROJECT1.X\TRY1.ASM 41 : Found label after column 1. (NIBBLEH)
Warning[207] C:\USERS\JULIT\DOCUMENTS\GITHUB\MICROS-\PROJECT1.X\TRY1.ASM 42 : Found label after column 1. (NIBBLEL)
Warning[207] C:\USERS\JULIT\DOCUMENTS\GITHUB\MICROS-\PROJECT1.X\TRY1.ASM 43 : Found label after column 1. (NIBBLE_HL)
Warning[207] C:\USERS\JULIT\DOCUMENTS\GITHUB\MICROS-\PROJECT1.X\TRY1.ASM 44 : Found label after column 1. (NIBBLE_HH)
Warning[207] C:\USERS\JULIT\DOCUMENTS\GITHUB\MICROS-\PROJECT1.X\TRY1.ASM 45 : Found label after column 1. (NIBBLE_DL)
Warning[207] C:\USERS\JULIT\DOCUMENTS\GITHUB\MICROS-\PROJECT1.X\TRY1.ASM 46 : Found label after column 1. (NIBBLE_DH)
Warning[207] C:\USERS\JULIT\DOCUMENTS\GITHUB\MICROS-\PROJECT1.X\TRY1.ASM 47 : Found label after column 1. (NIBBLE_ML)
Warning[207] C:\USERS\JULIT\DOCUMENTS\GITHUB\MICROS-\PROJECT1.X\TRY1.ASM 48 : Found label after column 1. (NIBBLE_MH)
Warning[207] C:\USERS\JULIT\DOCUMENTS\GITHUB\MICROS-\PROJECT1.X\TRY1.ASM 49 : Found label after column 1. (CONT_NEW)
Warning[207] C:\USERS\JULIT\DOCUMENTS\GITHUB\MICROS-\PROJECT1.X\TRY1.ASM 50 : Found label after column 1. (CONT_OLD)
Warning[207] C:\USERS\JULIT\DOCUMENTS\GITHUB\MICROS-\PROJECT1.X\TRY1.ASM 51 : Found label after column 1. (ESTADO)
Warning[207] C:\USERS\JULIT\DOCUMENTS\GITHUB\MICROS-\PROJECT1.X\TRY1.ASM 52 : Found label after column 1. (FLAGSMES)
Warning[207] C:\USERS\JULIT\DOCUMENTS\GITHUB\MICROS-\PROJECT1.X\TRY1.ASM 53 : Found label after column 1. (FLAGSHORAS)
Warning[207] C:\USERS\JULIT\DOCUMENTS\GITHUB\MICROS-\PROJECT1.X\TRY1.ASM 54 : Found label after column 1. (FLAGSMODH)
Warning[207] C:\USERS\JULIT\DOCUMENTS\GITHUB\MICROS-\PROJECT1.X\TRY1.ASM 55 : Found label after column 1. (FLAGSALARMA)
Warning[207] C:\USERS\JULIT\DOCUMENTS\GITHUB\MICROS-\PROJECT1.X\TRY1.ASM 56 : Found label after column 1. (FLAGCOUNTDOWN)
Warning[207] C:\USERS\JULIT\DOCUMENTS\GITHUB\MICROS-\PROJECT1.X\TRY1.ASM 66 : Found label after column 1. (TEMP1)
Warning[207] C:\USERS\JULIT\DOCUMENTS\GITHUB\MICROS-\PROJECT1.X\TRY1.ASM 67 : Found label after column 1. (TEMP2)
Warning[207] C:\USERS\JULIT\DOCUMENTS\GITHUB\MICROS-\PROJECT1.X\TRY1.ASM 69 : Found label after column 1. (W_TEMP)
Warning[207] C:\USERS\JULIT\DOCUMENTS\GITHUB\MICROS-\PROJECT1.X\TRY1.ASM 70 : Found label after column 1. (STATUS_TEMP)
Warning[207] C:\USERS\JULIT\DOCUMENTS\GITHUB\MICROS-\PROJECT1.X\TRY1.ASM 75 : Found label after column 1. (PUSH)
Warning[207] C:\USERS\JULIT\DOCUMENTS\GITHUB\MICROS-\PROJECT1.X\TRY1.ASM 80 : Found label after column 1. (ISR)
Warning[207] C:\USERS\JULIT\DOCUMENTS\GITHUB\MICROS-\PROJECT1.X\TRY1.ASM 88 : Found label after column 1. (POP)
Warning[203] C:\USERS\JULIT\DOCUMENTS\GITHUB\MICROS-\PROJECT1.X\TRY1.ASM 94 : Found opcode in column 1. (RETFIE)
Message[305] C:\USERS\JULIT\DOCUMENTS\GITHUB\MICROS-\PROJECT1.X\TRY1.ASM 115 : Using default destination of 1 (file).
Message[305] C:\USERS\JULIT\DOCUMENTS\GITHUB\MICROS-\PROJECT1.X\TRY1.ASM 121 : Using default destination of 1 (file).
Warning[207] C:\USERS\JULIT\DOCUMENTS\GITHUB\MICROS-\PROJECT1.X\TRY1.ASM 127 : Found label after column 1. (lj)
Warning[207] C:\USERS\JULIT\DOCUMENTS\GITHUB\MICROS-\PROJECT1.X\TRY1.ASM 154 : Found label after column 1. (HORAS)
Warning[207] C:\USERS\JULIT\DOCUMENTS\GITHUB\MICROS-\PROJECT1.X\TRY1.ASM 182 : Found label after column 1. (HORAS_L)
Warning[207] C:\USERS\JULIT\DOCUMENTS\GITHUB\MICROS-\PROJECT1.X\TRY1.ASM 247 : Found label after column 1. (ESTADOS)
Message[305] C:\USERS\JULIT\DOCUMENTS\GITHUB\MICROS-\PROJECT1.X\TRY1.ASM 249 : Using default destination of 1 (file).
Warning[207] C:\USERS\JULIT\DOCUMENTS\GITHUB\MICROS-\PROJECT1.X\TRY1.ASM 258 : Found label after column 1. (MES)
Message[305] C:\USERS\JULIT\DOCUMENTS\GITHUB\MICROS-\PROJECT1.X\TRY1.ASM 260 : Using default destination of 1 (file).
Warning[207] C:\USERS\JULIT\DOCUMENTS\GITHUB\MICROS-\PROJECT1.X\TRY1.ASM 274 : Found label after column 1. (MES_L)
Warning[207] C:\USERS\JULIT\DOCUMENTS\GITHUB\MICROS-\PROJECT1.X\TRY1.ASM 288 : Found label after column 1. (MES_H)
Warning[203] C:\USERS\JULIT\DOCUMENTS\GITHUB\MICROS-\PROJECT1.X\TRY1.ASM 301 : Found opcode in column 1. (BCF)
Message[302] C:\USERS\JULIT\DOCUMENTS\GITHUB\MICROS-\PROJECT1.X\TRY1.ASM 301 : Register in operand not in bank 0.  Ensure that bank bits are correct.
Warning[203] C:\USERS\JULIT\DOCUMENTS\GITHUB\MICROS-\PROJECT1.X\TRY1.ASM 302 : Found opcode in column 1. (CALL)
Warning[203] C:\USERS\JULIT\DOCUMENTS\GITHUB\MICROS-\PROJECT1.X\TRY1.ASM 303 : Found opcode in column 1. (CALL)
Warning[203] C:\USERS\JULIT\DOCUMENTS\GITHUB\MICROS-\PROJECT1.X\TRY1.ASM 304 : Found opcode in column 1. (CALL)
Warning[203] C:\USERS\JULIT\DOCUMENTS\GITHUB\MICROS-\PROJECT1.X\TRY1.ASM 305 : Found opcode in column 1. (CALL)
Warning[203] C:\USERS\JULIT\DOCUMENTS\GITHUB\MICROS-\PROJECT1.X\TRY1.ASM 306 : Found opcode in column 1. (CALL)
Warning[205] C:\USERS\JULIT\DOCUMENTS\GITHUB\MICROS-\PROJECT1.X\TRY1.ASM 307 : Found directive in column 1. (BANKSEL)
Warning[203] C:\USERS\JULIT\DOCUMENTS\GITHUB\MICROS-\PROJECT1.X\TRY1.ASM 308 : Found opcode in column 1. (CLRF)
Warning[203] C:\USERS\JULIT\DOCUMENTS\GITHUB\MICROS-\PROJECT1.X\TRY1.ASM 309 : Found opcode in column 1. (CLRF)
Warning[203] C:\USERS\JULIT\DOCUMENTS\GITHUB\MICROS-\PROJECT1.X\TRY1.ASM 310 : Found opcode in column 1. (CLRF)
Warning[203] C:\USERS\JULIT\DOCUMENTS\GITHUB\MICROS-\PROJECT1.X\TRY1.ASM 311 : Found opcode in column 1. (CLRF)
Warning[203] C:\USERS\JULIT\DOCUMENTS\GITHUB\MICROS-\PROJECT1.X\TRY1.ASM 312 : Found opcode in column 1. (CLRF)
Warning[203] C:\USERS\JULIT\DOCUMENTS\GITHUB\MICROS-\PROJECT1.X\TRY1.ASM 313 : Found opcode in column 1. (CLRF)
Warning[203] C:\USERS\JULIT\DOCUMENTS\GITHUB\MICROS-\PROJECT1.X\TRY1.ASM 314 : Found opcode in column 1. (CLRF)
Warning[203] C:\USERS\JULIT\DOCUMENTS\GITHUB\MICROS-\PROJECT1.X\TRY1.ASM 315 : Found opcode in column 1. (INCF)
Message[305] C:\USERS\JULIT\DOCUMENTS\GITHUB\MICROS-\PROJECT1.X\TRY1.ASM 315 : Using default destination of 1 (file).
Warning[203] C:\USERS\JULIT\DOCUMENTS\GITHUB\MICROS-\PROJECT1.X\TRY1.ASM 316 : Found opcode in column 1. (CLRF)
Warning[203] C:\USERS\JULIT\DOCUMENTS\GITHUB\MICROS-\PROJECT1.X\TRY1.ASM 317 : Found opcode in column 1. (CLRF)
Warning[203] C:\USERS\JULIT\DOCUMENTS\GITHUB\MICROS-\PROJECT1.X\TRY1.ASM 318 : Found opcode in column 1. (CLRF)
Warning[203] C:\USERS\JULIT\DOCUMENTS\GITHUB\MICROS-\PROJECT1.X\TRY1.ASM 319 : Found opcode in column 1. (CLRF)
Warning[203] C:\USERS\JULIT\DOCUMENTS\GITHUB\MICROS-\PROJECT1.X\TRY1.ASM 320 : Found opcode in column 1. (INCF)
Message[305] C:\USERS\JULIT\DOCUMENTS\GITHUB\MICROS-\PROJECT1.X\TRY1.ASM 320 : Using default destination of 1 (file).
Warning[203] C:\USERS\JULIT\DOCUMENTS\GITHUB\MICROS-\PROJECT1.X\TRY1.ASM 321 : Found opcode in column 1. (CLRF)
Warning[203] C:\USERS\JULIT\DOCUMENTS\GITHUB\MICROS-\PROJECT1.X\TRY1.ASM 322 : Found opcode in column 1. (CLRF)
Warning[203] C:\USERS\JULIT\DOCUMENTS\GITHUB\MICROS-\PROJECT1.X\TRY1.ASM 323 : Found opcode in column 1. (CLRF)
Warning[203] C:\USERS\JULIT\DOCUMENTS\GITHUB\MICROS-\PROJECT1.X\TRY1.ASM 324 : Found opcode in column 1. (CLRF)
Warning[203] C:\USERS\JULIT\DOCUMENTS\GITHUB\MICROS-\PROJECT1.X\TRY1.ASM 325 : Found opcode in column 1. (CLRF)
Warning[203] C:\USERS\JULIT\DOCUMENTS\GITHUB\MICROS-\PROJECT1.X\TRY1.ASM 326 : Found opcode in column 1. (INCF)
Message[305] C:\USERS\JULIT\DOCUMENTS\GITHUB\MICROS-\PROJECT1.X\TRY1.ASM 326 : Using default destination of 1 (file).
Warning[203] C:\USERS\JULIT\DOCUMENTS\GITHUB\MICROS-\PROJECT1.X\TRY1.ASM 327 : Found opcode in column 1. (INCF)
Message[305] C:\USERS\JULIT\DOCUMENTS\GITHUB\MICROS-\PROJECT1.X\TRY1.ASM 327 : Using default destination of 1 (file).
Warning[203] C:\USERS\JULIT\DOCUMENTS\GITHUB\MICROS-\PROJECT1.X\TRY1.ASM 328 : Found opcode in column 1. (CLRF)
Warning[203] C:\USERS\JULIT\DOCUMENTS\GITHUB\MICROS-\PROJECT1.X\TRY1.ASM 329 : Found opcode in column 1. (CLRF)
Warning[203] C:\USERS\JULIT\DOCUMENTS\GITHUB\MICROS-\PROJECT1.X\TRY1.ASM 330 : Found opcode in column 1. (CLRF)
Warning[203] C:\USERS\JULIT\DOCUMENTS\GITHUB\MICROS-\PROJECT1.X\TRY1.ASM 331 : Found opcode in column 1. (CLRF)
Warning[203] C:\USERS\JULIT\DOCUMENTS\GITHUB\MICROS-\PROJECT1.X\TRY1.ASM 332 : Found opcode in column 1. (CLRF)
Warning[203] C:\USERS\JULIT\DOCUMENTS\GITHUB\MICROS-\PROJECT1.X\TRY1.ASM 333 : Found opcode in column 1. (CLRF)
Warning[203] C:\USERS\JULIT\DOCUMENTS\GITHUB\MICROS-\PROJECT1.X\TRY1.ASM 334 : Found opcode in column 1. (CLRF)
Warning[203] C:\USERS\JULIT\DOCUMENTS\GITHUB\MICROS-\PROJECT1.X\TRY1.ASM 335 : Found opcode in column 1. (CLRF)
Warning[203] C:\USERS\JULIT\DOCUMENTS\GITHUB\MICROS-\PROJECT1.X\TRY1.ASM 336 : Found opcode in column 1. (CLRF)
Warning[203] C:\USERS\JULIT\DOCUMENTS\GITHUB\MICROS-\PROJECT1.X\TRY1.ASM 337 : Found opcode in column 1. (CLRF)
Warning[203] C:\USERS\JULIT\DOCUMENTS\GITHUB\MICROS-\PROJECT1.X\TRY1.ASM 338 : Found opcode in column 1. (CLRF)
Warning[203] C:\USERS\JULIT\DOCUMENTS\GITHUB\MICROS-\PROJECT1.X\TRY1.ASM 339 : Found opcode in column 1. (CLRF)
Warning[203] C:\USERS\JULIT\DOCUMENTS\GITHUB\MICROS-\PROJECT1.X\TRY1.ASM 340 : Found opcode in column 1. (CLRF)
Warning[203] C:\USERS\JULIT\DOCUMENTS\GITHUB\MICROS-\PROJECT1.X\TRY1.ASM 341 : Found opcode in column 1. (CLRF)
Warning[203] C:\USERS\JULIT\DOCUMENTS\GITHUB\MICROS-\PROJECT1.X\TRY1.ASM 342 : Found opcode in column 1. (CLRF)
Warning[203] C:\USERS\JULIT\DOCUMENTS\GITHUB\MICROS-\PROJECT1.X\TRY1.ASM 343 : Found opcode in column 1. (CLRF)
Warning[203] C:\USERS\JULIT\DOCUMENTS\GITHUB\MICROS-\PROJECT1.X\TRY1.ASM 344 : Found opcode in column 1. (CLRF)
Warning[203] C:\USERS\JULIT\DOCUMENTS\GITHUB\MICROS-\PROJECT1.X\TRY1.ASM 345 : Found opcode in column 1. (CLRF)
Warning[203] C:\USERS\JULIT\DOCUMENTS\GITHUB\MICROS-\PROJECT1.X\TRY1.ASM 346 : Found opcode in column 1. (CLRF)
Warning[203] C:\USERS\JULIT\DOCUMENTS\GITHUB\MICROS-\PROJECT1.X\TRY1.ASM 347 : Found opcode in column 1. (CLRF)
Warning[203] C:\USERS\JULIT\DOCUMENTS\GITHUB\MICROS-\PROJECT1.X\TRY1.ASM 348 : Found opcode in column 1. (CLRF)
Warning[203] C:\USERS\JULIT\DOCUMENTS\GITHUB\MICROS-\PROJECT1.X\TRY1.ASM 349 : Found opcode in column 1. (CLRF)
Warning[203] C:\USERS\JULIT\DOCUMENTS\GITHUB\MICROS-\PROJECT1.X\TRY1.ASM 350 : Found opcode in column 1. (MOVLW)
Warning[203] C:\USERS\JULIT\DOCUMENTS\GITHUB\MICROS-\PROJECT1.X\TRY1.ASM 351 : Found opcode in column 1. (MOVWF)
Warning[203] C:\USERS\JULIT\DOCUMENTS\GITHUB\MICROS-\PROJECT1.X\TRY1.ASM 352 : Found opcode in column 1. (GOTO)
Warning[207] C:\USERS\JULIT\DOCUMENTS\GITHUB\MICROS-\PROJECT1.X\TRY1.ASM 360 : Found label after column 1. (LOOPHORA)
Warning[207] C:\USERS\JULIT\DOCUMENTS\GITHUB\MICROS-\PROJECT1.X\TRY1.ASM 376 : Found label after column 1. (LOOPMES)
Warning[207] C:\USERS\JULIT\DOCUMENTS\GITHUB\MICROS-\PROJECT1.X\TRY1.ASM 391 : Found label after column 1. (LOOP_MOD_HORA)
Warning[207] C:\USERS\JULIT\DOCUMENTS\GITHUB\MICROS-\PROJECT1.X\TRY1.ASM 411 : Found label after column 1. (LOOP_MOD_MES)
Warning[207] C:\USERS\JULIT\DOCUMENTS\GITHUB\MICROS-\PROJECT1.X\TRY1.ASM 430 : Found label after column 1. (LOOP_MODALARMA)
Warning[207] C:\USERS\JULIT\DOCUMENTS\GITHUB\MICROS-\PROJECT1.X\TRY1.ASM 450 : Found label after column 1. (LOOP_ALARMA)
Message[305] C:\USERS\JULIT\DOCUMENTS\GITHUB\MICROS-\PROJECT1.X\TRY1.ASM 462 : Using default destination of 1 (file).
Warning[207] C:\USERS\JULIT\DOCUMENTS\GITHUB\MICROS-\PROJECT1.X\TRY1.ASM 472 : Found label after column 1. (RESETLOOP)
Message[305] C:\USERS\JULIT\DOCUMENTS\GITHUB\MICROS-\PROJECT1.X\TRY1.ASM 477 : Using default destination of 1 (file).
Warning[203] C:\USERS\JULIT\DOCUMENTS\GITHUB\MICROS-\PROJECT1.X\TRY1.ASM 489 : Found opcode in column 1. (MOVF)
Warning[203] C:\USERS\JULIT\DOCUMENTS\GITHUB\MICROS-\PROJECT1.X\TRY1.ASM 490 : Found opcode in column 1. (SUBLW)
Warning[203] C:\USERS\JULIT\DOCUMENTS\GITHUB\MICROS-\PROJECT1.X\TRY1.ASM 491 : Found opcode in column 1. (BTFSC)
Warning[203] C:\USERS\JULIT\DOCUMENTS\GITHUB\MICROS-\PROJECT1.X\TRY1.ASM 492 : Found opcode in column 1. (GOTO)
Warning[203] C:\USERS\JULIT\DOCUMENTS\GITHUB\MICROS-\PROJECT1.X\TRY1.ASM 493 : Found opcode in column 1. (RETURN)
Warning[203] C:\USERS\JULIT\DOCUMENTS\GITHUB\MICROS-\PROJECT1.X\TRY1.ASM 494 : Found opcode in column 1. (INCF)
Message[305] C:\USERS\JULIT\DOCUMENTS\GITHUB\MICROS-\PROJECT1.X\TRY1.ASM 494 : Using default destination of 1 (file).
Warning[203] C:\USERS\JULIT\DOCUMENTS\GITHUB\MICROS-\PROJECT1.X\TRY1.ASM 495 : Found opcode in column 1. (CLRF)
Warning[203] C:\USERS\JULIT\DOCUMENTS\GITHUB\MICROS-\PROJECT1.X\TRY1.ASM 496 : Found opcode in column 1. (MOVF)
Warning[203] C:\USERS\JULIT\DOCUMENTS\GITHUB\MICROS-\PROJECT1.X\TRY1.ASM 497 : Found opcode in column 1. (SUBLW)
Warning[203] C:\USERS\JULIT\DOCUMENTS\GITHUB\MICROS-\PROJECT1.X\TRY1.ASM 498 : Found opcode in column 1. (BTFSC)
Warning[203] C:\USERS\JULIT\DOCUMENTS\GITHUB\MICROS-\PROJECT1.X\TRY1.ASM 499 : Found opcode in column 1. (GOTO)
Warning[203] C:\USERS\JULIT\DOCUMENTS\GITHUB\MICROS-\PROJECT1.X\TRY1.ASM 500 : Found opcode in column 1. (RETURN)
Warning[203] C:\USERS\JULIT\DOCUMENTS\GITHUB\MICROS-\PROJECT1.X\TRY1.ASM 501 : Found opcode in column 1. (INCF)
Message[305] C:\USERS\JULIT\DOCUMENTS\GITHUB\MICROS-\PROJECT1.X\TRY1.ASM 501 : Using default destination of 1 (file).
Warning[203] C:\USERS\JULIT\DOCUMENTS\GITHUB\MICROS-\PROJECT1.X\TRY1.ASM 502 : Found opcode in column 1. (CLRF)
Warning[203] C:\USERS\JULIT\DOCUMENTS\GITHUB\MICROS-\PROJECT1.X\TRY1.ASM 503 : Found opcode in column 1. (RETURN)
Warning[203] C:\USERS\JULIT\DOCUMENTS\GITHUB\MICROS-\PROJECT1.X\TRY1.ASM 505 : Found opcode in column 1. (INCF)
Message[305] C:\USERS\JULIT\DOCUMENTS\GITHUB\MICROS-\PROJECT1.X\TRY1.ASM 505 : Using default destination of 1 (file).
Warning[203] C:\USERS\JULIT\DOCUMENTS\GITHUB\MICROS-\PROJECT1.X\TRY1.ASM 506 : Found opcode in column 1. (MOVF)
Warning[203] C:\USERS\JULIT\DOCUMENTS\GITHUB\MICROS-\PROJECT1.X\TRY1.ASM 507 : Found opcode in column 1. (SUBLW)
Warning[203] C:\USERS\JULIT\DOCUMENTS\GITHUB\MICROS-\PROJECT1.X\TRY1.ASM 508 : Found opcode in column 1. (BTFSC)
Warning[203] C:\USERS\JULIT\DOCUMENTS\GITHUB\MICROS-\PROJECT1.X\TRY1.ASM 509 : Found opcode in column 1. (GOTO)
Warning[203] C:\USERS\JULIT\DOCUMENTS\GITHUB\MICROS-\PROJECT1.X\TRY1.ASM 510 : Found opcode in column 1. (RETURN)
Warning[203] C:\USERS\JULIT\DOCUMENTS\GITHUB\MICROS-\PROJECT1.X\TRY1.ASM 511 : Found opcode in column 1. (BSF)
Warning[203] C:\USERS\JULIT\DOCUMENTS\GITHUB\MICROS-\PROJECT1.X\TRY1.ASM 512 : Found opcode in column 1. (RETURN)
Warning[203] C:\USERS\JULIT\DOCUMENTS\GITHUB\MICROS-\PROJECT1.X\TRY1.ASM 514 : Found opcode in column 1. (INCF)
Message[305] C:\USERS\JULIT\DOCUMENTS\GITHUB\MICROS-\PROJECT1.X\TRY1.ASM 514 : Using default destination of 1 (file).
Warning[203] C:\USERS\JULIT\DOCUMENTS\GITHUB\MICROS-\PROJECT1.X\TRY1.ASM 515 : Found opcode in column 1. (MOVF)
Warning[203] C:\USERS\JULIT\DOCUMENTS\GITHUB\MICROS-\PROJECT1.X\TRY1.ASM 516 : Found opcode in column 1. (SUBLW)
Warning[203] C:\USERS\JULIT\DOCUMENTS\GITHUB\MICROS-\PROJECT1.X\TRY1.ASM 517 : Found opcode in column 1. (BTFSC)
Warning[203] C:\USERS\JULIT\DOCUMENTS\GITHUB\MICROS-\PROJECT1.X\TRY1.ASM 518 : Found opcode in column 1. (GOTO)
Warning[203] C:\USERS\JULIT\DOCUMENTS\GITHUB\MICROS-\PROJECT1.X\TRY1.ASM 519 : Found opcode in column 1. (RETURN)
Warning[203] C:\USERS\JULIT\DOCUMENTS\GITHUB\MICROS-\PROJECT1.X\TRY1.ASM 520 : Found opcode in column 1. (CLRF)
Warning[203] C:\USERS\JULIT\DOCUMENTS\GITHUB\MICROS-\PROJECT1.X\TRY1.ASM 521 : Found opcode in column 1. (DECF)
Message[305] C:\USERS\JULIT\DOCUMENTS\GITHUB\MICROS-\PROJECT1.X\TRY1.ASM 521 : Using default destination of 1 (file).
Warning[203] C:\USERS\JULIT\DOCUMENTS\GITHUB\MICROS-\PROJECT1.X\TRY1.ASM 522 : Found opcode in column 1. (RETURN)
Warning[207] C:\USERS\JULIT\DOCUMENTS\GITHUB\MICROS-\PROJECT1.X\TRY1.ASM 526 : Found label after column 1. (PRE_CARGA_RESET)
Message[305] C:\USERS\JULIT\DOCUMENTS\GITHUB\MICROS-\PROJECT1.X\TRY1.ASM 529 : Using default destination of 1 (file).
Warning[207] C:\USERS\JULIT\DOCUMENTS\GITHUB\MICROS-\PROJECT1.X\TRY1.ASM 532 : Found label after column 1. (PRE_CARGA1)
Message[305] C:\USERS\JULIT\DOCUMENTS\GITHUB\MICROS-\PROJECT1.X\TRY1.ASM 535 : Using default destination of 1 (file).
Warning[207] C:\USERS\JULIT\DOCUMENTS\GITHUB\MICROS-\PROJECT1.X\TRY1.ASM 537 : Found label after column 1. (PRE_CARGA2)
Message[305] C:\USERS\JULIT\DOCUMENTS\GITHUB\MICROS-\PROJECT1.X\TRY1.ASM 540 : Using default destination of 1 (file).
Warning[207] C:\USERS\JULIT\DOCUMENTS\GITHUB\MICROS-\PROJECT1.X\TRY1.ASM 542 : Found label after column 1. (PRE_CARGA3)
Message[305] C:\USERS\JULIT\DOCUMENTS\GITHUB\MICROS-\PROJECT1.X\TRY1.ASM 545 : Using default destination of 1 (file).
Warning[207] C:\USERS\JULIT\DOCUMENTS\GITHUB\MICROS-\PROJECT1.X\TRY1.ASM 547 : Found label after column 1. (PRE_CARGA4)
Warning[207] C:\USERS\JULIT\DOCUMENTS\GITHUB\MICROS-\PROJECT1.X\TRY1.ASM 553 : Found label after column 1. (ALARMACERO)
Warning[203] C:\USERS\JULIT\DOCUMENTS\GITHUB\MICROS-\PROJECT1.X\TRY1.ASM 558 : Found opcode in column 1. (RETURN)
Warning[203] C:\USERS\JULIT\DOCUMENTS\GITHUB\MICROS-\PROJECT1.X\TRY1.ASM 563 : Found opcode in column 1. (RETURN)
Warning[203] C:\USERS\JULIT\DOCUMENTS\GITHUB\MICROS-\PROJECT1.X\TRY1.ASM 568 : Found opcode in column 1. (RETURN)
Warning[207] C:\USERS\JULIT\DOCUMENTS\GITHUB\MICROS-\PROJECT1.X\TRY1.ASM 577 : Found label after column 1. (ALARMADUDU)
Warning[203] C:\USERS\JULIT\DOCUMENTS\GITHUB\MICROS-\PROJECT1.X\TRY1.ASM 597 : Found opcode in column 1. (RETURN)
Message[305] C:\USERS\JULIT\DOCUMENTS\GITHUB\MICROS-\PROJECT1.X\TRY1.ASM 601 : Using default destination of 1 (file).
Warning[203] C:\USERS\JULIT\DOCUMENTS\GITHUB\MICROS-\PROJECT1.X\TRY1.ASM 606 : Found opcode in column 1. (RETURN)
Message[305] C:\USERS\JULIT\DOCUMENTS\GITHUB\MICROS-\PROJECT1.X\TRY1.ASM 611 : Using default destination of 1 (file).
Warning[203] C:\USERS\JULIT\DOCUMENTS\GITHUB\MICROS-\PROJECT1.X\TRY1.ASM 616 : Found opcode in column 1. (RETURN)
Message[305] C:\USERS\JULIT\DOCUMENTS\GITHUB\MICROS-\PROJECT1.X\TRY1.ASM 620 : Using default destination of 1 (file).
Warning[203] C:\USERS\JULIT\DOCUMENTS\GITHUB\MICROS-\PROJECT1.X\TRY1.ASM 625 : Found opcode in column 1. (RETURN)
Warning[203] C:\USERS\JULIT\DOCUMENTS\GITHUB\MICROS-\PROJECT1.X\TRY1.ASM 630 : Found opcode in column 1. (RETURN)
Warning[207] C:\USERS\JULIT\DOCUMENTS\GITHUB\MICROS-\PROJECT1.X\TRY1.ASM 636 : Found label after column 1. (SUMA_ESTADO)
Message[305] C:\USERS\JULIT\DOCUMENTS\GITHUB\MICROS-\PROJECT1.X\TRY1.ASM 643 : Using default destination of 1 (file).
Warning[207] C:\USERS\JULIT\DOCUMENTS\GITHUB\MICROS-\PROJECT1.X\TRY1.ASM 645 : Found label after column 1. (SUMA)
Message[305] C:\USERS\JULIT\DOCUMENTS\GITHUB\MICROS-\PROJECT1.X\TRY1.ASM 652 : Using default destination of 1 (file).
Warning[207] C:\USERS\JULIT\DOCUMENTS\GITHUB\MICROS-\PROJECT1.X\TRY1.ASM 654 : Found label after column 1. (SUMA_)
Message[305] C:\USERS\JULIT\DOCUMENTS\GITHUB\MICROS-\PROJECT1.X\TRY1.ASM 661 : Using default destination of 1 (file).
Warning[207] C:\USERS\JULIT\DOCUMENTS\GITHUB\MICROS-\PROJECT1.X\TRY1.ASM 663 : Found label after column 1. (MEN)
Message[305] C:\USERS\JULIT\DOCUMENTS\GITHUB\MICROS-\PROJECT1.X\TRY1.ASM 670 : Using default destination of 1 (file).
Warning[207] C:\USERS\JULIT\DOCUMENTS\GITHUB\MICROS-\PROJECT1.X\TRY1.ASM 672 : Found label after column 1. (MEN_)
Message[305] C:\USERS\JULIT\DOCUMENTS\GITHUB\MICROS-\PROJECT1.X\TRY1.ASM 679 : Using default destination of 1 (file).
Warning[207] C:\USERS\JULIT\DOCUMENTS\GITHUB\MICROS-\PROJECT1.X\TRY1.ASM 681 : Found label after column 1. (SUMA2)
Message[305] C:\USERS\JULIT\DOCUMENTS\GITHUB\MICROS-\PROJECT1.X\TRY1.ASM 688 : Using default destination of 1 (file).
Warning[207] C:\USERS\JULIT\DOCUMENTS\GITHUB\MICROS-\PROJECT1.X\TRY1.ASM 690 : Found label after column 1. (SUMA2_)
Message[305] C:\USERS\JULIT\DOCUMENTS\GITHUB\MICROS-\PROJECT1.X\TRY1.ASM 697 : Using default destination of 1 (file).
Warning[207] C:\USERS\JULIT\DOCUMENTS\GITHUB\MICROS-\PROJECT1.X\TRY1.ASM 698 : Found label after column 1. (MEN2)
Message[305] C:\USERS\JULIT\DOCUMENTS\GITHUB\MICROS-\PROJECT1.X\TRY1.ASM 705 : Using default destination of 1 (file).
Warning[207] C:\USERS\JULIT\DOCUMENTS\GITHUB\MICROS-\PROJECT1.X\TRY1.ASM 707 : Found label after column 1. (MEN2_)
Message[305] C:\USERS\JULIT\DOCUMENTS\GITHUB\MICROS-\PROJECT1.X\TRY1.ASM 714 : Using default destination of 1 (file).
Warning[207] C:\USERS\JULIT\DOCUMENTS\GITHUB\MICROS-\PROJECT1.X\TRY1.ASM 716 : Found label after column 1. (SUMAA)
Message[305] C:\USERS\JULIT\DOCUMENTS\GITHUB\MICROS-\PROJECT1.X\TRY1.ASM 723 : Using default destination of 1 (file).
Warning[207] C:\USERS\JULIT\DOCUMENTS\GITHUB\MICROS-\PROJECT1.X\TRY1.ASM 725 : Found label after column 1. (SUMAA_)
Message[305] C:\USERS\JULIT\DOCUMENTS\GITHUB\MICROS-\PROJECT1.X\TRY1.ASM 732 : Using default destination of 1 (file).
Warning[207] C:\USERS\JULIT\DOCUMENTS\GITHUB\MICROS-\PROJECT1.X\TRY1.ASM 733 : Found label after column 1. (MENA)
Message[305] C:\USERS\JULIT\DOCUMENTS\GITHUB\MICROS-\PROJECT1.X\TRY1.ASM 740 : Using default destination of 1 (file).
Warning[207] C:\USERS\JULIT\DOCUMENTS\GITHUB\MICROS-\PROJECT1.X\TRY1.ASM 742 : Found label after column 1. (MENA_)
Message[305] C:\USERS\JULIT\DOCUMENTS\GITHUB\MICROS-\PROJECT1.X\TRY1.ASM 749 : Using default destination of 1 (file).
Warning[207] C:\USERS\JULIT\DOCUMENTS\GITHUB\MICROS-\PROJECT1.X\TRY1.ASM 751 : Found label after column 1. (CHANGEALARMA)
Warning[207] C:\USERS\JULIT\DOCUMENTS\GITHUB\MICROS-\PROJECT1.X\TRY1.ASM 765 : Found label after column 1. (UNDERZERO)
Warning[207] C:\USERS\JULIT\DOCUMENTS\GITHUB\MICROS-\PROJECT1.X\TRY1.ASM 769 : Found label after column 1. (UNDERZERO2)
Warning[207] C:\USERS\JULIT\DOCUMENTS\GITHUB\MICROS-\PROJECT1.X\TRY1.ASM 777 : Found label after column 1. (INCREMENTUNOS)
Warning[207] C:\USERS\JULIT\DOCUMENTS\GITHUB\MICROS-\PROJECT1.X\TRY1.ASM 802 : Found label after column 1. (HORARESET2)
Message[305] C:\USERS\JULIT\DOCUMENTS\GITHUB\MICROS-\PROJECT1.X\TRY1.ASM 804 : Using default destination of 1 (file).
Message[305] C:\USERS\JULIT\DOCUMENTS\GITHUB\MICROS-\PROJECT1.X\TRY1.ASM 805 : Using default destination of 1 (file).
Warning[207] C:\USERS\JULIT\DOCUMENTS\GITHUB\MICROS-\PROJECT1.X\TRY1.ASM 808 : Found label after column 1. (HORARESET)
Message[305] C:\USERS\JULIT\DOCUMENTS\GITHUB\MICROS-\PROJECT1.X\TRY1.ASM 811 : Using default destination of 1 (file).
Message[305] C:\USERS\JULIT\DOCUMENTS\GITHUB\MICROS-\PROJECT1.X\TRY1.ASM 812 : Using default destination of 1 (file).
Warning[207] C:\USERS\JULIT\DOCUMENTS\GITHUB\MICROS-\PROJECT1.X\TRY1.ASM 818 : Found label after column 1. (MESRESET)
Message[305] C:\USERS\JULIT\DOCUMENTS\GITHUB\MICROS-\PROJECT1.X\TRY1.ASM 821 : Using default destination of 1 (file).
Warning[207] C:\USERS\JULIT\DOCUMENTS\GITHUB\MICROS-\PROJECT1.X\TRY1.ASM 823 : Found label after column 1. (MESRESET_H)
Warning[207] C:\USERS\JULIT\DOCUMENTS\GITHUB\MICROS-\PROJECT1.X\TRY1.ASM 831 : Found label after column 1. (ENE)
Warning[207] C:\USERS\JULIT\DOCUMENTS\GITHUB\MICROS-\PROJECT1.X\TRY1.ASM 832 : Found label after column 1. (INCREMENTUNOS_MES)
Warning[203] C:\USERS\JULIT\DOCUMENTS\GITHUB\MICROS-\PROJECT1.X\TRY1.ASM 835 : Found opcode in column 1. (CALL)
Warning[203] C:\USERS\JULIT\DOCUMENTS\GITHUB\MICROS-\PROJECT1.X\TRY1.ASM 841 : Found opcode in column 1. (CALL)
Warning[203] C:\USERS\JULIT\DOCUMENTS\GITHUB\MICROS-\PROJECT1.X\TRY1.ASM 854 : Found opcode in column 1. (RETURN)
Message[305] C:\USERS\JULIT\DOCUMENTS\GITHUB\MICROS-\PROJECT1.X\TRY1.ASM 856 : Using default destination of 1 (file).
Warning[203] C:\USERS\JULIT\DOCUMENTS\GITHUB\MICROS-\PROJECT1.X\TRY1.ASM 867 : Found opcode in column 1. (RETURN)
Warning[207] C:\USERS\JULIT\DOCUMENTS\GITHUB\MICROS-\PROJECT1.X\TRY1.ASM 868 : Found label after column 1. (MESCERO)
Message[305] C:\USERS\JULIT\DOCUMENTS\GITHUB\MICROS-\PROJECT1.X\TRY1.ASM 871 : Using default destination of 1 (file).
Message[305] C:\USERS\JULIT\DOCUMENTS\GITHUB\MICROS-\PROJECT1.X\TRY1.ASM 872 : Using default destination of 1 (file).
Warning[207] C:\USERS\JULIT\DOCUMENTS\GITHUB\MICROS-\PROJECT1.X\TRY1.ASM 874 : Found label after column 1. (FEB)
Warning[207] C:\USERS\JULIT\DOCUMENTS\GITHUB\MICROS-\PROJECT1.X\TRY1.ASM 875 : Found label after column 1. (INCREMENTUNOS_MESFEB)
Warning[203] C:\USERS\JULIT\DOCUMENTS\GITHUB\MICROS-\PROJECT1.X\TRY1.ASM 878 : Found opcode in column 1. (CALL)
Warning[203] C:\USERS\JULIT\DOCUMENTS\GITHUB\MICROS-\PROJECT1.X\TRY1.ASM 884 : Found opcode in column 1. (CALL)
Warning[203] C:\USERS\JULIT\DOCUMENTS\GITHUB\MICROS-\PROJECT1.X\TRY1.ASM 897 : Found opcode in column 1. (RETURN)
Message[305] C:\USERS\JULIT\DOCUMENTS\GITHUB\MICROS-\PROJECT1.X\TRY1.ASM 899 : Using default destination of 1 (file).
Warning[203] C:\USERS\JULIT\DOCUMENTS\GITHUB\MICROS-\PROJECT1.X\TRY1.ASM 910 : Found opcode in column 1. (RETURN)
Warning[207] C:\USERS\JULIT\DOCUMENTS\GITHUB\MICROS-\PROJECT1.X\TRY1.ASM 911 : Found label after column 1. (MESCEROFEB)
Message[305] C:\USERS\JULIT\DOCUMENTS\GITHUB\MICROS-\PROJECT1.X\TRY1.ASM 914 : Using default destination of 1 (file).
Message[305] C:\USERS\JULIT\DOCUMENTS\GITHUB\MICROS-\PROJECT1.X\TRY1.ASM 915 : Using default destination of 1 (file).
Warning[207] C:\USERS\JULIT\DOCUMENTS\GITHUB\MICROS-\PROJECT1.X\TRY1.ASM 918 : Found label after column 1. (MAR)
Warning[207] C:\USERS\JULIT\DOCUMENTS\GITHUB\MICROS-\PROJECT1.X\TRY1.ASM 919 : Found label after column 1. (INCREMENTUNOS_MESMAR)
Warning[203] C:\USERS\JULIT\DOCUMENTS\GITHUB\MICROS-\PROJECT1.X\TRY1.ASM 922 : Found opcode in column 1. (CALL)
Warning[203] C:\USERS\JULIT\DOCUMENTS\GITHUB\MICROS-\PROJECT1.X\TRY1.ASM 928 : Found opcode in column 1. (CALL)
Warning[203] C:\USERS\JULIT\DOCUMENTS\GITHUB\MICROS-\PROJECT1.X\TRY1.ASM 941 : Found opcode in column 1. (RETURN)
Message[305] C:\USERS\JULIT\DOCUMENTS\GITHUB\MICROS-\PROJECT1.X\TRY1.ASM 943 : Using default destination of 1 (file).
Warning[203] C:\USERS\JULIT\DOCUMENTS\GITHUB\MICROS-\PROJECT1.X\TRY1.ASM 954 : Found opcode in column 1. (RETURN)
Warning[207] C:\USERS\JULIT\DOCUMENTS\GITHUB\MICROS-\PROJECT1.X\TRY1.ASM 955 : Found label after column 1. (MESCEROMAR)
Message[305] C:\USERS\JULIT\DOCUMENTS\GITHUB\MICROS-\PROJECT1.X\TRY1.ASM 958 : Using default destination of 1 (file).
Message[305] C:\USERS\JULIT\DOCUMENTS\GITHUB\MICROS-\PROJECT1.X\TRY1.ASM 959 : Using default destination of 1 (file).
Warning[207] C:\USERS\JULIT\DOCUMENTS\GITHUB\MICROS-\PROJECT1.X\TRY1.ASM 961 : Found label after column 1. (ABR)
Warning[207] C:\USERS\JULIT\DOCUMENTS\GITHUB\MICROS-\PROJECT1.X\TRY1.ASM 962 : Found label after column 1. (INCREMENTUNOS_MESABRI)
Warning[203] C:\USERS\JULIT\DOCUMENTS\GITHUB\MICROS-\PROJECT1.X\TRY1.ASM 965 : Found opcode in column 1. (CALL)
Warning[203] C:\USERS\JULIT\DOCUMENTS\GITHUB\MICROS-\PROJECT1.X\TRY1.ASM 971 : Found opcode in column 1. (CALL)
Warning[203] C:\USERS\JULIT\DOCUMENTS\GITHUB\MICROS-\PROJECT1.X\TRY1.ASM 984 : Found opcode in column 1. (RETURN)
Message[305] C:\USERS\JULIT\DOCUMENTS\GITHUB\MICROS-\PROJECT1.X\TRY1.ASM 986 : Using default destination of 1 (file).
Warning[203] C:\USERS\JULIT\DOCUMENTS\GITHUB\MICROS-\PROJECT1.X\TRY1.ASM 997 : Found opcode in column 1. (RETURN)
Warning[207] C:\USERS\JULIT\DOCUMENTS\GITHUB\MICROS-\PROJECT1.X\TRY1.ASM 998 : Found label after column 1. (MESCEROABRI)
Message[305] C:\USERS\JULIT\DOCUMENTS\GITHUB\MICROS-\PROJECT1.X\TRY1.ASM 1001 : Using default destination of 1 (file).
Message[305] C:\USERS\JULIT\DOCUMENTS\GITHUB\MICROS-\PROJECT1.X\TRY1.ASM 1002 : Using default destination of 1 (file).
Warning[207] C:\USERS\JULIT\DOCUMENTS\GITHUB\MICROS-\PROJECT1.X\TRY1.ASM 1004 : Found label after column 1. (MAY)
Warning[207] C:\USERS\JULIT\DOCUMENTS\GITHUB\MICROS-\PROJECT1.X\TRY1.ASM 1005 : Found label after column 1. (INCREMENTUNOS_MESMAY)
Warning[203] C:\USERS\JULIT\DOCUMENTS\GITHUB\MICROS-\PROJECT1.X\TRY1.ASM 1008 : Found opcode in column 1. (CALL)
Warning[203] C:\USERS\JULIT\DOCUMENTS\GITHUB\MICROS-\PROJECT1.X\TRY1.ASM 1014 : Found opcode in column 1. (CALL)
Warning[203] C:\USERS\JULIT\DOCUMENTS\GITHUB\MICROS-\PROJECT1.X\TRY1.ASM 1027 : Found opcode in column 1. (RETURN)
Message[305] C:\USERS\JULIT\DOCUMENTS\GITHUB\MICROS-\PROJECT1.X\TRY1.ASM 1029 : Using default destination of 1 (file).
Warning[203] C:\USERS\JULIT\DOCUMENTS\GITHUB\MICROS-\PROJECT1.X\TRY1.ASM 1040 : Found opcode in column 1. (RETURN)
Warning[207] C:\USERS\JULIT\DOCUMENTS\GITHUB\MICROS-\PROJECT1.X\TRY1.ASM 1041 : Found label after column 1. (MESCEROMAY)
Message[305] C:\USERS\JULIT\DOCUMENTS\GITHUB\MICROS-\PROJECT1.X\TRY1.ASM 1044 : Using default destination of 1 (file).
Message[305] C:\USERS\JULIT\DOCUMENTS\GITHUB\MICROS-\PROJECT1.X\TRY1.ASM 1045 : Using default destination of 1 (file).
Warning[207] C:\USERS\JULIT\DOCUMENTS\GITHUB\MICROS-\PROJECT1.X\TRY1.ASM 1047 : Found label after column 1. (JUN)
Warning[207] C:\USERS\JULIT\DOCUMENTS\GITHUB\MICROS-\PROJECT1.X\TRY1.ASM 1048 : Found label after column 1. (INCREMENTUNOS_MESJUN)
Warning[203] C:\USERS\JULIT\DOCUMENTS\GITHUB\MICROS-\PROJECT1.X\TRY1.ASM 1051 : Found opcode in column 1. (CALL)
Warning[203] C:\USERS\JULIT\DOCUMENTS\GITHUB\MICROS-\PROJECT1.X\TRY1.ASM 1057 : Found opcode in column 1. (CALL)
Warning[203] C:\USERS\JULIT\DOCUMENTS\GITHUB\MICROS-\PROJECT1.X\TRY1.ASM 1070 : Found opcode in column 1. (RETURN)
Message[305] C:\USERS\JULIT\DOCUMENTS\GITHUB\MICROS-\PROJECT1.X\TRY1.ASM 1072 : Using default destination of 1 (file).
Warning[203] C:\USERS\JULIT\DOCUMENTS\GITHUB\MICROS-\PROJECT1.X\TRY1.ASM 1083 : Found opcode in column 1. (RETURN)
Warning[207] C:\USERS\JULIT\DOCUMENTS\GITHUB\MICROS-\PROJECT1.X\TRY1.ASM 1084 : Found label after column 1. (MESCEROJUN)
Message[305] C:\USERS\JULIT\DOCUMENTS\GITHUB\MICROS-\PROJECT1.X\TRY1.ASM 1087 : Using default destination of 1 (file).
Message[305] C:\USERS\JULIT\DOCUMENTS\GITHUB\MICROS-\PROJECT1.X\TRY1.ASM 1088 : Using default destination of 1 (file).
Warning[207] C:\USERS\JULIT\DOCUMENTS\GITHUB\MICROS-\PROJECT1.X\TRY1.ASM 1090 : Found label after column 1. (JUL)
Warning[207] C:\USERS\JULIT\DOCUMENTS\GITHUB\MICROS-\PROJECT1.X\TRY1.ASM 1091 : Found label after column 1. (INCREMENTUNOS_MESJUL)
Warning[203] C:\USERS\JULIT\DOCUMENTS\GITHUB\MICROS-\PROJECT1.X\TRY1.ASM 1094 : Found opcode in column 1. (CALL)
Warning[203] C:\USERS\JULIT\DOCUMENTS\GITHUB\MICROS-\PROJECT1.X\TRY1.ASM 1100 : Found opcode in column 1. (CALL)
Warning[203] C:\USERS\JULIT\DOCUMENTS\GITHUB\MICROS-\PROJECT1.X\TRY1.ASM 1113 : Found opcode in column 1. (RETURN)
Message[305] C:\USERS\JULIT\DOCUMENTS\GITHUB\MICROS-\PROJECT1.X\TRY1.ASM 1115 : Using default destination of 1 (file).
Warning[203] C:\USERS\JULIT\DOCUMENTS\GITHUB\MICROS-\PROJECT1.X\TRY1.ASM 1126 : Found opcode in column 1. (RETURN)
Warning[207] C:\USERS\JULIT\DOCUMENTS\GITHUB\MICROS-\PROJECT1.X\TRY1.ASM 1127 : Found label after column 1. (MESCEROJUL)
Message[305] C:\USERS\JULIT\DOCUMENTS\GITHUB\MICROS-\PROJECT1.X\TRY1.ASM 1130 : Using default destination of 1 (file).
Message[305] C:\USERS\JULIT\DOCUMENTS\GITHUB\MICROS-\PROJECT1.X\TRY1.ASM 1131 : Using default destination of 1 (file).
Warning[207] C:\USERS\JULIT\DOCUMENTS\GITHUB\MICROS-\PROJECT1.X\TRY1.ASM 1133 : Found label after column 1. (AGO)
Warning[207] C:\USERS\JULIT\DOCUMENTS\GITHUB\MICROS-\PROJECT1.X\TRY1.ASM 1134 : Found label after column 1. (INCREMENTUNOS_MESAGO)
Warning[203] C:\USERS\JULIT\DOCUMENTS\GITHUB\MICROS-\PROJECT1.X\TRY1.ASM 1137 : Found opcode in column 1. (CALL)
Warning[203] C:\USERS\JULIT\DOCUMENTS\GITHUB\MICROS-\PROJECT1.X\TRY1.ASM 1143 : Found opcode in column 1. (CALL)
Warning[203] C:\USERS\JULIT\DOCUMENTS\GITHUB\MICROS-\PROJECT1.X\TRY1.ASM 1156 : Found opcode in column 1. (RETURN)
Message[305] C:\USERS\JULIT\DOCUMENTS\GITHUB\MICROS-\PROJECT1.X\TRY1.ASM 1158 : Using default destination of 1 (file).
Warning[203] C:\USERS\JULIT\DOCUMENTS\GITHUB\MICROS-\PROJECT1.X\TRY1.ASM 1169 : Found opcode in column 1. (RETURN)
Warning[207] C:\USERS\JULIT\DOCUMENTS\GITHUB\MICROS-\PROJECT1.X\TRY1.ASM 1170 : Found label after column 1. (MESCEROAGO)
Message[305] C:\USERS\JULIT\DOCUMENTS\GITHUB\MICROS-\PROJECT1.X\TRY1.ASM 1173 : Using default destination of 1 (file).
Message[305] C:\USERS\JULIT\DOCUMENTS\GITHUB\MICROS-\PROJECT1.X\TRY1.ASM 1174 : Using default destination of 1 (file).
Warning[207] C:\USERS\JULIT\DOCUMENTS\GITHUB\MICROS-\PROJECT1.X\TRY1.ASM 1176 : Found label after column 1. (SEP)
Warning[207] C:\USERS\JULIT\DOCUMENTS\GITHUB\MICROS-\PROJECT1.X\TRY1.ASM 1177 : Found label after column 1. (INCREMENTUNOS_MESSEP)
Warning[203] C:\USERS\JULIT\DOCUMENTS\GITHUB\MICROS-\PROJECT1.X\TRY1.ASM 1180 : Found opcode in column 1. (CALL)
Warning[203] C:\USERS\JULIT\DOCUMENTS\GITHUB\MICROS-\PROJECT1.X\TRY1.ASM 1186 : Found opcode in column 1. (CALL)
Warning[203] C:\USERS\JULIT\DOCUMENTS\GITHUB\MICROS-\PROJECT1.X\TRY1.ASM 1199 : Found opcode in column 1. (RETURN)
Message[305] C:\USERS\JULIT\DOCUMENTS\GITHUB\MICROS-\PROJECT1.X\TRY1.ASM 1201 : Using default destination of 1 (file).
Warning[203] C:\USERS\JULIT\DOCUMENTS\GITHUB\MICROS-\PROJECT1.X\TRY1.ASM 1212 : Found opcode in column 1. (RETURN)
Warning[207] C:\USERS\JULIT\DOCUMENTS\GITHUB\MICROS-\PROJECT1.X\TRY1.ASM 1213 : Found label after column 1. (MESCEROSEP)
Message[305] C:\USERS\JULIT\DOCUMENTS\GITHUB\MICROS-\PROJECT1.X\TRY1.ASM 1216 : Using default destination of 1 (file).
Message[305] C:\USERS\JULIT\DOCUMENTS\GITHUB\MICROS-\PROJECT1.X\TRY1.ASM 1217 : Using default destination of 1 (file).
Warning[207] C:\USERS\JULIT\DOCUMENTS\GITHUB\MICROS-\PROJECT1.X\TRY1.ASM 1219 : Found label after column 1. (OCT)
Warning[207] C:\USERS\JULIT\DOCUMENTS\GITHUB\MICROS-\PROJECT1.X\TRY1.ASM 1220 : Found label after column 1. (INCREMENTUNOS_MESOCT)
Warning[203] C:\USERS\JULIT\DOCUMENTS\GITHUB\MICROS-\PROJECT1.X\TRY1.ASM 1224 : Found opcode in column 1. (CALL)
Warning[203] C:\USERS\JULIT\DOCUMENTS\GITHUB\MICROS-\PROJECT1.X\TRY1.ASM 1231 : Found opcode in column 1. (CALL)
Warning[203] C:\USERS\JULIT\DOCUMENTS\GITHUB\MICROS-\PROJECT1.X\TRY1.ASM 1244 : Found opcode in column 1. (RETURN)
Message[305] C:\USERS\JULIT\DOCUMENTS\GITHUB\MICROS-\PROJECT1.X\TRY1.ASM 1246 : Using default destination of 1 (file).
Warning[203] C:\USERS\JULIT\DOCUMENTS\GITHUB\MICROS-\PROJECT1.X\TRY1.ASM 1257 : Found opcode in column 1. (RETURN)
Warning[207] C:\USERS\JULIT\DOCUMENTS\GITHUB\MICROS-\PROJECT1.X\TRY1.ASM 1258 : Found label after column 1. (MESCEROOCT)
Message[305] C:\USERS\JULIT\DOCUMENTS\GITHUB\MICROS-\PROJECT1.X\TRY1.ASM 1261 : Using default destination of 1 (file).
Message[305] C:\USERS\JULIT\DOCUMENTS\GITHUB\MICROS-\PROJECT1.X\TRY1.ASM 1262 : Using default destination of 1 (file).
Warning[207] C:\USERS\JULIT\DOCUMENTS\GITHUB\MICROS-\PROJECT1.X\TRY1.ASM 1264 : Found label after column 1. (NOV)
Warning[207] C:\USERS\JULIT\DOCUMENTS\GITHUB\MICROS-\PROJECT1.X\TRY1.ASM 1265 : Found label after column 1. (INCREMENTUNOS_MESNOV)
Warning[203] C:\USERS\JULIT\DOCUMENTS\GITHUB\MICROS-\PROJECT1.X\TRY1.ASM 1268 : Found opcode in column 1. (CALL)
Warning[203] C:\USERS\JULIT\DOCUMENTS\GITHUB\MICROS-\PROJECT1.X\TRY1.ASM 1274 : Found opcode in column 1. (CALL)
Warning[203] C:\USERS\JULIT\DOCUMENTS\GITHUB\MICROS-\PROJECT1.X\TRY1.ASM 1287 : Found opcode in column 1. (RETURN)
Message[305] C:\USERS\JULIT\DOCUMENTS\GITHUB\MICROS-\PROJECT1.X\TRY1.ASM 1289 : Using default destination of 1 (file).
Warning[203] C:\USERS\JULIT\DOCUMENTS\GITHUB\MICROS-\PROJECT1.X\TRY1.ASM 1300 : Found opcode in column 1. (RETURN)
Warning[207] C:\USERS\JULIT\DOCUMENTS\GITHUB\MICROS-\PROJECT1.X\TRY1.ASM 1301 : Found label after column 1. (MESCERONOV)
Message[305] C:\USERS\JULIT\DOCUMENTS\GITHUB\MICROS-\PROJECT1.X\TRY1.ASM 1304 : Using default destination of 1 (file).
Message[305] C:\USERS\JULIT\DOCUMENTS\GITHUB\MICROS-\PROJECT1.X\TRY1.ASM 1305 : Using default destination of 1 (file).
Warning[207] C:\USERS\JULIT\DOCUMENTS\GITHUB\MICROS-\PROJECT1.X\TRY1.ASM 1307 : Found label after column 1. (DIC)
Warning[207] C:\USERS\JULIT\DOCUMENTS\GITHUB\MICROS-\PROJECT1.X\TRY1.ASM 1308 : Found label after column 1. (INCREMENTUNOS_MESDIC)
Warning[203] C:\USERS\JULIT\DOCUMENTS\GITHUB\MICROS-\PROJECT1.X\TRY1.ASM 1311 : Found opcode in column 1. (CALL)
Warning[203] C:\USERS\JULIT\DOCUMENTS\GITHUB\MICROS-\PROJECT1.X\TRY1.ASM 1318 : Found opcode in column 1. (CALL)
Warning[203] C:\USERS\JULIT\DOCUMENTS\GITHUB\MICROS-\PROJECT1.X\TRY1.ASM 1331 : Found opcode in column 1. (RETURN)
Message[305] C:\USERS\JULIT\DOCUMENTS\GITHUB\MICROS-\PROJECT1.X\TRY1.ASM 1333 : Using default destination of 1 (file).
Warning[203] C:\USERS\JULIT\DOCUMENTS\GITHUB\MICROS-\PROJECT1.X\TRY1.ASM 1344 : Found opcode in column 1. (RETURN)
Warning[207] C:\USERS\JULIT\DOCUMENTS\GITHUB\MICROS-\PROJECT1.X\TRY1.ASM 1345 : Found label after column 1. (MESCERODIC)
Message[305] C:\USERS\JULIT\DOCUMENTS\GITHUB\MICROS-\PROJECT1.X\TRY1.ASM 1348 : Using default destination of 1 (file).
Warning[207] C:\USERS\JULIT\DOCUMENTS\GITHUB\MICROS-\PROJECT1.X\TRY1.ASM 1354 : Found label after column 1. (PISHLEDS)
Warning[203] C:\USERS\JULIT\DOCUMENTS\GITHUB\MICROS-\PROJECT1.X\TRY1.ASM 1355 : Found opcode in column 1. (BCF)
Warning[203] C:\USERS\JULIT\DOCUMENTS\GITHUB\MICROS-\PROJECT1.X\TRY1.ASM 1356 : Found opcode in column 1. (BCF)
Warning[203] C:\USERS\JULIT\DOCUMENTS\GITHUB\MICROS-\PROJECT1.X\TRY1.ASM 1357 : Found opcode in column 1. (BTFSC)
Warning[203] C:\USERS\JULIT\DOCUMENTS\GITHUB\MICROS-\PROJECT1.X\TRY1.ASM 1358 : Found opcode in column 1. (GOTO)
Warning[203] C:\USERS\JULIT\DOCUMENTS\GITHUB\MICROS-\PROJECT1.X\TRY1.ASM 1360 : Found opcode in column 1. (BCF)
Warning[203] C:\USERS\JULIT\DOCUMENTS\GITHUB\MICROS-\PROJECT1.X\TRY1.ASM 1361 : Found opcode in column 1. (BCF)
Warning[203] C:\USERS\JULIT\DOCUMENTS\GITHUB\MICROS-\PROJECT1.X\TRY1.ASM 1362 : Found opcode in column 1. (GOTO)
Warning[203] C:\USERS\JULIT\DOCUMENTS\GITHUB\MICROS-\PROJECT1.X\TRY1.ASM 1364 : Found opcode in column 1. (BSF)
Warning[203] C:\USERS\JULIT\DOCUMENTS\GITHUB\MICROS-\PROJECT1.X\TRY1.ASM 1365 : Found opcode in column 1. (BSF)
Warning[203] C:\USERS\JULIT\DOCUMENTS\GITHUB\MICROS-\PROJECT1.X\TRY1.ASM 1366 : Found opcode in column 1. (GOTO)
Warning[207] C:\USERS\JULIT\DOCUMENTS\GITHUB\MICROS-\PROJECT1.X\TRY1.ASM 1367 : Found label after column 1. (TOGGLE2)
Warning[203] C:\USERS\JULIT\DOCUMENTS\GITHUB\MICROS-\PROJECT1.X\TRY1.ASM 1375 : Found opcode in column 1. (RETURN)
Warning[203] C:\USERS\JULIT\DOCUMENTS\GITHUB\MICROS-\PROJECT1.X\TRY1.ASM 1377 : Found opcode in column 1. (MOVF)
Warning[203] C:\USERS\JULIT\DOCUMENTS\GITHUB\MICROS-\PROJECT1.X\TRY1.ASM 1378 : Found opcode in column 1. (SUBLW)
Warning[203] C:\USERS\JULIT\DOCUMENTS\GITHUB\MICROS-\PROJECT1.X\TRY1.ASM 1379 : Found opcode in column 1. (BTFSC)
Warning[203] C:\USERS\JULIT\DOCUMENTS\GITHUB\MICROS-\PROJECT1.X\TRY1.ASM 1380 : Found opcode in column 1. (GOTO)
Warning[203] C:\USERS\JULIT\DOCUMENTS\GITHUB\MICROS-\PROJECT1.X\TRY1.ASM 1381 : Found opcode in column 1. (RETURN)
Warning[207] C:\USERS\JULIT\DOCUMENTS\GITHUB\MICROS-\PROJECT1.X\TRY1.ASM 1382 : Found label after column 1. (VAP2)
Warning[203] C:\USERS\JULIT\DOCUMENTS\GITHUB\MICROS-\PROJECT1.X\TRY1.ASM 1383 : Found opcode in column 1. (INCF)
Message[305] C:\USERS\JULIT\DOCUMENTS\GITHUB\MICROS-\PROJECT1.X\TRY1.ASM 1383 : Using default destination of 1 (file).
Warning[203] C:\USERS\JULIT\DOCUMENTS\GITHUB\MICROS-\PROJECT1.X\TRY1.ASM 1384 : Found opcode in column 1. (CLRF)
Warning[203] C:\USERS\JULIT\DOCUMENTS\GITHUB\MICROS-\PROJECT1.X\TRY1.ASM 1385 : Found opcode in column 1. (RETURN)
Message[302] C:\USERS\JULIT\DOCUMENTS\GITHUB\MICROS-\PROJECT1.X\TRY1.ASM 1395 : Register in operand not in bank 0.  Ensure that bank bits are correct.
Message[302] C:\USERS\JULIT\DOCUMENTS\GITHUB\MICROS-\PROJECT1.X\TRY1.ASM 1396 : Register in operand not in bank 0.  Ensure that bank bits are correct.
Warning[207] C:\USERS\JULIT\DOCUMENTS\GITHUB\MICROS-\PROJECT1.X\TRY1.ASM 1403 : Found label after column 1. (CONFIG_TIMER0)
Message[302] C:\USERS\JULIT\DOCUMENTS\GITHUB\MICROS-\PROJECT1.X\TRY1.ASM 1405 : Register in operand not in bank 0.  Ensure that bank bits are correct.
Message[302] C:\USERS\JULIT\DOCUMENTS\GITHUB\MICROS-\PROJECT1.X\TRY1.ASM 1406 : Register in operand not in bank 0.  Ensure that bank bits are correct.
Message[302] C:\USERS\JULIT\DOCUMENTS\GITHUB\MICROS-\PROJECT1.X\TRY1.ASM 1407 : Register in operand not in bank 0.  Ensure that bank bits are correct.
Message[302] C:\USERS\JULIT\DOCUMENTS\GITHUB\MICROS-\PROJECT1.X\TRY1.ASM 1408 : Register in operand not in bank 0.  Ensure that bank bits are correct.
Message[302] C:\USERS\JULIT\DOCUMENTS\GITHUB\MICROS-\PROJECT1.X\TRY1.ASM 1409 : Register in operand not in bank 0.  Ensure that bank bits are correct.
Warning[203] C:\USERS\JULIT\DOCUMENTS\GITHUB\MICROS-\PROJECT1.X\TRY1.ASM 1428 : Found opcode in column 1. (RETURN)
Message[302] C:\USERS\JULIT\DOCUMENTS\GITHUB\MICROS-\PROJECT1.X\TRY1.ASM 1435 : Register in operand not in bank 0.  Ensure that bank bits are correct.
Warning[203] C:\USERS\JULIT\DOCUMENTS\GITHUB\MICROS-\PROJECT1.X\TRY1.ASM 1439 : Found opcode in column 1. (RETURN)
Warning[203] C:\USERS\JULIT\DOCUMENTS\GITHUB\MICROS-\PROJECT1.X\TRY1.ASM 1445 : Found opcode in column 1. (BTFSS)
Warning[203] C:\USERS\JULIT\DOCUMENTS\GITHUB\MICROS-\PROJECT1.X\TRY1.ASM 1446 : Found opcode in column 1. (GOTO)
Warning[203] C:\USERS\JULIT\DOCUMENTS\GITHUB\MICROS-\PROJECT1.X\TRY1.ASM 1447 : Found opcode in column 1. (BCF)
Warning[203] C:\USERS\JULIT\DOCUMENTS\GITHUB\MICROS-\PROJECT1.X\TRY1.ASM 1448 : Found opcode in column 1. (BSF)
Warning[204] C:\USERS\JULIT\DOCUMENTS\GITHUB\MICROS-\PROJECT1.X\TRY1.ASM 1449 : Found pseudo-op in column 1. (MOVFW)
Warning[203] C:\USERS\JULIT\DOCUMENTS\GITHUB\MICROS-\PROJECT1.X\TRY1.ASM 1450 : Found opcode in column 1. (CALL)
Warning[203] C:\USERS\JULIT\DOCUMENTS\GITHUB\MICROS-\PROJECT1.X\TRY1.ASM 1451 : Found opcode in column 1. (MOVWF)
Warning[203] C:\USERS\JULIT\DOCUMENTS\GITHUB\MICROS-\PROJECT1.X\TRY1.ASM 1452 : Found opcode in column 1. (RETURN)
Warning[203] C:\USERS\JULIT\DOCUMENTS\GITHUB\MICROS-\PROJECT1.X\TRY1.ASM 1453 : Found opcode in column 1. (BTFSS)
Warning[203] C:\USERS\JULIT\DOCUMENTS\GITHUB\MICROS-\PROJECT1.X\TRY1.ASM 1454 : Found opcode in column 1. (GOTO)
Warning[203] C:\USERS\JULIT\DOCUMENTS\GITHUB\MICROS-\PROJECT1.X\TRY1.ASM 1455 : Found opcode in column 1. (BCF)
Warning[203] C:\USERS\JULIT\DOCUMENTS\GITHUB\MICROS-\PROJECT1.X\TRY1.ASM 1456 : Found opcode in column 1. (BSF)
Warning[204] C:\USERS\JULIT\DOCUMENTS\GITHUB\MICROS-\PROJECT1.X\TRY1.ASM 1457 : Found pseudo-op in column 1. (MOVFW)
Warning[203] C:\USERS\JULIT\DOCUMENTS\GITHUB\MICROS-\PROJECT1.X\TRY1.ASM 1458 : Found opcode in column 1. (CALL)
Warning[203] C:\USERS\JULIT\DOCUMENTS\GITHUB\MICROS-\PROJECT1.X\TRY1.ASM 1459 : Found opcode in column 1. (MOVWF)
Warning[203] C:\USERS\JULIT\DOCUMENTS\GITHUB\MICROS-\PROJECT1.X\TRY1.ASM 1460 : Found opcode in column 1. (RETURN)
Warning[203] C:\USERS\JULIT\DOCUMENTS\GITHUB\MICROS-\PROJECT1.X\TRY1.ASM 1461 : Found opcode in column 1. (BTFSS)
Warning[203] C:\USERS\JULIT\DOCUMENTS\GITHUB\MICROS-\PROJECT1.X\TRY1.ASM 1462 : Found opcode in column 1. (GOTO)
Warning[203] C:\USERS\JULIT\DOCUMENTS\GITHUB\MICROS-\PROJECT1.X\TRY1.ASM 1463 : Found opcode in column 1. (BCF)
Warning[203] C:\USERS\JULIT\DOCUMENTS\GITHUB\MICROS-\PROJECT1.X\TRY1.ASM 1464 : Found opcode in column 1. (BSF)
Warning[204] C:\USERS\JULIT\DOCUMENTS\GITHUB\MICROS-\PROJECT1.X\TRY1.ASM 1465 : Found pseudo-op in column 1. (MOVFW)
Warning[203] C:\USERS\JULIT\DOCUMENTS\GITHUB\MICROS-\PROJECT1.X\TRY1.ASM 1466 : Found opcode in column 1. (CALL)
Warning[203] C:\USERS\JULIT\DOCUMENTS\GITHUB\MICROS-\PROJECT1.X\TRY1.ASM 1467 : Found opcode in column 1. (MOVWF)
Warning[203] C:\USERS\JULIT\DOCUMENTS\GITHUB\MICROS-\PROJECT1.X\TRY1.ASM 1468 : Found opcode in column 1. (RETURN)
Warning[203] C:\USERS\JULIT\DOCUMENTS\GITHUB\MICROS-\PROJECT1.X\TRY1.ASM 1469 : Found opcode in column 1. (BCF)
Warning[203] C:\USERS\JULIT\DOCUMENTS\GITHUB\MICROS-\PROJECT1.X\TRY1.ASM 1470 : Found opcode in column 1. (BSF)
Warning[204] C:\USERS\JULIT\DOCUMENTS\GITHUB\MICROS-\PROJECT1.X\TRY1.ASM 1471 : Found pseudo-op in column 1. (MOVFW)
Warning[203] C:\USERS\JULIT\DOCUMENTS\GITHUB\MICROS-\PROJECT1.X\TRY1.ASM 1472 : Found opcode in column 1. (CALL)
Warning[203] C:\USERS\JULIT\DOCUMENTS\GITHUB\MICROS-\PROJECT1.X\TRY1.ASM 1473 : Found opcode in column 1. (MOVWF)
Warning[203] C:\USERS\JULIT\DOCUMENTS\GITHUB\MICROS-\PROJECT1.X\TRY1.ASM 1474 : Found opcode in column 1. (RETURN)
Warning[203] C:\USERS\JULIT\DOCUMENTS\GITHUB\MICROS-\PROJECT1.X\TRY1.ASM 1480 : Found opcode in column 1. (BTFSS)
Warning[203] C:\USERS\JULIT\DOCUMENTS\GITHUB\MICROS-\PROJECT1.X\TRY1.ASM 1481 : Found opcode in column 1. (GOTO)
Warning[203] C:\USERS\JULIT\DOCUMENTS\GITHUB\MICROS-\PROJECT1.X\TRY1.ASM 1482 : Found opcode in column 1. (BCF)
Warning[203] C:\USERS\JULIT\DOCUMENTS\GITHUB\MICROS-\PROJECT1.X\TRY1.ASM 1483 : Found opcode in column 1. (BSF)
Warning[204] C:\USERS\JULIT\DOCUMENTS\GITHUB\MICROS-\PROJECT1.X\TRY1.ASM 1484 : Found pseudo-op in column 1. (MOVFW)
Warning[203] C:\USERS\JULIT\DOCUMENTS\GITHUB\MICROS-\PROJECT1.X\TRY1.ASM 1485 : Found opcode in column 1. (CALL)
Warning[203] C:\USERS\JULIT\DOCUMENTS\GITHUB\MICROS-\PROJECT1.X\TRY1.ASM 1486 : Found opcode in column 1. (MOVWF)
Warning[203] C:\USERS\JULIT\DOCUMENTS\GITHUB\MICROS-\PROJECT1.X\TRY1.ASM 1487 : Found opcode in column 1. (RETURN)
Warning[203] C:\USERS\JULIT\DOCUMENTS\GITHUB\MICROS-\PROJECT1.X\TRY1.ASM 1488 : Found opcode in column 1. (BTFSS)
Warning[203] C:\USERS\JULIT\DOCUMENTS\GITHUB\MICROS-\PROJECT1.X\TRY1.ASM 1489 : Found opcode in column 1. (GOTO)
Warning[203] C:\USERS\JULIT\DOCUMENTS\GITHUB\MICROS-\PROJECT1.X\TRY1.ASM 1490 : Found opcode in column 1. (BCF)
Warning[203] C:\USERS\JULIT\DOCUMENTS\GITHUB\MICROS-\PROJECT1.X\TRY1.ASM 1491 : Found opcode in column 1. (BSF)
Warning[204] C:\USERS\JULIT\DOCUMENTS\GITHUB\MICROS-\PROJECT1.X\TRY1.ASM 1492 : Found pseudo-op in column 1. (MOVFW)
Warning[203] C:\USERS\JULIT\DOCUMENTS\GITHUB\MICROS-\PROJECT1.X\TRY1.ASM 1493 : Found opcode in column 1. (CALL)
Warning[203] C:\USERS\JULIT\DOCUMENTS\GITHUB\MICROS-\PROJECT1.X\TRY1.ASM 1494 : Found opcode in column 1. (MOVWF)
Warning[203] C:\USERS\JULIT\DOCUMENTS\GITHUB\MICROS-\PROJECT1.X\TRY1.ASM 1495 : Found opcode in column 1. (RETURN)
Warning[203] C:\USERS\JULIT\DOCUMENTS\GITHUB\MICROS-\PROJECT1.X\TRY1.ASM 1496 : Found opcode in column 1. (BTFSS)
Warning[203] C:\USERS\JULIT\DOCUMENTS\GITHUB\MICROS-\PROJECT1.X\TRY1.ASM 1497 : Found opcode in column 1. (GOTO)
Warning[203] C:\USERS\JULIT\DOCUMENTS\GITHUB\MICROS-\PROJECT1.X\TRY1.ASM 1498 : Found opcode in column 1. (BCF)
Warning[203] C:\USERS\JULIT\DOCUMENTS\GITHUB\MICROS-\PROJECT1.X\TRY1.ASM 1499 : Found opcode in column 1. (BSF)
Warning[204] C:\USERS\JULIT\DOCUMENTS\GITHUB\MICROS-\PROJECT1.X\TRY1.ASM 1500 : Found pseudo-op in column 1. (MOVFW)
Warning[203] C:\USERS\JULIT\DOCUMENTS\GITHUB\MICROS-\PROJECT1.X\TRY1.ASM 1501 : Found opcode in column 1. (CALL)
Warning[203] C:\USERS\JULIT\DOCUMENTS\GITHUB\MICROS-\PROJECT1.X\TRY1.ASM 1502 : Found opcode in column 1. (MOVWF)
Warning[203] C:\USERS\JULIT\DOCUMENTS\GITHUB\MICROS-\PROJECT1.X\TRY1.ASM 1503 : Found opcode in column 1. (RETURN)
Warning[203] C:\USERS\JULIT\DOCUMENTS\GITHUB\MICROS-\PROJECT1.X\TRY1.ASM 1504 : Found opcode in column 1. (BCF)
Warning[203] C:\USERS\JULIT\DOCUMENTS\GITHUB\MICROS-\PROJECT1.X\TRY1.ASM 1505 : Found opcode in column 1. (BSF)
Warning[204] C:\USERS\JULIT\DOCUMENTS\GITHUB\MICROS-\PROJECT1.X\TRY1.ASM 1506 : Found pseudo-op in column 1. (MOVFW)
Warning[203] C:\USERS\JULIT\DOCUMENTS\GITHUB\MICROS-\PROJECT1.X\TRY1.ASM 1507 : Found opcode in column 1. (CALL)
Warning[203] C:\USERS\JULIT\DOCUMENTS\GITHUB\MICROS-\PROJECT1.X\TRY1.ASM 1508 : Found opcode in column 1. (MOVWF)
Warning[203] C:\USERS\JULIT\DOCUMENTS\GITHUB\MICROS-\PROJECT1.X\TRY1.ASM 1509 : Found opcode in column 1. (RETURN)
Warning[203] C:\USERS\JULIT\DOCUMENTS\GITHUB\MICROS-\PROJECT1.X\TRY1.ASM 1514 : Found opcode in column 1. (BTFSS)
Warning[203] C:\USERS\JULIT\DOCUMENTS\GITHUB\MICROS-\PROJECT1.X\TRY1.ASM 1515 : Found opcode in column 1. (GOTO)
Warning[203] C:\USERS\JULIT\DOCUMENTS\GITHUB\MICROS-\PROJECT1.X\TRY1.ASM 1516 : Found opcode in column 1. (BCF)
Warning[203] C:\USERS\JULIT\DOCUMENTS\GITHUB\MICROS-\PROJECT1.X\TRY1.ASM 1517 : Found opcode in column 1. (BSF)
Warning[204] C:\USERS\JULIT\DOCUMENTS\GITHUB\MICROS-\PROJECT1.X\TRY1.ASM 1518 : Found pseudo-op in column 1. (MOVFW)
Warning[203] C:\USERS\JULIT\DOCUMENTS\GITHUB\MICROS-\PROJECT1.X\TRY1.ASM 1519 : Found opcode in column 1. (CALL)
Warning[203] C:\USERS\JULIT\DOCUMENTS\GITHUB\MICROS-\PROJECT1.X\TRY1.ASM 1520 : Found opcode in column 1. (MOVWF)
Warning[203] C:\USERS\JULIT\DOCUMENTS\GITHUB\MICROS-\PROJECT1.X\TRY1.ASM 1521 : Found opcode in column 1. (RETURN)
Warning[203] C:\USERS\JULIT\DOCUMENTS\GITHUB\MICROS-\PROJECT1.X\TRY1.ASM 1522 : Found opcode in column 1. (BTFSS)
Warning[203] C:\USERS\JULIT\DOCUMENTS\GITHUB\MICROS-\PROJECT1.X\TRY1.ASM 1523 : Found opcode in column 1. (GOTO)
Warning[203] C:\USERS\JULIT\DOCUMENTS\GITHUB\MICROS-\PROJECT1.X\TRY1.ASM 1524 : Found opcode in column 1. (BCF)
Warning[203] C:\USERS\JULIT\DOCUMENTS\GITHUB\MICROS-\PROJECT1.X\TRY1.ASM 1525 : Found opcode in column 1. (BSF)
Warning[204] C:\USERS\JULIT\DOCUMENTS\GITHUB\MICROS-\PROJECT1.X\TRY1.ASM 1526 : Found pseudo-op in column 1. (MOVFW)
Warning[203] C:\USERS\JULIT\DOCUMENTS\GITHUB\MICROS-\PROJECT1.X\TRY1.ASM 1527 : Found opcode in column 1. (CALL)
Warning[203] C:\USERS\JULIT\DOCUMENTS\GITHUB\MICROS-\PROJECT1.X\TRY1.ASM 1528 : Found opcode in column 1. (MOVWF)
Warning[203] C:\USERS\JULIT\DOCUMENTS\GITHUB\MICROS-\PROJECT1.X\TRY1.ASM 1529 : Found opcode in column 1. (RETURN)
Warning[203] C:\USERS\JULIT\DOCUMENTS\GITHUB\MICROS-\PROJECT1.X\TRY1.ASM 1530 : Found opcode in column 1. (BTFSS)
Warning[203] C:\USERS\JULIT\DOCUMENTS\GITHUB\MICROS-\PROJECT1.X\TRY1.ASM 1531 : Found opcode in column 1. (GOTO)
Warning[203] C:\USERS\JULIT\DOCUMENTS\GITHUB\MICROS-\PROJECT1.X\TRY1.ASM 1532 : Found opcode in column 1. (BCF)
Warning[203] C:\USERS\JULIT\DOCUMENTS\GITHUB\MICROS-\PROJECT1.X\TRY1.ASM 1533 : Found opcode in column 1. (BSF)
Warning[204] C:\USERS\JULIT\DOCUMENTS\GITHUB\MICROS-\PROJECT1.X\TRY1.ASM 1534 : Found pseudo-op in column 1. (MOVFW)
Warning[203] C:\USERS\JULIT\DOCUMENTS\GITHUB\MICROS-\PROJECT1.X\TRY1.ASM 1535 : Found opcode in column 1. (CALL)
Warning[203] C:\USERS\JULIT\DOCUMENTS\GITHUB\MICROS-\PROJECT1.X\TRY1.ASM 1536 : Found opcode in column 1. (MOVWF)
Warning[203] C:\USERS\JULIT\DOCUMENTS\GITHUB\MICROS-\PROJECT1.X\TRY1.ASM 1537 : Found opcode in column 1. (RETURN)
Warning[203] C:\USERS\JULIT\DOCUMENTS\GITHUB\MICROS-\PROJECT1.X\TRY1.ASM 1538 : Found opcode in column 1. (BCF)
Warning[203] C:\USERS\JULIT\DOCUMENTS\GITHUB\MICROS-\PROJECT1.X\TRY1.ASM 1539 : Found opcode in column 1. (BSF)
Warning[204] C:\USERS\JULIT\DOCUMENTS\GITHUB\MICROS-\PROJECT1.X\TRY1.ASM 1540 : Found pseudo-op in column 1. (MOVFW)
Warning[203] C:\USERS\JULIT\DOCUMENTS\GITHUB\MICROS-\PROJECT1.X\TRY1.ASM 1541 : Found opcode in column 1. (CALL)
Warning[203] C:\USERS\JULIT\DOCUMENTS\GITHUB\MICROS-\PROJECT1.X\TRY1.ASM 1542 : Found opcode in column 1. (MOVWF)
Warning[203] C:\USERS\JULIT\DOCUMENTS\GITHUB\MICROS-\PROJECT1.X\TRY1.ASM 1543 : Found opcode in column 1. (RETURN)
Message[302] C:\USERS\JULIT\DOCUMENTS\GITHUB\MICROS-\PROJECT1.X\TRY1.ASM 1550 : Register in operand not in bank 0.  Ensure that bank bits are correct.
Message[302] C:\USERS\JULIT\DOCUMENTS\GITHUB\MICROS-\PROJECT1.X\TRY1.ASM 1554 : Register in operand not in bank 0.  Ensure that bank bits are correct.
Message[302] C:\USERS\JULIT\DOCUMENTS\GITHUB\MICROS-\PROJECT1.X\TRY1.ASM 1555 : Register in operand not in bank 0.  Ensure that bank bits are correct.
Message[302] C:\USERS\JULIT\DOCUMENTS\GITHUB\MICROS-\PROJECT1.X\TRY1.ASM 1558 : Register in operand not in bank 0.  Ensure that bank bits are correct.
Message[302] C:\USERS\JULIT\DOCUMENTS\GITHUB\MICROS-\PROJECT1.X\TRY1.ASM 1563 : Register in operand not in bank 0.  Ensure that bank bits are correct.
Message[302] C:\USERS\JULIT\DOCUMENTS\GITHUB\MICROS-\PROJECT1.X\TRY1.ASM 1568 : Register in operand not in bank 0.  Ensure that bank bits are correct.
Warning[205] C:\USERS\JULIT\DOCUMENTS\GITHUB\MICROS-\PROJECT1.X\TRY1.ASM 1572 : Found directive in column 1. (END)
