MPASM 5.77                  MAIN_PROYECT.ASM   11-26-2020  1:58:10         PAGE  1


LOC  OBJECT CODE     LINE SOURCE TEXT
  VALUE

                      00001 ;*******************************************************************************
                      00002 ;                                                                              *
                      00003 ;    Filename: julio lopez                                                     *
                      00004 ;    Date:     9/29/2020                                                        *
                      00005 ;    File Version:                                                             *
                      00006 ;    Author:                                                                   *
                      00007 ;    Company:                                                                  *
                      00008 ;    Description:                                                              *
                      00009 ;                            HORAS  CON ITERMITENTES                                                   *
                      00010 ;*******************************************************************************
                      00011 ; Assembly source line config statements
                      00012 
                      00013 #include "p16f887.inc"
                      00001         LIST
                      00002 
                      00003 ;==========================================================================
                      00004 ; Build date : Nov 22 2017
                      00005 ;  MPASM PIC16F887 processor include
                      00006 ; 
                      00007 ;  (c) Copyright 1999-2017 Microchip Technology, All rights reserved
                      00008 ;==========================================================================
                      00009 
                      00810         LIST
                      00014 
                      00015 ; CONFIG1
                      00016 ; __config 0xE0D4
2007   20D4           00017  __CONFIG _CONFIG1, _FOSC_INTRC_NOCLKOUT & _WDTE_OFF & _PWRTE_OFF & _MCLRE_OFF & _CP_OFF & _CPD_OFF & _B
                            OREN_OFF & _IESO_OFF & _FCMEN_OFF & _LVP_OFF
                      00018 ; CONFIG2
                      00019 ; __config 0xFFFF
2008   3FFF           00020  __CONFIG _CONFIG2, _BOR4V_BOR40V & _WRT_OFF
                      00021 
                      00022     
Warning[207]: Found label after column 1. (GPR)
                      00023   GPR   UDATA
Warning[207]: Found label after column 1. (ADC_V2)
0000                  00024   ADC_V2        RES 1   
Warning[207]: Found label after column 1. (ADC_V)
0001                  00025   ADC_V         RES 1   
Warning[207]: Found label after column 1. (DELAY)
0002                  00026   DELAY         RES 1           
Warning[207]: Found label after column 1. (X)
0003                  00027   X             RES 1           
                      00028 
Warning[207]: Found label after column 1. (RES_VECT)
                      00029     RES_VECT  CODE    0x0000            ; processor reset vector
0000   2???           00030     GOTO    SETUP                   ; go to beginning of program
                      00031 ; TODO ADD INTERRUPTS HERE IF USED
                      00032 
                      00033 MAIN_PROG CODE                      ; let linker place main program
                      00034 
0000                  00035 SETUP
0000   2???           00036     CALL CONFIG_IO
MPASM 5.77                  MAIN_PROYECT.ASM   11-26-2020  1:58:10         PAGE  2


LOC  OBJECT CODE     LINE SOURCE TEXT
  VALUE

0001   2???           00037     CALL CONFIG_PWM     
0002   2???           00038     CALL CONFIG_ADC
0003   300A           00039     MOVLW .10
0004   00??           00040     MOVWF DELAY
0005   2???           00041     GOTO LOOP
0006                  00042 LOOP    
0006   2???           00043     CALL SERV1
0007   2???           00044     CALL DELAY10US    
0008   2???           00045     CALL SERV2
0009   2???           00046     GOTO LOOP
                      00047 
                      00048 ;*********************************CONFIG GENERALES*****************************
000A                  00049 CONFIG_IO
000A   1283           00050     BCF STATUS, 5
000B   1303           00051     BCF STATUS, 6
000C   0185           00052     CLRF PORTA
000D   0186           00053     CLRF PORTB
000E   0187           00054     CLRF PORTC
000F   0188           00055     CLRF PORTD
0010   0189           00056     CLRF PORTE
0011   1683 1303      00057     BANKSEL TRISA        ;INDICO LAS ENTRADAS Y SALIDAS PARA LOS PUERTOS A USAR
Message[302]: Register in operand not in bank 0.  Ensure that bank bits are correct.
0013   0185           00058     CLRF    TRISA
Message[305]: Using default destination of 1 (file).
Message[302]: Register in operand not in bank 0.  Ensure that bank bits are correct.
0014   0985           00059     COMF    TRISA
Message[302]: Register in operand not in bank 0.  Ensure that bank bits are correct.
0015   0186           00060     CLRF   TRISB
Message[302]: Register in operand not in bank 0.  Ensure that bank bits are correct.
0016   0187           00061     CLRF   TRISC
Message[302]: Register in operand not in bank 0.  Ensure that bank bits are correct.
0017   0188           00062     CLRF   TRISD
0018   1683 1703      00063     BANKSEL ANSEL
Message[302]: Register in operand not in bank 0.  Ensure that bank bits are correct.
001A   0188           00064     CLRF    ANSEL
Message[305]: Using default destination of 1 (file).
Message[302]: Register in operand not in bank 0.  Ensure that bank bits are correct.
001B   0988           00065     COMF    ANSEL    
001C   0008           00066     RETURN
                      00067     
001D                  00068 CONFIG_ADC
001D   1683 1303      00069     BANKSEL ADCON1
001F   3000           00070     MOVLW   B'00000000'
Message[302]: Register in operand not in bank 0.  Ensure that bank bits are correct.
0020   009F           00071     MOVWF   ADCON1
0021   0008           00072     RETURN
0022                  00073 SERV1
0022   1283 1303      00074     BANKSEL PORTA
0024   2???           00075     CALL    DELAY10US
0025   1283 1303      00076     BANKSEL ADCON0
0027   3041           00077     MOVLW   B'01000001'
0028   009F           00078     MOVWF   ADCON0    
0029   149F           00079     BSF     ADCON0, GO
MPASM 5.77                  MAIN_PROYECT.ASM   11-26-2020  1:58:10         PAGE  3


LOC  OBJECT CODE     LINE SOURCE TEXT
  VALUE

002A   189F           00080     BTFSC   ADCON0, GO
002B   2???           00081     GOTO    $-1
002C   081E           00082     MOVF    ADRESH, 0
002D   00??           00083     MOVWF   ADC_V    
002E   1283 1303      00084     BANKSEL CCPR1L
0030   08??           00085     MOVF    ADC_V, 0
0031   0095           00086     MOVWF   CCPR1L
Warning[203]: Found opcode in column 1. (RETURN)
0032   0008           00087 RETURN
                      00088     
                      00089     
0033                  00090 SERV2
0033   1283 1303      00091     BANKSEL PORTA
0035   2???           00092     CALL    DELAY10US
0036   1283 1303      00093     BANKSEL ADCON0
0038   3045           00094     MOVLW   B'01000101'
0039   009F           00095     MOVWF   ADCON0
003A   149F           00096     BSF     ADCON0, GO
003B   189F           00097     BTFSC   ADCON0, GO
003C   2???           00098     GOTO    $-1
003D   081E           00099     MOVF    ADRESH, 0
003E   00??           00100     MOVWF   ADC_V2
003F   1283 1303      00101     BANKSEL CCPR2L
0041   08??           00102     MOVF    ADC_V2, 0
0042   2???           00103     CALL MAPEO
0043   009B           00104     MOVWF   CCPR2L    
                      00105     
Warning[203]: Found opcode in column 1. (RETURN)
0044   0008           00106 RETURN     
                      00107     
Warning[207]: Found label after column 1. (MAPEO)
0045                  00108  MAPEO:
0045   00??           00109     MOVWF X
Message[305]: Using default destination of 1 (file).
0046   0C??           00110     RRF X
0047   397F           00111     ANDLW B'01111111'
0048   3E20           00112     ADDLW .32
                      00113     
0049   0008           00114     RETURN 
                      00115     
004A                  00116 DELAY10US
004A   0B??           00117     DECFSZ  DELAY,  1
004B   2???           00118     GOTO    $-1
004C   300A           00119     MOVLW   .10
004D   00??           00120     MOVWF   DELAY
004E   0008           00121     RETURN
                      00122 
                      00123     
                      00124  
004F                  00125 CONFIG_PWM
004F   1283 1303      00126     BANKSEL T2CON
0051   3007           00127     MOVLW   B'00000111'    ;POSTSCALER EN 1:1, TIMER 2 EN ON, 1X PRESCALER 1:16
0052   0092           00128     MOVWF   T2CON
MPASM 5.77                  MAIN_PROYECT.ASM   11-26-2020  1:58:10         PAGE  4


LOC  OBJECT CODE     LINE SOURCE TEXT
  VALUE

0053   1683 1303      00129     BANKSEL PR2
0055   309C           00130     MOVLW   .156
Message[302]: Register in operand not in bank 0.  Ensure that bank bits are correct.
0056   0092           00131     MOVWF   PR2
0057   1683 1303      00132     BANKSEL TRISC
0059   3000           00133     MOVLW   B'00000000'
Message[302]: Register in operand not in bank 0.  Ensure that bank bits are correct.
005A   0087           00134     MOVWF   TRISC
                      00135     ;CONFIGURACIÓN DE CCP1CON
005B   1283 1303      00136     BANKSEL CCP1CON         ;PWM MODE
005D   1597           00137     BSF     CCP1CON,   3
005E   1517           00138     BSF     CCP1CON,   2
005F   1097           00139     BCF     CCP1CON,   1
0060   1017           00140     BCF     CCP1CON,   0
                      00141     ;CONFIGURACIÓN DE CCP2CON
0061   1283 1303      00142     BANKSEL CCP2CON         ;PWM MODE
0063   159D           00143     BSF     CCP2CON,   3
0064   151D           00144     BSF     CCP2CON,   2
Warning[203]: Found opcode in column 1. (RETURN)
0065   0008           00145 RETURN
20D4 3FFF             00146     END
MPASM 5.77                  MAIN_PROYECT.ASM   11-26-2020  1:58:10         PAGE  5


SYMBOL TABLE
  LABEL                             VALUE 

ABDEN                             00000000
ABDOVF                            00000007
ACKDT                             00000005
ACKEN                             00000004
ACKSTAT                           00000006
ADCON0                            0000001F
ADCON1                            0000009F
ADCS0                             00000006
ADCS1                             00000007
ADC_V                             00000001
ADC_V2                            00000000
ADDEN                             00000003
ADFM                              00000007
ADIE                              00000006
ADIF                              00000006
ADON                              00000000
ADRESH                            0000001E
ADRESL                            0000009E
ANS0                              00000000
ANS1                              00000001
ANS10                             00000002
ANS11                             00000003
ANS12                             00000004
ANS13                             00000005
ANS2                              00000002
ANS3                              00000003
ANS4                              00000004
ANS5                              00000005
ANS6                              00000006
ANS7                              00000007
ANS8                              00000000
ANS9                              00000001
ANSEL                             00000188
ANSELH                            00000189
BAUDCTL                           00000187
BCLIE                             00000003
BCLIF                             00000003
BF                                00000000
BRG0                              00000000
BRG1                              00000001
BRG10                             00000002
BRG11                             00000003
BRG12                             00000004
BRG13                             00000005
BRG14                             00000006
BRG15                             00000007
BRG16                             00000003
BRG2                              00000002
BRG3                              00000003
BRG4                              00000004
BRG5                              00000005
BRG6                              00000006
BRG7                              00000007
MPASM 5.77                  MAIN_PROYECT.ASM   11-26-2020  1:58:10         PAGE  6


SYMBOL TABLE
  LABEL                             VALUE 

BRG8                              00000000
BRG9                              00000001
BRGH                              00000002
C                                 00000000
C1CH0                             00000000
C1CH1                             00000001
C1IE                              00000005
C1IF                              00000005
C1OE                              00000005
C1ON                              00000007
C1OUT                             00000006
C1POL                             00000004
C1R                               00000002
C1RSEL                            00000005
C1SEN                             00000005
C2CH0                             00000000
C2CH1                             00000001
C2IE                              00000006
C2IF                              00000006
C2OE                              00000005
C2ON                              00000007
C2OUT                             00000006
C2POL                             00000004
C2R                               00000002
C2REN                             00000004
C2RSEL                            00000004
C2SYNC                            00000000
CCP1CON                           00000017
CCP1IE                            00000002
CCP1IF                            00000002
CCP1M0                            00000000
CCP1M1                            00000001
CCP1M2                            00000002
CCP1M3                            00000003
CCP1X                             00000005
CCP1Y                             00000004
CCP2CON                           0000001D
CCP2IE                            00000000
CCP2IF                            00000000
CCP2M0                            00000000
CCP2M1                            00000001
CCP2M2                            00000002
CCP2M3                            00000003
CCP2X                             00000005
CCP2Y                             00000004
CCPR1                             00000015
CCPR1H                            00000016
CCPR1L                            00000015
CCPR2                             0000001B
CCPR2H                            0000001C
CCPR2L                            0000001B
CHS0                              00000002
CHS1                              00000003
MPASM 5.77                  MAIN_PROYECT.ASM   11-26-2020  1:58:10         PAGE  7


SYMBOL TABLE
  LABEL                             VALUE 

CHS2                              00000004
CHS3                              00000005
CKE                               00000006
CKP                               00000004
CM1CON0                           00000107
CM2CON0                           00000108
CM2CON1                           00000109
CONFIG_ADC                        0000001D
CONFIG_IO                         0000000A
CONFIG_PWM                        0000004F
CREN                              00000004
CSRC                              00000007
D                                 00000005
DATA_ADDRESS                      00000005
DC                                00000001
DC1B0                             00000004
DC1B1                             00000005
DC2B0                             00000004
DC2B1                             00000005
DELAY                             00000002
DELAY10US                         0000004A
D_A                               00000005
D_NOT_A                           00000005
ECCPAS                            0000009C
ECCPAS0                           00000004
ECCPAS1                           00000005
ECCPAS2                           00000006
ECCPASE                           00000007
EEADR                             0000010D
EEADRH                            0000010F
EECON1                            0000018C
EECON2                            0000018D
EEDAT                             0000010C
EEDATA                            0000010C
EEDATH                            0000010E
EEIE                              00000004
EEIF                              00000004
EEPGD                             00000007
F                                 00000001
FERR                              00000002
FSR                               00000004
FVREN                             00000000
GCEN                              00000007
GIE                               00000007
GO                                00000001
GO_DONE                           00000001
GO_NOT_DONE                       00000001
HTS                               00000002
I2C_DATA                          00000005
I2C_READ                          00000002
I2C_START                         00000003
I2C_STOP                          00000004
INDF                              00000000
MPASM 5.77                  MAIN_PROYECT.ASM   11-26-2020  1:58:10         PAGE  8


SYMBOL TABLE
  LABEL                             VALUE 

INTCON                            0000000B
INTE                              00000004
INTEDG                            00000006
INTF                              00000001
IOCB                              00000096
IOCB0                             00000000
IOCB1                             00000001
IOCB2                             00000002
IOCB3                             00000003
IOCB4                             00000004
IOCB5                             00000005
IOCB6                             00000006
IOCB7                             00000007
IRCF0                             00000004
IRCF1                             00000005
IRCF2                             00000006
IRP                               00000007
LOOP                              00000006
LTS                               00000001
MAPEO                             00000045
MC1OUT                            00000007
MC2OUT                            00000006
MSK                               00000093
MSK0                              00000000
MSK1                              00000001
MSK2                              00000002
MSK3                              00000003
MSK4                              00000004
MSK5                              00000005
MSK6                              00000006
MSK7                              00000007
NOT_A                             00000005
NOT_ADDRESS                       00000005
NOT_BO                            00000000
NOT_BOR                           00000000
NOT_DONE                          00000001
NOT_PD                            00000003
NOT_POR                           00000001
NOT_RBPU                          00000007
NOT_RC8                           00000006
NOT_T1SYNC                        00000002
NOT_TO                            00000004
NOT_TX8                           00000006
NOT_W                             00000002
NOT_WRITE                         00000002
OERR                              00000001
OPTION_REG                        00000081
OSCCON                            0000008F
OSCTUNE                           00000090
OSFIE                             00000007
OSFIF                             00000007
OSTS                              00000003
P                                 00000004
MPASM 5.77                  MAIN_PROYECT.ASM   11-26-2020  1:58:10         PAGE  9


SYMBOL TABLE
  LABEL                             VALUE 

P1M0                              00000006
P1M1                              00000007
PCL                               00000002
PCLATH                            0000000A
PCON                              0000008E
PDC0                              00000000
PDC1                              00000001
PDC2                              00000002
PDC3                              00000003
PDC4                              00000004
PDC5                              00000005
PDC6                              00000006
PEIE                              00000006
PEN                               00000002
PIE1                              0000008C
PIE2                              0000008D
PIR1                              0000000C
PIR2                              0000000D
PORTA                             00000005
PORTB                             00000006
PORTC                             00000007
PORTD                             00000008
PORTE                             00000009
PR2                               00000092
PRSEN                             00000007
PS0                               00000000
PS1                               00000001
PS2                               00000002
PSA                               00000003
PSSAC0                            00000002
PSSAC1                            00000003
PSSBD0                            00000000
PSSBD1                            00000001
PSTRCON                           0000009D
PULSR                             00000002
PULSS                             00000003
PWM1CON                           0000009B
R                                 00000002
RA0                               00000000
RA1                               00000001
RA2                               00000002
RA3                               00000003
RA4                               00000004
RA5                               00000005
RA6                               00000006
RA7                               00000007
RB0                               00000000
RB1                               00000001
RB2                               00000002
RB3                               00000003
RB4                               00000004
RB5                               00000005
RB6                               00000006
MPASM 5.77                  MAIN_PROYECT.ASM   11-26-2020  1:58:10         PAGE 10


SYMBOL TABLE
  LABEL                             VALUE 

RB7                               00000007
RBIE                              00000003
RBIF                              00000000
RC0                               00000000
RC1                               00000001
RC2                               00000002
RC3                               00000003
RC4                               00000004
RC5                               00000005
RC6                               00000006
RC7                               00000007
RC8_9                             00000006
RC9                               00000006
RCD8                              00000000
RCEN                              00000003
RCIDL                             00000006
RCIE                              00000005
RCIF                              00000005
RCREG                             0000001A
RCSTA                             00000018
RD                                00000000
RD0                               00000000
RD1                               00000001
RD2                               00000002
RD3                               00000003
RD4                               00000004
RD5                               00000005
RD6                               00000006
RD7                               00000007
RE0                               00000000
RE1                               00000001
RE2                               00000002
RE3                               00000003
READ_WRITE                        00000002
RP0                               00000005
RP1                               00000006
RSEN                              00000001
RX9                               00000006
RX9D                              00000000
R_NOT_W                           00000002
R_W                               00000002
S                                 00000003
SBOREN                            00000004
SCKP                              00000004
SCS                               00000000
SEN                               00000000
SENDB                             00000003
SERV1                             00000022
SERV2                             00000033
SETUP                             00000000
SMP                               00000007
SPBRG                             00000099
SPBRGH                            0000009A
MPASM 5.77                  MAIN_PROYECT.ASM   11-26-2020  1:58:10         PAGE 11


SYMBOL TABLE
  LABEL                             VALUE 

SPEN                              00000007
SR0                               00000006
SR1                               00000007
SRCON                             00000185
SREN                              00000005
SSPADD                            00000093
SSPBUF                            00000013
SSPCON                            00000014
SSPCON2                           00000091
SSPEN                             00000005
SSPIE                             00000003
SSPIF                             00000003
SSPM0                             00000000
SSPM1                             00000001
SSPM2                             00000002
SSPM3                             00000003
SSPMSK                            00000093
SSPOV                             00000006
SSPSTAT                           00000094
STATUS                            00000003
STRA                              00000000
STRB                              00000001
STRC                              00000002
STRD                              00000003
STRSYNC                           00000004
SWDTEN                            00000000
SYNC                              00000004
T0CS                              00000005
T0IE                              00000005
T0IF                              00000002
T0SE                              00000004
T1CKPS0                           00000004
T1CKPS1                           00000005
T1CON                             00000010
T1GINV                            00000007
T1GIV                             00000007
T1GSS                             00000001
T1INSYNC                          00000002
T1OSCEN                           00000003
T1SYNC                            00000002
T2CKPS0                           00000000
T2CKPS1                           00000001
T2CON                             00000012
TMR0                              00000001
TMR0IE                            00000005
TMR0IF                            00000002
TMR1                              0000000E
TMR1CS                            00000001
TMR1GE                            00000006
TMR1H                             0000000F
TMR1IE                            00000000
TMR1IF                            00000000
TMR1L                             0000000E
MPASM 5.77                  MAIN_PROYECT.ASM   11-26-2020  1:58:10         PAGE 12


SYMBOL TABLE
  LABEL                             VALUE 

TMR1ON                            00000000
TMR2                              00000011
TMR2IE                            00000001
TMR2IF                            00000001
TMR2ON                            00000002
TOUTPS0                           00000003
TOUTPS1                           00000004
TOUTPS2                           00000005
TOUTPS3                           00000006
TRISA                             00000085
TRISA0                            00000000
TRISA1                            00000001
TRISA2                            00000002
TRISA3                            00000003
TRISA4                            00000004
TRISA5                            00000005
TRISA6                            00000006
TRISA7                            00000007
TRISB                             00000086
TRISB0                            00000000
TRISB1                            00000001
TRISB2                            00000002
TRISB3                            00000003
TRISB4                            00000004
TRISB5                            00000005
TRISB6                            00000006
TRISB7                            00000007
TRISC                             00000087
TRISC0                            00000000
TRISC1                            00000001
TRISC2                            00000002
TRISC3                            00000003
TRISC4                            00000004
TRISC5                            00000005
TRISC6                            00000006
TRISC7                            00000007
TRISD                             00000088
TRISD0                            00000000
TRISD1                            00000001
TRISD2                            00000002
TRISD3                            00000003
TRISD4                            00000004
TRISD5                            00000005
TRISD6                            00000006
TRISD7                            00000007
TRISE                             00000089
TRISE0                            00000000
TRISE1                            00000001
TRISE2                            00000002
TRISE3                            00000003
TRMT                              00000001
TUN0                              00000000
TUN1                              00000001
MPASM 5.77                  MAIN_PROYECT.ASM   11-26-2020  1:58:10         PAGE 13


SYMBOL TABLE
  LABEL                             VALUE 

TUN2                              00000002
TUN3                              00000003
TUN4                              00000004
TX8_9                             00000006
TX9                               00000006
TX9D                              00000000
TXD8                              00000000
TXEN                              00000005
TXIE                              00000004
TXIF                              00000004
TXREG                             00000019
TXSTA                             00000098
UA                                00000001
ULPWUE                            00000005
ULPWUIE                           00000002
ULPWUIF                           00000002
VCFG0                             00000004
VCFG1                             00000005
VR0                               00000000
VR1                               00000001
VR2                               00000002
VR3                               00000003
VRCON                             00000097
VREN                              00000007
VROE                              00000006
VRR                               00000005
VRSS                              00000004
W                                 00000000
WCOL                              00000007
WDTCON                            00000105
WDTPS0                            00000001
WDTPS1                            00000002
WDTPS2                            00000003
WDTPS3                            00000004
WPUB                              00000095
WPUB0                             00000000
WPUB1                             00000001
WPUB2                             00000002
WPUB3                             00000003
WPUB4                             00000004
WPUB5                             00000005
WPUB6                             00000006
WPUB7                             00000007
WR                                00000001
WREN                              00000002
WRERR                             00000003
WUE                               00000001
X                                 00000003
Z                                 00000002
_BOR21V                           00003EFF
_BOR40V                           00003FFF
_BOR4V_BOR21V                     00003EFF
_BOR4V_BOR40V                     00003FFF
MPASM 5.77                  MAIN_PROYECT.ASM   11-26-2020  1:58:10         PAGE 14


SYMBOL TABLE
  LABEL                             VALUE 

_BOREN_NSLEEP                     00003EFF
_BOREN_OFF                        00003CFF
_BOREN_ON                         00003FFF
_BOREN_SBODEN                     00003DFF
_BOR_NSLEEP                       00003EFF
_BOR_OFF                          00003CFF
_BOR_ON                           00003FFF
_BOR_SBODEN                       00003DFF
_CONFIG1                          00002007
_CONFIG2                          00002008
_CPD_OFF                          00003FFF
_CPD_ON                           00003F7F
_CP_OFF                           00003FFF
_CP_ON                            00003FBF
_DEBUG_OFF                        00003FFF
_DEBUG_ON                         00001FFF
_DEVID1                           00002006
_EC_OSC                           00003FFB
_EXTRC                            00003FFF
_EXTRCIO                          00003FFE
_EXTRC_OSC_CLKOUT                 00003FFF
_EXTRC_OSC_NOCLKOUT               00003FFE
_FCMEN_OFF                        000037FF
_FCMEN_ON                         00003FFF
_FOSC_EC                          00003FFB
_FOSC_EXTRC_CLKOUT                00003FFF
_FOSC_EXTRC_NOCLKOUT              00003FFE
_FOSC_HS                          00003FFA
_FOSC_INTRC_CLKOUT                00003FFD
_FOSC_INTRC_NOCLKOUT              00003FFC
_FOSC_LP                          00003FF8
_FOSC_XT                          00003FF9
_HS_OSC                           00003FFA
_IDLOC0                           00002000
_IDLOC1                           00002001
_IDLOC2                           00002002
_IDLOC3                           00002003
_IESO_OFF                         00003BFF
_IESO_ON                          00003FFF
_INTOSC                           00003FFD
_INTOSCIO                         00003FFC
_INTRC_OSC_CLKOUT                 00003FFD
_INTRC_OSC_NOCLKOUT               00003FFC
_LP_OSC                           00003FF8
_LVP_OFF                          00002FFF
_LVP_ON                           00003FFF
_MAIN_PROG_002B                   0000002B
_MAIN_PROG_003C                   0000003C
_MAIN_PROG_004B                   0000004B
_MCLRE_OFF                        00003FDF
_MCLRE_ON                         00003FFF
_PWRTE_OFF                        00003FFF
_PWRTE_ON                         00003FEF
MPASM 5.77                  MAIN_PROYECT.ASM   11-26-2020  1:58:10         PAGE 15


SYMBOL TABLE
  LABEL                             VALUE 

_WDTE_OFF                         00003FF7
_WDTE_ON                          00003FFF
_WDT_OFF                          00003FF7
_WDT_ON                           00003FFF
_WRT_1FOURTH                      00003BFF
_WRT_256                          00003DFF
_WRT_HALF                         000039FF
_WRT_OFF                          00003FFF
_XT_OSC                           00003FF9
__16F887                          00000001

Errors   :     0
Warnings :    10 reported,     0 suppressed
Messages :    13 reported,     0 suppressed

