Warning[207] C:\USERS\JULIT\DOCUMENTS\GITHUB\MICROS-\LAB_5.X\LAB.ASM 12 : Found label after column 1. (GPR_VAR)
Warning[207] C:\USERS\JULIT\DOCUMENTS\GITHUB\MICROS-\LAB_5.X\LAB.ASM 13 : Found label after column 1. (CONTF)
Warning[207] C:\USERS\JULIT\DOCUMENTS\GITHUB\MICROS-\LAB_5.X\LAB.ASM 14 : Found label after column 1. (CONT1)
Warning[207] C:\USERS\JULIT\DOCUMENTS\GITHUB\MICROS-\LAB_5.X\LAB.ASM 15 : Found label after column 1. (CONT2)
Warning[207] C:\USERS\JULIT\DOCUMENTS\GITHUB\MICROS-\LAB_5.X\LAB.ASM 16 : Found label after column 1. (CONTADOR1)
Warning[207] C:\USERS\JULIT\DOCUMENTS\GITHUB\MICROS-\LAB_5.X\LAB.ASM 17 : Found label after column 1. (CONTADOR2)
Warning[207] C:\USERS\JULIT\DOCUMENTS\GITHUB\MICROS-\LAB_5.X\LAB.ASM 18 : Found label after column 1. (TEMP1)
Warning[207] C:\USERS\JULIT\DOCUMENTS\GITHUB\MICROS-\LAB_5.X\LAB.ASM 19 : Found label after column 1. (TEMP2)
Warning[207] C:\USERS\JULIT\DOCUMENTS\GITHUB\MICROS-\LAB_5.X\LAB.ASM 20 : Found label after column 1. (CONTDE_4)
Warning[207] C:\USERS\JULIT\DOCUMENTS\GITHUB\MICROS-\LAB_5.X\LAB.ASM 26 : Found label after column 1. (W_TEMP)
Warning[207] C:\USERS\JULIT\DOCUMENTS\GITHUB\MICROS-\LAB_5.X\LAB.ASM 27 : Found label after column 1. (STATUS_TEMP)
Warning[207] C:\USERS\JULIT\DOCUMENTS\GITHUB\MICROS-\LAB_5.X\LAB.ASM 35 : Found label after column 1. (PUSH)
Warning[207] C:\USERS\JULIT\DOCUMENTS\GITHUB\MICROS-\LAB_5.X\LAB.ASM 40 : Found label after column 1. (ISR)
Warning[207] C:\USERS\JULIT\DOCUMENTS\GITHUB\MICROS-\LAB_5.X\LAB.ASM 48 : Found label after column 1. (POP)
Warning[203] C:\USERS\JULIT\DOCUMENTS\GITHUB\MICROS-\LAB_5.X\LAB.ASM 54 : Found opcode in column 1. (RETFIE)
Message[305] C:\USERS\JULIT\DOCUMENTS\GITHUB\MICROS-\LAB_5.X\LAB.ASM 70 : Using default destination of 1 (file).
Message[305] C:\USERS\JULIT\DOCUMENTS\GITHUB\MICROS-\LAB_5.X\LAB.ASM 75 : Using default destination of 1 (file).
Warning[203] C:\USERS\JULIT\DOCUMENTS\GITHUB\MICROS-\LAB_5.X\LAB.ASM 114 : Found opcode in column 1. (CALL)
Warning[203] C:\USERS\JULIT\DOCUMENTS\GITHUB\MICROS-\LAB_5.X\LAB.ASM 115 : Found opcode in column 1. (CALL)
Warning[203] C:\USERS\JULIT\DOCUMENTS\GITHUB\MICROS-\LAB_5.X\LAB.ASM 116 : Found opcode in column 1. (CALL)
Warning[203] C:\USERS\JULIT\DOCUMENTS\GITHUB\MICROS-\LAB_5.X\LAB.ASM 117 : Found opcode in column 1. (CALL)
Warning[203] C:\USERS\JULIT\DOCUMENTS\GITHUB\MICROS-\LAB_5.X\LAB.ASM 118 : Found opcode in column 1. (CALL)
Warning[205] C:\USERS\JULIT\DOCUMENTS\GITHUB\MICROS-\LAB_5.X\LAB.ASM 119 : Found directive in column 1. (BANKSEL)
Warning[203] C:\USERS\JULIT\DOCUMENTS\GITHUB\MICROS-\LAB_5.X\LAB.ASM 120 : Found opcode in column 1. (CLRF)
Warning[203] C:\USERS\JULIT\DOCUMENTS\GITHUB\MICROS-\LAB_5.X\LAB.ASM 121 : Found opcode in column 1. (CLRF)
Warning[203] C:\USERS\JULIT\DOCUMENTS\GITHUB\MICROS-\LAB_5.X\LAB.ASM 122 : Found opcode in column 1. (CLRF)
Warning[203] C:\USERS\JULIT\DOCUMENTS\GITHUB\MICROS-\LAB_5.X\LAB.ASM 123 : Found opcode in column 1. (CLRF)
Warning[203] C:\USERS\JULIT\DOCUMENTS\GITHUB\MICROS-\LAB_5.X\LAB.ASM 124 : Found opcode in column 1. (CLRF)
Warning[203] C:\USERS\JULIT\DOCUMENTS\GITHUB\MICROS-\LAB_5.X\LAB.ASM 125 : Found opcode in column 1. (BCF)
Warning[203] C:\USERS\JULIT\DOCUMENTS\GITHUB\MICROS-\LAB_5.X\LAB.ASM 126 : Found opcode in column 1. (BCF)
Warning[203] C:\USERS\JULIT\DOCUMENTS\GITHUB\MICROS-\LAB_5.X\LAB.ASM 127 : Found opcode in column 1. (BCF)
Message[302] C:\USERS\JULIT\DOCUMENTS\GITHUB\MICROS-\LAB_5.X\LAB.ASM 127 : Register in operand not in bank 0.  Ensure that bank bits are correct.
Warning[207] C:\USERS\JULIT\DOCUMENTS\GITHUB\MICROS-\LAB_5.X\LAB.ASM 132 : Found label after column 1. (LOOP)
Warning[203] C:\USERS\JULIT\DOCUMENTS\GITHUB\MICROS-\LAB_5.X\LAB.ASM 138 : Found opcode in column 1. (GOTO)
Warning[207] C:\USERS\JULIT\DOCUMENTS\GITHUB\MICROS-\LAB_5.X\LAB.ASM 142 : Found label after column 1. (PISHLEDS)
Warning[203] C:\USERS\JULIT\DOCUMENTS\GITHUB\MICROS-\LAB_5.X\LAB.ASM 143 : Found opcode in column 1. (BCF)
Warning[203] C:\USERS\JULIT\DOCUMENTS\GITHUB\MICROS-\LAB_5.X\LAB.ASM 144 : Found opcode in column 1. (BCF)
Warning[203] C:\USERS\JULIT\DOCUMENTS\GITHUB\MICROS-\LAB_5.X\LAB.ASM 145 : Found opcode in column 1. (BTFSC)
Warning[203] C:\USERS\JULIT\DOCUMENTS\GITHUB\MICROS-\LAB_5.X\LAB.ASM 146 : Found opcode in column 1. (GOTO)
Warning[203] C:\USERS\JULIT\DOCUMENTS\GITHUB\MICROS-\LAB_5.X\LAB.ASM 148 : Found opcode in column 1. (BCF)
Warning[203] C:\USERS\JULIT\DOCUMENTS\GITHUB\MICROS-\LAB_5.X\LAB.ASM 149 : Found opcode in column 1. (BSF)
Warning[203] C:\USERS\JULIT\DOCUMENTS\GITHUB\MICROS-\LAB_5.X\LAB.ASM 150 : Found opcode in column 1. (GOTO)
Warning[203] C:\USERS\JULIT\DOCUMENTS\GITHUB\MICROS-\LAB_5.X\LAB.ASM 152 : Found opcode in column 1. (BSF)
Warning[203] C:\USERS\JULIT\DOCUMENTS\GITHUB\MICROS-\LAB_5.X\LAB.ASM 153 : Found opcode in column 1. (BCF)
Warning[203] C:\USERS\JULIT\DOCUMENTS\GITHUB\MICROS-\LAB_5.X\LAB.ASM 154 : Found opcode in column 1. (GOTO)
Warning[207] C:\USERS\JULIT\DOCUMENTS\GITHUB\MICROS-\LAB_5.X\LAB.ASM 155 : Found label after column 1. (TOGGLE2)
Warning[203] C:\USERS\JULIT\DOCUMENTS\GITHUB\MICROS-\LAB_5.X\LAB.ASM 163 : Found opcode in column 1. (RETURN)
Warning[203] C:\USERS\JULIT\DOCUMENTS\GITHUB\MICROS-\LAB_5.X\LAB.ASM 168 : Found opcode in column 1. (MOVF)
Warning[203] C:\USERS\JULIT\DOCUMENTS\GITHUB\MICROS-\LAB_5.X\LAB.ASM 169 : Found opcode in column 1. (SUBLW)
Warning[203] C:\USERS\JULIT\DOCUMENTS\GITHUB\MICROS-\LAB_5.X\LAB.ASM 170 : Found opcode in column 1. (BTFSC)
Warning[203] C:\USERS\JULIT\DOCUMENTS\GITHUB\MICROS-\LAB_5.X\LAB.ASM 171 : Found opcode in column 1. (GOTO)
Warning[203] C:\USERS\JULIT\DOCUMENTS\GITHUB\MICROS-\LAB_5.X\LAB.ASM 172 : Found opcode in column 1. (RETURN)
Warning[207] C:\USERS\JULIT\DOCUMENTS\GITHUB\MICROS-\LAB_5.X\LAB.ASM 173 : Found label after column 1. (VAP2)
Warning[203] C:\USERS\JULIT\DOCUMENTS\GITHUB\MICROS-\LAB_5.X\LAB.ASM 174 : Found opcode in column 1. (INCF)
Message[305] C:\USERS\JULIT\DOCUMENTS\GITHUB\MICROS-\LAB_5.X\LAB.ASM 174 : Using default destination of 1 (file).
Warning[203] C:\USERS\JULIT\DOCUMENTS\GITHUB\MICROS-\LAB_5.X\LAB.ASM 175 : Found opcode in column 1. (CLRF)
Warning[203] C:\USERS\JULIT\DOCUMENTS\GITHUB\MICROS-\LAB_5.X\LAB.ASM 176 : Found opcode in column 1. (RETURN)
Warning[203] C:\USERS\JULIT\DOCUMENTS\GITHUB\MICROS-\LAB_5.X\LAB.ASM 181 : Found opcode in column 1. (MOVF)
Warning[203] C:\USERS\JULIT\DOCUMENTS\GITHUB\MICROS-\LAB_5.X\LAB.ASM 182 : Found opcode in column 1. (SUBLW)
Warning[203] C:\USERS\JULIT\DOCUMENTS\GITHUB\MICROS-\LAB_5.X\LAB.ASM 183 : Found opcode in column 1. (BTFSC)
Warning[203] C:\USERS\JULIT\DOCUMENTS\GITHUB\MICROS-\LAB_5.X\LAB.ASM 184 : Found opcode in column 1. (CALL)
Warning[203] C:\USERS\JULIT\DOCUMENTS\GITHUB\MICROS-\LAB_5.X\LAB.ASM 185 : Found opcode in column 1. (RETURN)
Warning[207] C:\USERS\JULIT\DOCUMENTS\GITHUB\MICROS-\LAB_5.X\LAB.ASM 186 : Found label after column 1. (INCREMENT10S)
Message[305] C:\USERS\JULIT\DOCUMENTS\GITHUB\MICROS-\LAB_5.X\LAB.ASM 187 : Using default destination of 1 (file).
Warning[207] C:\USERS\JULIT\DOCUMENTS\GITHUB\MICROS-\LAB_5.X\LAB.ASM 194 : Found label after column 1. (CEROS)
Warning[203] C:\USERS\JULIT\DOCUMENTS\GITHUB\MICROS-\LAB_5.X\LAB.ASM 200 : Found opcode in column 1. (MOVF)
Warning[203] C:\USERS\JULIT\DOCUMENTS\GITHUB\MICROS-\LAB_5.X\LAB.ASM 201 : Found opcode in column 1. (SUBLW)
Warning[203] C:\USERS\JULIT\DOCUMENTS\GITHUB\MICROS-\LAB_5.X\LAB.ASM 202 : Found opcode in column 1. (BTFSC)
Warning[203] C:\USERS\JULIT\DOCUMENTS\GITHUB\MICROS-\LAB_5.X\LAB.ASM 203 : Found opcode in column 1. (GOTO)
Warning[203] C:\USERS\JULIT\DOCUMENTS\GITHUB\MICROS-\LAB_5.X\LAB.ASM 204 : Found opcode in column 1. (RETURN)
Warning[207] C:\USERS\JULIT\DOCUMENTS\GITHUB\MICROS-\LAB_5.X\LAB.ASM 205 : Found label after column 1. (VAP1)
Warning[203] C:\USERS\JULIT\DOCUMENTS\GITHUB\MICROS-\LAB_5.X\LAB.ASM 206 : Found opcode in column 1. (INCF)
Message[305] C:\USERS\JULIT\DOCUMENTS\GITHUB\MICROS-\LAB_5.X\LAB.ASM 206 : Using default destination of 1 (file).
Warning[203] C:\USERS\JULIT\DOCUMENTS\GITHUB\MICROS-\LAB_5.X\LAB.ASM 207 : Found opcode in column 1. (CLRF)
Warning[203] C:\USERS\JULIT\DOCUMENTS\GITHUB\MICROS-\LAB_5.X\LAB.ASM 208 : Found opcode in column 1. (RETURN)
Message[302] C:\USERS\JULIT\DOCUMENTS\GITHUB\MICROS-\LAB_5.X\LAB.ASM 217 : Register in operand not in bank 0.  Ensure that bank bits are correct.
Message[302] C:\USERS\JULIT\DOCUMENTS\GITHUB\MICROS-\LAB_5.X\LAB.ASM 218 : Register in operand not in bank 0.  Ensure that bank bits are correct.
Warning[207] C:\USERS\JULIT\DOCUMENTS\GITHUB\MICROS-\LAB_5.X\LAB.ASM 226 : Found label after column 1. (CONFIG_TIMER0)
Message[302] C:\USERS\JULIT\DOCUMENTS\GITHUB\MICROS-\LAB_5.X\LAB.ASM 228 : Register in operand not in bank 0.  Ensure that bank bits are correct.
Message[302] C:\USERS\JULIT\DOCUMENTS\GITHUB\MICROS-\LAB_5.X\LAB.ASM 229 : Register in operand not in bank 0.  Ensure that bank bits are correct.
Message[302] C:\USERS\JULIT\DOCUMENTS\GITHUB\MICROS-\LAB_5.X\LAB.ASM 230 : Register in operand not in bank 0.  Ensure that bank bits are correct.
Message[302] C:\USERS\JULIT\DOCUMENTS\GITHUB\MICROS-\LAB_5.X\LAB.ASM 231 : Register in operand not in bank 0.  Ensure that bank bits are correct.
Message[302] C:\USERS\JULIT\DOCUMENTS\GITHUB\MICROS-\LAB_5.X\LAB.ASM 232 : Register in operand not in bank 0.  Ensure that bank bits are correct.
Warning[203] C:\USERS\JULIT\DOCUMENTS\GITHUB\MICROS-\LAB_5.X\LAB.ASM 252 : Found opcode in column 1. (RETURN)
Message[302] C:\USERS\JULIT\DOCUMENTS\GITHUB\MICROS-\LAB_5.X\LAB.ASM 260 : Register in operand not in bank 0.  Ensure that bank bits are correct.
Warning[203] C:\USERS\JULIT\DOCUMENTS\GITHUB\MICROS-\LAB_5.X\LAB.ASM 264 : Found opcode in column 1. (RETURN)
Warning[207] C:\USERS\JULIT\DOCUMENTS\GITHUB\MICROS-\LAB_5.X\LAB.ASM 271 : Found label after column 1. (DISPLAY_GE)
Warning[207] C:\USERS\JULIT\DOCUMENTS\GITHUB\MICROS-\LAB_5.X\LAB.ASM 276 : Found label after column 1. (DISPLAY_D1)
Warning[207] C:\USERS\JULIT\DOCUMENTS\GITHUB\MICROS-\LAB_5.X\LAB.ASM 283 : Found label after column 1. (DISPLAY_D2)
Warning[207] C:\USERS\JULIT\DOCUMENTS\GITHUB\MICROS-\LAB_5.X\LAB.ASM 289 : Found label after column 1. (TOGGLE)
Message[302] C:\USERS\JULIT\DOCUMENTS\GITHUB\MICROS-\LAB_5.X\LAB.ASM 308 : Register in operand not in bank 0.  Ensure that bank bits are correct.
Message[302] C:\USERS\JULIT\DOCUMENTS\GITHUB\MICROS-\LAB_5.X\LAB.ASM 312 : Register in operand not in bank 0.  Ensure that bank bits are correct.
Message[302] C:\USERS\JULIT\DOCUMENTS\GITHUB\MICROS-\LAB_5.X\LAB.ASM 313 : Register in operand not in bank 0.  Ensure that bank bits are correct.
Message[302] C:\USERS\JULIT\DOCUMENTS\GITHUB\MICROS-\LAB_5.X\LAB.ASM 317 : Register in operand not in bank 0.  Ensure that bank bits are correct.
Message[302] C:\USERS\JULIT\DOCUMENTS\GITHUB\MICROS-\LAB_5.X\LAB.ASM 324 : Register in operand not in bank 0.  Ensure that bank bits are correct.
Message[302] C:\USERS\JULIT\DOCUMENTS\GITHUB\MICROS-\LAB_5.X\LAB.ASM 330 : Register in operand not in bank 0.  Ensure that bank bits are correct.
Warning[207] C:\USERS\JULIT\DOCUMENTS\GITHUB\MICROS-\LAB_5.X\LAB.ASM 334 : Found label after column 1. (DELAY)
Warning[205] C:\USERS\JULIT\DOCUMENTS\GITHUB\MICROS-\LAB_5.X\LAB.ASM 352 : Found directive in column 1. (END)
