Warning[207] C:\USERS\JULIT\DOCUMENTS\GITHUB\MICROS-\ULTIMO_LAB.X\LAB_9.ASM 23 : Found label after column 1. (DATA_EE_ADDR)
Warning[207] C:\USERS\JULIT\DOCUMENTS\GITHUB\MICROS-\ULTIMO_LAB.X\LAB_9.ASM 25 : Found label after column 1. (GPR_VAR)
Warning[207] C:\USERS\JULIT\DOCUMENTS\GITHUB\MICROS-\ULTIMO_LAB.X\LAB_9.ASM 26 : Found label after column 1. (CONT)
Warning[207] C:\USERS\JULIT\DOCUMENTS\GITHUB\MICROS-\ULTIMO_LAB.X\LAB_9.ASM 30 : Found label after column 1. (W_TEMP)
Warning[207] C:\USERS\JULIT\DOCUMENTS\GITHUB\MICROS-\ULTIMO_LAB.X\LAB_9.ASM 31 : Found label after column 1. (STATUS_TEMP)
Warning[207] C:\USERS\JULIT\DOCUMENTS\GITHUB\MICROS-\ULTIMO_LAB.X\LAB_9.ASM 35 : Found label after column 1. (RES_VECT)
Warning[207] C:\USERS\JULIT\DOCUMENTS\GITHUB\MICROS-\ULTIMO_LAB.X\LAB_9.ASM 42 : Found label after column 1. (MAIN_PROG)
Warning[203] C:\USERS\JULIT\DOCUMENTS\GITHUB\MICROS-\ULTIMO_LAB.X\LAB_9.ASM 44 : Found opcode in column 1. (BCF)
Message[302] C:\USERS\JULIT\DOCUMENTS\GITHUB\MICROS-\ULTIMO_LAB.X\LAB_9.ASM 44 : Register in operand not in bank 0.  Ensure that bank bits are correct.
Warning[203] C:\USERS\JULIT\DOCUMENTS\GITHUB\MICROS-\ULTIMO_LAB.X\LAB_9.ASM 45 : Found opcode in column 1. (CALL)
Warning[203] C:\USERS\JULIT\DOCUMENTS\GITHUB\MICROS-\ULTIMO_LAB.X\LAB_9.ASM 46 : Found opcode in column 1. (CALL)
Warning[203] C:\USERS\JULIT\DOCUMENTS\GITHUB\MICROS-\ULTIMO_LAB.X\LAB_9.ASM 47 : Found opcode in column 1. (CALL)
Warning[203] C:\USERS\JULIT\DOCUMENTS\GITHUB\MICROS-\ULTIMO_LAB.X\LAB_9.ASM 48 : Found opcode in column 1. (CALL)
Warning[205] C:\USERS\JULIT\DOCUMENTS\GITHUB\MICROS-\ULTIMO_LAB.X\LAB_9.ASM 51 : Found directive in column 1. (BANKSEL)
Warning[203] C:\USERS\JULIT\DOCUMENTS\GITHUB\MICROS-\ULTIMO_LAB.X\LAB_9.ASM 52 : Found opcode in column 1. (CLRF)
Warning[203] C:\USERS\JULIT\DOCUMENTS\GITHUB\MICROS-\ULTIMO_LAB.X\LAB_9.ASM 53 : Found opcode in column 1. (CLRF)
Warning[203] C:\USERS\JULIT\DOCUMENTS\GITHUB\MICROS-\ULTIMO_LAB.X\LAB_9.ASM 54 : Found opcode in column 1. (CLRF)
Warning[203] C:\USERS\JULIT\DOCUMENTS\GITHUB\MICROS-\ULTIMO_LAB.X\LAB_9.ASM 55 : Found opcode in column 1. (CALL)
Warning[203] C:\USERS\JULIT\DOCUMENTS\GITHUB\MICROS-\ULTIMO_LAB.X\LAB_9.ASM 56 : Found opcode in column 1. (GOTO)
Warning[203] C:\USERS\JULIT\DOCUMENTS\GITHUB\MICROS-\ULTIMO_LAB.X\LAB_9.ASM 65 : Found opcode in column 1. (GOTO)
Warning[203] C:\USERS\JULIT\DOCUMENTS\GITHUB\MICROS-\ULTIMO_LAB.X\LAB_9.ASM 77 : Found opcode in column 1. (RETURN)
Message[302] C:\USERS\JULIT\DOCUMENTS\GITHUB\MICROS-\ULTIMO_LAB.X\LAB_9.ASM 82 : Register in operand not in bank 0.  Ensure that bank bits are correct.
Message[302] C:\USERS\JULIT\DOCUMENTS\GITHUB\MICROS-\ULTIMO_LAB.X\LAB_9.ASM 86 : Register in operand not in bank 0.  Ensure that bank bits are correct.
Message[302] C:\USERS\JULIT\DOCUMENTS\GITHUB\MICROS-\ULTIMO_LAB.X\LAB_9.ASM 88 : Register in operand not in bank 0.  Ensure that bank bits are correct.
Message[302] C:\USERS\JULIT\DOCUMENTS\GITHUB\MICROS-\ULTIMO_LAB.X\LAB_9.ASM 89 : Register in operand not in bank 0.  Ensure that bank bits are correct.
Message[302] C:\USERS\JULIT\DOCUMENTS\GITHUB\MICROS-\ULTIMO_LAB.X\LAB_9.ASM 94 : Register in operand not in bank 0.  Ensure that bank bits are correct.
Message[302] C:\USERS\JULIT\DOCUMENTS\GITHUB\MICROS-\ULTIMO_LAB.X\LAB_9.ASM 96 : Register in operand not in bank 0.  Ensure that bank bits are correct.
Message[302] C:\USERS\JULIT\DOCUMENTS\GITHUB\MICROS-\ULTIMO_LAB.X\LAB_9.ASM 97 : Register in operand not in bank 0.  Ensure that bank bits are correct.
Message[302] C:\USERS\JULIT\DOCUMENTS\GITHUB\MICROS-\ULTIMO_LAB.X\LAB_9.ASM 100 : Register in operand not in bank 0.  Ensure that bank bits are correct.
Warning[203] C:\USERS\JULIT\DOCUMENTS\GITHUB\MICROS-\ULTIMO_LAB.X\LAB_9.ASM 103 : Found opcode in column 1. (RETURN)
Message[302] C:\USERS\JULIT\DOCUMENTS\GITHUB\MICROS-\ULTIMO_LAB.X\LAB_9.ASM 108 : Register in operand not in bank 0.  Ensure that bank bits are correct.
Message[302] C:\USERS\JULIT\DOCUMENTS\GITHUB\MICROS-\ULTIMO_LAB.X\LAB_9.ASM 112 : Register in operand not in bank 0.  Ensure that bank bits are correct.
Message[302] C:\USERS\JULIT\DOCUMENTS\GITHUB\MICROS-\ULTIMO_LAB.X\LAB_9.ASM 114 : Register in operand not in bank 0.  Ensure that bank bits are correct.
Message[302] C:\USERS\JULIT\DOCUMENTS\GITHUB\MICROS-\ULTIMO_LAB.X\LAB_9.ASM 115 : Register in operand not in bank 0.  Ensure that bank bits are correct.
Message[302] C:\USERS\JULIT\DOCUMENTS\GITHUB\MICROS-\ULTIMO_LAB.X\LAB_9.ASM 119 : Register in operand not in bank 0.  Ensure that bank bits are correct.
Message[302] C:\USERS\JULIT\DOCUMENTS\GITHUB\MICROS-\ULTIMO_LAB.X\LAB_9.ASM 121 : Register in operand not in bank 0.  Ensure that bank bits are correct.
Message[302] C:\USERS\JULIT\DOCUMENTS\GITHUB\MICROS-\ULTIMO_LAB.X\LAB_9.ASM 122 : Register in operand not in bank 0.  Ensure that bank bits are correct.
Message[302] C:\USERS\JULIT\DOCUMENTS\GITHUB\MICROS-\ULTIMO_LAB.X\LAB_9.ASM 125 : Register in operand not in bank 0.  Ensure that bank bits are correct.
Warning[203] C:\USERS\JULIT\DOCUMENTS\GITHUB\MICROS-\ULTIMO_LAB.X\LAB_9.ASM 127 : Found opcode in column 1. (RETURN)
Message[302] C:\USERS\JULIT\DOCUMENTS\GITHUB\MICROS-\ULTIMO_LAB.X\LAB_9.ASM 132 : Register in operand not in bank 0.  Ensure that bank bits are correct.
Message[302] C:\USERS\JULIT\DOCUMENTS\GITHUB\MICROS-\ULTIMO_LAB.X\LAB_9.ASM 135 : Register in operand not in bank 0.  Ensure that bank bits are correct.
Message[302] C:\USERS\JULIT\DOCUMENTS\GITHUB\MICROS-\ULTIMO_LAB.X\LAB_9.ASM 136 : Register in operand not in bank 0.  Ensure that bank bits are correct.
Message[302] C:\USERS\JULIT\DOCUMENTS\GITHUB\MICROS-\ULTIMO_LAB.X\LAB_9.ASM 138 : Register in operand not in bank 0.  Ensure that bank bits are correct.
Warning[203] C:\USERS\JULIT\DOCUMENTS\GITHUB\MICROS-\ULTIMO_LAB.X\LAB_9.ASM 141 : Found opcode in column 1. (RETURN)
Warning[207] C:\USERS\JULIT\DOCUMENTS\GITHUB\MICROS-\ULTIMO_LAB.X\LAB_9.ASM 143 : Found label after column 1. (R2_MEM)
Message[302] C:\USERS\JULIT\DOCUMENTS\GITHUB\MICROS-\ULTIMO_LAB.X\LAB_9.ASM 147 : Register in operand not in bank 0.  Ensure that bank bits are correct.
Message[302] C:\USERS\JULIT\DOCUMENTS\GITHUB\MICROS-\ULTIMO_LAB.X\LAB_9.ASM 149 : Register in operand not in bank 0.  Ensure that bank bits are correct.
Message[302] C:\USERS\JULIT\DOCUMENTS\GITHUB\MICROS-\ULTIMO_LAB.X\LAB_9.ASM 150 : Register in operand not in bank 0.  Ensure that bank bits are correct.
Message[302] C:\USERS\JULIT\DOCUMENTS\GITHUB\MICROS-\ULTIMO_LAB.X\LAB_9.ASM 152 : Register in operand not in bank 0.  Ensure that bank bits are correct.
Warning[203] C:\USERS\JULIT\DOCUMENTS\GITHUB\MICROS-\ULTIMO_LAB.X\LAB_9.ASM 156 : Found opcode in column 1. (RETURN)
Message[302] C:\USERS\JULIT\DOCUMENTS\GITHUB\MICROS-\ULTIMO_LAB.X\LAB_9.ASM 163 : Register in operand not in bank 0.  Ensure that bank bits are correct.
Message[302] C:\USERS\JULIT\DOCUMENTS\GITHUB\MICROS-\ULTIMO_LAB.X\LAB_9.ASM 174 : Register in operand not in bank 0.  Ensure that bank bits are correct.
Message[302] C:\USERS\JULIT\DOCUMENTS\GITHUB\MICROS-\ULTIMO_LAB.X\LAB_9.ASM 175 : Register in operand not in bank 0.  Ensure that bank bits are correct.
Message[302] C:\USERS\JULIT\DOCUMENTS\GITHUB\MICROS-\ULTIMO_LAB.X\LAB_9.ASM 176 : Register in operand not in bank 0.  Ensure that bank bits are correct.
Warning[207] C:\USERS\JULIT\DOCUMENTS\GITHUB\MICROS-\ULTIMO_LAB.X\LAB_9.ASM 185 : Found label after column 1. (CONFIG_FLAG)
Message[302] C:\USERS\JULIT\DOCUMENTS\GITHUB\MICROS-\ULTIMO_LAB.X\LAB_9.ASM 190 : Register in operand not in bank 0.  Ensure that bank bits are correct.
Message[302] C:\USERS\JULIT\DOCUMENTS\GITHUB\MICROS-\ULTIMO_LAB.X\LAB_9.ASM 191 : Register in operand not in bank 0.  Ensure that bank bits are correct.
Warning[207] C:\USERS\JULIT\DOCUMENTS\GITHUB\MICROS-\ULTIMO_LAB.X\LAB_9.ASM 198 : Found label after column 1. (CONFIG_TIMER0)
Message[302] C:\USERS\JULIT\DOCUMENTS\GITHUB\MICROS-\ULTIMO_LAB.X\LAB_9.ASM 200 : Register in operand not in bank 0.  Ensure that bank bits are correct.
Message[302] C:\USERS\JULIT\DOCUMENTS\GITHUB\MICROS-\ULTIMO_LAB.X\LAB_9.ASM 201 : Register in operand not in bank 0.  Ensure that bank bits are correct.
Message[302] C:\USERS\JULIT\DOCUMENTS\GITHUB\MICROS-\ULTIMO_LAB.X\LAB_9.ASM 202 : Register in operand not in bank 0.  Ensure that bank bits are correct.
Message[302] C:\USERS\JULIT\DOCUMENTS\GITHUB\MICROS-\ULTIMO_LAB.X\LAB_9.ASM 203 : Register in operand not in bank 0.  Ensure that bank bits are correct.
Message[302] C:\USERS\JULIT\DOCUMENTS\GITHUB\MICROS-\ULTIMO_LAB.X\LAB_9.ASM 204 : Register in operand not in bank 0.  Ensure that bank bits are correct.
Warning[203] C:\USERS\JULIT\DOCUMENTS\GITHUB\MICROS-\ULTIMO_LAB.X\LAB_9.ASM 223 : Found opcode in column 1. (RETURN)
Message[302] C:\USERS\JULIT\DOCUMENTS\GITHUB\MICROS-\ULTIMO_LAB.X\LAB_9.ASM 230 : Register in operand not in bank 0.  Ensure that bank bits are correct.
Warning[203] C:\USERS\JULIT\DOCUMENTS\GITHUB\MICROS-\ULTIMO_LAB.X\LAB_9.ASM 234 : Found opcode in column 1. (RETURN)
Warning[207] C:\USERS\JULIT\DOCUMENTS\GITHUB\MICROS-\ULTIMO_LAB.X\LAB_9.ASM 238 : Found label after column 1. (CONFIG_IO)
Message[302] C:\USERS\JULIT\DOCUMENTS\GITHUB\MICROS-\ULTIMO_LAB.X\LAB_9.ASM 241 : Register in operand not in bank 0.  Ensure that bank bits are correct.
Message[302] C:\USERS\JULIT\DOCUMENTS\GITHUB\MICROS-\ULTIMO_LAB.X\LAB_9.ASM 245 : Register in operand not in bank 0.  Ensure that bank bits are correct.
Message[302] C:\USERS\JULIT\DOCUMENTS\GITHUB\MICROS-\ULTIMO_LAB.X\LAB_9.ASM 246 : Register in operand not in bank 0.  Ensure that bank bits are correct.
Message[302] C:\USERS\JULIT\DOCUMENTS\GITHUB\MICROS-\ULTIMO_LAB.X\LAB_9.ASM 247 : Register in operand not in bank 0.  Ensure that bank bits are correct.
Message[302] C:\USERS\JULIT\DOCUMENTS\GITHUB\MICROS-\ULTIMO_LAB.X\LAB_9.ASM 250 : Register in operand not in bank 0.  Ensure that bank bits are correct.
Message[302] C:\USERS\JULIT\DOCUMENTS\GITHUB\MICROS-\ULTIMO_LAB.X\LAB_9.ASM 255 : Register in operand not in bank 0.  Ensure that bank bits are correct.
Message[302] C:\USERS\JULIT\DOCUMENTS\GITHUB\MICROS-\ULTIMO_LAB.X\LAB_9.ASM 260 : Register in operand not in bank 0.  Ensure that bank bits are correct.
Warning[205] C:\USERS\JULIT\DOCUMENTS\GITHUB\MICROS-\ULTIMO_LAB.X\LAB_9.ASM 277 : Found directive in column 1. (END)
