Warning[207] C:\USERS\JULIT\DOCUMENTS\GITHUB\MICROS-\LAB_7_A.X\LAB7MASTER.ASM 24 : Found label after column 1. (GPR_VAR)
Warning[207] C:\USERS\JULIT\DOCUMENTS\GITHUB\MICROS-\LAB_7_A.X\LAB7MASTER.ASM 25 : Found label after column 1. (CONT)
Warning[207] C:\USERS\JULIT\DOCUMENTS\GITHUB\MICROS-\LAB_7_A.X\LAB7MASTER.ASM 26 : Found label after column 1. (TEMP)
Warning[207] C:\USERS\JULIT\DOCUMENTS\GITHUB\MICROS-\LAB_7_A.X\LAB7MASTER.ASM 27 : Found label after column 1. (TEMP1)
Warning[207] C:\USERS\JULIT\DOCUMENTS\GITHUB\MICROS-\LAB_7_A.X\LAB7MASTER.ASM 28 : Found label after column 1. (W_TEMP)
Warning[207] C:\USERS\JULIT\DOCUMENTS\GITHUB\MICROS-\LAB_7_A.X\LAB7MASTER.ASM 29 : Found label after column 1. (STATUS_TEMP)
Warning[207] C:\USERS\JULIT\DOCUMENTS\GITHUB\MICROS-\LAB_7_A.X\LAB7MASTER.ASM 33 : Found label after column 1. (RES_VECT)
Warning[203] C:\USERS\JULIT\DOCUMENTS\GITHUB\MICROS-\LAB_7_A.X\LAB7MASTER.ASM 38 : Found opcode in column 1. (BCF)
Message[302] C:\USERS\JULIT\DOCUMENTS\GITHUB\MICROS-\LAB_7_A.X\LAB7MASTER.ASM 38 : Register in operand not in bank 0.  Ensure that bank bits are correct.
Warning[203] C:\USERS\JULIT\DOCUMENTS\GITHUB\MICROS-\LAB_7_A.X\LAB7MASTER.ASM 39 : Found opcode in column 1. (CALL)
Warning[203] C:\USERS\JULIT\DOCUMENTS\GITHUB\MICROS-\LAB_7_A.X\LAB7MASTER.ASM 40 : Found opcode in column 1. (CALL)
Warning[203] C:\USERS\JULIT\DOCUMENTS\GITHUB\MICROS-\LAB_7_A.X\LAB7MASTER.ASM 41 : Found opcode in column 1. (CALL)
Warning[203] C:\USERS\JULIT\DOCUMENTS\GITHUB\MICROS-\LAB_7_A.X\LAB7MASTER.ASM 42 : Found opcode in column 1. (CALL)
Warning[203] C:\USERS\JULIT\DOCUMENTS\GITHUB\MICROS-\LAB_7_A.X\LAB7MASTER.ASM 43 : Found opcode in column 1. (BSF)
Warning[205] C:\USERS\JULIT\DOCUMENTS\GITHUB\MICROS-\LAB_7_A.X\LAB7MASTER.ASM 45 : Found directive in column 1. (BANKSEL)
Warning[203] C:\USERS\JULIT\DOCUMENTS\GITHUB\MICROS-\LAB_7_A.X\LAB7MASTER.ASM 46 : Found opcode in column 1. (CLRF)
Warning[203] C:\USERS\JULIT\DOCUMENTS\GITHUB\MICROS-\LAB_7_A.X\LAB7MASTER.ASM 47 : Found opcode in column 1. (CLRF)
Warning[203] C:\USERS\JULIT\DOCUMENTS\GITHUB\MICROS-\LAB_7_A.X\LAB7MASTER.ASM 48 : Found opcode in column 1. (CLRF)
Warning[203] C:\USERS\JULIT\DOCUMENTS\GITHUB\MICROS-\LAB_7_A.X\LAB7MASTER.ASM 49 : Found opcode in column 1. (CLRF)
Warning[203] C:\USERS\JULIT\DOCUMENTS\GITHUB\MICROS-\LAB_7_A.X\LAB7MASTER.ASM 50 : Found opcode in column 1. (CLRF)
Warning[203] C:\USERS\JULIT\DOCUMENTS\GITHUB\MICROS-\LAB_7_A.X\LAB7MASTER.ASM 51 : Found opcode in column 1. (GOTO)
Warning[203] C:\USERS\JULIT\DOCUMENTS\GITHUB\MICROS-\LAB_7_A.X\LAB7MASTER.ASM 60 : Found opcode in column 1. (GOTO)
Message[302] C:\USERS\JULIT\DOCUMENTS\GITHUB\MICROS-\LAB_7_A.X\LAB7MASTER.ASM 62 : Register in operand not in bank 0.  Ensure that bank bits are correct.
Message[302] C:\USERS\JULIT\DOCUMENTS\GITHUB\MICROS-\LAB_7_A.X\LAB7MASTER.ASM 63 : Register in operand not in bank 0.  Ensure that bank bits are correct.
Message[302] C:\USERS\JULIT\DOCUMENTS\GITHUB\MICROS-\LAB_7_A.X\LAB7MASTER.ASM 65 : Register in operand not in bank 0.  Ensure that bank bits are correct.
Message[302] C:\USERS\JULIT\DOCUMENTS\GITHUB\MICROS-\LAB_7_A.X\LAB7MASTER.ASM 68 : Register in operand not in bank 0.  Ensure that bank bits are correct.
Message[302] C:\USERS\JULIT\DOCUMENTS\GITHUB\MICROS-\LAB_7_A.X\LAB7MASTER.ASM 69 : Register in operand not in bank 0.  Ensure that bank bits are correct.
Message[302] C:\USERS\JULIT\DOCUMENTS\GITHUB\MICROS-\LAB_7_A.X\LAB7MASTER.ASM 74 : Register in operand not in bank 0.  Ensure that bank bits are correct.
Message[302] C:\USERS\JULIT\DOCUMENTS\GITHUB\MICROS-\LAB_7_A.X\LAB7MASTER.ASM 75 : Register in operand not in bank 0.  Ensure that bank bits are correct.
Message[302] C:\USERS\JULIT\DOCUMENTS\GITHUB\MICROS-\LAB_7_A.X\LAB7MASTER.ASM 89 : Register in operand not in bank 0.  Ensure that bank bits are correct.
Message[302] C:\USERS\JULIT\DOCUMENTS\GITHUB\MICROS-\LAB_7_A.X\LAB7MASTER.ASM 101 : Register in operand not in bank 0.  Ensure that bank bits are correct.
Message[302] C:\USERS\JULIT\DOCUMENTS\GITHUB\MICROS-\LAB_7_A.X\LAB7MASTER.ASM 102 : Register in operand not in bank 0.  Ensure that bank bits are correct.
Message[302] C:\USERS\JULIT\DOCUMENTS\GITHUB\MICROS-\LAB_7_A.X\LAB7MASTER.ASM 103 : Register in operand not in bank 0.  Ensure that bank bits are correct.
Warning[207] C:\USERS\JULIT\DOCUMENTS\GITHUB\MICROS-\LAB_7_A.X\LAB7MASTER.ASM 118 : Found label after column 1. (CONFIG_IO)
Message[302] C:\USERS\JULIT\DOCUMENTS\GITHUB\MICROS-\LAB_7_A.X\LAB7MASTER.ASM 121 : Register in operand not in bank 0.  Ensure that bank bits are correct.
Message[302] C:\USERS\JULIT\DOCUMENTS\GITHUB\MICROS-\LAB_7_A.X\LAB7MASTER.ASM 125 : Register in operand not in bank 0.  Ensure that bank bits are correct.
Message[302] C:\USERS\JULIT\DOCUMENTS\GITHUB\MICROS-\LAB_7_A.X\LAB7MASTER.ASM 126 : Register in operand not in bank 0.  Ensure that bank bits are correct.
Message[302] C:\USERS\JULIT\DOCUMENTS\GITHUB\MICROS-\LAB_7_A.X\LAB7MASTER.ASM 127 : Register in operand not in bank 0.  Ensure that bank bits are correct.
Message[302] C:\USERS\JULIT\DOCUMENTS\GITHUB\MICROS-\LAB_7_A.X\LAB7MASTER.ASM 130 : Register in operand not in bank 0.  Ensure that bank bits are correct.
Message[302] C:\USERS\JULIT\DOCUMENTS\GITHUB\MICROS-\LAB_7_A.X\LAB7MASTER.ASM 135 : Register in operand not in bank 0.  Ensure that bank bits are correct.
Message[302] C:\USERS\JULIT\DOCUMENTS\GITHUB\MICROS-\LAB_7_A.X\LAB7MASTER.ASM 140 : Register in operand not in bank 0.  Ensure that bank bits are correct.
Warning[203] C:\USERS\JULIT\DOCUMENTS\GITHUB\MICROS-\LAB_7_A.X\LAB7MASTER.ASM 145 : Found opcode in column 1. (NOP)
Warning[203] C:\USERS\JULIT\DOCUMENTS\GITHUB\MICROS-\LAB_7_A.X\LAB7MASTER.ASM 146 : Found opcode in column 1. (NOP)
Warning[203] C:\USERS\JULIT\DOCUMENTS\GITHUB\MICROS-\LAB_7_A.X\LAB7MASTER.ASM 147 : Found opcode in column 1. (NOP)
Warning[203] C:\USERS\JULIT\DOCUMENTS\GITHUB\MICROS-\LAB_7_A.X\LAB7MASTER.ASM 148 : Found opcode in column 1. (NOP)
Warning[203] C:\USERS\JULIT\DOCUMENTS\GITHUB\MICROS-\LAB_7_A.X\LAB7MASTER.ASM 149 : Found opcode in column 1. (NOP)
Warning[203] C:\USERS\JULIT\DOCUMENTS\GITHUB\MICROS-\LAB_7_A.X\LAB7MASTER.ASM 150 : Found opcode in column 1. (NOP)
Warning[203] C:\USERS\JULIT\DOCUMENTS\GITHUB\MICROS-\LAB_7_A.X\LAB7MASTER.ASM 151 : Found opcode in column 1. (NOP)
Warning[203] C:\USERS\JULIT\DOCUMENTS\GITHUB\MICROS-\LAB_7_A.X\LAB7MASTER.ASM 152 : Found opcode in column 1. (NOP)
Warning[203] C:\USERS\JULIT\DOCUMENTS\GITHUB\MICROS-\LAB_7_A.X\LAB7MASTER.ASM 153 : Found opcode in column 1. (NOP)
Warning[203] C:\USERS\JULIT\DOCUMENTS\GITHUB\MICROS-\LAB_7_A.X\LAB7MASTER.ASM 154 : Found opcode in column 1. (NOP)
Warning[203] C:\USERS\JULIT\DOCUMENTS\GITHUB\MICROS-\LAB_7_A.X\LAB7MASTER.ASM 155 : Found opcode in column 1. (NOP)
Warning[203] C:\USERS\JULIT\DOCUMENTS\GITHUB\MICROS-\LAB_7_A.X\LAB7MASTER.ASM 156 : Found opcode in column 1. (NOP)
Warning[203] C:\USERS\JULIT\DOCUMENTS\GITHUB\MICROS-\LAB_7_A.X\LAB7MASTER.ASM 157 : Found opcode in column 1. (NOP)
Warning[203] C:\USERS\JULIT\DOCUMENTS\GITHUB\MICROS-\LAB_7_A.X\LAB7MASTER.ASM 158 : Found opcode in column 1. (NOP)
Warning[203] C:\USERS\JULIT\DOCUMENTS\GITHUB\MICROS-\LAB_7_A.X\LAB7MASTER.ASM 159 : Found opcode in column 1. (NOP)
Warning[203] C:\USERS\JULIT\DOCUMENTS\GITHUB\MICROS-\LAB_7_A.X\LAB7MASTER.ASM 160 : Found opcode in column 1. (NOP)
Warning[203] C:\USERS\JULIT\DOCUMENTS\GITHUB\MICROS-\LAB_7_A.X\LAB7MASTER.ASM 161 : Found opcode in column 1. (NOP)
Warning[203] C:\USERS\JULIT\DOCUMENTS\GITHUB\MICROS-\LAB_7_A.X\LAB7MASTER.ASM 162 : Found opcode in column 1. (NOP)
Warning[203] C:\USERS\JULIT\DOCUMENTS\GITHUB\MICROS-\LAB_7_A.X\LAB7MASTER.ASM 163 : Found opcode in column 1. (NOP)
Warning[203] C:\USERS\JULIT\DOCUMENTS\GITHUB\MICROS-\LAB_7_A.X\LAB7MASTER.ASM 164 : Found opcode in column 1. (NOP)
Warning[203] C:\USERS\JULIT\DOCUMENTS\GITHUB\MICROS-\LAB_7_A.X\LAB7MASTER.ASM 165 : Found opcode in column 1. (NOP)
Warning[203] C:\USERS\JULIT\DOCUMENTS\GITHUB\MICROS-\LAB_7_A.X\LAB7MASTER.ASM 166 : Found opcode in column 1. (NOP)
Warning[203] C:\USERS\JULIT\DOCUMENTS\GITHUB\MICROS-\LAB_7_A.X\LAB7MASTER.ASM 167 : Found opcode in column 1. (NOP)
Warning[203] C:\USERS\JULIT\DOCUMENTS\GITHUB\MICROS-\LAB_7_A.X\LAB7MASTER.ASM 168 : Found opcode in column 1. (NOP)
Warning[203] C:\USERS\JULIT\DOCUMENTS\GITHUB\MICROS-\LAB_7_A.X\LAB7MASTER.ASM 169 : Found opcode in column 1. (NOP)
Warning[203] C:\USERS\JULIT\DOCUMENTS\GITHUB\MICROS-\LAB_7_A.X\LAB7MASTER.ASM 170 : Found opcode in column 1. (NOP)
Warning[203] C:\USERS\JULIT\DOCUMENTS\GITHUB\MICROS-\LAB_7_A.X\LAB7MASTER.ASM 171 : Found opcode in column 1. (NOP)
Warning[203] C:\USERS\JULIT\DOCUMENTS\GITHUB\MICROS-\LAB_7_A.X\LAB7MASTER.ASM 172 : Found opcode in column 1. (NOP)
Warning[203] C:\USERS\JULIT\DOCUMENTS\GITHUB\MICROS-\LAB_7_A.X\LAB7MASTER.ASM 173 : Found opcode in column 1. (NOP)
Warning[203] C:\USERS\JULIT\DOCUMENTS\GITHUB\MICROS-\LAB_7_A.X\LAB7MASTER.ASM 174 : Found opcode in column 1. (NOP)
Warning[203] C:\USERS\JULIT\DOCUMENTS\GITHUB\MICROS-\LAB_7_A.X\LAB7MASTER.ASM 175 : Found opcode in column 1. (NOP)
Warning[203] C:\USERS\JULIT\DOCUMENTS\GITHUB\MICROS-\LAB_7_A.X\LAB7MASTER.ASM 176 : Found opcode in column 1. (NOP)
Warning[203] C:\USERS\JULIT\DOCUMENTS\GITHUB\MICROS-\LAB_7_A.X\LAB7MASTER.ASM 177 : Found opcode in column 1. (NOP)
Warning[203] C:\USERS\JULIT\DOCUMENTS\GITHUB\MICROS-\LAB_7_A.X\LAB7MASTER.ASM 178 : Found opcode in column 1. (NOP)
Warning[203] C:\USERS\JULIT\DOCUMENTS\GITHUB\MICROS-\LAB_7_A.X\LAB7MASTER.ASM 179 : Found opcode in column 1. (NOP)
Warning[203] C:\USERS\JULIT\DOCUMENTS\GITHUB\MICROS-\LAB_7_A.X\LAB7MASTER.ASM 180 : Found opcode in column 1. (NOP)
Warning[203] C:\USERS\JULIT\DOCUMENTS\GITHUB\MICROS-\LAB_7_A.X\LAB7MASTER.ASM 181 : Found opcode in column 1. (NOP)
Warning[203] C:\USERS\JULIT\DOCUMENTS\GITHUB\MICROS-\LAB_7_A.X\LAB7MASTER.ASM 182 : Found opcode in column 1. (NOP)
Warning[203] C:\USERS\JULIT\DOCUMENTS\GITHUB\MICROS-\LAB_7_A.X\LAB7MASTER.ASM 183 : Found opcode in column 1. (NOP)
Warning[203] C:\USERS\JULIT\DOCUMENTS\GITHUB\MICROS-\LAB_7_A.X\LAB7MASTER.ASM 184 : Found opcode in column 1. (NOP)
Warning[203] C:\USERS\JULIT\DOCUMENTS\GITHUB\MICROS-\LAB_7_A.X\LAB7MASTER.ASM 185 : Found opcode in column 1. (NOP)
Warning[203] C:\USERS\JULIT\DOCUMENTS\GITHUB\MICROS-\LAB_7_A.X\LAB7MASTER.ASM 186 : Found opcode in column 1. (NOP)
Warning[203] C:\USERS\JULIT\DOCUMENTS\GITHUB\MICROS-\LAB_7_A.X\LAB7MASTER.ASM 187 : Found opcode in column 1. (NOP)
Warning[203] C:\USERS\JULIT\DOCUMENTS\GITHUB\MICROS-\LAB_7_A.X\LAB7MASTER.ASM 188 : Found opcode in column 1. (NOP)
Warning[203] C:\USERS\JULIT\DOCUMENTS\GITHUB\MICROS-\LAB_7_A.X\LAB7MASTER.ASM 189 : Found opcode in column 1. (NOP)
Warning[203] C:\USERS\JULIT\DOCUMENTS\GITHUB\MICROS-\LAB_7_A.X\LAB7MASTER.ASM 190 : Found opcode in column 1. (NOP)
Warning[203] C:\USERS\JULIT\DOCUMENTS\GITHUB\MICROS-\LAB_7_A.X\LAB7MASTER.ASM 191 : Found opcode in column 1. (NOP)
Warning[203] C:\USERS\JULIT\DOCUMENTS\GITHUB\MICROS-\LAB_7_A.X\LAB7MASTER.ASM 192 : Found opcode in column 1. (NOP)
Warning[203] C:\USERS\JULIT\DOCUMENTS\GITHUB\MICROS-\LAB_7_A.X\LAB7MASTER.ASM 193 : Found opcode in column 1. (NOP)
Warning[203] C:\USERS\JULIT\DOCUMENTS\GITHUB\MICROS-\LAB_7_A.X\LAB7MASTER.ASM 194 : Found opcode in column 1. (NOP)
Warning[203] C:\USERS\JULIT\DOCUMENTS\GITHUB\MICROS-\LAB_7_A.X\LAB7MASTER.ASM 195 : Found opcode in column 1. (NOP)
Warning[203] C:\USERS\JULIT\DOCUMENTS\GITHUB\MICROS-\LAB_7_A.X\LAB7MASTER.ASM 196 : Found opcode in column 1. (NOP)
Warning[203] C:\USERS\JULIT\DOCUMENTS\GITHUB\MICROS-\LAB_7_A.X\LAB7MASTER.ASM 197 : Found opcode in column 1. (NOP)
Warning[203] C:\USERS\JULIT\DOCUMENTS\GITHUB\MICROS-\LAB_7_A.X\LAB7MASTER.ASM 198 : Found opcode in column 1. (NOP)
Warning[203] C:\USERS\JULIT\DOCUMENTS\GITHUB\MICROS-\LAB_7_A.X\LAB7MASTER.ASM 199 : Found opcode in column 1. (NOP)
Warning[203] C:\USERS\JULIT\DOCUMENTS\GITHUB\MICROS-\LAB_7_A.X\LAB7MASTER.ASM 200 : Found opcode in column 1. (RETURN)
Warning[205] C:\USERS\JULIT\DOCUMENTS\GITHUB\MICROS-\LAB_7_A.X\LAB7MASTER.ASM 201 : Found directive in column 1. (END)
