MPASM 5.77                    LAB7MASTER.ASM   10-8-2020  10:34:59         PAGE  1


LOC  OBJECT CODE     LINE SOURCE TEXT
  VALUE

                      00001 ;*******************************************************************************
                      00002 ;                                                                              *
                      00003 ;    Filename: julio lopez                                                     *
                      00004 ;    Date:     9/29/2020                                                        *
                      00005 ;    File Version:                                                             *
                      00006 ;    Author:                                                                   *
                      00007 ;    Company:                                                                  *
                      00008 ;    Description:                                                              *
                      00009 ;                            HORAS  CON ITERMITENTES                                                   *
                      00010 ;*******************************************************************************
                      00011 ;
                      00012 ;    TODO INSERT CONFIG CODE HERE USING CONFIG BITS GENERATOR
                      00013     
                      00014     #INCLUDE "p16f887.inc"
                      00001         LIST
                      00002 
                      00003 ;==========================================================================
                      00004 ; Build date : Nov 22 2017
                      00005 ;  MPASM PIC16F887 processor include
                      00006 ; 
                      00007 ;  (c) Copyright 1999-2017 Microchip Technology, All rights reserved
                      00008 ;==========================================================================
                      00009 
                      00810         LIST
                      00015 ; CONFIG1
                      00016 ; __config 0xF0F1
2007   20D4           00017  __CONFIG _CONFIG1, _FOSC_INTRC_NOCLKOUT & _WDTE_OFF & _PWRTE_OFF & _MCLRE_OFF & _CP_OFF & _CPD_OFF & _B
                            OREN_OFF & _IESO_OFF & _FCMEN_OFF & _LVP_OFF
                      00018 ; CONFIG2
                      00019 ; __config 0xFFFF
2008   3FFF           00020  __CONFIG _CONFIG2, _BOR4V_BOR40V & _WRT_OFF
                      00021  ;-----------------------------------------------------------------------------
                      00022  ;-----------------------------------------------------------------------------
                      00023  
Warning[207]: Found label after column 1. (GPR_VAR)
                      00024  GPR_VAR  UDATA 
Warning[207]: Found label after column 1. (CONT)
0000                  00025  CONT         RES 1 ;IN USE 
Warning[207]: Found label after column 1. (TEMP)
0001                  00026  TEMP         RES 1 ;IN USE 
Warning[207]: Found label after column 1. (TEMP1)
0002                  00027  TEMP1         RES 1 ;IN USE 
Warning[207]: Found label after column 1. (W_TEMP)
0003                  00028  W_TEMP       RES 1
Warning[207]: Found label after column 1. (STATUS_TEMP)
0004                  00029  STATUS_TEMP  RES 1
                      00030          
                      00031 ;******************************************************************************
                      00032 ;******************************************************************************
Warning[207]: Found label after column 1. (RES_VECT)
                      00033          RES_VECT  CODE    0x0000            ; processor reset vector
0000   2???           00034  GOTO    START                   ; go to beginning of program
                      00035 ;**************TODO ADD INTERRUPTS HERE IF USED******************************** 
MPASM 5.77                    LAB7MASTER.ASM   10-8-2020  10:34:59         PAGE  2


LOC  OBJECT CODE     LINE SOURCE TEXT
  VALUE

                      00036 MAIN_PROG CODE       0X100   
0100                  00037 START
Warning[203]: Found opcode in column 1. (BCF)
Message[302]: Register in operand not in bank 0.  Ensure that bank bits are correct.
0100   1381           00038 BCF OPTION_REG , 7
Warning[203]: Found opcode in column 1. (CALL)
0101   2???           00039 CALL    CONFIG_IO
Warning[203]: Found opcode in column 1. (CALL)
0102   2???           00040 CALL    CONFIG_OSC
Warning[203]: Found opcode in column 1. (CALL)
0103   2???           00041 CALL    CONFIG_ADC
Warning[203]: Found opcode in column 1. (CALL)
0104   2???           00042 CALL    CONFIG_MASTER
Warning[203]: Found opcode in column 1. (BSF)
0105   1506           00043 BSF PORTB, RB2
                      00044  
Warning[205]: Found directive in column 1. (BANKSEL)
0106   1283 1303      00045 BANKSEL PORTA 
Warning[203]: Found opcode in column 1. (CLRF)
0108   01??           00046 CLRF    CONT
Warning[203]: Found opcode in column 1. (CLRF)
0109   01??           00047 CLRF    TEMP
Warning[203]: Found opcode in column 1. (CLRF)
010A   01??           00048 CLRF    TEMP1
Warning[203]: Found opcode in column 1. (CLRF)
010B   01??           00049 CLRF    W_TEMP       
Warning[203]: Found opcode in column 1. (CLRF)
010C   01??           00050 CLRF    STATUS_TEMP  
Warning[203]: Found opcode in column 1. (GOTO)
010D   2???           00051 GOTO    LOOP
010E                  00052 LOOP:
010E   2???           00053     CALL DELAY
010F   149F           00054     BSF ADCON0,GO
0110   189F           00055     BTFSC ADCON0,GO
0111   2???           00056     GOTO$-1
0112   081E           00057     MOVF ADRESH, W
0113   00??           00058     MOVWF TEMP
0114   2???           00059     CALL SEND  
Warning[203]: Found opcode in column 1. (GOTO)
0115   2???           00060 GOTO LOOP
0116                  00061 CONFIG_MASTER
Message[302]: Register in operand not in bank 0.  Ensure that bank bits are correct.
0116   1218           00062         BCF TXSTA, SYNC
Message[302]: Register in operand not in bank 0.  Ensure that bank bits are correct.
0117   1518           00063         BSF TXSTA, BRGH
0118   1683 1703      00064         BANKSEL BAUDCTL
Message[302]: Register in operand not in bank 0.  Ensure that bank bits are correct.
011A   1587           00065         BSF BAUDCTL, BRG16
011B   1683 1303      00066         BANKSEL SPBRG
011D   3033           00067         MOVLW .51
Message[302]: Register in operand not in bank 0.  Ensure that bank bits are correct.
011E   0099           00068         MOVWF SPBRG
Message[302]: Register in operand not in bank 0.  Ensure that bank bits are correct.
MPASM 5.77                    LAB7MASTER.ASM   10-8-2020  10:34:59         PAGE  3


LOC  OBJECT CODE     LINE SOURCE TEXT
  VALUE

011F   019A           00069         CLRF SPBRGH
0120   1283 1303      00070         BANKSEL RCSTA
0122   1798           00071         BSF RCSTA, SPEN
0123   1218           00072         BCF RCSTA, CREN
0124   1683 1303      00073         BANKSEL TXSTA
Message[302]: Register in operand not in bank 0.  Ensure that bank bits are correct.
0126   1318           00074         BCF TXSTA, TX9
Message[302]: Register in operand not in bank 0.  Ensure that bank bits are correct.
0127   1698           00075         BSF TXSTA, TXEN
0128   1283 1303      00076         BANKSEL PORTD
012A   0188           00077         CLRF PORTD
012B   0008           00078  RETURN 
012C                  00079 SEND:
012C   1E0C           00080     BTFSS PIR1,TXIF
012D   2???           00081     GOTO SEND
012E   08??           00082     MOVFW TEMP
012F   0099           00083     MOVWF TXREG
0130   0008           00084     RETURN 
                      00085     
0131                  00086 CONFIG_OSC:
0131   1683 1303      00087     BANKSEL OSCCON
0133   3061           00088     MOVLW B'01100001'
Message[302]: Register in operand not in bank 0.  Ensure that bank bits are correct.
0134   008F           00089     MOVWF OSCCON
0135   0008           00090     RETURN
                      00091 
0136                  00092 CONFIG_ADC:
0136   1283 1303      00093     BANKSEL PORTA
0138   139F           00094     BCF ADCON0, ADCS1
0139   171F           00095     BSF ADCON0, ADCS0           ; FOSC/8 RELOJ TAD
013A   129F           00096     BCF ADCON0, CHS3            ; CANAL 0 PARA LA CONVERSION
013B   121F           00097     BCF ADCON0, CHS2
013C   119F           00098     BCF ADCON0, CHS1
013D   111F           00099     BCF ADCON0, CHS0    
013E   1683 1303      00100     BANKSEL TRISA
Message[302]: Register in operand not in bank 0.  Ensure that bank bits are correct.
0140   139F           00101     BCF ADCON1, ADFM            ; JUSTIFICACIÓN A LA IZQUIERDA
Message[302]: Register in operand not in bank 0.  Ensure that bank bits are correct.
0141   129F           00102     BCF ADCON1, VCFG1           ; VSS COMO REFERENCIA VREF-
Message[302]: Register in operand not in bank 0.  Ensure that bank bits are correct.
0142   121F           00103     BCF ADCON1, VCFG0           ; VDD COMO REFERENCIA VREF+
0143   1283 1303      00104     BANKSEL PORTA
0145   141F           00105     BSF ADCON0, ADON            ; ENCIENDO EL MÓDULO ADC
0146   0008           00106     RETURN
                      00107 
                      00108     
                      00109     
                      00110 
                      00111  ;------------------------------------------------------------------------------
                      00112  ;------------------------------------------------------------------------------
                      00113  ;------------------------------------------------------------------------------
                      00114 
                      00115  ;+++++++++++++++++++++++++++++++++++++++++++++++++++++++++++++++++++++++++++++
MPASM 5.77                    LAB7MASTER.ASM   10-8-2020  10:34:59         PAGE  4


LOC  OBJECT CODE     LINE SOURCE TEXT
  VALUE

                      00116  ;+++++++++++++++++++++++++++++++++++++++++++++++++++++++++++++++++++++++++++++
                      00117  ;+++++++++++++++++++++++++++++++++++++++++++++++++++++++++++++++++++++++++++++
Warning[207]: Found label after column 1. (CONFIG_IO)
0147                  00118  CONFIG_IO
0147   1683 1303      00119     BANKSEL TRISA
0149   3001           00120     MOVLW   B'00000001'
Message[302]: Register in operand not in bank 0.  Ensure that bank bits are correct.
014A   0085           00121     MOVWF   TRISA
014B   1283 1303      00122     BANKSEL PORTA
014D   0185           00123     CLRF    PORTA
014E   1683 1703      00124     BANKSEL ANSEL
Message[302]: Register in operand not in bank 0.  Ensure that bank bits are correct.
0150   0188           00125     CLRF    ANSEL
Message[302]: Register in operand not in bank 0.  Ensure that bank bits are correct.
0151   0189           00126     CLRF    ANSELH 
Message[302]: Register in operand not in bank 0.  Ensure that bank bits are correct.
0152   1408           00127     BSF ANSEL, ANS0
0153   1683 1303      00128     BANKSEL TRISB
0155   3000           00129     MOVLW   B'00000000'
Message[302]: Register in operand not in bank 0.  Ensure that bank bits are correct.
0156   0086           00130     MOVWF   TRISB
0157   1283 1303      00131     BANKSEL PORTB
0159   0186           00132     CLRF    PORTB
015A   1683 1303      00133     BANKSEL TRISC
015C   3000           00134     MOVLW   B'00000000'
Message[302]: Register in operand not in bank 0.  Ensure that bank bits are correct.
015D   0087           00135     MOVWF   TRISC
015E   1283 1303      00136     BANKSEL PORTC
0160   0187           00137     CLRF    PORTC
0161   1683 1303      00138     BANKSEL TRISD
0163   3000           00139     MOVLW   B'00000000'
Message[302]: Register in operand not in bank 0.  Ensure that bank bits are correct.
0164   0088           00140     MOVWF   TRISD
0165   1283 1303      00141     BANKSEL PORTD
0167   0188           00142     CLRF    PORTD
0168   0008           00143      RETURN
0169                  00144 DELAY
Warning[203]: Found opcode in column 1. (NOP)
0169   0000           00145 NOP
Warning[203]: Found opcode in column 1. (NOP)
016A   0000           00146 NOP
Warning[203]: Found opcode in column 1. (NOP)
016B   0000           00147 NOP
Warning[203]: Found opcode in column 1. (NOP)
016C   0000           00148 NOP
Warning[203]: Found opcode in column 1. (NOP)
016D   0000           00149 NOP
Warning[203]: Found opcode in column 1. (NOP)
016E   0000           00150 NOP
Warning[203]: Found opcode in column 1. (NOP)
016F   0000           00151 NOP
Warning[203]: Found opcode in column 1. (NOP)
0170   0000           00152 NOP
MPASM 5.77                    LAB7MASTER.ASM   10-8-2020  10:34:59         PAGE  5


LOC  OBJECT CODE     LINE SOURCE TEXT
  VALUE

Warning[203]: Found opcode in column 1. (NOP)
0171   0000           00153 NOP
Warning[203]: Found opcode in column 1. (NOP)
0172   0000           00154 NOP
Warning[203]: Found opcode in column 1. (NOP)
0173   0000           00155 NOP
Warning[203]: Found opcode in column 1. (NOP)
0174   0000           00156 NOP
Warning[203]: Found opcode in column 1. (NOP)
0175   0000           00157 NOP
Warning[203]: Found opcode in column 1. (NOP)
0176   0000           00158 NOP
Warning[203]: Found opcode in column 1. (NOP)
0177   0000           00159 NOP
Warning[203]: Found opcode in column 1. (NOP)
0178   0000           00160 NOP
Warning[203]: Found opcode in column 1. (NOP)
0179   0000           00161 NOP
Warning[203]: Found opcode in column 1. (NOP)
017A   0000           00162 NOP
Warning[203]: Found opcode in column 1. (NOP)
017B   0000           00163 NOP
Warning[203]: Found opcode in column 1. (NOP)
017C   0000           00164 NOP
Warning[203]: Found opcode in column 1. (NOP)
017D   0000           00165 NOP
Warning[203]: Found opcode in column 1. (NOP)
017E   0000           00166 NOP
Warning[203]: Found opcode in column 1. (NOP)
017F   0000           00167 NOP
Warning[203]: Found opcode in column 1. (NOP)
0180   0000           00168 NOP
Warning[203]: Found opcode in column 1. (NOP)
0181   0000           00169 NOP
Warning[203]: Found opcode in column 1. (NOP)
0182   0000           00170 NOP
Warning[203]: Found opcode in column 1. (NOP)
0183   0000           00171 NOP
Warning[203]: Found opcode in column 1. (NOP)
0184   0000           00172 NOP
Warning[203]: Found opcode in column 1. (NOP)
0185   0000           00173 NOP
Warning[203]: Found opcode in column 1. (NOP)
0186   0000           00174 NOP
Warning[203]: Found opcode in column 1. (NOP)
0187   0000           00175 NOP
Warning[203]: Found opcode in column 1. (NOP)
0188   0000           00176 NOP
Warning[203]: Found opcode in column 1. (NOP)
0189   0000           00177 NOP
Warning[203]: Found opcode in column 1. (NOP)
018A   0000           00178 NOP
Warning[203]: Found opcode in column 1. (NOP)
MPASM 5.77                    LAB7MASTER.ASM   10-8-2020  10:34:59         PAGE  6


LOC  OBJECT CODE     LINE SOURCE TEXT
  VALUE

018B   0000           00179 NOP
Warning[203]: Found opcode in column 1. (NOP)
018C   0000           00180 NOP
Warning[203]: Found opcode in column 1. (NOP)
018D   0000           00181 NOP
Warning[203]: Found opcode in column 1. (NOP)
018E   0000           00182 NOP
Warning[203]: Found opcode in column 1. (NOP)
018F   0000           00183 NOP
Warning[203]: Found opcode in column 1. (NOP)
0190   0000           00184 NOP
Warning[203]: Found opcode in column 1. (NOP)
0191   0000           00185 NOP
Warning[203]: Found opcode in column 1. (NOP)
0192   0000           00186 NOP
Warning[203]: Found opcode in column 1. (NOP)
0193   0000           00187 NOP
Warning[203]: Found opcode in column 1. (NOP)
0194   0000           00188 NOP
Warning[203]: Found opcode in column 1. (NOP)
0195   0000           00189 NOP
Warning[203]: Found opcode in column 1. (NOP)
0196   0000           00190 NOP
Warning[203]: Found opcode in column 1. (NOP)
0197   0000           00191 NOP
Warning[203]: Found opcode in column 1. (NOP)
0198   0000           00192 NOP
Warning[203]: Found opcode in column 1. (NOP)
0199   0000           00193 NOP
Warning[203]: Found opcode in column 1. (NOP)
019A   0000           00194 NOP
Warning[203]: Found opcode in column 1. (NOP)
019B   0000           00195 NOP
Warning[203]: Found opcode in column 1. (NOP)
019C   0000           00196 NOP
Warning[203]: Found opcode in column 1. (NOP)
019D   0000           00197 NOP
Warning[203]: Found opcode in column 1. (NOP)
019E   0000           00198 NOP
Warning[203]: Found opcode in column 1. (NOP)
019F   0000           00199 NOP
Warning[203]: Found opcode in column 1. (RETURN)
01A0   0008           00200 RETURN
Warning[205]: Found directive in column 1. (END)
20D4 3FFF             00201 END
MPASM 5.77                    LAB7MASTER.ASM   10-8-2020  10:34:59         PAGE  7


SYMBOL TABLE
  LABEL                             VALUE 

ABDEN                             00000000
ABDOVF                            00000007
ACKDT                             00000005
ACKEN                             00000004
ACKSTAT                           00000006
ADCON0                            0000001F
ADCON1                            0000009F
ADCS0                             00000006
ADCS1                             00000007
ADDEN                             00000003
ADFM                              00000007
ADIE                              00000006
ADIF                              00000006
ADON                              00000000
ADRESH                            0000001E
ADRESL                            0000009E
ANS0                              00000000
ANS1                              00000001
ANS10                             00000002
ANS11                             00000003
ANS12                             00000004
ANS13                             00000005
ANS2                              00000002
ANS3                              00000003
ANS4                              00000004
ANS5                              00000005
ANS6                              00000006
ANS7                              00000007
ANS8                              00000000
ANS9                              00000001
ANSEL                             00000188
ANSELH                            00000189
BAUDCTL                           00000187
BCLIE                             00000003
BCLIF                             00000003
BF                                00000000
BRG0                              00000000
BRG1                              00000001
BRG10                             00000002
BRG11                             00000003
BRG12                             00000004
BRG13                             00000005
BRG14                             00000006
BRG15                             00000007
BRG16                             00000003
BRG2                              00000002
BRG3                              00000003
BRG4                              00000004
BRG5                              00000005
BRG6                              00000006
BRG7                              00000007
BRG8                              00000000
BRG9                              00000001
MPASM 5.77                    LAB7MASTER.ASM   10-8-2020  10:34:59         PAGE  8


SYMBOL TABLE
  LABEL                             VALUE 

BRGH                              00000002
C                                 00000000
C1CH0                             00000000
C1CH1                             00000001
C1IE                              00000005
C1IF                              00000005
C1OE                              00000005
C1ON                              00000007
C1OUT                             00000006
C1POL                             00000004
C1R                               00000002
C1RSEL                            00000005
C1SEN                             00000005
C2CH0                             00000000
C2CH1                             00000001
C2IE                              00000006
C2IF                              00000006
C2OE                              00000005
C2ON                              00000007
C2OUT                             00000006
C2POL                             00000004
C2R                               00000002
C2REN                             00000004
C2RSEL                            00000004
C2SYNC                            00000000
CCP1CON                           00000017
CCP1IE                            00000002
CCP1IF                            00000002
CCP1M0                            00000000
CCP1M1                            00000001
CCP1M2                            00000002
CCP1M3                            00000003
CCP1X                             00000005
CCP1Y                             00000004
CCP2CON                           0000001D
CCP2IE                            00000000
CCP2IF                            00000000
CCP2M0                            00000000
CCP2M1                            00000001
CCP2M2                            00000002
CCP2M3                            00000003
CCP2X                             00000005
CCP2Y                             00000004
CCPR1                             00000015
CCPR1H                            00000016
CCPR1L                            00000015
CCPR2                             0000001B
CCPR2H                            0000001C
CCPR2L                            0000001B
CHS0                              00000002
CHS1                              00000003
CHS2                              00000004
CHS3                              00000005
MPASM 5.77                    LAB7MASTER.ASM   10-8-2020  10:34:59         PAGE  9


SYMBOL TABLE
  LABEL                             VALUE 

CKE                               00000006
CKP                               00000004
CM1CON0                           00000107
CM2CON0                           00000108
CM2CON1                           00000109
CONFIG_ADC                        00000136
CONFIG_IO                         00000147
CONFIG_MASTER                     00000116
CONFIG_OSC                        00000131
CONT                              00000000
CREN                              00000004
CSRC                              00000007
D                                 00000005
DATA_ADDRESS                      00000005
DC                                00000001
DC1B0                             00000004
DC1B1                             00000005
DC2B0                             00000004
DC2B1                             00000005
DELAY                             00000169
D_A                               00000005
D_NOT_A                           00000005
ECCPAS                            0000009C
ECCPAS0                           00000004
ECCPAS1                           00000005
ECCPAS2                           00000006
ECCPASE                           00000007
EEADR                             0000010D
EEADRH                            0000010F
EECON1                            0000018C
EECON2                            0000018D
EEDAT                             0000010C
EEDATA                            0000010C
EEDATH                            0000010E
EEIE                              00000004
EEIF                              00000004
EEPGD                             00000007
F                                 00000001
FERR                              00000002
FSR                               00000004
FVREN                             00000000
GCEN                              00000007
GIE                               00000007
GO                                00000001
GO_DONE                           00000001
GO_NOT_DONE                       00000001
HTS                               00000002
I2C_DATA                          00000005
I2C_READ                          00000002
I2C_START                         00000003
I2C_STOP                          00000004
INDF                              00000000
INTCON                            0000000B
MPASM 5.77                    LAB7MASTER.ASM   10-8-2020  10:34:59         PAGE 10


SYMBOL TABLE
  LABEL                             VALUE 

INTE                              00000004
INTEDG                            00000006
INTF                              00000001
IOCB                              00000096
IOCB0                             00000000
IOCB1                             00000001
IOCB2                             00000002
IOCB3                             00000003
IOCB4                             00000004
IOCB5                             00000005
IOCB6                             00000006
IOCB7                             00000007
IRCF0                             00000004
IRCF1                             00000005
IRCF2                             00000006
IRP                               00000007
LOOP                              0000010E
LTS                               00000001
MC1OUT                            00000007
MC2OUT                            00000006
MSK                               00000093
MSK0                              00000000
MSK1                              00000001
MSK2                              00000002
MSK3                              00000003
MSK4                              00000004
MSK5                              00000005
MSK6                              00000006
MSK7                              00000007
NOT_A                             00000005
NOT_ADDRESS                       00000005
NOT_BO                            00000000
NOT_BOR                           00000000
NOT_DONE                          00000001
NOT_PD                            00000003
NOT_POR                           00000001
NOT_RBPU                          00000007
NOT_RC8                           00000006
NOT_T1SYNC                        00000002
NOT_TO                            00000004
NOT_TX8                           00000006
NOT_W                             00000002
NOT_WRITE                         00000002
OERR                              00000001
OPTION_REG                        00000081
OSCCON                            0000008F
OSCTUNE                           00000090
OSFIE                             00000007
OSFIF                             00000007
OSTS                              00000003
P                                 00000004
P1M0                              00000006
P1M1                              00000007
MPASM 5.77                    LAB7MASTER.ASM   10-8-2020  10:34:59         PAGE 11


SYMBOL TABLE
  LABEL                             VALUE 

PCL                               00000002
PCLATH                            0000000A
PCON                              0000008E
PDC0                              00000000
PDC1                              00000001
PDC2                              00000002
PDC3                              00000003
PDC4                              00000004
PDC5                              00000005
PDC6                              00000006
PEIE                              00000006
PEN                               00000002
PIE1                              0000008C
PIE2                              0000008D
PIR1                              0000000C
PIR2                              0000000D
PORTA                             00000005
PORTB                             00000006
PORTC                             00000007
PORTD                             00000008
PORTE                             00000009
PR2                               00000092
PRSEN                             00000007
PS0                               00000000
PS1                               00000001
PS2                               00000002
PSA                               00000003
PSSAC0                            00000002
PSSAC1                            00000003
PSSBD0                            00000000
PSSBD1                            00000001
PSTRCON                           0000009D
PULSR                             00000002
PULSS                             00000003
PWM1CON                           0000009B
R                                 00000002
RA0                               00000000
RA1                               00000001
RA2                               00000002
RA3                               00000003
RA4                               00000004
RA5                               00000005
RA6                               00000006
RA7                               00000007
RB0                               00000000
RB1                               00000001
RB2                               00000002
RB3                               00000003
RB4                               00000004
RB5                               00000005
RB6                               00000006
RB7                               00000007
RBIE                              00000003
MPASM 5.77                    LAB7MASTER.ASM   10-8-2020  10:34:59         PAGE 12


SYMBOL TABLE
  LABEL                             VALUE 

RBIF                              00000000
RC0                               00000000
RC1                               00000001
RC2                               00000002
RC3                               00000003
RC4                               00000004
RC5                               00000005
RC6                               00000006
RC7                               00000007
RC8_9                             00000006
RC9                               00000006
RCD8                              00000000
RCEN                              00000003
RCIDL                             00000006
RCIE                              00000005
RCIF                              00000005
RCREG                             0000001A
RCSTA                             00000018
RD                                00000000
RD0                               00000000
RD1                               00000001
RD2                               00000002
RD3                               00000003
RD4                               00000004
RD5                               00000005
RD6                               00000006
RD7                               00000007
RE0                               00000000
RE1                               00000001
RE2                               00000002
RE3                               00000003
READ_WRITE                        00000002
RP0                               00000005
RP1                               00000006
RSEN                              00000001
RX9                               00000006
RX9D                              00000000
R_NOT_W                           00000002
R_W                               00000002
S                                 00000003
SBOREN                            00000004
SCKP                              00000004
SCS                               00000000
SEN                               00000000
SEND                              0000012C
SENDB                             00000003
SMP                               00000007
SPBRG                             00000099
SPBRGH                            0000009A
SPEN                              00000007
SR0                               00000006
SR1                               00000007
SRCON                             00000185
MPASM 5.77                    LAB7MASTER.ASM   10-8-2020  10:34:59         PAGE 13


SYMBOL TABLE
  LABEL                             VALUE 

SREN                              00000005
SSPADD                            00000093
SSPBUF                            00000013
SSPCON                            00000014
SSPCON2                           00000091
SSPEN                             00000005
SSPIE                             00000003
SSPIF                             00000003
SSPM0                             00000000
SSPM1                             00000001
SSPM2                             00000002
SSPM3                             00000003
SSPMSK                            00000093
SSPOV                             00000006
SSPSTAT                           00000094
START                             00000100
STATUS                            00000003
STATUS_TEMP                       00000004
STRA                              00000000
STRB                              00000001
STRC                              00000002
STRD                              00000003
STRSYNC                           00000004
SWDTEN                            00000000
SYNC                              00000004
T0CS                              00000005
T0IE                              00000005
T0IF                              00000002
T0SE                              00000004
T1CKPS0                           00000004
T1CKPS1                           00000005
T1CON                             00000010
T1GINV                            00000007
T1GIV                             00000007
T1GSS                             00000001
T1INSYNC                          00000002
T1OSCEN                           00000003
T1SYNC                            00000002
T2CKPS0                           00000000
T2CKPS1                           00000001
T2CON                             00000012
TEMP                              00000001
TEMP1                             00000002
TMR0                              00000001
TMR0IE                            00000005
TMR0IF                            00000002
TMR1                              0000000E
TMR1CS                            00000001
TMR1GE                            00000006
TMR1H                             0000000F
TMR1IE                            00000000
TMR1IF                            00000000
TMR1L                             0000000E
MPASM 5.77                    LAB7MASTER.ASM   10-8-2020  10:34:59         PAGE 14


SYMBOL TABLE
  LABEL                             VALUE 

TMR1ON                            00000000
TMR2                              00000011
TMR2IE                            00000001
TMR2IF                            00000001
TMR2ON                            00000002
TOUTPS0                           00000003
TOUTPS1                           00000004
TOUTPS2                           00000005
TOUTPS3                           00000006
TRISA                             00000085
TRISA0                            00000000
TRISA1                            00000001
TRISA2                            00000002
TRISA3                            00000003
TRISA4                            00000004
TRISA5                            00000005
TRISA6                            00000006
TRISA7                            00000007
TRISB                             00000086
TRISB0                            00000000
TRISB1                            00000001
TRISB2                            00000002
TRISB3                            00000003
TRISB4                            00000004
TRISB5                            00000005
TRISB6                            00000006
TRISB7                            00000007
TRISC                             00000087
TRISC0                            00000000
TRISC1                            00000001
TRISC2                            00000002
TRISC3                            00000003
TRISC4                            00000004
TRISC5                            00000005
TRISC6                            00000006
TRISC7                            00000007
TRISD                             00000088
TRISD0                            00000000
TRISD1                            00000001
TRISD2                            00000002
TRISD3                            00000003
TRISD4                            00000004
TRISD5                            00000005
TRISD6                            00000006
TRISD7                            00000007
TRISE                             00000089
TRISE0                            00000000
TRISE1                            00000001
TRISE2                            00000002
TRISE3                            00000003
TRMT                              00000001
TUN0                              00000000
TUN1                              00000001
MPASM 5.77                    LAB7MASTER.ASM   10-8-2020  10:34:59         PAGE 15


SYMBOL TABLE
  LABEL                             VALUE 

TUN2                              00000002
TUN3                              00000003
TUN4                              00000004
TX8_9                             00000006
TX9                               00000006
TX9D                              00000000
TXD8                              00000000
TXEN                              00000005
TXIE                              00000004
TXIF                              00000004
TXREG                             00000019
TXSTA                             00000098
UA                                00000001
ULPWUE                            00000005
ULPWUIE                           00000002
ULPWUIF                           00000002
VCFG0                             00000004
VCFG1                             00000005
VR0                               00000000
VR1                               00000001
VR2                               00000002
VR3                               00000003
VRCON                             00000097
VREN                              00000007
VROE                              00000006
VRR                               00000005
VRSS                              00000004
W                                 00000000
WCOL                              00000007
WDTCON                            00000105
WDTPS0                            00000001
WDTPS1                            00000002
WDTPS2                            00000003
WDTPS3                            00000004
WPUB                              00000095
WPUB0                             00000000
WPUB1                             00000001
WPUB2                             00000002
WPUB3                             00000003
WPUB4                             00000004
WPUB5                             00000005
WPUB6                             00000006
WPUB7                             00000007
WR                                00000001
WREN                              00000002
WRERR                             00000003
WUE                               00000001
W_TEMP                            00000003
Z                                 00000002
_BOR21V                           00003EFF
_BOR40V                           00003FFF
_BOR4V_BOR21V                     00003EFF
_BOR4V_BOR40V                     00003FFF
MPASM 5.77                    LAB7MASTER.ASM   10-8-2020  10:34:59         PAGE 16


SYMBOL TABLE
  LABEL                             VALUE 

_BOREN_NSLEEP                     00003EFF
_BOREN_OFF                        00003CFF
_BOREN_ON                         00003FFF
_BOREN_SBODEN                     00003DFF
_BOR_NSLEEP                       00003EFF
_BOR_OFF                          00003CFF
_BOR_ON                           00003FFF
_BOR_SBODEN                       00003DFF
_CONFIG1                          00002007
_CONFIG2                          00002008
_CPD_OFF                          00003FFF
_CPD_ON                           00003F7F
_CP_OFF                           00003FFF
_CP_ON                            00003FBF
_DEBUG_OFF                        00003FFF
_DEBUG_ON                         00001FFF
_DEVID1                           00002006
_EC_OSC                           00003FFB
_EXTRC                            00003FFF
_EXTRCIO                          00003FFE
_EXTRC_OSC_CLKOUT                 00003FFF
_EXTRC_OSC_NOCLKOUT               00003FFE
_FCMEN_OFF                        000037FF
_FCMEN_ON                         00003FFF
_FOSC_EC                          00003FFB
_FOSC_EXTRC_CLKOUT                00003FFF
_FOSC_EXTRC_NOCLKOUT              00003FFE
_FOSC_HS                          00003FFA
_FOSC_INTRC_CLKOUT                00003FFD
_FOSC_INTRC_NOCLKOUT              00003FFC
_FOSC_LP                          00003FF8
_FOSC_XT                          00003FF9
_HS_OSC                           00003FFA
_IDLOC0                           00002000
_IDLOC1                           00002001
_IDLOC2                           00002002
_IDLOC3                           00002003
_IESO_OFF                         00003BFF
_IESO_ON                          00003FFF
_INTOSC                           00003FFD
_INTOSCIO                         00003FFC
_INTRC_OSC_CLKOUT                 00003FFD
_INTRC_OSC_NOCLKOUT               00003FFC
_LP_OSC                           00003FF8
_LVP_OFF                          00002FFF
_LVP_ON                           00003FFF
_MAIN_PROG_0111                   00000111
_MCLRE_OFF                        00003FDF
_MCLRE_ON                         00003FFF
_PWRTE_OFF                        00003FFF
_PWRTE_ON                         00003FEF
_WDTE_OFF                         00003FF7
_WDTE_ON                          00003FFF
MPASM 5.77                    LAB7MASTER.ASM   10-8-2020  10:34:59         PAGE 17


SYMBOL TABLE
  LABEL                             VALUE 

_WDT_OFF                          00003FF7
_WDT_ON                           00003FFF
_WRT_1FOURTH                      00003BFF
_WRT_256                          00003DFF
_WRT_HALF                         000039FF
_WRT_OFF                          00003FFF
_XT_OSC                           00003FF9
__16F887                          00000001

Errors   :     0
Warnings :    79 reported,     0 suppressed
Messages :    19 reported,     0 suppressed

