MPASM 5.77                          LOCK.ASM   12-23-2020  16:54:30         PAGE  1


LOC  OBJECT CODE     LINE SOURCE TEXT
  VALUE

                      00001 ;*******************************************************************************
                      00002 ;                                                                              *
                      00003 ;    Filename: julio lopez                                                     *
                      00004 ;    Date:     9/29/2020                                                        *
                      00005 ;    File Version:                                                             *
                      00006 ;    Author:                                                                   *
                      00007 ;    Company:                                                                  *
                      00008 ;    Description:                                                              *
                      00009 ;                            HORAS  CON ITERMITENTES                                                   *
                      00010 ;*******************************************************************************
                      00011 ;
                      00012 ;    TODO INSERT CONFIG CODE HERE USING CONFIG BITS GENERATOR
                      00013     
                      00014     #INCLUDE "p16f887.inc"
                      00001         LIST
                      00002 
                      00003 ;==========================================================================
                      00004 ; Build date : Nov 22 2017
                      00005 ;  MPASM PIC16F887 processor include
                      00006 ; 
                      00007 ;  (c) Copyright 1999-2017 Microchip Technology, All rights reserved
                      00008 ;==========================================================================
                      00009 
                      00810         LIST
                      00015 ; CONFIG1
                      00016 ; __config 0xF0F1
2007   20D4           00017  __CONFIG _CONFIG1, _FOSC_INTRC_NOCLKOUT & _WDTE_OFF & _PWRTE_OFF & _MCLRE_OFF & _CP_OFF & _CPD_OFF & _B
                            OREN_OFF & _IESO_OFF & _FCMEN_OFF & _LVP_OFF
                      00018 ; CONFIG2
                      00019 ; __config 0xFFFF
2008   3FFF           00020  __CONFIG _CONFIG2, _BOR4V_BOR40V & _WRT_OFF
                      00021  ;-----------------------------------------------------------------------------
                      00022  ;-----------------------------------------------------------------------------
Warning[207]: Found label after column 1. (GPR_VAR)
                      00023  GPR_VAR  UDATA 
                      00024  
Warning[207]: Found label after column 1. (N1)
0000                  00025  N1          RES 1
Warning[207]: Found label after column 1. (N2)
0001                  00026  N2          RES 1
Warning[207]: Found label after column 1. (NUM)
0002                  00027  NUM         RES 1
Warning[207]: Found label after column 1. (NUM2)
0003                  00028  NUM2        RES 1        
Warning[207]: Found label after column 1. (QUO)
0004                  00029  QUO         RES 1 
Warning[207]: Found label after column 1. (QUO1)
0005                  00030  QUO1        RES 1 
Warning[207]: Found label after column 1. (XQUO)
0006                  00031  XQUO        RES 1 
Warning[207]: Found label after column 1. (XQUO1)
0007                  00032  XQUO1       RES 1 
Warning[207]: Found label after column 1. (YQUO)
MPASM 5.77                          LOCK.ASM   12-23-2020  16:54:30         PAGE  2


LOC  OBJECT CODE     LINE SOURCE TEXT
  VALUE

0008                  00033  YQUO        RES 1 
Warning[207]: Found label after column 1. (YQUO1)
0009                  00034  YQUO1       RES 1 
                      00035         
Warning[207]: Found label after column 1. (W_TEMP)
000A                  00036  W_TEMP         RES 1 ;time var 
Warning[207]: Found label after column 1. (STATUS_TEMP)
000B                  00037  STATUS_TEMP    RES 1 ;timer var 
                      00038 
                      00039      
                      00040 
                      00041          
                      00042 ;******************************************************************************
                      00043 ;******************************************************************************
Warning[207]: Found label after column 1. (RES_VECT)
                      00044          RES_VECT  CODE    0x0000            ; processor reset vector
0000   2???           00045  GOTO    START                   ; go to beginning of program
                      00046 ;**************TODO ADD INTERRUPTS HERE IF USED********************************
                      00047 ISR_VEC CODE 0X004
Warning[207]: Found label after column 1. (PUSH)
0004                  00048  PUSH:
0004   138B           00049     BCF   INTCON, GIE
0005   00??           00050     MOVWF W_TEMP
0006   0E03           00051     SWAPF STATUS, W
0007   00??           00052     MOVWF STATUS_TEMP
Warning[207]: Found label after column 1. (ISR)
0008                  00053  ISR:
0008   188C           00054     BTFSC PIR1, TMR2IF
0009   2???           00055     CALL FUE_TIMR2
000A   180C           00056     BTFSC PIR1, TMR1IF
000B   2???           00057     CALL FUE_TIMR1  
000C   1D0B           00058     BTFSS INTCON, T0IF 
000D   2???           00059     GOTO POP    
000E   2???           00060     CALL FUE_TIMR0
Warning[207]: Found label after column 1. (POP)
000F                  00061  POP:
000F   0E??           00062     SWAPF STATUS_TEMP, W
0010   0083           00063     MOVWF STATUS 
0011   0E??           00064     SWAPF W_TEMP, F
0012   0E??           00065     SWAPF W_TEMP, W
0013   178B           00066     BSF   INTCON, GIE 
Warning[203]: Found opcode in column 1. (RETFIE)
0014   0009           00067 RETFIE
                      00068 ;//////////////////////////////SUBRUTINAS DE TIMERS/////////////////////////////
0015                  00069 FUE_TIMR0
0015   1D0B           00070     BTFSS INTCON, T0IF 
0016   2???           00071     GOTO POP
0017   3006           00072     MOVLW .6
0018   0081           00073     MOVWF TMR0
0019   110B           00074     BCF INTCON, T0IF
001A   0008           00075     RETURN 
                      00076     
001B                  00077 FUE_TIMR1
MPASM 5.77                          LOCK.ASM   12-23-2020  16:54:30         PAGE  3


LOC  OBJECT CODE     LINE SOURCE TEXT
  VALUE

001B   30CF           00078     MOVLW .207  ;PRESCALER HIGH 
001C   008F           00079     MOVWF TMR1H
001D   3026           00080     MOVLW .38  ;PRESCALER LOW
001E   008E           00081     MOVWF TMR1L
001F   100C           00082     BCF  PIR1, TMR1IF
0020   0008           00083     RETURN 
0021                  00084 FUE_TIMR2
0021   0191           00085     CLRF TMR2
0022   108C           00086     BCF PIR1, TMR2IF
0023   0008           00087     RETURN 
                      00088 ;/////////////////////////////////////////////////////////////////////////////   
                      00089 ;-------------------------------------------------------------------
                      00090 MAIN_PROG CODE       0X200   
0200                  00091 START
Warning[203]: Found opcode in column 1. (CALL)
0200   2???           00092 CALL    CONFIG_OSC
Warning[203]: Found opcode in column 1. (BCF)
Message[302]: Register in operand not in bank 0.  Ensure that bank bits are correct.
0201   1381           00093 BCF     OPTION_REG , 7
Warning[203]: Found opcode in column 1. (CALL)
0202   2???           00094 CALL    CONFIG_IO
Warning[203]: Found opcode in column 1. (CALL)
0203   2???           00095 CALL    CONFIG_TIMER0
Warning[203]: Found opcode in column 1. (CALL)
0204   2???           00096 CALL    CONFIG_TIMER1
Warning[203]: Found opcode in column 1. (CALL)
0205   2???           00097 CALL    CONFIG_TIMER2
Warning[203]: Found opcode in column 1. (CALL)
0206   2???           00098 CALL    CONFIG_FLAG
Warning[203]: Found opcode in column 1. (CALL)
0207   2???           00099 CALL    CONFIG_ADC 
Warning[205]: Found directive in column 1. (BANKSEL)
0208   1283 1303      00100 BANKSEL PORTA 
020A   01??           00101  CLRF    XQUO
020B   01??           00102  CLRF    XQUO1
020C   01??           00103  CLRF    YQUO
020D   01??           00104  CLRF    YQUO1
020E   01??           00105  CLRF    NUM
020F   01??           00106  CLRF    NUM2
0210   01??           00107  CLRF    QUO1
Warning[203]: Found opcode in column 1. (GOTO)
0211   2???           00108 GOTO    LOOP
                      00109  ;------------------------------------------------------------------------------
                      00110  ;------------------------------------------------------------------------------
                      00111  ;------------------------------------------------------------------------------
0212                  00112 LOOP:
0212   2???           00113     CALL CONVERT1
0213   2???           00114     CALL CHANGE1
0214   2???           00115     CALL CONVERT2
0215   2???           00116     CALL CHANGE2
0216   1508           00117     BSF PORTD,RD2
                      00118   
Warning[203]: Found opcode in column 1. (GOTO)
MPASM 5.77                          LOCK.ASM   12-23-2020  16:54:30         PAGE  4


LOC  OBJECT CODE     LINE SOURCE TEXT
  VALUE

0217   2???           00119 GOTO LOOP
                      00120  ;------------------------------------------------------------------------------
                      00121  ;------------------------------------------------------------------------------
                      00122  ;------------------------------------------------------------------------------
Warning[207]: Found label after column 1. (CHANGE1)
0218                  00123  CHANGE1
0218   08??           00124     MOVF    N1, W
0219   2???           00125     CALL    NUM_TO_PWM
021A   08??           00126     MOVF    QUO, W
021B   3E20           00127     ADDLW  .32
021C   0095           00128     MOVWF   CCPR1L
021D   0008           00129  RETURN 
Warning[207]: Found label after column 1. (CHANGE2)
021E                  00130  CHANGE2
021E   08??           00131     MOVF    N2, W
021F   2???           00132     CALL    NUM_TO_PWM
0220   08??           00133     MOVF    QUO, W
0221   3E20           00134     ADDLW   .32
0222   009B           00135     MOVWF   CCPR2L
0223   0008           00136  RETURN 
                      00137  
Warning[207]: Found label after column 1. (NUM_TO_PWM)
0224                  00138  NUM_TO_PWM:
0224   00??           00139     MOVWF   NUM
0225   01??           00140     CLRF    QUO
0226   3002           00141     MOVLW   .2  
Message[305]: Using default destination of 1 (file).
0227   0A??           00142     INCF    QUO
Message[305]: Using default destination of 1 (file).
0228   02??           00143     SUBWF   NUM
0229   1803           00144     BTFSC   STATUS,C
022A   2???           00145     GOTO    $-4
Message[305]: Using default destination of 1 (file).
022B   03??           00146     DECF    QUO
022C   0008           00147     RETURN 
                      00148     
022D                  00149 CONVERT1:
022D   149F           00150     BSF ADCON0,GO
022E   189F           00151     BTFSC ADCON0,GO
022F   2???           00152     GOTO $-1
0230   081E           00153     MOVF ADRESH, W
0231   00??           00154     MOVWF N1
0232   151F           00155     BSF ADCON0, CHS0
0233   2???           00156     CALL DELAY
0234   0008           00157     RETURN 
                      00158     
0235                  00159 CONVERT2:       
0235   149F           00160     BSF ADCON0,GO
0236   189F           00161     BTFSC ADCON0,GO
0237   2???           00162     GOTO$-1
0238   081E           00163     MOVF ADRESH, W
0239   00??           00164     MOVWF N2
023A   111F           00165     BCF ADCON0, CHS0
MPASM 5.77                          LOCK.ASM   12-23-2020  16:54:30         PAGE  5


LOC  OBJECT CODE     LINE SOURCE TEXT
  VALUE

023B   2???           00166     CALL DELAY
Warning[203]: Found opcode in column 1. (RETURN)
023C   0008           00167 RETURN   
                      00168 
023D                  00169 CONFIG_PWM:
Warning[207]: Found label after column 1. (MOT1)
023D                  00170     MOT1:
023D   1283 1303      00171     BANKSEL CCP1CON 
023F   1397           00172     BCF CCP1CON, 7
0240   1317           00173     BCF CCP1CON, 6
0241   1297           00174     BCF CCP1CON, 5
0242   1217           00175     BCF CCP1CON, 4
0243   1597           00176     BSF CCP1CON, 3
0244   1517           00177     BSF CCP1CON, 2
0245   1097           00178     BCF CCP1CON, 1
0246   1017           00179     BCF CCP1CON, 0
Warning[207]: Found label after column 1. (MOT2)
0247                  00180     MOT2:
0247   1283 1303      00181     BANKSEL CCP2CON 
0249   129D           00182     BCF CCP2CON, 5
024A   121D           00183     BCF CCP2CON, 4
024B   159D           00184     BSF CCP2CON, 3
024C   151D           00185     BSF CCP2CON, 2
024D   149D           00186     BSF CCP2CON, 1
024E   141D           00187     BSF CCP2CON, 0    
024F   0008           00188     RETURN 
                      00189     
                      00190  
Warning[207]: Found label after column 1. (CONFIG_OSC)
0250                  00191  CONFIG_OSC:
0250   1683 1303      00192     BANKSEL OSCCON
0252   3061           00193     MOVLW B'01100001'
Message[302]: Register in operand not in bank 0.  Ensure that bank bits are correct.
0253   008F           00194     MOVWF OSCCON
0254   0008           00195     RETURN
                      00196     
0255                  00197 CONFIG_ADC:
0255   1283 1303      00198     BANKSEL PORTA
0257   139F           00199     BCF ADCON0, ADCS1
0258   171F           00200     BSF ADCON0, ADCS0           ; FOSC/8 RELOJ TAD
0259   129F           00201     BCF ADCON0, CHS3            ; CANAL 0 PARA LA CONVERSION
025A   121F           00202     BCF ADCON0, CHS2
025B   119F           00203     BCF ADCON0, CHS1
025C   111F           00204     BCF ADCON0, CHS0    
025D   1683 1303      00205     BANKSEL TRISA
Message[302]: Register in operand not in bank 0.  Ensure that bank bits are correct.
025F   139F           00206     BCF ADCON1, ADFM            ; JUSTIFICACIÓN A LA IZQUIERDA
Message[302]: Register in operand not in bank 0.  Ensure that bank bits are correct.
0260   129F           00207     BCF ADCON1, VCFG1           ; VSS COMO REFERENCIA VREF-
Message[302]: Register in operand not in bank 0.  Ensure that bank bits are correct.
0261   121F           00208     BCF ADCON1, VCFG0           ; VDD COMO REFERENCIA VREF+
0262   1283 1303      00209     BANKSEL PORTA
0264   141F           00210     BSF ADCON0, ADON            ; ENCIENDO EL MÓDULO ADC
MPASM 5.77                          LOCK.ASM   12-23-2020  16:54:30         PAGE  6


LOC  OBJECT CODE     LINE SOURCE TEXT
  VALUE

Warning[203]: Found opcode in column 1. (RETURN)
0265   0008           00211 RETURN
                      00212 
Warning[207]: Found label after column 1. (CONFIG_FLAG)
0266                  00213  CONFIG_FLAG:
0266   178B           00214  BSF  INTCON, GIE
0267   168B           00215  BSF  INTCON, T0IE
0268   110B           00216  BCF  INTCON, T0IF 
0269   1683 1303      00217  BANKSEL TRISA 
Message[302]: Register in operand not in bank 0.  Ensure that bank bits are correct.
026B   140C           00218  BSF     PIE1, TMR1IE
Message[302]: Register in operand not in bank 0.  Ensure that bank bits are correct.
026C   148C           00219  BSF     PIE1, TMR2IE 
026D   1283 1303      00220  BANKSEL PORTA
026F   178B           00221  BSF     INTCON, GIE
0270   170B           00222  BSF     INTCON, PEIE
0271   100C           00223  BCF     PIR1, TMR1IF
0272   108C           00224  BCF     PIR1, TMR2IF 
0273   0008           00225  RETURN 
                      00226  
Warning[207]: Found label after column 1. (CONFIG_TIMER0)
0274                  00227  CONFIG_TIMER0:
0274   1683 1303      00228  BANKSEL TRISA
Message[302]: Register in operand not in bank 0.  Ensure that bank bits are correct.
0276   1281           00229  BCF OPTION_REG , T0CS
Message[302]: Register in operand not in bank 0.  Ensure that bank bits are correct.
0277   1181           00230  BCF OPTION_REG , PSA
Message[302]: Register in operand not in bank 0.  Ensure that bank bits are correct.
0278   1101           00231  BCF OPTION_REG , PS2
Message[302]: Register in operand not in bank 0.  Ensure that bank bits are correct.
0279   1481           00232  BSF OPTION_REG , PS1
Message[302]: Register in operand not in bank 0.  Ensure that bank bits are correct.
027A   1001           00233  BCF OPTION_REG , PS0
027B   1283 1303      00234  BANKSEL PORTA
027D   3006           00235  MOVLW   .6
027E   0081           00236  MOVWF   TMR0
027F   110B           00237  BCF INTCON, T0IF
0280   0008           00238  RETURN
                      00239  
0281                  00240 CONFIG_TIMER1:
0281   1283 1303      00241  BANKSEL   PORTA
0283   1310           00242  BCF T1CON, TMR1GE
0284   1690           00243  BSF T1CON, T1CKPS1 ;PRESCALER 
0285   1610           00244  BSF T1CON, T1CKPS0 ;PRESCALER 
0286   1190           00245  BCF T1CON, T1OSCEN ;TIMER INTERNO  
0287   1090           00246  BCF T1CON, TMR1CS 
0288   1410           00247  BSF T1CON, TMR1ON 
0289   30CF           00248  MOVLW .207  ;PRESCALER HIGH 
028A   008F           00249  MOVWF TMR1H
028B   3026           00250  MOVLW .38  ;PRESCALER LOW
028C   008E           00251  MOVWF TMR1L
028D   100C           00252  BCF PIR1, TMR1IF
Warning[203]: Found opcode in column 1. (RETURN)
MPASM 5.77                          LOCK.ASM   12-23-2020  16:54:30         PAGE  7


LOC  OBJECT CODE     LINE SOURCE TEXT
  VALUE

028E   0008           00253 RETURN 
                      00254  
028F                  00255 CONFIG_TIMER2:
028F   1283 1303      00256  BANKSEL PORTA
0291   307F           00257  MOVLW  B'01111111' ;B'00000101'
0292   0092           00258  MOVWF   T2CON
                      00259  
0293   1683 1303      00260  BANKSEL TRISA
0295   30BB           00261  MOVLW   .187
Message[302]: Register in operand not in bank 0.  Ensure that bank bits are correct.
0296   0092           00262  MOVWF   PR2
0297   1283 1303      00263  BANKSEL PORTA
0299   0191           00264  CLRF    TMR2
029A   108C           00265  BCF     PIR1, TMR2IF
Warning[203]: Found opcode in column 1. (RETURN)
029B   0008           00266 RETURN 
                      00267  ;+++++++++++++++++++++++++++++++++++++++++++++++++++++++++++++++++++++++++++++
                      00268  ;+++++++++++++++++++++++++++++++++++++++++++++++++++++++++++++++++++++++++++++
                      00269  ;+++++++++++++++++++++++++++++++++++++++++++++++++++++++++++++++++++++++++++++
029C                  00270 CONFIG_IO
029C   1683 1303      00271     BANKSEL TRISA
029E   3003           00272     MOVLW   B'00000011'
Message[302]: Register in operand not in bank 0.  Ensure that bank bits are correct.
029F   0085           00273     MOVWF   TRISA
02A0   1283 1303      00274     BANKSEL PORTA
02A2   0185           00275     CLRF    PORTA
02A3   1683 1703      00276     BANKSEL ANSEL
Message[302]: Register in operand not in bank 0.  Ensure that bank bits are correct.
02A5   0188           00277     CLRF    ANSEL
Message[302]: Register in operand not in bank 0.  Ensure that bank bits are correct.
02A6   0189           00278     CLRF    ANSELH 
Message[302]: Register in operand not in bank 0.  Ensure that bank bits are correct.
02A7   1408           00279     BSF ANSEL, ANS0
Message[302]: Register in operand not in bank 0.  Ensure that bank bits are correct.
02A8   1488           00280     BSF ANSEL, ANS1
02A9   1683 1303      00281     BANKSEL TRISB
02AB   3000           00282     MOVLW   B'00000000'
Message[302]: Register in operand not in bank 0.  Ensure that bank bits are correct.
02AC   0086           00283     MOVWF   TRISB
02AD   1283 1303      00284     BANKSEL PORTB
02AF   0186           00285     CLRF    PORTB
02B0   1683 1303      00286     BANKSEL TRISC
02B2   3000           00287     MOVLW   B'00000000'
Message[302]: Register in operand not in bank 0.  Ensure that bank bits are correct.
02B3   0087           00288     MOVWF   TRISC
02B4   1283 1303      00289     BANKSEL PORTC
02B6   0187           00290     CLRF    PORTC
02B7   1683 1303      00291     BANKSEL TRISD
02B9   3000           00292     MOVLW   B'00000000'
Message[302]: Register in operand not in bank 0.  Ensure that bank bits are correct.
02BA   0088           00293     MOVWF   TRISD
02BB   1283 1303      00294     BANKSEL PORTD
02BD   0188           00295     CLRF    PORTD
MPASM 5.77                          LOCK.ASM   12-23-2020  16:54:30         PAGE  8


LOC  OBJECT CODE     LINE SOURCE TEXT
  VALUE

02BE   0008           00296      RETURN     
02BF                  00297 DELAY
Warning[203]: Found opcode in column 1. (NOP)
02BF   0000           00298 NOP
Warning[203]: Found opcode in column 1. (NOP)
02C0   0000           00299 NOP
Warning[203]: Found opcode in column 1. (NOP)
02C1   0000           00300 NOP
Warning[203]: Found opcode in column 1. (NOP)
02C2   0000           00301 NOP
Warning[203]: Found opcode in column 1. (NOP)
02C3   0000           00302 NOP
Warning[203]: Found opcode in column 1. (NOP)
02C4   0000           00303 NOP
Warning[203]: Found opcode in column 1. (NOP)
02C5   0000           00304 NOP
Warning[203]: Found opcode in column 1. (NOP)
02C6   0000           00305 NOP
Warning[203]: Found opcode in column 1. (NOP)
02C7   0000           00306 NOP
Warning[203]: Found opcode in column 1. (NOP)
02C8   0000           00307 NOP
Warning[203]: Found opcode in column 1. (RETURN)
02C9   0008           00308 RETURN
Warning[205]: Found directive in column 1. (END)
20D4 3FFF             00309 END
MPASM 5.77                          LOCK.ASM   12-23-2020  16:54:30         PAGE  9


SYMBOL TABLE
  LABEL                             VALUE 

ABDEN                             00000000
ABDOVF                            00000007
ACKDT                             00000005
ACKEN                             00000004
ACKSTAT                           00000006
ADCON0                            0000001F
ADCON1                            0000009F
ADCS0                             00000006
ADCS1                             00000007
ADDEN                             00000003
ADFM                              00000007
ADIE                              00000006
ADIF                              00000006
ADON                              00000000
ADRESH                            0000001E
ADRESL                            0000009E
ANS0                              00000000
ANS1                              00000001
ANS10                             00000002
ANS11                             00000003
ANS12                             00000004
ANS13                             00000005
ANS2                              00000002
ANS3                              00000003
ANS4                              00000004
ANS5                              00000005
ANS6                              00000006
ANS7                              00000007
ANS8                              00000000
ANS9                              00000001
ANSEL                             00000188
ANSELH                            00000189
BAUDCTL                           00000187
BCLIE                             00000003
BCLIF                             00000003
BF                                00000000
BRG0                              00000000
BRG1                              00000001
BRG10                             00000002
BRG11                             00000003
BRG12                             00000004
BRG13                             00000005
BRG14                             00000006
BRG15                             00000007
BRG16                             00000003
BRG2                              00000002
BRG3                              00000003
BRG4                              00000004
BRG5                              00000005
BRG6                              00000006
BRG7                              00000007
BRG8                              00000000
BRG9                              00000001
MPASM 5.77                          LOCK.ASM   12-23-2020  16:54:30         PAGE 10


SYMBOL TABLE
  LABEL                             VALUE 

BRGH                              00000002
C                                 00000000
C1CH0                             00000000
C1CH1                             00000001
C1IE                              00000005
C1IF                              00000005
C1OE                              00000005
C1ON                              00000007
C1OUT                             00000006
C1POL                             00000004
C1R                               00000002
C1RSEL                            00000005
C1SEN                             00000005
C2CH0                             00000000
C2CH1                             00000001
C2IE                              00000006
C2IF                              00000006
C2OE                              00000005
C2ON                              00000007
C2OUT                             00000006
C2POL                             00000004
C2R                               00000002
C2REN                             00000004
C2RSEL                            00000004
C2SYNC                            00000000
CCP1CON                           00000017
CCP1IE                            00000002
CCP1IF                            00000002
CCP1M0                            00000000
CCP1M1                            00000001
CCP1M2                            00000002
CCP1M3                            00000003
CCP1X                             00000005
CCP1Y                             00000004
CCP2CON                           0000001D
CCP2IE                            00000000
CCP2IF                            00000000
CCP2M0                            00000000
CCP2M1                            00000001
CCP2M2                            00000002
CCP2M3                            00000003
CCP2X                             00000005
CCP2Y                             00000004
CCPR1                             00000015
CCPR1H                            00000016
CCPR1L                            00000015
CCPR2                             0000001B
CCPR2H                            0000001C
CCPR2L                            0000001B
CHANGE1                           00000218
CHANGE2                           0000021E
CHS0                              00000002
CHS1                              00000003
MPASM 5.77                          LOCK.ASM   12-23-2020  16:54:30         PAGE 11


SYMBOL TABLE
  LABEL                             VALUE 

CHS2                              00000004
CHS3                              00000005
CKE                               00000006
CKP                               00000004
CM1CON0                           00000107
CM2CON0                           00000108
CM2CON1                           00000109
CONFIG_ADC                        00000255
CONFIG_FLAG                       00000266
CONFIG_IO                         0000029C
CONFIG_OSC                        00000250
CONFIG_PWM                        0000023D
CONFIG_TIMER0                     00000274
CONFIG_TIMER1                     00000281
CONFIG_TIMER2                     0000028F
CONVERT1                          0000022D
CONVERT2                          00000235
CREN                              00000004
CSRC                              00000007
D                                 00000005
DATA_ADDRESS                      00000005
DC                                00000001
DC1B0                             00000004
DC1B1                             00000005
DC2B0                             00000004
DC2B1                             00000005
DELAY                             000002BF
D_A                               00000005
D_NOT_A                           00000005
ECCPAS                            0000009C
ECCPAS0                           00000004
ECCPAS1                           00000005
ECCPAS2                           00000006
ECCPASE                           00000007
EEADR                             0000010D
EEADRH                            0000010F
EECON1                            0000018C
EECON2                            0000018D
EEDAT                             0000010C
EEDATA                            0000010C
EEDATH                            0000010E
EEIE                              00000004
EEIF                              00000004
EEPGD                             00000007
F                                 00000001
FERR                              00000002
FSR                               00000004
FUE_TIMR0                         00000015
FUE_TIMR1                         0000001B
FUE_TIMR2                         00000021
FVREN                             00000000
GCEN                              00000007
GIE                               00000007
MPASM 5.77                          LOCK.ASM   12-23-2020  16:54:30         PAGE 12


SYMBOL TABLE
  LABEL                             VALUE 

GO                                00000001
GO_DONE                           00000001
GO_NOT_DONE                       00000001
HTS                               00000002
I2C_DATA                          00000005
I2C_READ                          00000002
I2C_START                         00000003
I2C_STOP                          00000004
INDF                              00000000
INTCON                            0000000B
INTE                              00000004
INTEDG                            00000006
INTF                              00000001
IOCB                              00000096
IOCB0                             00000000
IOCB1                             00000001
IOCB2                             00000002
IOCB3                             00000003
IOCB4                             00000004
IOCB5                             00000005
IOCB6                             00000006
IOCB7                             00000007
IRCF0                             00000004
IRCF1                             00000005
IRCF2                             00000006
IRP                               00000007
ISR                               00000008
LOOP                              00000212
LTS                               00000001
MC1OUT                            00000007
MC2OUT                            00000006
MOT1                              0000023D
MOT2                              00000247
MSK                               00000093
MSK0                              00000000
MSK1                              00000001
MSK2                              00000002
MSK3                              00000003
MSK4                              00000004
MSK5                              00000005
MSK6                              00000006
MSK7                              00000007
N1                                00000000
N2                                00000001
NOT_A                             00000005
NOT_ADDRESS                       00000005
NOT_BO                            00000000
NOT_BOR                           00000000
NOT_DONE                          00000001
NOT_PD                            00000003
NOT_POR                           00000001
NOT_RBPU                          00000007
NOT_RC8                           00000006
MPASM 5.77                          LOCK.ASM   12-23-2020  16:54:30         PAGE 13


SYMBOL TABLE
  LABEL                             VALUE 

NOT_T1SYNC                        00000002
NOT_TO                            00000004
NOT_TX8                           00000006
NOT_W                             00000002
NOT_WRITE                         00000002
NUM                               00000002
NUM2                              00000003
NUM_TO_PWM                        00000224
OERR                              00000001
OPTION_REG                        00000081
OSCCON                            0000008F
OSCTUNE                           00000090
OSFIE                             00000007
OSFIF                             00000007
OSTS                              00000003
P                                 00000004
P1M0                              00000006
P1M1                              00000007
PCL                               00000002
PCLATH                            0000000A
PCON                              0000008E
PDC0                              00000000
PDC1                              00000001
PDC2                              00000002
PDC3                              00000003
PDC4                              00000004
PDC5                              00000005
PDC6                              00000006
PEIE                              00000006
PEN                               00000002
PIE1                              0000008C
PIE2                              0000008D
PIR1                              0000000C
PIR2                              0000000D
POP                               0000000F
PORTA                             00000005
PORTB                             00000006
PORTC                             00000007
PORTD                             00000008
PORTE                             00000009
PR2                               00000092
PRSEN                             00000007
PS0                               00000000
PS1                               00000001
PS2                               00000002
PSA                               00000003
PSSAC0                            00000002
PSSAC1                            00000003
PSSBD0                            00000000
PSSBD1                            00000001
PSTRCON                           0000009D
PULSR                             00000002
PULSS                             00000003
MPASM 5.77                          LOCK.ASM   12-23-2020  16:54:30         PAGE 14


SYMBOL TABLE
  LABEL                             VALUE 

PUSH                              00000004
PWM1CON                           0000009B
QUO                               00000004
QUO1                              00000005
R                                 00000002
RA0                               00000000
RA1                               00000001
RA2                               00000002
RA3                               00000003
RA4                               00000004
RA5                               00000005
RA6                               00000006
RA7                               00000007
RB0                               00000000
RB1                               00000001
RB2                               00000002
RB3                               00000003
RB4                               00000004
RB5                               00000005
RB6                               00000006
RB7                               00000007
RBIE                              00000003
RBIF                              00000000
RC0                               00000000
RC1                               00000001
RC2                               00000002
RC3                               00000003
RC4                               00000004
RC5                               00000005
RC6                               00000006
RC7                               00000007
RC8_9                             00000006
RC9                               00000006
RCD8                              00000000
RCEN                              00000003
RCIDL                             00000006
RCIE                              00000005
RCIF                              00000005
RCREG                             0000001A
RCSTA                             00000018
RD                                00000000
RD0                               00000000
RD1                               00000001
RD2                               00000002
RD3                               00000003
RD4                               00000004
RD5                               00000005
RD6                               00000006
RD7                               00000007
RE0                               00000000
RE1                               00000001
RE2                               00000002
RE3                               00000003
MPASM 5.77                          LOCK.ASM   12-23-2020  16:54:30         PAGE 15


SYMBOL TABLE
  LABEL                             VALUE 

READ_WRITE                        00000002
RP0                               00000005
RP1                               00000006
RSEN                              00000001
RX9                               00000006
RX9D                              00000000
R_NOT_W                           00000002
R_W                               00000002
S                                 00000003
SBOREN                            00000004
SCKP                              00000004
SCS                               00000000
SEN                               00000000
SENDB                             00000003
SMP                               00000007
SPBRG                             00000099
SPBRGH                            0000009A
SPEN                              00000007
SR0                               00000006
SR1                               00000007
SRCON                             00000185
SREN                              00000005
SSPADD                            00000093
SSPBUF                            00000013
SSPCON                            00000014
SSPCON2                           00000091
SSPEN                             00000005
SSPIE                             00000003
SSPIF                             00000003
SSPM0                             00000000
SSPM1                             00000001
SSPM2                             00000002
SSPM3                             00000003
SSPMSK                            00000093
SSPOV                             00000006
SSPSTAT                           00000094
START                             00000200
STATUS                            00000003
STATUS_TEMP                       0000000B
STRA                              00000000
STRB                              00000001
STRC                              00000002
STRD                              00000003
STRSYNC                           00000004
SWDTEN                            00000000
SYNC                              00000004
T0CS                              00000005
T0IE                              00000005
T0IF                              00000002
T0SE                              00000004
T1CKPS0                           00000004
T1CKPS1                           00000005
T1CON                             00000010
MPASM 5.77                          LOCK.ASM   12-23-2020  16:54:30         PAGE 16


SYMBOL TABLE
  LABEL                             VALUE 

T1GINV                            00000007
T1GIV                             00000007
T1GSS                             00000001
T1INSYNC                          00000002
T1OSCEN                           00000003
T1SYNC                            00000002
T2CKPS0                           00000000
T2CKPS1                           00000001
T2CON                             00000012
TMR0                              00000001
TMR0IE                            00000005
TMR0IF                            00000002
TMR1                              0000000E
TMR1CS                            00000001
TMR1GE                            00000006
TMR1H                             0000000F
TMR1IE                            00000000
TMR1IF                            00000000
TMR1L                             0000000E
TMR1ON                            00000000
TMR2                              00000011
TMR2IE                            00000001
TMR2IF                            00000001
TMR2ON                            00000002
TOUTPS0                           00000003
TOUTPS1                           00000004
TOUTPS2                           00000005
TOUTPS3                           00000006
TRISA                             00000085
TRISA0                            00000000
TRISA1                            00000001
TRISA2                            00000002
TRISA3                            00000003
TRISA4                            00000004
TRISA5                            00000005
TRISA6                            00000006
TRISA7                            00000007
TRISB                             00000086
TRISB0                            00000000
TRISB1                            00000001
TRISB2                            00000002
TRISB3                            00000003
TRISB4                            00000004
TRISB5                            00000005
TRISB6                            00000006
TRISB7                            00000007
TRISC                             00000087
TRISC0                            00000000
TRISC1                            00000001
TRISC2                            00000002
TRISC3                            00000003
TRISC4                            00000004
TRISC5                            00000005
MPASM 5.77                          LOCK.ASM   12-23-2020  16:54:30         PAGE 17


SYMBOL TABLE
  LABEL                             VALUE 

TRISC6                            00000006
TRISC7                            00000007
TRISD                             00000088
TRISD0                            00000000
TRISD1                            00000001
TRISD2                            00000002
TRISD3                            00000003
TRISD4                            00000004
TRISD5                            00000005
TRISD6                            00000006
TRISD7                            00000007
TRISE                             00000089
TRISE0                            00000000
TRISE1                            00000001
TRISE2                            00000002
TRISE3                            00000003
TRMT                              00000001
TUN0                              00000000
TUN1                              00000001
TUN2                              00000002
TUN3                              00000003
TUN4                              00000004
TX8_9                             00000006
TX9                               00000006
TX9D                              00000000
TXD8                              00000000
TXEN                              00000005
TXIE                              00000004
TXIF                              00000004
TXREG                             00000019
TXSTA                             00000098
UA                                00000001
ULPWUE                            00000005
ULPWUIE                           00000002
ULPWUIF                           00000002
VCFG0                             00000004
VCFG1                             00000005
VR0                               00000000
VR1                               00000001
VR2                               00000002
VR3                               00000003
VRCON                             00000097
VREN                              00000007
VROE                              00000006
VRR                               00000005
VRSS                              00000004
W                                 00000000
WCOL                              00000007
WDTCON                            00000105
WDTPS0                            00000001
WDTPS1                            00000002
WDTPS2                            00000003
WDTPS3                            00000004
MPASM 5.77                          LOCK.ASM   12-23-2020  16:54:30         PAGE 18


SYMBOL TABLE
  LABEL                             VALUE 

WPUB                              00000095
WPUB0                             00000000
WPUB1                             00000001
WPUB2                             00000002
WPUB3                             00000003
WPUB4                             00000004
WPUB5                             00000005
WPUB6                             00000006
WPUB7                             00000007
WR                                00000001
WREN                              00000002
WRERR                             00000003
WUE                               00000001
W_TEMP                            0000000A
XQUO                              00000006
XQUO1                             00000007
YQUO                              00000008
YQUO1                             00000009
Z                                 00000002
_BOR21V                           00003EFF
_BOR40V                           00003FFF
_BOR4V_BOR21V                     00003EFF
_BOR4V_BOR40V                     00003FFF
_BOREN_NSLEEP                     00003EFF
_BOREN_OFF                        00003CFF
_BOREN_ON                         00003FFF
_BOREN_SBODEN                     00003DFF
_BOR_NSLEEP                       00003EFF
_BOR_OFF                          00003CFF
_BOR_ON                           00003FFF
_BOR_SBODEN                       00003DFF
_CONFIG1                          00002007
_CONFIG2                          00002008
_CPD_OFF                          00003FFF
_CPD_ON                           00003F7F
_CP_OFF                           00003FFF
_CP_ON                            00003FBF
_DEBUG_OFF                        00003FFF
_DEBUG_ON                         00001FFF
_DEVID1                           00002006
_EC_OSC                           00003FFB
_EXTRC                            00003FFF
_EXTRCIO                          00003FFE
_EXTRC_OSC_CLKOUT                 00003FFF
_EXTRC_OSC_NOCLKOUT               00003FFE
_FCMEN_OFF                        000037FF
_FCMEN_ON                         00003FFF
_FOSC_EC                          00003FFB
_FOSC_EXTRC_CLKOUT                00003FFF
_FOSC_EXTRC_NOCLKOUT              00003FFE
_FOSC_HS                          00003FFA
_FOSC_INTRC_CLKOUT                00003FFD
_FOSC_INTRC_NOCLKOUT              00003FFC
MPASM 5.77                          LOCK.ASM   12-23-2020  16:54:30         PAGE 19


SYMBOL TABLE
  LABEL                             VALUE 

_FOSC_LP                          00003FF8
_FOSC_XT                          00003FF9
_HS_OSC                           00003FFA
_IDLOC0                           00002000
_IDLOC1                           00002001
_IDLOC2                           00002002
_IDLOC3                           00002003
_IESO_OFF                         00003BFF
_IESO_ON                          00003FFF
_INTOSC                           00003FFD
_INTOSCIO                         00003FFC
_INTRC_OSC_CLKOUT                 00003FFD
_INTRC_OSC_NOCLKOUT               00003FFC
_LP_OSC                           00003FF8
_LVP_OFF                          00002FFF
_LVP_ON                           00003FFF
_MAIN_PROG_022A                   0000022A
_MAIN_PROG_022F                   0000022F
_MAIN_PROG_0237                   00000237
_MCLRE_OFF                        00003FDF
_MCLRE_ON                         00003FFF
_PWRTE_OFF                        00003FFF
_PWRTE_ON                         00003FEF
_WDTE_OFF                         00003FF7
_WDTE_ON                          00003FFF
_WDT_OFF                          00003FF7
_WDT_ON                           00003FFF
_WRT_1FOURTH                      00003BFF
_WRT_256                          00003DFF
_WRT_HALF                         000039FF
_WRT_OFF                          00003FFF
_XT_OSC                           00003FF9
__16F887                          00000001

Errors   :     0
Warnings :    53 reported,     0 suppressed
Messages :    24 reported,     0 suppressed

