Warning[207] C:\USERS\JULIT\DOCUMENTS\GITHUB\MICROS-\PROYECTO_COM.X\PIC_MAST.ASM 23 : Found label after column 1. (GPR_VAR)
Warning[207] C:\USERS\JULIT\DOCUMENTS\GITHUB\MICROS-\PROYECTO_COM.X\PIC_MAST.ASM 24 : Found label after column 1. (CONT)
Warning[207] C:\USERS\JULIT\DOCUMENTS\GITHUB\MICROS-\PROYECTO_COM.X\PIC_MAST.ASM 25 : Found label after column 1. (CONT1)
Warning[207] C:\USERS\JULIT\DOCUMENTS\GITHUB\MICROS-\PROYECTO_COM.X\PIC_MAST.ASM 26 : Found label after column 1. (CONT2)
Warning[207] C:\USERS\JULIT\DOCUMENTS\GITHUB\MICROS-\PROYECTO_COM.X\PIC_MAST.ASM 27 : Found label after column 1. (TEMP)
Warning[207] C:\USERS\JULIT\DOCUMENTS\GITHUB\MICROS-\PROYECTO_COM.X\PIC_MAST.ASM 28 : Found label after column 1. (TEMP1)
Warning[207] C:\USERS\JULIT\DOCUMENTS\GITHUB\MICROS-\PROYECTO_COM.X\PIC_MAST.ASM 29 : Found label after column 1. (CLIF)
Warning[207] C:\USERS\JULIT\DOCUMENTS\GITHUB\MICROS-\PROYECTO_COM.X\PIC_MAST.ASM 30 : Found label after column 1. (W_TEMP)
Warning[207] C:\USERS\JULIT\DOCUMENTS\GITHUB\MICROS-\PROYECTO_COM.X\PIC_MAST.ASM 31 : Found label after column 1. (STATUS_TEMP)
Warning[207] C:\USERS\JULIT\DOCUMENTS\GITHUB\MICROS-\PROYECTO_COM.X\PIC_MAST.ASM 32 : Found label after column 1. (CONV_FLAGAS)
Warning[207] C:\USERS\JULIT\DOCUMENTS\GITHUB\MICROS-\PROYECTO_COM.X\PIC_MAST.ASM 34 : Found label after column 1. (N1X)
Warning[207] C:\USERS\JULIT\DOCUMENTS\GITHUB\MICROS-\PROYECTO_COM.X\PIC_MAST.ASM 35 : Found label after column 1. (N1Y)
Warning[207] C:\USERS\JULIT\DOCUMENTS\GITHUB\MICROS-\PROYECTO_COM.X\PIC_MAST.ASM 37 : Found label after column 1. (XX)
Warning[207] C:\USERS\JULIT\DOCUMENTS\GITHUB\MICROS-\PROYECTO_COM.X\PIC_MAST.ASM 38 : Found label after column 1. (YY)
Warning[207] C:\USERS\JULIT\DOCUMENTS\GITHUB\MICROS-\PROYECTO_COM.X\PIC_MAST.ASM 39 : Found label after column 1. (RAM)
Warning[207] C:\USERS\JULIT\DOCUMENTS\GITHUB\MICROS-\PROYECTO_COM.X\PIC_MAST.ASM 41 : Found label after column 1. (QUOX)
Warning[207] C:\USERS\JULIT\DOCUMENTS\GITHUB\MICROS-\PROYECTO_COM.X\PIC_MAST.ASM 42 : Found label after column 1. (QUO1X)
Warning[207] C:\USERS\JULIT\DOCUMENTS\GITHUB\MICROS-\PROYECTO_COM.X\PIC_MAST.ASM 43 : Found label after column 1. (QUOY)
Warning[207] C:\USERS\JULIT\DOCUMENTS\GITHUB\MICROS-\PROYECTO_COM.X\PIC_MAST.ASM 44 : Found label after column 1. (QUO1Y)
Warning[207] C:\USERS\JULIT\DOCUMENTS\GITHUB\MICROS-\PROYECTO_COM.X\PIC_MAST.ASM 45 : Found label after column 1. (QUO)
Warning[207] C:\USERS\JULIT\DOCUMENTS\GITHUB\MICROS-\PROYECTO_COM.X\PIC_MAST.ASM 46 : Found label after column 1. (QUO1)
Warning[207] C:\USERS\JULIT\DOCUMENTS\GITHUB\MICROS-\PROYECTO_COM.X\PIC_MAST.ASM 48 : Found label after column 1. (QUOS)
Warning[207] C:\USERS\JULIT\DOCUMENTS\GITHUB\MICROS-\PROYECTO_COM.X\PIC_MAST.ASM 49 : Found label after column 1. (QUOS1)
Warning[207] C:\USERS\JULIT\DOCUMENTS\GITHUB\MICROS-\PROYECTO_COM.X\PIC_MAST.ASM 50 : Found label after column 1. (QUOS2)
Warning[207] C:\USERS\JULIT\DOCUMENTS\GITHUB\MICROS-\PROYECTO_COM.X\PIC_MAST.ASM 51 : Found label after column 1. (QUOS3)
Warning[207] C:\USERS\JULIT\DOCUMENTS\GITHUB\MICROS-\PROYECTO_COM.X\PIC_MAST.ASM 54 : Found label after column 1. (NUM)
Warning[207] C:\USERS\JULIT\DOCUMENTS\GITHUB\MICROS-\PROYECTO_COM.X\PIC_MAST.ASM 55 : Found label after column 1. (NUM2)
Warning[207] C:\USERS\JULIT\DOCUMENTS\GITHUB\MICROS-\PROYECTO_COM.X\PIC_MAST.ASM 57 : Found label after column 1. (SEM)
Warning[207] C:\USERS\JULIT\DOCUMENTS\GITHUB\MICROS-\PROYECTO_COM.X\PIC_MAST.ASM 61 : Found label after column 1. (RES_VECT)
Warning[207] C:\USERS\JULIT\DOCUMENTS\GITHUB\MICROS-\PROYECTO_COM.X\PIC_MAST.ASM 65 : Found label after column 1. (PUSH)
Warning[207] C:\USERS\JULIT\DOCUMENTS\GITHUB\MICROS-\PROYECTO_COM.X\PIC_MAST.ASM 70 : Found label after column 1. (ISR)
Warning[207] C:\USERS\JULIT\DOCUMENTS\GITHUB\MICROS-\PROYECTO_COM.X\PIC_MAST.ASM 80 : Found label after column 1. (POP)
Warning[203] C:\USERS\JULIT\DOCUMENTS\GITHUB\MICROS-\PROYECTO_COM.X\PIC_MAST.ASM 86 : Found opcode in column 1. (RETFIE)
Warning[207] C:\USERS\JULIT\DOCUMENTS\GITHUB\MICROS-\PROYECTO_COM.X\PIC_MAST.ASM 103 : Found label after column 1. (DISPLAY_D1)
Warning[207] C:\USERS\JULIT\DOCUMENTS\GITHUB\MICROS-\PROYECTO_COM.X\PIC_MAST.ASM 115 : Found label after column 1. (DISPLAY_D2)
Warning[207] C:\USERS\JULIT\DOCUMENTS\GITHUB\MICROS-\PROYECTO_COM.X\PIC_MAST.ASM 127 : Found label after column 1. (DISPLAY_D12)
Warning[207] C:\USERS\JULIT\DOCUMENTS\GITHUB\MICROS-\PROYECTO_COM.X\PIC_MAST.ASM 139 : Found label after column 1. (DISPLAY_D22)
Message[305] C:\USERS\JULIT\DOCUMENTS\GITHUB\MICROS-\PROYECTO_COM.X\PIC_MAST.ASM 179 : Using default destination of 1 (file).
Message[305] C:\USERS\JULIT\DOCUMENTS\GITHUB\MICROS-\PROYECTO_COM.X\PIC_MAST.ASM 186 : Using default destination of 1 (file).
Message[305] C:\USERS\JULIT\DOCUMENTS\GITHUB\MICROS-\PROYECTO_COM.X\PIC_MAST.ASM 193 : Using default destination of 1 (file).
Warning[203] C:\USERS\JULIT\DOCUMENTS\GITHUB\MICROS-\PROYECTO_COM.X\PIC_MAST.ASM 202 : Found opcode in column 1. (RETURN)
Warning[207] C:\USERS\JULIT\DOCUMENTS\GITHUB\MICROS-\PROYECTO_COM.X\PIC_MAST.ASM 226 : Found label after column 1. (MAIN_PROG)
Warning[203] C:\USERS\JULIT\DOCUMENTS\GITHUB\MICROS-\PROYECTO_COM.X\PIC_MAST.ASM 228 : Found opcode in column 1. (CALL)
Warning[203] C:\USERS\JULIT\DOCUMENTS\GITHUB\MICROS-\PROYECTO_COM.X\PIC_MAST.ASM 229 : Found opcode in column 1. (BCF)
Message[302] C:\USERS\JULIT\DOCUMENTS\GITHUB\MICROS-\PROYECTO_COM.X\PIC_MAST.ASM 229 : Register in operand not in bank 0.  Ensure that bank bits are correct.
Warning[203] C:\USERS\JULIT\DOCUMENTS\GITHUB\MICROS-\PROYECTO_COM.X\PIC_MAST.ASM 230 : Found opcode in column 1. (CALL)
Warning[203] C:\USERS\JULIT\DOCUMENTS\GITHUB\MICROS-\PROYECTO_COM.X\PIC_MAST.ASM 231 : Found opcode in column 1. (CALL)
Warning[203] C:\USERS\JULIT\DOCUMENTS\GITHUB\MICROS-\PROYECTO_COM.X\PIC_MAST.ASM 232 : Found opcode in column 1. (CALL)
Warning[203] C:\USERS\JULIT\DOCUMENTS\GITHUB\MICROS-\PROYECTO_COM.X\PIC_MAST.ASM 233 : Found opcode in column 1. (CALL)
Warning[203] C:\USERS\JULIT\DOCUMENTS\GITHUB\MICROS-\PROYECTO_COM.X\PIC_MAST.ASM 234 : Found opcode in column 1. (CALL)
Warning[203] C:\USERS\JULIT\DOCUMENTS\GITHUB\MICROS-\PROYECTO_COM.X\PIC_MAST.ASM 235 : Found opcode in column 1. (CALL)
Warning[203] C:\USERS\JULIT\DOCUMENTS\GITHUB\MICROS-\PROYECTO_COM.X\PIC_MAST.ASM 236 : Found opcode in column 1. (CALL)
Warning[205] C:\USERS\JULIT\DOCUMENTS\GITHUB\MICROS-\PROYECTO_COM.X\PIC_MAST.ASM 239 : Found directive in column 1. (BANKSEL)
Warning[203] C:\USERS\JULIT\DOCUMENTS\GITHUB\MICROS-\PROYECTO_COM.X\PIC_MAST.ASM 240 : Found opcode in column 1. (CLRF)
Warning[203] C:\USERS\JULIT\DOCUMENTS\GITHUB\MICROS-\PROYECTO_COM.X\PIC_MAST.ASM 241 : Found opcode in column 1. (CLRF)
Warning[203] C:\USERS\JULIT\DOCUMENTS\GITHUB\MICROS-\PROYECTO_COM.X\PIC_MAST.ASM 242 : Found opcode in column 1. (CLRF)
Warning[203] C:\USERS\JULIT\DOCUMENTS\GITHUB\MICROS-\PROYECTO_COM.X\PIC_MAST.ASM 243 : Found opcode in column 1. (CLRF)
Warning[203] C:\USERS\JULIT\DOCUMENTS\GITHUB\MICROS-\PROYECTO_COM.X\PIC_MAST.ASM 244 : Found opcode in column 1. (CLRF)
Warning[203] C:\USERS\JULIT\DOCUMENTS\GITHUB\MICROS-\PROYECTO_COM.X\PIC_MAST.ASM 245 : Found opcode in column 1. (CLRF)
Warning[203] C:\USERS\JULIT\DOCUMENTS\GITHUB\MICROS-\PROYECTO_COM.X\PIC_MAST.ASM 246 : Found opcode in column 1. (CLRF)
Warning[203] C:\USERS\JULIT\DOCUMENTS\GITHUB\MICROS-\PROYECTO_COM.X\PIC_MAST.ASM 247 : Found opcode in column 1. (CLRF)
Warning[203] C:\USERS\JULIT\DOCUMENTS\GITHUB\MICROS-\PROYECTO_COM.X\PIC_MAST.ASM 248 : Found opcode in column 1. (CLRF)
Warning[203] C:\USERS\JULIT\DOCUMENTS\GITHUB\MICROS-\PROYECTO_COM.X\PIC_MAST.ASM 249 : Found opcode in column 1. (CLRF)
Warning[203] C:\USERS\JULIT\DOCUMENTS\GITHUB\MICROS-\PROYECTO_COM.X\PIC_MAST.ASM 250 : Found opcode in column 1. (CLRF)
Warning[203] C:\USERS\JULIT\DOCUMENTS\GITHUB\MICROS-\PROYECTO_COM.X\PIC_MAST.ASM 251 : Found opcode in column 1. (CLRF)
Warning[203] C:\USERS\JULIT\DOCUMENTS\GITHUB\MICROS-\PROYECTO_COM.X\PIC_MAST.ASM 252 : Found opcode in column 1. (CLRF)
Warning[203] C:\USERS\JULIT\DOCUMENTS\GITHUB\MICROS-\PROYECTO_COM.X\PIC_MAST.ASM 253 : Found opcode in column 1. (CLRF)
Warning[203] C:\USERS\JULIT\DOCUMENTS\GITHUB\MICROS-\PROYECTO_COM.X\PIC_MAST.ASM 254 : Found opcode in column 1. (CLRF)
Warning[203] C:\USERS\JULIT\DOCUMENTS\GITHUB\MICROS-\PROYECTO_COM.X\PIC_MAST.ASM 255 : Found opcode in column 1. (CLRF)
Warning[203] C:\USERS\JULIT\DOCUMENTS\GITHUB\MICROS-\PROYECTO_COM.X\PIC_MAST.ASM 256 : Found opcode in column 1. (CLRF)
Warning[203] C:\USERS\JULIT\DOCUMENTS\GITHUB\MICROS-\PROYECTO_COM.X\PIC_MAST.ASM 257 : Found opcode in column 1. (CLRF)
Warning[203] C:\USERS\JULIT\DOCUMENTS\GITHUB\MICROS-\PROYECTO_COM.X\PIC_MAST.ASM 258 : Found opcode in column 1. (CLRF)
Warning[203] C:\USERS\JULIT\DOCUMENTS\GITHUB\MICROS-\PROYECTO_COM.X\PIC_MAST.ASM 259 : Found opcode in column 1. (CLRF)
Warning[203] C:\USERS\JULIT\DOCUMENTS\GITHUB\MICROS-\PROYECTO_COM.X\PIC_MAST.ASM 260 : Found opcode in column 1. (CLRF)
Warning[203] C:\USERS\JULIT\DOCUMENTS\GITHUB\MICROS-\PROYECTO_COM.X\PIC_MAST.ASM 261 : Found opcode in column 1. (CLRF)
Warning[203] C:\USERS\JULIT\DOCUMENTS\GITHUB\MICROS-\PROYECTO_COM.X\PIC_MAST.ASM 262 : Found opcode in column 1. (CLRF)
Warning[203] C:\USERS\JULIT\DOCUMENTS\GITHUB\MICROS-\PROYECTO_COM.X\PIC_MAST.ASM 263 : Found opcode in column 1. (GOTO)
Message[305] C:\USERS\JULIT\DOCUMENTS\GITHUB\MICROS-\PROYECTO_COM.X\PIC_MAST.ASM 285 : Using default destination of 1 (file).
Message[305] C:\USERS\JULIT\DOCUMENTS\GITHUB\MICROS-\PROYECTO_COM.X\PIC_MAST.ASM 286 : Using default destination of 1 (file).
Message[305] C:\USERS\JULIT\DOCUMENTS\GITHUB\MICROS-\PROYECTO_COM.X\PIC_MAST.ASM 289 : Using default destination of 1 (file).
Message[305] C:\USERS\JULIT\DOCUMENTS\GITHUB\MICROS-\PROYECTO_COM.X\PIC_MAST.ASM 293 : Using default destination of 1 (file).
Message[305] C:\USERS\JULIT\DOCUMENTS\GITHUB\MICROS-\PROYECTO_COM.X\PIC_MAST.ASM 294 : Using default destination of 1 (file).
Message[305] C:\USERS\JULIT\DOCUMENTS\GITHUB\MICROS-\PROYECTO_COM.X\PIC_MAST.ASM 297 : Using default destination of 1 (file).
Warning[203] C:\USERS\JULIT\DOCUMENTS\GITHUB\MICROS-\PROYECTO_COM.X\PIC_MAST.ASM 323 : Found opcode in column 1. (RETURN)
Warning[203] C:\USERS\JULIT\DOCUMENTS\GITHUB\MICROS-\PROYECTO_COM.X\PIC_MAST.ASM 332 : Found opcode in column 1. (RETURN)
Warning[203] C:\USERS\JULIT\DOCUMENTS\GITHUB\MICROS-\PROYECTO_COM.X\PIC_MAST.ASM 371 : Found opcode in column 1. (RETURN)
Message[302] C:\USERS\JULIT\DOCUMENTS\GITHUB\MICROS-\PROYECTO_COM.X\PIC_MAST.ASM 373 : Register in operand not in bank 0.  Ensure that bank bits are correct.
Message[302] C:\USERS\JULIT\DOCUMENTS\GITHUB\MICROS-\PROYECTO_COM.X\PIC_MAST.ASM 374 : Register in operand not in bank 0.  Ensure that bank bits are correct.
Message[302] C:\USERS\JULIT\DOCUMENTS\GITHUB\MICROS-\PROYECTO_COM.X\PIC_MAST.ASM 376 : Register in operand not in bank 0.  Ensure that bank bits are correct.
Message[302] C:\USERS\JULIT\DOCUMENTS\GITHUB\MICROS-\PROYECTO_COM.X\PIC_MAST.ASM 379 : Register in operand not in bank 0.  Ensure that bank bits are correct.
Message[302] C:\USERS\JULIT\DOCUMENTS\GITHUB\MICROS-\PROYECTO_COM.X\PIC_MAST.ASM 380 : Register in operand not in bank 0.  Ensure that bank bits are correct.
Message[302] C:\USERS\JULIT\DOCUMENTS\GITHUB\MICROS-\PROYECTO_COM.X\PIC_MAST.ASM 386 : Register in operand not in bank 0.  Ensure that bank bits are correct.
Message[302] C:\USERS\JULIT\DOCUMENTS\GITHUB\MICROS-\PROYECTO_COM.X\PIC_MAST.ASM 387 : Register in operand not in bank 0.  Ensure that bank bits are correct.
Message[302] C:\USERS\JULIT\DOCUMENTS\GITHUB\MICROS-\PROYECTO_COM.X\PIC_MAST.ASM 390 : Register in operand not in bank 0.  Ensure that bank bits are correct.
Warning[207] C:\USERS\JULIT\DOCUMENTS\GITHUB\MICROS-\PROYECTO_COM.X\PIC_MAST.ASM 395 : Found label after column 1. (CONFIG_OSC)
Message[302] C:\USERS\JULIT\DOCUMENTS\GITHUB\MICROS-\PROYECTO_COM.X\PIC_MAST.ASM 398 : Register in operand not in bank 0.  Ensure that bank bits are correct.
Message[302] C:\USERS\JULIT\DOCUMENTS\GITHUB\MICROS-\PROYECTO_COM.X\PIC_MAST.ASM 409 : Register in operand not in bank 0.  Ensure that bank bits are correct.
Message[302] C:\USERS\JULIT\DOCUMENTS\GITHUB\MICROS-\PROYECTO_COM.X\PIC_MAST.ASM 410 : Register in operand not in bank 0.  Ensure that bank bits are correct.
Message[302] C:\USERS\JULIT\DOCUMENTS\GITHUB\MICROS-\PROYECTO_COM.X\PIC_MAST.ASM 411 : Register in operand not in bank 0.  Ensure that bank bits are correct.
Warning[203] C:\USERS\JULIT\DOCUMENTS\GITHUB\MICROS-\PROYECTO_COM.X\PIC_MAST.ASM 414 : Found opcode in column 1. (RETURN)
Warning[207] C:\USERS\JULIT\DOCUMENTS\GITHUB\MICROS-\PROYECTO_COM.X\PIC_MAST.ASM 417 : Found label after column 1. (CONFIG_FLAG)
Message[302] C:\USERS\JULIT\DOCUMENTS\GITHUB\MICROS-\PROYECTO_COM.X\PIC_MAST.ASM 422 : Register in operand not in bank 0.  Ensure that bank bits are correct.
Message[302] C:\USERS\JULIT\DOCUMENTS\GITHUB\MICROS-\PROYECTO_COM.X\PIC_MAST.ASM 423 : Register in operand not in bank 0.  Ensure that bank bits are correct.
Warning[207] C:\USERS\JULIT\DOCUMENTS\GITHUB\MICROS-\PROYECTO_COM.X\PIC_MAST.ASM 431 : Found label after column 1. (CONFIG_TIMER0)
Message[302] C:\USERS\JULIT\DOCUMENTS\GITHUB\MICROS-\PROYECTO_COM.X\PIC_MAST.ASM 433 : Register in operand not in bank 0.  Ensure that bank bits are correct.
Message[302] C:\USERS\JULIT\DOCUMENTS\GITHUB\MICROS-\PROYECTO_COM.X\PIC_MAST.ASM 434 : Register in operand not in bank 0.  Ensure that bank bits are correct.
Message[302] C:\USERS\JULIT\DOCUMENTS\GITHUB\MICROS-\PROYECTO_COM.X\PIC_MAST.ASM 435 : Register in operand not in bank 0.  Ensure that bank bits are correct.
Message[302] C:\USERS\JULIT\DOCUMENTS\GITHUB\MICROS-\PROYECTO_COM.X\PIC_MAST.ASM 436 : Register in operand not in bank 0.  Ensure that bank bits are correct.
Message[302] C:\USERS\JULIT\DOCUMENTS\GITHUB\MICROS-\PROYECTO_COM.X\PIC_MAST.ASM 437 : Register in operand not in bank 0.  Ensure that bank bits are correct.
Warning[203] C:\USERS\JULIT\DOCUMENTS\GITHUB\MICROS-\PROYECTO_COM.X\PIC_MAST.ASM 456 : Found opcode in column 1. (RETURN)
Message[302] C:\USERS\JULIT\DOCUMENTS\GITHUB\MICROS-\PROYECTO_COM.X\PIC_MAST.ASM 464 : Register in operand not in bank 0.  Ensure that bank bits are correct.
Warning[203] C:\USERS\JULIT\DOCUMENTS\GITHUB\MICROS-\PROYECTO_COM.X\PIC_MAST.ASM 468 : Found opcode in column 1. (RETURN)
Message[302] C:\USERS\JULIT\DOCUMENTS\GITHUB\MICROS-\PROYECTO_COM.X\PIC_MAST.ASM 475 : Register in operand not in bank 0.  Ensure that bank bits are correct.
Message[302] C:\USERS\JULIT\DOCUMENTS\GITHUB\MICROS-\PROYECTO_COM.X\PIC_MAST.ASM 479 : Register in operand not in bank 0.  Ensure that bank bits are correct.
Message[302] C:\USERS\JULIT\DOCUMENTS\GITHUB\MICROS-\PROYECTO_COM.X\PIC_MAST.ASM 480 : Register in operand not in bank 0.  Ensure that bank bits are correct.
Message[302] C:\USERS\JULIT\DOCUMENTS\GITHUB\MICROS-\PROYECTO_COM.X\PIC_MAST.ASM 481 : Register in operand not in bank 0.  Ensure that bank bits are correct.
Message[302] C:\USERS\JULIT\DOCUMENTS\GITHUB\MICROS-\PROYECTO_COM.X\PIC_MAST.ASM 482 : Register in operand not in bank 0.  Ensure that bank bits are correct.
Message[302] C:\USERS\JULIT\DOCUMENTS\GITHUB\MICROS-\PROYECTO_COM.X\PIC_MAST.ASM 485 : Register in operand not in bank 0.  Ensure that bank bits are correct.
Message[302] C:\USERS\JULIT\DOCUMENTS\GITHUB\MICROS-\PROYECTO_COM.X\PIC_MAST.ASM 490 : Register in operand not in bank 0.  Ensure that bank bits are correct.
Message[302] C:\USERS\JULIT\DOCUMENTS\GITHUB\MICROS-\PROYECTO_COM.X\PIC_MAST.ASM 495 : Register in operand not in bank 0.  Ensure that bank bits are correct.
Warning[203] C:\USERS\JULIT\DOCUMENTS\GITHUB\MICROS-\PROYECTO_COM.X\PIC_MAST.ASM 500 : Found opcode in column 1. (NOP)
Warning[203] C:\USERS\JULIT\DOCUMENTS\GITHUB\MICROS-\PROYECTO_COM.X\PIC_MAST.ASM 501 : Found opcode in column 1. (NOP)
Warning[203] C:\USERS\JULIT\DOCUMENTS\GITHUB\MICROS-\PROYECTO_COM.X\PIC_MAST.ASM 502 : Found opcode in column 1. (NOP)
Warning[203] C:\USERS\JULIT\DOCUMENTS\GITHUB\MICROS-\PROYECTO_COM.X\PIC_MAST.ASM 503 : Found opcode in column 1. (NOP)
Warning[203] C:\USERS\JULIT\DOCUMENTS\GITHUB\MICROS-\PROYECTO_COM.X\PIC_MAST.ASM 504 : Found opcode in column 1. (NOP)
Warning[203] C:\USERS\JULIT\DOCUMENTS\GITHUB\MICROS-\PROYECTO_COM.X\PIC_MAST.ASM 505 : Found opcode in column 1. (NOP)
Warning[203] C:\USERS\JULIT\DOCUMENTS\GITHUB\MICROS-\PROYECTO_COM.X\PIC_MAST.ASM 506 : Found opcode in column 1. (NOP)
Warning[203] C:\USERS\JULIT\DOCUMENTS\GITHUB\MICROS-\PROYECTO_COM.X\PIC_MAST.ASM 507 : Found opcode in column 1. (NOP)
Warning[203] C:\USERS\JULIT\DOCUMENTS\GITHUB\MICROS-\PROYECTO_COM.X\PIC_MAST.ASM 508 : Found opcode in column 1. (NOP)
Warning[203] C:\USERS\JULIT\DOCUMENTS\GITHUB\MICROS-\PROYECTO_COM.X\PIC_MAST.ASM 509 : Found opcode in column 1. (NOP)
Warning[203] C:\USERS\JULIT\DOCUMENTS\GITHUB\MICROS-\PROYECTO_COM.X\PIC_MAST.ASM 510 : Found opcode in column 1. (RETURN)
Warning[207] C:\USERS\JULIT\DOCUMENTS\GITHUB\MICROS-\PROYECTO_COM.X\PIC_MAST.ASM 512 : Found label after column 1. (DELAY_10MS)
Warning[207] C:\USERS\JULIT\DOCUMENTS\GITHUB\MICROS-\PROYECTO_COM.X\PIC_MAST.ASM 520 : Found label after column 1. (DELAY_500US)
Message[305] C:\USERS\JULIT\DOCUMENTS\GITHUB\MICROS-\PROYECTO_COM.X\PIC_MAST.ASM 523 : Using default destination of 1 (file).
Warning[205] C:\USERS\JULIT\DOCUMENTS\GITHUB\MICROS-\PROYECTO_COM.X\PIC_MAST.ASM 527 : Found directive in column 1. (END)
